时　间：2021/02/23 10:52:23.492         
级　别：Debug         
模　块：IIRS.Services.ProvidentFundServices         
消　息：SELECT  "B"."QLRMC" AS "QLRMC" , "B"."ZJHM" AS "ZJHM" , "C"."BDCZH" AS "BDCZH" , "D"."ZL" AS "ZL" , "C"."DJRQ" AS "DJRQ" , "E"."JZMJ" AS "JZMJ" , "G"."BDBZZQSE" AS "DYJE" , "G"."QLQSSJ" AS "QSSJ" , "G"."QLJSSJ" AS "JSSJ" , (SELECT "QLRMC" FROM "V_DJ_QLRGL" WHERE (( "SLBH" = "G"."SLBH" ) AND ( "QLRLX" = :QLRLX5 )) AND ROWNUM=1) AS "DYQR"  FROM "DJ_QLRGL" A Inner JOIN "DJ_QLR" B ON ( "A"."QLRID" = "B"."QLRID" )  Inner JOIN "DJ_DJB" C ON ( "A"."SLBH" = "C"."SLBH" )  Inner JOIN "DJ_SJD" D ON ( "C"."SLBH" = "D"."SLBH" )  Inner JOIN "QL_FWXG" E ON ( "D"."SLBH" = "E"."SLBH" )  Left JOIN "DJ_XGDJGL" F ON ( "E"."SLBH" = "F"."FSLBH" )  Left JOIN "DJ_DY" G ON ( "F"."ZSLBH" = "G"."SLBH" )   WHERE (((( "B"."ZJHM" = (LOWER(:MethodConst0)) ) OR ( "B"."ZJHM" = :ZJHM1 )) AND (( "C"."LIFECYCLE" = :Const2 ) OR ( "C"."LIFECYCLE" IS NULL ))) AND ( "A"."QLRLX" = :QLRLX4 ))         
源信息：IIRS.Services.ProvidentFundServices+<>c__DisplayClass4_0.<FundModels1>b__0         
行　号：156         
-----------------------------------------------------------
时　间：2021/02/23 11:04:30.867         
级　别：Debug         
模　块：IIRS.Services.ProvidentFundServices         
消　息：SELECT  "B"."QLRMC" AS "QLRMC" , "B"."ZJHM" AS "ZJHM" , "C"."BDCZH" AS "BDCZH" , "D"."ZL" AS "ZL" , "C"."DJRQ" AS "DJRQ" , "E"."JZMJ" AS "JZMJ" , "G"."BDBZZQSE" AS "DYJE" , "G"."QLQSSJ" AS "QSSJ" , "G"."QLJSSJ" AS "JSSJ" , (SELECT "QLRMC" FROM "V_DJ_QLRGL" WHERE (( "SLBH" = "G"."SLBH" ) AND ( "QLRLX" = :QLRLX6 )) AND ROWNUM=1) AS "DYQR"  FROM "DJ_QLRGL" A Inner JOIN "DJ_QLR" B ON ( "A"."QLRID" = "B"."QLRID" )  Inner JOIN "DJ_DJB" C ON ( "A"."SLBH" = "C"."SLBH" )  Inner JOIN "DJ_SJD" D ON ( "C"."SLBH" = "D"."SLBH" )  Inner JOIN "QL_FWXG" E ON ( "D"."SLBH" = "E"."SLBH" )  Left JOIN "DJ_XGDJGL" F ON ( "E"."SLBH" = "F"."FSLBH" )  Left JOIN "DJ_DY" G ON ( "F"."ZSLBH" = "G"."SLBH" )   WHERE ((((( "B"."ZJHM" = :ZJHM0 ) OR ( "B"."ZJHM" = :ZJHM1 )) OR ( "B"."ZJHM" = :ZJHM2 )) AND (( "C"."LIFECYCLE" = :Const3 ) OR ( "C"."LIFECYCLE" IS NULL ))) AND ( "A"."QLRLX" = :QLRLX5 ))         
源信息：IIRS.Services.ProvidentFundServices+<>c__DisplayClass4_0.<FundModels1>b__0         
行　号：156         
-----------------------------------------------------------
时　间：2021/02/23 11:06:23.910         
级　别：Debug         
模　块：IIRS.Services.ProvidentFundServices         
消　息：SELECT  "B"."QLRMC" AS "QLRMC" , "B"."ZJHM" AS "ZJHM" , "C"."BDCZH" AS "BDCZH" , "D"."ZL" AS "ZL" , "C"."DJRQ" AS "DJRQ" , "E"."JZMJ" AS "JZMJ" , "G"."BDBZZQSE" AS "DYJE" , "G"."QLQSSJ" AS "QSSJ" , "G"."QLJSSJ" AS "JSSJ" , (SELECT "QLRMC" FROM "V_DJ_QLRGL" WHERE (( "SLBH" = "G"."SLBH" ) AND ( "QLRLX" = :QLRLX6 )) AND ROWNUM=1) AS "DYQR"  FROM "DJ_QLRGL" A Inner JOIN "DJ_QLR" B ON ( "A"."QLRID" = "B"."QLRID" )  Inner JOIN "DJ_DJB" C ON ( "A"."SLBH" = "C"."SLBH" )  Inner JOIN "DJ_SJD" D ON ( "C"."SLBH" = "D"."SLBH" )  Inner JOIN "QL_FWXG" E ON ( "D"."SLBH" = "E"."SLBH" )  Left JOIN "DJ_XGDJGL" F ON ( "E"."SLBH" = "F"."FSLBH" )  Left JOIN "DJ_DY" G ON ( "F"."ZSLBH" = "G"."SLBH" )   WHERE ((((( "B"."ZJHM" = :ZJHM0 ) OR ( "B"."ZJHM" = :ZJHM1 )) OR ( "B"."ZJHM" = :ZJHM2 )) AND (( "C"."LIFECYCLE" = :Const3 ) OR ( "C"."LIFECYCLE" IS NULL ))) AND ( "A"."QLRLX" = :QLRLX5 ))         
源信息：IIRS.Services.ProvidentFundServices+<>c__DisplayClass4_0.<FundModels1>b__0         
行　号：156         
-----------------------------------------------------------
