时　间：2021/05/25 16:42:02.446         
级　别：Debug         
模　块：IIRS.Controllers.ChartController         
消　息：MrgeReleaseController.Post:【错误代码：7ae3482a367649ee9abd0179a2b0214a,原因:One or more errors occurred. (English Message : Connection open error . Network Transport: TCP transport address connect failure
Chinese Message :  连接数据库过程中发生错误，检查服务器是否正常连接字符串是否正确，实在找不到原因请先Google错误信息：Network Transport: TCP transport address connect failure.)】         
源信息：IIRS.Controllers.ChartController.GetChartInfo         
行　号：63         
-----------------------------------------------------------
时　间：2021/05/25 16:42:15.966         
级　别：Debug         
模　块：IIRS.Controllers.ChartController         
消　息：MrgeReleaseController.Post:【错误代码：192cd464bf68411e894b0179a2b0561e,原因:Object reference not set to an instance of an object.】         
源信息：IIRS.Controllers.ChartController.GetChartInfo         
行　号：63         
-----------------------------------------------------------
时　间：2021/05/25 16:45:25.781         
级　别：Debug         
模　块：IIRS.Controllers.ChartController         
消　息：MrgeReleaseController.Post:【错误代码：9bed87b487bf461ab68b0179a2b33b91,原因:Object reference not set to an instance of an object.】         
源信息：IIRS.Controllers.ChartController.GetChartInfo         
行　号：63         
-----------------------------------------------------------
时　间：2021/05/25 17:04:31.274         
级　别：Debug         
模　块：IIRS.Controllers.ChartController         
消　息：MrgeReleaseController.Post:【错误代码：b7e0c5966cd243bd8ec60179a2c4b626,原因:English Message : Connection open error . Network Transport: TCP transport address connect failure
Chinese Message :  连接数据库过程中发生错误，检查服务器是否正常连接字符串是否正确，实在找不到原因请先Google错误信息：Network Transport: TCP transport address connect failure.】         
源信息：IIRS.Controllers.ChartController.GetChartInfo         
行　号：63         
-----------------------------------------------------------
时　间：2021/05/25 17:56:26.934         
级　别：Debug         
模　块：IIRS.Controllers.ChartController         
消　息：MrgeReleaseController.Post:【错误代码：a3266f7261104c2a97670179a2f440b2,原因:English Message : Connection open error . Network Transport: TCP transport address connect failure
Chinese Message :  连接数据库过程中发生错误，检查服务器是否正常连接字符串是否正确，实在找不到原因请先Google错误信息：Network Transport: TCP transport address connect failure.】         
源信息：IIRS.Controllers.ChartController.GetChartInfo         
行　号：63         
-----------------------------------------------------------
