时　间：2021/03/14 14:07:41.756         
级　别：Debug         
模　块：IIRS.Services.BDC.BankQueryServices         
消　息：SELECT "GROUP_ID","GNAME" FROM "IFLOW_ACTION_GROUP"  WHERE "GROUP_ID" IN ('21','22','23','24')           
源信息：IIRS.Services.BDC.BankQueryServices.<GetActionGroupList>b__3_0         
行　号：36         
-----------------------------------------------------------
时　间：2021/03/14 14:07:46.073         
级　别：Debug         
模　块：IIRS.Services.BDC.BankQueryServices         
消　息： SELECT COUNT(1) FROM (SELECT  "B"."YWSLBH" AS "SLBH" , "B"."XID" AS "XID" , WM_CONCAT(DISTINCT TO_CHAR(C.QLRMC)) AS "QLRMC" , "D"."GNAME" AS "LCZL" , "A"."STATUS" AS "STATUSID" , "E"."FLOW_NAME" AS "STATUS" , "A"."AUTHORIZATIONDATE" AS "DATETIME" , "B"."NEXT_XID" AS "NEXT_XID" , "B"."IS_ACTION_OK" AS "IS_ACTION_OK" , "E"."VUE_URL" AS "VUE_URL" , "E"."VUE_NAME" AS "VUE_NAME"  FROM "BANKAUTHORIZE" A Inner JOIN "REGISTRATION_INFO" B ON ( "A"."BID" = "B"."AUZ_ID" )  Inner JOIN "QLRGL_INFO" C ON ( "B"."XID" = "C"."XID" )  Inner JOIN "IFLOW_ACTION_GROUP" D ON ( "B"."DJZL" = "D"."GROUP_ID" )  Inner JOIN "IFLOW_ACTION" E ON ( "A"."STATUS" = "E"."FLOW_ID" )   WHERE  ( CAST("B"."DJZL" AS VARCHAR2(4000)) like '%'||:MethodConst0||'%')   AND (( "B"."USER_ID" = :USER_ID1 ) AND ( "B"."NEXT_XID" IS NULL ))GROUP BY "B"."YWSLBH","B"."XID","D"."GNAME","A"."STATUS","E"."FLOW_NAME","A"."AUTHORIZATIONDATE","B"."NEXT_XID","B"."IS_ACTION_OK","E"."VUE_URL","E"."VUE_NAME" ) CountTable          
源信息：IIRS.Services.BDC.BankQueryServices+<>c__DisplayClass4_0.<GetAgencyTaskList>b__0         
行　号：58         
-----------------------------------------------------------
时　间：2021/03/14 14:07:46.122         
级　别：Debug         
模　块：IIRS.Services.BDC.BankQueryServices         
消　息：SELECT * FROM (SELECT  "B"."YWSLBH" AS "SLBH" , "B"."XID" AS "XID" , WM_CONCAT(DISTINCT TO_CHAR(C.QLRMC)) AS "QLRMC" , "D"."GNAME" AS "LCZL" , "A"."STATUS" AS "STATUSID" , "E"."FLOW_NAME" AS "STATUS" , "A"."AUTHORIZATIONDATE" AS "DATETIME" , "B"."NEXT_XID" AS "NEXT_XID" , "B"."IS_ACTION_OK" AS "IS_ACTION_OK" , "E"."VUE_URL" AS "VUE_URL" , "E"."VUE_NAME" AS "VUE_NAME" ,ROW_NUMBER() OVER(ORDER BY "A"."AUTHORIZATIONDATE" DESC) AS RowIndex  FROM "BANKAUTHORIZE" A Inner JOIN "REGISTRATION_INFO" B ON ( "A"."BID" = "B"."AUZ_ID" )  Inner JOIN "QLRGL_INFO" C ON ( "B"."XID" = "C"."XID" )  Inner JOIN "IFLOW_ACTION_GROUP" D ON ( "B"."DJZL" = "D"."GROUP_ID" )  Inner JOIN "IFLOW_ACTION" E ON ( "A"."STATUS" = "E"."FLOW_ID" )   WHERE  ( CAST("B"."DJZL" AS VARCHAR2(4000)) like '%'||:MethodConst0||'%')   AND (( "B"."USER_ID" = :USER_ID1 ) AND ( "B"."NEXT_XID" IS NULL ))GROUP BY "B"."YWSLBH","B"."XID","D"."GNAME","A"."STATUS","E"."FLOW_NAME","A"."AUTHORIZATIONDATE","B"."NEXT_XID","B"."IS_ACTION_OK","E"."VUE_URL","E"."VUE_NAME" ) T WHERE RowIndex BETWEEN 1 AND 5         
源信息：IIRS.Services.BDC.BankQueryServices+<>c__DisplayClass4_0.<GetAgencyTaskList>b__0         
行　号：58         
-----------------------------------------------------------
时　间：2021/03/14 14:07:48.517         
级　别：Debug         
模　块：IIRS.Services.BDC.BankQueryServices         
消　息：SELECT "DIC_ID","GID","DNAME","IS_USED","DEFINED_CODE","ODR","MARK","REAMRK","ITEMNOTE","FDIC_ID" FROM "SYS_DIC"  WHERE (( "GID" = :GID0 ) AND ( "IS_USED" = :IS_USED1 ))         
源信息：IIRS.Services.BDC.BankQueryServices.<GetActionGroupList>b__3_0         
行　号：36         
-----------------------------------------------------------
时　间：2021/03/14 14:07:48.517         
级　别：Debug         
模　块：IIRS.Services.BDC.BankQueryServices         
消　息：SELECT "DIC_ID","GID","DNAME","IS_USED","DEFINED_CODE","ODR","MARK","REAMRK","ITEMNOTE","FDIC_ID" FROM "SYS_DIC"  WHERE (( "GID" = :GID0 ) AND ( "IS_USED" = :IS_USED1 ))         
源信息：IIRS.Services.BDC.BankQueryServices+<>c__DisplayClass4_0.<GetAgencyTaskList>b__0         
行　号：58         
-----------------------------------------------------------
时　间：2021/03/14 14:07:48.774         
级　别：Debug         
模　块：IIRS.Services.BDC.BankQueryServices         
消　息：SELECT "DIC_ID","GID","DNAME","IS_USED","DEFINED_CODE","ODR","MARK","REAMRK","ITEMNOTE","FDIC_ID" FROM "SYS_DIC"  WHERE (( "GID" = :GID0 ) AND ( "IS_USED" = :IS_USED1 ))         
源信息：IIRS.Services.BDC.BankQueryServices+<>c__DisplayClass4_0.<GetAgencyTaskList>b__0         
行　号：58         
-----------------------------------------------------------
时　间：2021/03/14 14:07:49.613         
级　别：Debug         
模　块：IIRS.Controllers.BDC.TransferController         
消　息：TransferController.GetTaxInfo:错误码:54bace30-0773-452e-8def-e31e9b970860         
源信息：IIRS.Controllers.BDC.TransferController.GetTaxInfo         
行　号：377         
-----------------------------------------------------------
时　间：2021/03/14 14:08:10.036         
级　别：Debug         
模　块：IIRS.Services.BDC.BankQueryServices         
消　息：SELECT "GROUP_ID","GNAME" FROM "IFLOW_ACTION_GROUP"  WHERE "GROUP_ID" IN ('21','22','23','24')           
源信息：IIRS.Services.BDC.BankQueryServices.<GetActionGroupList>b__3_0         
行　号：36         
-----------------------------------------------------------
时　间：2021/03/14 14:08:10.105         
级　别：Debug         
模　块：IIRS.Services.BDC.BankQueryServices         
消　息：SELECT "DIC_ID","GID","DNAME","IS_USED","DEFINED_CODE","ODR","MARK","REAMRK","ITEMNOTE","FDIC_ID" FROM "SYS_DIC"  WHERE ( "GID" = :GID0 )         
源信息：IIRS.Services.BDC.BankQueryServices.<GetActionGroupList>b__3_0         
行　号：36         
-----------------------------------------------------------
时　间：2021/03/14 14:08:12.419         
级　别：Debug         
模　块：IIRS.Services.BDC.BankQueryServices         
消　息： SELECT COUNT(1) FROM (SELECT  "B"."YWSLBH" AS "SLBH" , "B"."XID" AS "XID" , WM_CONCAT(DISTINCT TO_CHAR(C.QLRMC)) AS "QLRMC" , "D"."GNAME" AS "LCZL" , "A"."STATUS" AS "STATUSID" , "E"."FLOW_NAME" AS "STATUS" , "A"."AUTHORIZATIONDATE" AS "DATETIME" , "B"."NEXT_XID" AS "NEXT_XID" , "B"."IS_ACTION_OK" AS "IS_ACTION_OK" , "E"."VUE_URL" AS "VUE_URL" , "E"."VUE_NAME" AS "VUE_NAME"  FROM "BANKAUTHORIZE" A Inner JOIN "REGISTRATION_INFO" B ON ( "A"."BID" = "B"."AUZ_ID" )  Inner JOIN "QLRGL_INFO" C ON ( "B"."XID" = "C"."XID" )  Inner JOIN "IFLOW_ACTION_GROUP" D ON ( "B"."DJZL" = "D"."GROUP_ID" )  Inner JOIN "IFLOW_ACTION" E ON ( "A"."STATUS" = "E"."FLOW_ID" )   WHERE  ( CAST("B"."DJZL" AS VARCHAR2(4000)) like '%'||:MethodConst0||'%')   AND (( "B"."USER_ID" = :USER_ID1 ) AND ( "B"."NEXT_XID" IS NULL ))GROUP BY "B"."YWSLBH","B"."XID","D"."GNAME","A"."STATUS","E"."FLOW_NAME","A"."AUTHORIZATIONDATE","B"."NEXT_XID","B"."IS_ACTION_OK","E"."VUE_URL","E"."VUE_NAME" ) CountTable          
源信息：IIRS.Services.BDC.BankQueryServices+<>c__DisplayClass4_0.<GetAgencyTaskList>b__0         
行　号：58         
-----------------------------------------------------------
时　间：2021/03/14 14:08:12.457         
级　别：Debug         
模　块：IIRS.Services.BDC.BankQueryServices         
消　息：SELECT * FROM (SELECT  "B"."YWSLBH" AS "SLBH" , "B"."XID" AS "XID" , WM_CONCAT(DISTINCT TO_CHAR(C.QLRMC)) AS "QLRMC" , "D"."GNAME" AS "LCZL" , "A"."STATUS" AS "STATUSID" , "E"."FLOW_NAME" AS "STATUS" , "A"."AUTHORIZATIONDATE" AS "DATETIME" , "B"."NEXT_XID" AS "NEXT_XID" , "B"."IS_ACTION_OK" AS "IS_ACTION_OK" , "E"."VUE_URL" AS "VUE_URL" , "E"."VUE_NAME" AS "VUE_NAME" ,ROW_NUMBER() OVER(ORDER BY "A"."AUTHORIZATIONDATE" DESC) AS RowIndex  FROM "BANKAUTHORIZE" A Inner JOIN "REGISTRATION_INFO" B ON ( "A"."BID" = "B"."AUZ_ID" )  Inner JOIN "QLRGL_INFO" C ON ( "B"."XID" = "C"."XID" )  Inner JOIN "IFLOW_ACTION_GROUP" D ON ( "B"."DJZL" = "D"."GROUP_ID" )  Inner JOIN "IFLOW_ACTION" E ON ( "A"."STATUS" = "E"."FLOW_ID" )   WHERE  ( CAST("B"."DJZL" AS VARCHAR2(4000)) like '%'||:MethodConst0||'%')   AND (( "B"."USER_ID" = :USER_ID1 ) AND ( "B"."NEXT_XID" IS NULL ))GROUP BY "B"."YWSLBH","B"."XID","D"."GNAME","A"."STATUS","E"."FLOW_NAME","A"."AUTHORIZATIONDATE","B"."NEXT_XID","B"."IS_ACTION_OK","E"."VUE_URL","E"."VUE_NAME" ) T WHERE RowIndex BETWEEN 1 AND 5         
源信息：IIRS.Services.BDC.BankQueryServices+<>c__DisplayClass4_0.<GetAgencyTaskList>b__0         
行　号：58         
-----------------------------------------------------------
时　间：2021/03/14 14:08:14.144         
级　别：Debug         
模　块：IIRS.Services.BDC.BankQueryServices         
消　息： SELECT COUNT(1) FROM (SELECT  "B"."YWSLBH" AS "SLBH" , "B"."XID" AS "XID" , WM_CONCAT(DISTINCT TO_CHAR(C.QLRMC)) AS "QLRMC" , "D"."GNAME" AS "LCZL" , "A"."STATUS" AS "STATUSID" , "E"."FLOW_NAME" AS "STATUS" , "A"."AUTHORIZATIONDATE" AS "DATETIME" , "B"."NEXT_XID" AS "NEXT_XID" , "B"."IS_ACTION_OK" AS "IS_ACTION_OK" , "E"."VUE_URL" AS "VUE_URL" , "E"."VUE_NAME" AS "VUE_NAME"  FROM "BANKAUTHORIZE" A Inner JOIN "REGISTRATION_INFO" B ON ( "A"."BID" = "B"."AUZ_ID" )  Inner JOIN "QLRGL_INFO" C ON ( "B"."XID" = "C"."XID" )  Inner JOIN "IFLOW_ACTION_GROUP" D ON ( "B"."DJZL" = "D"."GROUP_ID" )  Inner JOIN "IFLOW_ACTION" E ON ( "A"."STATUS" = "E"."FLOW_ID" )   WHERE  ( CAST("B"."DJZL" AS VARCHAR2(4000)) like '%'||:MethodConst0||'%')   AND (( "B"."USER_ID" = :USER_ID1 ) AND ( "B"."NEXT_XID" IS NULL ))GROUP BY "B"."YWSLBH","B"."XID","D"."GNAME","A"."STATUS","E"."FLOW_NAME","A"."AUTHORIZATIONDATE","B"."NEXT_XID","B"."IS_ACTION_OK","E"."VUE_URL","E"."VUE_NAME" ) CountTable          
源信息：IIRS.Services.BDC.BankQueryServices+<>c__DisplayClass4_0.<GetAgencyTaskList>b__0         
行　号：58         
-----------------------------------------------------------
时　间：2021/03/14 14:08:14.156         
级　别：Debug         
模　块：IIRS.Services.BDC.BankQueryServices         
消　息：SELECT * FROM (SELECT  "B"."YWSLBH" AS "SLBH" , "B"."XID" AS "XID" , WM_CONCAT(DISTINCT TO_CHAR(C.QLRMC)) AS "QLRMC" , "D"."GNAME" AS "LCZL" , "A"."STATUS" AS "STATUSID" , "E"."FLOW_NAME" AS "STATUS" , "A"."AUTHORIZATIONDATE" AS "DATETIME" , "B"."NEXT_XID" AS "NEXT_XID" , "B"."IS_ACTION_OK" AS "IS_ACTION_OK" , "E"."VUE_URL" AS "VUE_URL" , "E"."VUE_NAME" AS "VUE_NAME" ,ROW_NUMBER() OVER(ORDER BY "A"."AUTHORIZATIONDATE" DESC) AS RowIndex  FROM "BANKAUTHORIZE" A Inner JOIN "REGISTRATION_INFO" B ON ( "A"."BID" = "B"."AUZ_ID" )  Inner JOIN "QLRGL_INFO" C ON ( "B"."XID" = "C"."XID" )  Inner JOIN "IFLOW_ACTION_GROUP" D ON ( "B"."DJZL" = "D"."GROUP_ID" )  Inner JOIN "IFLOW_ACTION" E ON ( "A"."STATUS" = "E"."FLOW_ID" )   WHERE  ( CAST("B"."DJZL" AS VARCHAR2(4000)) like '%'||:MethodConst0||'%')   AND (( "B"."USER_ID" = :USER_ID1 ) AND ( "B"."NEXT_XID" IS NULL ))GROUP BY "B"."YWSLBH","B"."XID","D"."GNAME","A"."STATUS","E"."FLOW_NAME","A"."AUTHORIZATIONDATE","B"."NEXT_XID","B"."IS_ACTION_OK","E"."VUE_URL","E"."VUE_NAME" ) T WHERE RowIndex BETWEEN 6 AND 10         
源信息：IIRS.Services.BDC.BankQueryServices+<>c__DisplayClass4_0.<GetAgencyTaskList>b__0         
行　号：58         
-----------------------------------------------------------
时　间：2021/03/14 14:08:17.263         
级　别：Debug         
模　块：IIRS.Services.BDC.BankQueryServices         
消　息：SELECT "DIC_ID","GID","DNAME","IS_USED","DEFINED_CODE","ODR","MARK","REAMRK","ITEMNOTE","FDIC_ID" FROM "SYS_DIC"  WHERE (( "GID" = :GID0 ) AND ( "IS_USED" = :IS_USED1 ))         
源信息：IIRS.Services.BDC.BankQueryServices+<>c__DisplayClass4_0.<GetAgencyTaskList>b__0         
行　号：58         
-----------------------------------------------------------
时　间：2021/03/14 14:08:17.263         
级　别：Debug         
模　块：IIRS.Services.BDC.BankQueryServices         
消　息：SELECT "ID","ISDELETED","LOGINNAME","LOGINPWD","REALNAME","STATUS","REMARK","TEL","LASTLOGINTIME","ERRORCOUNT" FROM "SYS_USERINFO"  WHERE "ID" IN (:InPara0)           
源信息：IIRS.Services.BDC.BankQueryServices+<>c__DisplayClass4_0.<GetAgencyTaskList>b__0         
行　号：58         
-----------------------------------------------------------
时　间：2021/03/14 14:08:17.350         
级　别：Debug         
模　块：IIRS.Services.BDC.BankQueryServices         
消　息：SELECT "ID","ISDELETED","USERID","ORGID" FROM "SYS_USERORGANIZATION"  WHERE ( "USERID" = :UserId0 )         
源信息：IIRS.Services.BDC.BankQueryServices+<>c__DisplayClass4_0.<GetAgencyTaskList>b__0         
行　号：58         
-----------------------------------------------------------
时　间：2021/03/14 14:08:17.381         
级　别：Debug         
模　块：IIRS.Services.BDC.BankQueryServices         
消　息：SELECT "ID","ISDELETED","PID","NAME","DESCRIPTION","CUSTOMCODE","CUSTOMCODE2","NAME_ABB" FROM "SYS_ORGANIZATION"  WHERE "ID" IN (:InPara0)           
源信息：IIRS.Services.BDC.BankQueryServices+<>c__DisplayClass4_0.<GetAgencyTaskList>b__0         
行　号：58         
-----------------------------------------------------------
时　间：2021/03/14 14:08:17.541         
级　别：Debug         
模　块：IIRS.Services.BDC.BankQueryServices         
消　息：SELECT "DIC_ID","GID","DNAME","IS_USED","DEFINED_CODE","ODR","MARK","REAMRK","ITEMNOTE","FDIC_ID" FROM "SYS_DIC"  WHERE ((( "GID" = :GID0 ) AND ( "IS_USED" = :IS_USED1 )) AND ( "FDIC_ID" IS NULL ))         
源信息：IIRS.Services.BDC.BankQueryServices+<>c__DisplayClass4_0.<GetAgencyTaskList>b__0         
行　号：58         
-----------------------------------------------------------
时　间：2021/03/14 14:08:17.592         
级　别：Debug         
模　块：IIRS.Services.BDC.BankQueryServices         
消　息：SELECT "PK","BUS_PK","USER_ID","USER_NAME","SAVEDATAJSON","CDATE","REMARKS1","REMARKS2","REMARKS3","REMARKS4","REMARKS5","IS_STOP" FROM "SYS_DATA_RECORDER"  WHERE ( "BUS_PK" = :BUS_PK0 )         
源信息：IIRS.Services.BDC.BankQueryServices+<>c__DisplayClass4_0.<GetAgencyTaskList>b__0         
行　号：58         
-----------------------------------------------------------
时　间：2021/03/14 14:08:17.592         
级　别：Debug         
模　块：IIRS.Services.BDC.BankQueryServices         
消　息：SELECT "DIC_ID","GID","DNAME","IS_USED","DEFINED_CODE","ODR","MARK","REAMRK","ITEMNOTE","FDIC_ID" FROM "SYS_DIC"  WHERE (("FDIC_ID" IN ('070820145933L24A3SQ3OY','070820150305ES5VNI1Y1S','070820150307507OATN6GL','070820150453626948R6U4','070820145255H8796087L2','070820145716K50I748Y3A','0708201455267C3OHJ2353','0708201509585S3612M498','070820151203U1HEKBGX25','170503164603S4O54M885V','170103143838HR7L710PB7','0708201507078458476N92','070820151533R7H53OUY9L','070820145624F0MJML837D','070820145401ESR8890UU1')) AND( "IS_USED" = :IS_USED1 ))         
源信息：IIRS.Services.BDC.BankQueryServices+<>c__DisplayClass4_0.<GetAgencyTaskList>b__0         
行　号：58         
-----------------------------------------------------------
时　间：2021/03/14 14:08:17.592         
级　别：Debug         
模　块：IIRS.Services.BDC.BankQueryServices         
消　息：SELECT "DIC_ID","GID","DNAME","IS_USED","DEFINED_CODE","ODR","MARK","REAMRK","ITEMNOTE","FDIC_ID" FROM "SYS_DIC"  WHERE (("FDIC_ID" IN ('1710251800593LI541H357','07082015030756OQCJ41K5','070820150453M7S0016Y5C','070820150454PSK2F64616','171025175635504KL25V65','17102518001182J70KN0LY','070820150453L554669O7P','0708201504546DJR75U8G9','07082015045426VD830BG7','070820150707466TY3K81H','171025175635IC57I5E52P','0708201507074Y78AJ4D3N','070820150707MMC52KBSOL','07082015070749NH72Y722','070820150707JDN7I28D9E','070820150707GU17O7C9EC','0708201507077Q3Q9PI4QF','07082015095919646UJ6K9','070820150959M40J0Y730L','070820150958X5A833L3UX','07082015095917G0WOCC6V','070820150959YO1EEGNO41','0708201509599OW7YY79CD','070820150959AA0L86KL5R','070820150959XDUMRR8460','07082015095927K74B7C99','0708201512034X0U86C1NC','070820151203VKSD2AE782','1710251802243TG5BDH6QP','180511161826DM8HJ4955B','0708201512030MJXPL0109','070820151203NPUMNVT3Q0','070820151203R6NH8RLGOJ','0708201512034DA090H359','070820151203HVY9939V5Q','200512110937G15038037O','0708201515336I7MBKT007','0708201515346KP55C9GX5','0708201515340GL9H96GBA','0708201515348TLQIFL08E','070820151534H1V7526T4I','180207105235K38TRL6N64','1707101438226347870GP9','070820145255WO62EOU38B','070820145402V3PJC05FN9','0708201454027N0RFA0QO3','07082014545943302HKSQ9','070820145459J2X8547E9H','070820145459434T52WOJH','070820145526BE6A80JBG6','070820145624HNRA28N173','070820145624854508DM65','070820145624Q3V5I3V575','070820145717U3030LBC23','070820145716I125528XET','070820145816P1JH0BFAXV','0708201458154RILN0F2WQ','170627105450030O7YFMH8','070820145815B1BC9DYVU2','0708201458160C9P3NLF4I','0708201459333DD95BJE3U','170828153932139M08LNNC','070820145934NYSYD85470','070820145933644C41311N','131220153721PN7GKH5GU6','070820150306Q11OFT2H20','070820150306C4IJ9MT567','07082015030666TA2QBQ11','190701150800E7B63F0AT1','1611211600401I5N9N041B','17062016503967QNDRI119','170925100553TAX76B33C2','070820150306KA58VJ3J7T','070820150306CE0261YJ84','0708201503077VTM3523I6','0708201503068053KLJS72','07082015030635X44W10G8','070820150307IYF82R2166','1512251205045S9S8BAHCJ','1708281548588O0UQW196K')) AND( "IS_USED" = :IS_USED1 ))         
源信息：IIRS.Services.BDC.BankQueryServices+<>c__DisplayClass4_0.<GetAgencyTaskList>b__0         
行　号：58         
-----------------------------------------------------------
时　间：2021/03/14 14:08:17.611         
级　别：Debug         
模　块：IIRS.Services.BDC.BankQueryServices         
消　息：SELECT "DIC_ID","GID","DNAME","IS_USED","DEFINED_CODE","ODR","MARK","REAMRK","ITEMNOTE","FDIC_ID" FROM "SYS_DIC"  WHERE (("FDIC_ID" IN ('1906130913550Y5QQW48XG','1804241027526Q88265222','171019162809V311C02T8H','180410092137333387E882','190826092739XL2A7I8718')) AND( "IS_USED" = :IS_USED1 ))         
源信息：IIRS.Services.BDC.BankQueryServices+<>c__DisplayClass4_0.<GetAgencyTaskList>b__0         
行　号：58         
-----------------------------------------------------------
时　间：2021/03/14 14:08:17.817         
级　别：Debug         
模　块：IIRS.Services.BDC.BankQueryServices         
消　息：SELECT "DIC_ID","GID","DNAME","IS_USED","DEFINED_CODE","ODR","MARK","REAMRK","ITEMNOTE","FDIC_ID" FROM "SYS_DIC"  WHERE ( "GID" = :GID0 )         
源信息：IIRS.Services.BDC.BankQueryServices+<>c__DisplayClass4_0.<GetAgencyTaskList>b__0         
行　号：58         
-----------------------------------------------------------
时　间：2021/03/14 14:08:18.190         
级　别：Debug         
模　块：IIRS.Controllers.BDC.TransferController         
消　息：TransferController.GetTaxInfo:错误码:81100aad-4bc1-419c-9762-cb5d0db866bb         
源信息：IIRS.Controllers.BDC.TransferController.GetTaxInfo         
行　号：377         
-----------------------------------------------------------
时　间：2021/03/14 14:08:18.190         
级　别：Debug         
模　块：IIRS.Services.BDC.BankQueryServices         
消　息：SELECT "FILE_ID","GROUP_ID","GROUP_NAME","FILE_NAME","DISPLAY_NAME","MEDIA_TYPE","BUS_PK","BAK_PK","ODR","FILE_PATH","CDATE","XID" FROM "PUB_ATT_FILE"  WHERE ( "XID" = :XID0 )         
源信息：IIRS.Services.BDC.BankQueryServices+<>c__DisplayClass4_0.<GetAgencyTaskList>b__0         
行　号：58         
-----------------------------------------------------------
时　间：2021/03/14 14:08:43.148         
级　别：Debug         
模　块：IIRS.Services.BDC.BankQueryServices         
消　息：SELECT "ID","ISDELETED","LOGINNAME","LOGINPWD","REALNAME","STATUS","REMARK","TEL","LASTLOGINTIME","ERRORCOUNT" FROM "SYS_USERINFO"  WHERE "ID" IN (:InPara0)           
源信息：IIRS.Services.BDC.BankQueryServices+<>c__DisplayClass4_0.<GetAgencyTaskList>b__0         
行　号：58         
-----------------------------------------------------------
时　间：2021/03/14 14:08:43.173         
级　别：Debug         
模　块：IIRS.Services.BDC.BankQueryServices         
消　息：SELECT "ID","ISDELETED","USERID","ORGID" FROM "SYS_USERORGANIZATION"  WHERE ( "USERID" = :UserId0 )         
源信息：IIRS.Services.BDC.BankQueryServices+<>c__DisplayClass4_0.<GetAgencyTaskList>b__0         
行　号：58         
-----------------------------------------------------------
时　间：2021/03/14 14:08:43.173         
级　别：Debug         
模　块：IIRS.Services.BDC.BankQueryServices         
消　息：SELECT "ID","ISDELETED","PID","NAME","DESCRIPTION","CUSTOMCODE","CUSTOMCODE2","NAME_ABB" FROM "SYS_ORGANIZATION"  WHERE "ID" IN (:InPara0)           
源信息：IIRS.Services.BDC.BankQueryServices+<>c__DisplayClass4_0.<GetAgencyTaskList>b__0         
行　号：58         
-----------------------------------------------------------
时　间：2021/03/14 14:08:43.382         
级　别：Debug         
模　块：IIRS.Services.BDC.BankQueryServices         
消　息：SELECT "DIC_ID","GID","DNAME","IS_USED","DEFINED_CODE","ODR","MARK","REAMRK","ITEMNOTE","FDIC_ID" FROM "SYS_DIC"  WHERE (( "GID" = :GID0 ) AND ( "IS_USED" = :IS_USED1 ))         
源信息：IIRS.Services.BDC.BankQueryServices+<>c__DisplayClass4_0.<GetAgencyTaskList>b__0         
行　号：58         
-----------------------------------------------------------
时　间：2021/03/14 14:08:43.705         
级　别：Debug         
模　块：IIRS.Services.BDC.BankQueryServices         
消　息：SELECT "DIC_ID","GID","DNAME","IS_USED","DEFINED_CODE","ODR","MARK","REAMRK","ITEMNOTE","FDIC_ID" FROM "SYS_DIC"  WHERE ( "GID" = :GID0 )         
源信息：IIRS.Services.BDC.BankQueryServices+<>c__DisplayClass4_0.<GetAgencyTaskList>b__0         
行　号：58         
-----------------------------------------------------------
时　间：2021/03/14 14:10:15.672         
级　别：Debug         
模　块：IIRS.Services.BDC.BankQueryServices         
消　息：SELECT "DIC_ID","GID","DNAME","IS_USED","DEFINED_CODE","ODR","MARK","REAMRK","ITEMNOTE","FDIC_ID" FROM "SYS_DIC"  WHERE (( "GID" = :GID0 ) AND ( "IS_USED" = :IS_USED1 ))         
源信息：IIRS.Services.BDC.BankQueryServices+<>c__DisplayClass4_0.<GetAgencyTaskList>b__0         
行　号：58         
-----------------------------------------------------------
时　间：2021/03/14 14:10:15.672         
级　别：Debug         
模　块：IIRS.Services.BDC.BankQueryServices         
消　息：SELECT "ID","ISDELETED","LOGINNAME","LOGINPWD","REALNAME","STATUS","REMARK","TEL","LASTLOGINTIME","ERRORCOUNT" FROM "SYS_USERINFO"  WHERE "ID" IN (:InPara0)           
源信息：IIRS.Services.BDC.BankQueryServices+<>c__DisplayClass4_0.<GetAgencyTaskList>b__0         
行　号：58         
-----------------------------------------------------------
时　间：2021/03/14 14:10:15.672         
级　别：Debug         
模　块：IIRS.Services.BDC.BankQueryServices         
消　息：SELECT "ID","ISDELETED","USERID","ORGID" FROM "SYS_USERORGANIZATION"  WHERE ( "USERID" = :UserId0 )         
源信息：IIRS.Services.BDC.BankQueryServices+<>c__DisplayClass4_0.<GetAgencyTaskList>b__0         
行　号：58         
-----------------------------------------------------------
时　间：2021/03/14 14:10:15.731         
级　别：Debug         
模　块：IIRS.Services.BDC.BankQueryServices         
消　息：SELECT "DIC_ID","GID","DNAME","IS_USED","DEFINED_CODE","ODR","MARK","REAMRK","ITEMNOTE","FDIC_ID" FROM "SYS_DIC"  WHERE (( "GID" = :GID0 ) AND ( "IS_USED" = :IS_USED1 ))         
源信息：IIRS.Services.BDC.BankQueryServices+<>c__DisplayClass4_0.<GetAgencyTaskList>b__0         
行　号：58         
-----------------------------------------------------------
时　间：2021/03/14 14:10:15.773         
级　别：Debug         
模　块：IIRS.Services.BDC.BankQueryServices         
消　息：SELECT "ID","ISDELETED","PID","NAME","DESCRIPTION","CUSTOMCODE","CUSTOMCODE2","NAME_ABB" FROM "SYS_ORGANIZATION"  WHERE "ID" IN (:InPara0)           
源信息：IIRS.Services.BDC.BankQueryServices+<>c__DisplayClass4_0.<GetAgencyTaskList>b__0         
行　号：58         
-----------------------------------------------------------
时　间：2021/03/14 14:10:16.278         
级　别：Debug         
模　块：IIRS.Services.BDC.BankQueryServices         
消　息：SELECT "DIC_ID","GID","DNAME","IS_USED","DEFINED_CODE","ODR","MARK","REAMRK","ITEMNOTE","FDIC_ID" FROM "SYS_DIC"  WHERE ( "GID" = :GID0 )         
源信息：IIRS.Services.BDC.BankQueryServices+<>c__DisplayClass4_0.<GetAgencyTaskList>b__0         
行　号：58         
-----------------------------------------------------------
时　间：2021/03/14 14:16:22.312         
级　别：Debug         
模　块：IIRS.Services.BDC.BdcPrintServices         
消　息：SELECT  WM_CONCAT(DISTINCT TO_CHAR(QLRMC)) AS "QLRMC" , WM_CONCAT(DISTINCT TO_CHAR(ZJHM)) AS "ZJHM" , WM_CONCAT(DISTINCT TO_CHAR(ZJLB_ZWM)) AS "ZJLB_ZWM"  FROM "QLRGL_INFO"  WHERE (( "QLRLX" = :QLRLX0 ) AND ( "XID" = :XID1 ))         
源信息：IIRS.Services.BDC.BdcPrintServices+<>c__DisplayClass6_0.<GetPersonList>b__0         
行　号：111         
-----------------------------------------------------------
时　间：2021/03/14 14:16:22.336         
级　别：Debug         
模　块：IIRS.Services.BDC.BdcPrintServices         
消　息：SELECT  WM_CONCAT(DISTINCT TO_CHAR(QLRMC)) AS "QLRMC" , WM_CONCAT(DISTINCT TO_CHAR(ZJHM)) AS "ZJHM" , WM_CONCAT(DISTINCT TO_CHAR(ZJLB_ZWM)) AS "ZJLB_ZWM"  FROM "QLRGL_INFO"  WHERE (( "QLRLX" = :QLRLX0 ) AND ( "XID" = :XID1 ))         
源信息：IIRS.Services.BDC.BdcPrintServices+<>c__DisplayClass6_0.<GetPersonList>b__0         
行　号：111         
-----------------------------------------------------------
时　间：2021/03/14 14:16:22.340         
级　别：Debug         
模　块：IIRS.Services.BDC.BdcPrintServices         
消　息：SELECT  WM_CONCAT(DISTINCT TO_CHAR(QLRMC)) AS "QLRMC" , WM_CONCAT(DISTINCT TO_CHAR(ZJHM)) AS "ZJHM" , WM_CONCAT(DISTINCT TO_CHAR(ZJLB_ZWM)) AS "ZJLB_ZWM"  FROM "QLRGL_INFO"  WHERE (( "QLRLX" = :QLRLX0 ) AND ( "XID" = :XID1 ))         
源信息：IIRS.Services.BDC.BdcPrintServices+<>c__DisplayClass6_0.<GetPersonList>b__0         
行　号：111         
-----------------------------------------------------------
时　间：2021/03/14 14:16:22.340         
级　别：Debug         
模　块：IIRS.Services.BDC.BdcPrintServices         
消　息：SELECT  WM_CONCAT(DISTINCT TO_CHAR(QLRMC)) AS "QLRMC" , WM_CONCAT(DISTINCT TO_CHAR(ZJHM)) AS "ZJHM" , WM_CONCAT(DISTINCT TO_CHAR(ZJLB_ZWM)) AS "ZJLB_ZWM"  FROM "QLRGL_INFO"  WHERE (( "QLRLX" = :QLRLX0 ) AND ( "XID" = :XID1 ))         
源信息：IIRS.Services.BDC.BdcPrintServices+<>c__DisplayClass6_0.<GetPersonList>b__0         
行　号：111         
-----------------------------------------------------------
时　间：2021/03/14 14:16:22.340         
级　别：Debug         
模　块：IIRS.Services.BDC.BdcPrintServices         
消　息：SELECT  "GROUP_NAME" AS "GROUP_NAME" , COUNT("GROUP_NAME") AS "COUNT"  FROM "PUB_ATT_FILE"  WHERE ( "XID" = :XID0 )GROUP BY "GROUP_NAME"          
源信息：IIRS.Services.BDC.BdcPrintServices+<>c__DisplayClass6_0.<GetPersonList>b__0         
行　号：111         
-----------------------------------------------------------
时　间：2021/03/14 14:25:41.093         
级　别：Debug         
模　块：IIRS.Services.BDC.BdcPrintServices         
消　息：SELECT  WM_CONCAT(DISTINCT TO_CHAR(QLRMC)) AS "QLRMC" , WM_CONCAT(DISTINCT TO_CHAR(ZJHM)) AS "ZJHM" , WM_CONCAT(DISTINCT TO_CHAR(ZJLB_ZWM)) AS "ZJLB_ZWM"  FROM "QLRGL_INFO"  WHERE (( "QLRLX" = :QLRLX0 ) AND ( "XID" = :XID1 ))         
源信息：IIRS.Services.BDC.BdcPrintServices+<>c__DisplayClass6_0.<GetPersonList>b__0         
行　号：111         
-----------------------------------------------------------
时　间：2021/03/14 14:25:41.093         
级　别：Debug         
模　块：IIRS.Services.BDC.BdcPrintServices         
消　息：SELECT  WM_CONCAT(DISTINCT TO_CHAR(QLRMC)) AS "QLRMC" , WM_CONCAT(DISTINCT TO_CHAR(ZJHM)) AS "ZJHM" , WM_CONCAT(DISTINCT TO_CHAR(ZJLB_ZWM)) AS "ZJLB_ZWM"  FROM "QLRGL_INFO"  WHERE (( "QLRLX" = :QLRLX0 ) AND ( "XID" = :XID1 ))         
源信息：IIRS.Services.BDC.BdcPrintServices+<>c__DisplayClass6_0.<GetPersonList>b__0         
行　号：111         
-----------------------------------------------------------
时　间：2021/03/14 14:25:41.093         
级　别：Debug         
模　块：IIRS.Services.BDC.BdcPrintServices         
消　息：SELECT  WM_CONCAT(DISTINCT TO_CHAR(QLRMC)) AS "QLRMC" , WM_CONCAT(DISTINCT TO_CHAR(ZJHM)) AS "ZJHM" , WM_CONCAT(DISTINCT TO_CHAR(ZJLB_ZWM)) AS "ZJLB_ZWM"  FROM "QLRGL_INFO"  WHERE (( "QLRLX" = :QLRLX0 ) AND ( "XID" = :XID1 ))         
源信息：IIRS.Services.BDC.BdcPrintServices+<>c__DisplayClass6_0.<GetPersonList>b__0         
行　号：111         
-----------------------------------------------------------
时　间：2021/03/14 14:25:41.105         
级　别：Debug         
模　块：IIRS.Services.BDC.BdcPrintServices         
消　息：SELECT  WM_CONCAT(DISTINCT TO_CHAR(QLRMC)) AS "QLRMC" , WM_CONCAT(DISTINCT TO_CHAR(ZJHM)) AS "ZJHM" , WM_CONCAT(DISTINCT TO_CHAR(ZJLB_ZWM)) AS "ZJLB_ZWM"  FROM "QLRGL_INFO"  WHERE (( "QLRLX" = :QLRLX0 ) AND ( "XID" = :XID1 ))         
源信息：IIRS.Services.BDC.BdcPrintServices+<>c__DisplayClass6_0.<GetPersonList>b__0         
行　号：111         
-----------------------------------------------------------
时　间：2021/03/14 14:25:41.105         
级　别：Debug         
模　块：IIRS.Services.BDC.BdcPrintServices         
消　息：SELECT  "GROUP_NAME" AS "GROUP_NAME" , COUNT("GROUP_NAME") AS "COUNT"  FROM "PUB_ATT_FILE"  WHERE ( "XID" = :XID0 )GROUP BY "GROUP_NAME"          
源信息：IIRS.Services.BDC.BdcPrintServices+<>c__DisplayClass6_0.<GetPersonList>b__0         
行　号：111         
-----------------------------------------------------------
时　间：2021/03/14 14:27:43.276         
级　别：Debug         
模　块：IIRS.Services.BDC.BdcPrintServices         
消　息：SELECT  WM_CONCAT(DISTINCT TO_CHAR(QLRMC)) AS "QLRMC" , WM_CONCAT(DISTINCT TO_CHAR(ZJHM)) AS "ZJHM" , WM_CONCAT(DISTINCT TO_CHAR(ZJLB_ZWM)) AS "ZJLB_ZWM"  FROM "QLRGL_INFO"  WHERE (( "QLRLX" = :QLRLX0 ) AND ( "XID" = :XID1 ))         
源信息：IIRS.Services.BDC.BdcPrintServices+<>c__DisplayClass6_0.<GetPersonList>b__0         
行　号：111         
-----------------------------------------------------------
时　间：2021/03/14 14:27:43.276         
级　别：Debug         
模　块：IIRS.Services.BDC.BdcPrintServices         
消　息：SELECT  WM_CONCAT(DISTINCT TO_CHAR(QLRMC)) AS "QLRMC" , WM_CONCAT(DISTINCT TO_CHAR(ZJHM)) AS "ZJHM" , WM_CONCAT(DISTINCT TO_CHAR(ZJLB_ZWM)) AS "ZJLB_ZWM"  FROM "QLRGL_INFO"  WHERE (( "QLRLX" = :QLRLX0 ) AND ( "XID" = :XID1 ))         
源信息：IIRS.Services.BDC.BdcPrintServices+<>c__DisplayClass6_0.<GetPersonList>b__0         
行　号：111         
-----------------------------------------------------------
时　间：2021/03/14 14:27:43.276         
级　别：Debug         
模　块：IIRS.Services.BDC.BdcPrintServices         
消　息：SELECT  WM_CONCAT(DISTINCT TO_CHAR(QLRMC)) AS "QLRMC" , WM_CONCAT(DISTINCT TO_CHAR(ZJHM)) AS "ZJHM" , WM_CONCAT(DISTINCT TO_CHAR(ZJLB_ZWM)) AS "ZJLB_ZWM"  FROM "QLRGL_INFO"  WHERE (( "QLRLX" = :QLRLX0 ) AND ( "XID" = :XID1 ))         
源信息：IIRS.Services.BDC.BdcPrintServices+<>c__DisplayClass6_0.<GetPersonList>b__0         
行　号：111         
-----------------------------------------------------------
时　间：2021/03/14 14:27:43.276         
级　别：Debug         
模　块：IIRS.Services.BDC.BdcPrintServices         
消　息：SELECT  WM_CONCAT(DISTINCT TO_CHAR(QLRMC)) AS "QLRMC" , WM_CONCAT(DISTINCT TO_CHAR(ZJHM)) AS "ZJHM" , WM_CONCAT(DISTINCT TO_CHAR(ZJLB_ZWM)) AS "ZJLB_ZWM"  FROM "QLRGL_INFO"  WHERE (( "QLRLX" = :QLRLX0 ) AND ( "XID" = :XID1 ))         
源信息：IIRS.Services.BDC.BdcPrintServices+<>c__DisplayClass6_0.<GetPersonList>b__0         
行　号：111         
-----------------------------------------------------------
时　间：2021/03/14 14:28:39.903         
级　别：Debug         
模　块：IIRS.Services.BDC.BdcPrintServices         
消　息：SELECT  WM_CONCAT(DISTINCT TO_CHAR(QLRMC)) AS "QLRMC" , WM_CONCAT(DISTINCT TO_CHAR(ZJHM)) AS "ZJHM" , WM_CONCAT(DISTINCT TO_CHAR(ZJLB_ZWM)) AS "ZJLB_ZWM"  FROM "QLRGL_INFO"  WHERE (( "QLRLX" = :QLRLX0 ) AND ( "XID" = :XID1 ))         
源信息：IIRS.Services.BDC.BdcPrintServices+<>c__DisplayClass6_0.<GetPersonList>b__0         
行　号：111         
-----------------------------------------------------------
时　间：2021/03/14 14:28:39.903         
级　别：Debug         
模　块：IIRS.Services.BDC.BdcPrintServices         
消　息：SELECT  WM_CONCAT(DISTINCT TO_CHAR(QLRMC)) AS "QLRMC" , WM_CONCAT(DISTINCT TO_CHAR(ZJHM)) AS "ZJHM" , WM_CONCAT(DISTINCT TO_CHAR(ZJLB_ZWM)) AS "ZJLB_ZWM"  FROM "QLRGL_INFO"  WHERE (( "QLRLX" = :QLRLX0 ) AND ( "XID" = :XID1 ))         
源信息：IIRS.Services.BDC.BdcPrintServices+<>c__DisplayClass6_0.<GetPersonList>b__0         
行　号：111         
-----------------------------------------------------------
时　间：2021/03/14 14:28:39.903         
级　别：Debug         
模　块：IIRS.Services.BDC.BdcPrintServices         
消　息：SELECT  WM_CONCAT(DISTINCT TO_CHAR(QLRMC)) AS "QLRMC" , WM_CONCAT(DISTINCT TO_CHAR(ZJHM)) AS "ZJHM" , WM_CONCAT(DISTINCT TO_CHAR(ZJLB_ZWM)) AS "ZJLB_ZWM"  FROM "QLRGL_INFO"  WHERE (( "QLRLX" = :QLRLX0 ) AND ( "XID" = :XID1 ))         
源信息：IIRS.Services.BDC.BdcPrintServices+<>c__DisplayClass6_0.<GetPersonList>b__0         
行　号：111         
-----------------------------------------------------------
时　间：2021/03/14 14:28:39.915         
级　别：Debug         
模　块：IIRS.Services.BDC.BdcPrintServices         
消　息：SELECT  WM_CONCAT(DISTINCT TO_CHAR(QLRMC)) AS "QLRMC" , WM_CONCAT(DISTINCT TO_CHAR(ZJHM)) AS "ZJHM" , WM_CONCAT(DISTINCT TO_CHAR(ZJLB_ZWM)) AS "ZJLB_ZWM"  FROM "QLRGL_INFO"  WHERE (( "QLRLX" = :QLRLX0 ) AND ( "XID" = :XID1 ))         
源信息：IIRS.Services.BDC.BdcPrintServices+<>c__DisplayClass6_0.<GetPersonList>b__0         
行　号：111         
-----------------------------------------------------------
时　间：2021/03/14 14:28:45.834         
级　别：Debug         
模　块：IIRS.Services.BDC.BdcPrintServices         
消　息：SELECT  WM_CONCAT(DISTINCT TO_CHAR(QLRMC)) AS "QLRMC" , WM_CONCAT(DISTINCT TO_CHAR(ZJHM)) AS "ZJHM" , WM_CONCAT(DISTINCT TO_CHAR(ZJLB_ZWM)) AS "ZJLB_ZWM"  FROM "QLRGL_INFO"  WHERE (( "QLRLX" = :QLRLX0 ) AND ( "XID" = :XID1 ))         
源信息：IIRS.Services.BDC.BdcPrintServices+<>c__DisplayClass6_0.<GetPersonList>b__0         
行　号：111         
-----------------------------------------------------------
时　间：2021/03/14 14:28:45.838         
级　别：Debug         
模　块：IIRS.Services.BDC.BdcPrintServices         
消　息：SELECT  WM_CONCAT(DISTINCT TO_CHAR(QLRMC)) AS "QLRMC" , WM_CONCAT(DISTINCT TO_CHAR(ZJHM)) AS "ZJHM" , WM_CONCAT(DISTINCT TO_CHAR(ZJLB_ZWM)) AS "ZJLB_ZWM"  FROM "QLRGL_INFO"  WHERE (( "QLRLX" = :QLRLX0 ) AND ( "XID" = :XID1 ))         
源信息：IIRS.Services.BDC.BdcPrintServices+<>c__DisplayClass6_0.<GetPersonList>b__0         
行　号：111         
-----------------------------------------------------------
时　间：2021/03/14 14:28:45.838         
级　别：Debug         
模　块：IIRS.Services.BDC.BdcPrintServices         
消　息：SELECT  WM_CONCAT(DISTINCT TO_CHAR(QLRMC)) AS "QLRMC" , WM_CONCAT(DISTINCT TO_CHAR(ZJHM)) AS "ZJHM" , WM_CONCAT(DISTINCT TO_CHAR(ZJLB_ZWM)) AS "ZJLB_ZWM"  FROM "QLRGL_INFO"  WHERE (( "QLRLX" = :QLRLX0 ) AND ( "XID" = :XID1 ))         
源信息：IIRS.Services.BDC.BdcPrintServices+<>c__DisplayClass6_0.<GetPersonList>b__0         
行　号：111         
-----------------------------------------------------------
时　间：2021/03/14 14:28:45.838         
级　别：Debug         
模　块：IIRS.Services.BDC.BdcPrintServices         
消　息：SELECT  WM_CONCAT(DISTINCT TO_CHAR(QLRMC)) AS "QLRMC" , WM_CONCAT(DISTINCT TO_CHAR(ZJHM)) AS "ZJHM" , WM_CONCAT(DISTINCT TO_CHAR(ZJLB_ZWM)) AS "ZJLB_ZWM"  FROM "QLRGL_INFO"  WHERE (( "QLRLX" = :QLRLX0 ) AND ( "XID" = :XID1 ))         
源信息：IIRS.Services.BDC.BdcPrintServices+<>c__DisplayClass6_0.<GetPersonList>b__0         
行　号：111         
-----------------------------------------------------------
时　间：2021/03/14 14:36:14.223         
级　别：Debug         
模　块：IIRS.Controllers.BDC.BdcPrintController         
消　息：错误码:6ed75321-ca73-449c-92b6-be101215d174,异常消息:Value cannot be null. (Parameter 'text')         
源信息：IIRS.Controllers.BDC.BdcPrintController.TransferSjsjPrint         
行　号：298         
-----------------------------------------------------------
时　间：2021/03/14 14:36:31.827         
级　别：Debug         
模　块：IIRS.Controllers.BDC.BdcPrintController         
消　息：错误码:ae5b94a3-e98c-4636-80bf-29dd0f6b96cd,异常消息:Value cannot be null. (Parameter 'text')         
源信息：IIRS.Controllers.BDC.BdcPrintController.TransferSjsjPrint         
行　号：298         
-----------------------------------------------------------
时　间：2021/03/14 14:37:20.864         
级　别：Debug         
模　块：IIRS.Controllers.BDC.BdcPrintController         
消　息：错误码:d79a5711-6e27-4f75-af09-a83fc673bf61,异常消息:Value cannot be null. (Parameter 'text')         
源信息：IIRS.Controllers.BDC.BdcPrintController.TransferSjsjPrint         
行　号：298         
-----------------------------------------------------------
时　间：2021/03/14 14:37:26.841         
级　别：Debug         
模　块：IIRS.Services.BDC.BdcPrintServices         
消　息：SELECT  WM_CONCAT(DISTINCT TO_CHAR(QLRMC)) AS "QLRMC" , WM_CONCAT(DISTINCT TO_CHAR(ZJHM)) AS "ZJHM" , WM_CONCAT(DISTINCT TO_CHAR(ZJLB_ZWM)) AS "ZJLB_ZWM"  FROM "QLRGL_INFO"  WHERE (( "QLRLX" = :QLRLX0 ) AND ( "XID" = :XID1 ))         
源信息：IIRS.Services.BDC.BdcPrintServices+<>c__DisplayClass6_0.<GetPersonList>b__0         
行　号：111         
-----------------------------------------------------------
时　间：2021/03/14 14:37:26.841         
级　别：Debug         
模　块：IIRS.Services.BDC.BdcPrintServices         
消　息：SELECT  WM_CONCAT(DISTINCT TO_CHAR(QLRMC)) AS "QLRMC" , WM_CONCAT(DISTINCT TO_CHAR(ZJHM)) AS "ZJHM" , WM_CONCAT(DISTINCT TO_CHAR(ZJLB_ZWM)) AS "ZJLB_ZWM"  FROM "QLRGL_INFO"  WHERE (( "QLRLX" = :QLRLX0 ) AND ( "XID" = :XID1 ))         
源信息：IIRS.Services.BDC.BdcPrintServices+<>c__DisplayClass6_0.<GetPersonList>b__0         
行　号：111         
-----------------------------------------------------------
时　间：2021/03/14 14:37:26.841         
级　别：Debug         
模　块：IIRS.Services.BDC.BdcPrintServices         
消　息：SELECT  WM_CONCAT(DISTINCT TO_CHAR(QLRMC)) AS "QLRMC" , WM_CONCAT(DISTINCT TO_CHAR(ZJHM)) AS "ZJHM" , WM_CONCAT(DISTINCT TO_CHAR(ZJLB_ZWM)) AS "ZJLB_ZWM"  FROM "QLRGL_INFO"  WHERE (( "QLRLX" = :QLRLX0 ) AND ( "XID" = :XID1 ))         
源信息：IIRS.Services.BDC.BdcPrintServices+<>c__DisplayClass6_0.<GetPersonList>b__0         
行　号：111         
-----------------------------------------------------------
时　间：2021/03/14 14:37:26.853         
级　别：Debug         
模　块：IIRS.Services.BDC.BdcPrintServices         
消　息：SELECT  WM_CONCAT(DISTINCT TO_CHAR(QLRMC)) AS "QLRMC" , WM_CONCAT(DISTINCT TO_CHAR(ZJHM)) AS "ZJHM" , WM_CONCAT(DISTINCT TO_CHAR(ZJLB_ZWM)) AS "ZJLB_ZWM"  FROM "QLRGL_INFO"  WHERE (( "QLRLX" = :QLRLX0 ) AND ( "XID" = :XID1 ))         
源信息：IIRS.Services.BDC.BdcPrintServices+<>c__DisplayClass6_0.<GetPersonList>b__0         
行　号：111         
-----------------------------------------------------------
时　间：2021/03/14 14:37:26.853         
级　别：Debug         
模　块：IIRS.Services.BDC.BdcPrintServices         
消　息：SELECT  "GROUP_NAME" AS "GROUP_NAME" , COUNT("GROUP_NAME") AS "COUNT"  FROM "PUB_ATT_FILE"  WHERE ( "XID" = :XID0 )GROUP BY "GROUP_NAME"          
源信息：IIRS.Services.BDC.BdcPrintServices+<>c__DisplayClass6_0.<GetPersonList>b__0         
行　号：111         
-----------------------------------------------------------
时　间：2021/03/14 14:37:29.577         
级　别：Debug         
模　块：IIRS.Controllers.BDC.BdcPrintController         
消　息：错误码:45c52386-8ee2-4776-b550-5282e6179a28,异常消息:Value cannot be null. (Parameter 'text')         
源信息：IIRS.Controllers.BDC.BdcPrintController.TransferSjsjPrint         
行　号：298         
-----------------------------------------------------------
时　间：2021/03/14 14:37:35.757         
级　别：Debug         
模　块：IIRS.Controllers.BDC.BdcPrintController         
消　息：错误码:88b4b0ef-ee32-4d59-bfc7-c72e42247898,异常消息:Value cannot be null. (Parameter 'text')         
源信息：IIRS.Controllers.BDC.BdcPrintController.TransferSjsjPrint         
行　号：298         
-----------------------------------------------------------
时　间：2021/03/14 14:38:53.180         
级　别：Debug         
模　块：IIRS.Controllers.BDC.BdcPrintController         
消　息：错误码:52716b00-0224-4ee6-8904-0ea95e4c218e,异常消息:Value cannot be null. (Parameter 'text')         
源信息：IIRS.Controllers.BDC.BdcPrintController.TransferSjsjPrint         
行　号：298         
-----------------------------------------------------------
时　间：2021/03/14 14:41:50.678         
级　别：Debug         
模　块：IIRS.Controllers.BDC.BdcPrintController         
消　息：错误码:7962e0ee-b0c5-478c-9a0c-b47ef1c76674,异常消息:Value cannot be null. (Parameter 'text')         
源信息：IIRS.Controllers.BDC.BdcPrintController.TransferSjsjPrint         
行　号：298         
-----------------------------------------------------------
时　间：2021/03/14 14:49:02.378         
级　别：Debug         
模　块：IIRS.Controllers.BDC.BdcPrintController         
消　息：错误码:ca59d75e-52fb-4864-8a6b-d09fcf072fa4,异常消息:Value cannot be null. (Parameter 'text')         
源信息：IIRS.Controllers.BDC.BdcPrintController.TransferSjsjPrint         
行　号：298         
-----------------------------------------------------------
时　间：2021/03/14 14:51:40.425         
级　别：Debug         
模　块：IIRS.Controllers.BDC.BdcPrintController         
消　息：错误码:ed6276d6-0a6c-44d3-8e7f-be848cbaf071,异常消息:Value cannot be null. (Parameter 'text')         
源信息：IIRS.Controllers.BDC.BdcPrintController.TransferSjsjPrint         
行　号：318         
-----------------------------------------------------------
时　间：2021/03/14 14:52:31.895         
级　别：Debug         
模　块：IIRS.Controllers.BDC.BdcPrintController         
消　息：错误码:79391f0b-4975-4742-ab5c-5379a10c5451,异常消息:Value cannot be null. (Parameter 'text')         
源信息：IIRS.Controllers.BDC.BdcPrintController.TransferSjsjPrint         
行　号：318         
-----------------------------------------------------------
时　间：2021/03/14 14:52:39.055         
级　别：Debug         
模　块：IIRS.Controllers.BDC.BdcPrintController         
消　息：错误码:263625f2-16b0-4ca6-aaed-5890f5e634ef,异常消息:Value cannot be null. (Parameter 'text')         
源信息：IIRS.Controllers.BDC.BdcPrintController.TransferSjsjPrint         
行　号：318         
-----------------------------------------------------------
时　间：2021/03/14 14:55:08.082         
级　别：Debug         
模　块：IIRS.Controllers.BDC.BdcPrintController         
消　息：错误码:02d4d3fb-6b62-4bcc-83b0-06382e9e9627,异常消息:Value cannot be null. (Parameter 'text')         
源信息：IIRS.Controllers.BDC.BdcPrintController.TransferSjsjPrint         
行　号：0         
-----------------------------------------------------------
