时　间：2021/02/03 09:19:15.124         
级　别：Debug         
模　块：IIRS.Services.BDC.BdcPrintServices         
消　息：SELECT  WM_CONCAT(DISTINCT TO_CHAR(QLRMC)) AS "QLRMC" , WM_CONCAT(DISTINCT TO_CHAR(ZJHM)) AS "ZJHM" , WM_CONCAT(DISTINCT TO_CHAR(ZJLB_ZWM)) AS "ZJLB_ZWM"  FROM "QLRGL_INFO"  WHERE (( "QLRLX" = :QLRLX0 ) AND ( "XID" = :XID1 ))         
源信息：IIRS.Services.BDC.BdcPrintServices+<>c__DisplayClass6_0.<GetPersonList>b__0         
行　号：111         
-----------------------------------------------------------
时　间：2021/02/03 09:19:15.255         
级　别：Debug         
模　块：IIRS.Services.BDC.BdcPrintServices         
消　息：SELECT  WM_CONCAT(DISTINCT TO_CHAR(QLRMC)) AS "QLRMC" , WM_CONCAT(DISTINCT TO_CHAR(ZJHM)) AS "ZJHM" , WM_CONCAT(DISTINCT TO_CHAR(ZJLB_ZWM)) AS "ZJLB_ZWM"  FROM "QLRGL_INFO"  WHERE (( "QLRLX" = :QLRLX0 ) AND ( "XID" = :XID1 ))         
源信息：IIRS.Services.BDC.BdcPrintServices+<>c__DisplayClass6_0.<GetPersonList>b__0         
行　号：111         
-----------------------------------------------------------
时　间：2021/02/03 09:19:15.255         
级　别：Debug         
模　块：IIRS.Services.BDC.BdcPrintServices         
消　息：SELECT  WM_CONCAT(DISTINCT TO_CHAR(QLRMC)) AS "QLRMC" , WM_CONCAT(DISTINCT TO_CHAR(ZJHM)) AS "ZJHM" , WM_CONCAT(DISTINCT TO_CHAR(ZJLB_ZWM)) AS "ZJLB_ZWM"  FROM "QLRGL_INFO"  WHERE (( "QLRLX" = :QLRLX0 ) AND ( "XID" = :XID1 ))         
源信息：IIRS.Services.BDC.BdcPrintServices+<>c__DisplayClass6_0.<GetPersonList>b__0         
行　号：111         
-----------------------------------------------------------
时　间：2021/02/03 09:19:15.255         
级　别：Debug         
模　块：IIRS.Services.BDC.BdcPrintServices         
消　息：SELECT  WM_CONCAT(DISTINCT TO_CHAR(QLRMC)) AS "QLRMC" , WM_CONCAT(DISTINCT TO_CHAR(ZJHM)) AS "ZJHM" , WM_CONCAT(DISTINCT TO_CHAR(ZJLB_ZWM)) AS "ZJLB_ZWM"  FROM "QLRGL_INFO"  WHERE (( "QLRLX" = :QLRLX0 ) AND ( "XID" = :XID1 ))         
源信息：IIRS.Services.BDC.BdcPrintServices+<>c__DisplayClass6_0.<GetPersonList>b__0         
行　号：111         
-----------------------------------------------------------
时　间：2021/02/03 09:19:15.275         
级　别：Debug         
模　块：IIRS.Services.BDC.BdcPrintServices         
消　息：SELECT  "GROUP_NAME" AS "GROUP_NAME" , COUNT("GROUP_NAME") AS "COUNT"  FROM "PUB_ATT_FILE"  WHERE ( "XID" = :XID0 )GROUP BY "GROUP_NAME"          
源信息：IIRS.Services.BDC.BdcPrintServices+<>c__DisplayClass6_0.<GetPersonList>b__0         
行　号：111         
-----------------------------------------------------------
时　间：2021/02/03 09:19:52.115         
级　别：Debug         
模　块：IIRS.Services.BDC.BdcPrintServices         
消　息：SELECT  WM_CONCAT(DISTINCT TO_CHAR(QLRMC)) AS "QLRMC" , WM_CONCAT(DISTINCT TO_CHAR(ZJHM)) AS "ZJHM" , WM_CONCAT(DISTINCT TO_CHAR(ZJLB_ZWM)) AS "ZJLB_ZWM"  FROM "QLRGL_INFO"  WHERE (( "QLRLX" = :QLRLX0 ) AND ( "XID" = :XID1 ))         
源信息：IIRS.Services.BDC.BdcPrintServices+<>c__DisplayClass6_0.<GetPersonList>b__0         
行　号：111         
-----------------------------------------------------------
时　间：2021/02/03 09:19:52.115         
级　别：Debug         
模　块：IIRS.Services.BDC.BdcPrintServices         
消　息：SELECT  WM_CONCAT(DISTINCT TO_CHAR(QLRMC)) AS "QLRMC" , WM_CONCAT(DISTINCT TO_CHAR(ZJHM)) AS "ZJHM" , WM_CONCAT(DISTINCT TO_CHAR(ZJLB_ZWM)) AS "ZJLB_ZWM"  FROM "QLRGL_INFO"  WHERE (( "QLRLX" = :QLRLX0 ) AND ( "XID" = :XID1 ))         
源信息：IIRS.Services.BDC.BdcPrintServices+<>c__DisplayClass6_0.<GetPersonList>b__0         
行　号：111         
-----------------------------------------------------------
时　间：2021/02/03 09:19:52.115         
级　别：Debug         
模　块：IIRS.Services.BDC.BdcPrintServices         
消　息：SELECT  WM_CONCAT(DISTINCT TO_CHAR(QLRMC)) AS "QLRMC" , WM_CONCAT(DISTINCT TO_CHAR(ZJHM)) AS "ZJHM" , WM_CONCAT(DISTINCT TO_CHAR(ZJLB_ZWM)) AS "ZJLB_ZWM"  FROM "QLRGL_INFO"  WHERE (( "QLRLX" = :QLRLX0 ) AND ( "XID" = :XID1 ))         
源信息：IIRS.Services.BDC.BdcPrintServices+<>c__DisplayClass6_0.<GetPersonList>b__0         
行　号：111         
-----------------------------------------------------------
时　间：2021/02/03 09:19:52.125         
级　别：Debug         
模　块：IIRS.Services.BDC.BdcPrintServices         
消　息：SELECT  WM_CONCAT(DISTINCT TO_CHAR(QLRMC)) AS "QLRMC" , WM_CONCAT(DISTINCT TO_CHAR(ZJHM)) AS "ZJHM" , WM_CONCAT(DISTINCT TO_CHAR(ZJLB_ZWM)) AS "ZJLB_ZWM"  FROM "QLRGL_INFO"  WHERE (( "QLRLX" = :QLRLX0 ) AND ( "XID" = :XID1 ))         
源信息：IIRS.Services.BDC.BdcPrintServices+<>c__DisplayClass6_0.<GetPersonList>b__0         
行　号：111         
-----------------------------------------------------------
时　间：2021/02/03 09:19:52.125         
级　别：Debug         
模　块：IIRS.Services.BDC.BdcPrintServices         
消　息：SELECT  "GROUP_NAME" AS "GROUP_NAME" , COUNT("GROUP_NAME") AS "COUNT"  FROM "PUB_ATT_FILE"  WHERE ( "XID" = :XID0 )GROUP BY "GROUP_NAME"          
源信息：IIRS.Services.BDC.BdcPrintServices+<>c__DisplayClass6_0.<GetPersonList>b__0         
行　号：111         
-----------------------------------------------------------
时　间：2021/02/03 09:23:10.267         
级　别：Debug         
模　块：IIRS.Services.BDC.BdcPrintServices         
消　息：SELECT  WM_CONCAT(DISTINCT TO_CHAR(QLRMC)) AS "QLRMC" , WM_CONCAT(DISTINCT TO_CHAR(ZJHM)) AS "ZJHM" , WM_CONCAT(DISTINCT TO_CHAR(ZJLB_ZWM)) AS "ZJLB_ZWM"  FROM "QLRGL_INFO"  WHERE (( "QLRLX" = :QLRLX0 ) AND ( "XID" = :XID1 ))         
源信息：IIRS.Services.BDC.BdcPrintServices+<>c__DisplayClass6_0.<GetPersonList>b__0         
行　号：111         
-----------------------------------------------------------
时　间：2021/02/03 09:23:10.374         
级　别：Debug         
模　块：IIRS.Services.BDC.BdcPrintServices         
消　息：SELECT  WM_CONCAT(DISTINCT TO_CHAR(QLRMC)) AS "QLRMC" , WM_CONCAT(DISTINCT TO_CHAR(ZJHM)) AS "ZJHM" , WM_CONCAT(DISTINCT TO_CHAR(ZJLB_ZWM)) AS "ZJLB_ZWM"  FROM "QLRGL_INFO"  WHERE (( "QLRLX" = :QLRLX0 ) AND ( "XID" = :XID1 ))         
源信息：IIRS.Services.BDC.BdcPrintServices+<>c__DisplayClass6_0.<GetPersonList>b__0         
行　号：111         
-----------------------------------------------------------
时　间：2021/02/03 09:23:10.374         
级　别：Debug         
模　块：IIRS.Services.BDC.BdcPrintServices         
消　息：SELECT  WM_CONCAT(DISTINCT TO_CHAR(QLRMC)) AS "QLRMC" , WM_CONCAT(DISTINCT TO_CHAR(ZJHM)) AS "ZJHM" , WM_CONCAT(DISTINCT TO_CHAR(ZJLB_ZWM)) AS "ZJLB_ZWM"  FROM "QLRGL_INFO"  WHERE (( "QLRLX" = :QLRLX0 ) AND ( "XID" = :XID1 ))         
源信息：IIRS.Services.BDC.BdcPrintServices+<>c__DisplayClass6_0.<GetPersonList>b__0         
行　号：111         
-----------------------------------------------------------
时　间：2021/02/03 09:23:10.374         
级　别：Debug         
模　块：IIRS.Services.BDC.BdcPrintServices         
消　息：SELECT  WM_CONCAT(DISTINCT TO_CHAR(QLRMC)) AS "QLRMC" , WM_CONCAT(DISTINCT TO_CHAR(ZJHM)) AS "ZJHM" , WM_CONCAT(DISTINCT TO_CHAR(ZJLB_ZWM)) AS "ZJLB_ZWM"  FROM "QLRGL_INFO"  WHERE (( "QLRLX" = :QLRLX0 ) AND ( "XID" = :XID1 ))         
源信息：IIRS.Services.BDC.BdcPrintServices+<>c__DisplayClass6_0.<GetPersonList>b__0         
行　号：111         
-----------------------------------------------------------
时　间：2021/02/03 09:23:10.393         
级　别：Debug         
模　块：IIRS.Services.BDC.BdcPrintServices         
消　息：SELECT  "GROUP_NAME" AS "GROUP_NAME" , COUNT("GROUP_NAME") AS "COUNT"  FROM "PUB_ATT_FILE"  WHERE ( "XID" = :XID0 )GROUP BY "GROUP_NAME"          
源信息：IIRS.Services.BDC.BdcPrintServices+<>c__DisplayClass6_0.<GetPersonList>b__0         
行　号：111         
-----------------------------------------------------------
时　间：2021/02/03 09:26:11.221         
级　别：Debug         
模　块：IIRS.Services.BDC.BdcPrintServices         
消　息：SELECT  WM_CONCAT(DISTINCT TO_CHAR(QLRMC)) AS "QLRMC" , WM_CONCAT(DISTINCT TO_CHAR(ZJHM)) AS "ZJHM" , WM_CONCAT(DISTINCT TO_CHAR(ZJLB_ZWM)) AS "ZJLB_ZWM"  FROM "QLRGL_INFO"  WHERE (( "QLRLX" = :QLRLX0 ) AND ( "XID" = :XID1 ))         
源信息：IIRS.Services.BDC.BdcPrintServices+<>c__DisplayClass6_0.<GetPersonList>b__0         
行　号：111         
-----------------------------------------------------------
时　间：2021/02/03 09:26:11.327         
级　别：Debug         
模　块：IIRS.Services.BDC.BdcPrintServices         
消　息：SELECT  WM_CONCAT(DISTINCT TO_CHAR(QLRMC)) AS "QLRMC" , WM_CONCAT(DISTINCT TO_CHAR(ZJHM)) AS "ZJHM" , WM_CONCAT(DISTINCT TO_CHAR(ZJLB_ZWM)) AS "ZJLB_ZWM"  FROM "QLRGL_INFO"  WHERE (( "QLRLX" = :QLRLX0 ) AND ( "XID" = :XID1 ))         
源信息：IIRS.Services.BDC.BdcPrintServices+<>c__DisplayClass6_0.<GetPersonList>b__0         
行　号：111         
-----------------------------------------------------------
时　间：2021/02/03 09:26:11.327         
级　别：Debug         
模　块：IIRS.Services.BDC.BdcPrintServices         
消　息：SELECT  WM_CONCAT(DISTINCT TO_CHAR(QLRMC)) AS "QLRMC" , WM_CONCAT(DISTINCT TO_CHAR(ZJHM)) AS "ZJHM" , WM_CONCAT(DISTINCT TO_CHAR(ZJLB_ZWM)) AS "ZJLB_ZWM"  FROM "QLRGL_INFO"  WHERE (( "QLRLX" = :QLRLX0 ) AND ( "XID" = :XID1 ))         
源信息：IIRS.Services.BDC.BdcPrintServices+<>c__DisplayClass6_0.<GetPersonList>b__0         
行　号：111         
-----------------------------------------------------------
时　间：2021/02/03 09:26:11.327         
级　别：Debug         
模　块：IIRS.Services.BDC.BdcPrintServices         
消　息：SELECT  WM_CONCAT(DISTINCT TO_CHAR(QLRMC)) AS "QLRMC" , WM_CONCAT(DISTINCT TO_CHAR(ZJHM)) AS "ZJHM" , WM_CONCAT(DISTINCT TO_CHAR(ZJLB_ZWM)) AS "ZJLB_ZWM"  FROM "QLRGL_INFO"  WHERE (( "QLRLX" = :QLRLX0 ) AND ( "XID" = :XID1 ))         
源信息：IIRS.Services.BDC.BdcPrintServices+<>c__DisplayClass6_0.<GetPersonList>b__0         
行　号：111         
-----------------------------------------------------------
时　间：2021/02/03 09:26:11.347         
级　别：Debug         
模　块：IIRS.Services.BDC.BdcPrintServices         
消　息：SELECT  "GROUP_NAME" AS "GROUP_NAME" , COUNT("GROUP_NAME") AS "COUNT"  FROM "PUB_ATT_FILE"  WHERE ( "XID" = :XID0 )GROUP BY "GROUP_NAME"          
源信息：IIRS.Services.BDC.BdcPrintServices+<>c__DisplayClass6_0.<GetPersonList>b__0         
行　号：111         
-----------------------------------------------------------
时　间：2021/02/03 09:49:18.449         
级　别：Debug         
模　块：IIRS.Services.BDC.BdcPrintServices         
消　息：SELECT  WM_CONCAT(DISTINCT TO_CHAR(QLRMC)) AS "QLRMC" , WM_CONCAT(DISTINCT TO_CHAR(ZJHM)) AS "ZJHM" , WM_CONCAT(DISTINCT TO_CHAR(ZJLB_ZWM)) AS "ZJLB_ZWM"  FROM "QLRGL_INFO"  WHERE (( "QLRLX" = :QLRLX0 ) AND ( "XID" = :XID1 ))         
源信息：IIRS.Services.BDC.BdcPrintServices+<>c__DisplayClass6_0.<GetPersonList>b__0         
行　号：111         
-----------------------------------------------------------
时　间：2021/02/03 09:49:18.604         
级　别：Debug         
模　块：IIRS.Services.BDC.BdcPrintServices         
消　息：SELECT  WM_CONCAT(DISTINCT TO_CHAR(QLRMC)) AS "QLRMC" , WM_CONCAT(DISTINCT TO_CHAR(ZJHM)) AS "ZJHM" , WM_CONCAT(DISTINCT TO_CHAR(ZJLB_ZWM)) AS "ZJLB_ZWM"  FROM "QLRGL_INFO"  WHERE (( "QLRLX" = :QLRLX0 ) AND ( "XID" = :XID1 ))         
源信息：IIRS.Services.BDC.BdcPrintServices+<>c__DisplayClass6_0.<GetPersonList>b__0         
行　号：111         
-----------------------------------------------------------
时　间：2021/02/03 09:49:18.608         
级　别：Debug         
模　块：IIRS.Services.BDC.BdcPrintServices         
消　息：SELECT  WM_CONCAT(DISTINCT TO_CHAR(QLRMC)) AS "QLRMC" , WM_CONCAT(DISTINCT TO_CHAR(ZJHM)) AS "ZJHM" , WM_CONCAT(DISTINCT TO_CHAR(ZJLB_ZWM)) AS "ZJLB_ZWM"  FROM "QLRGL_INFO"  WHERE (( "QLRLX" = :QLRLX0 ) AND ( "XID" = :XID1 ))         
源信息：IIRS.Services.BDC.BdcPrintServices+<>c__DisplayClass6_0.<GetPersonList>b__0         
行　号：111         
-----------------------------------------------------------
时　间：2021/02/03 09:49:18.608         
级　别：Debug         
模　块：IIRS.Services.BDC.BdcPrintServices         
消　息：SELECT  WM_CONCAT(DISTINCT TO_CHAR(QLRMC)) AS "QLRMC" , WM_CONCAT(DISTINCT TO_CHAR(ZJHM)) AS "ZJHM" , WM_CONCAT(DISTINCT TO_CHAR(ZJLB_ZWM)) AS "ZJLB_ZWM"  FROM "QLRGL_INFO"  WHERE (( "QLRLX" = :QLRLX0 ) AND ( "XID" = :XID1 ))         
源信息：IIRS.Services.BDC.BdcPrintServices+<>c__DisplayClass6_0.<GetPersonList>b__0         
行　号：111         
-----------------------------------------------------------
时　间：2021/02/03 09:49:18.626         
级　别：Debug         
模　块：IIRS.Services.BDC.BdcPrintServices         
消　息：SELECT  "GROUP_NAME" AS "GROUP_NAME" , COUNT("GROUP_NAME") AS "COUNT"  FROM "PUB_ATT_FILE"  WHERE ( "XID" = :XID0 )GROUP BY "GROUP_NAME"          
源信息：IIRS.Services.BDC.BdcPrintServices+<>c__DisplayClass6_0.<GetPersonList>b__0         
行　号：111         
-----------------------------------------------------------
时　间：2021/02/03 09:51:21.189         
级　别：Debug         
模　块：IIRS.Services.BDC.BdcPrintServices         
消　息：SELECT  WM_CONCAT(DISTINCT TO_CHAR(QLRMC)) AS "QLRMC" , WM_CONCAT(DISTINCT TO_CHAR(ZJHM)) AS "ZJHM" , WM_CONCAT(DISTINCT TO_CHAR(ZJLB_ZWM)) AS "ZJLB_ZWM"  FROM "QLRGL_INFO"  WHERE (( "QLRLX" = :QLRLX0 ) AND ( "XID" = :XID1 ))         
源信息：IIRS.Services.BDC.BdcPrintServices+<>c__DisplayClass6_0.<GetPersonList>b__0         
行　号：111         
-----------------------------------------------------------
时　间：2021/02/03 09:51:21.189         
级　别：Debug         
模　块：IIRS.Services.BDC.BdcPrintServices         
消　息：SELECT  WM_CONCAT(DISTINCT TO_CHAR(QLRMC)) AS "QLRMC" , WM_CONCAT(DISTINCT TO_CHAR(ZJHM)) AS "ZJHM" , WM_CONCAT(DISTINCT TO_CHAR(ZJLB_ZWM)) AS "ZJLB_ZWM"  FROM "QLRGL_INFO"  WHERE (( "QLRLX" = :QLRLX0 ) AND ( "XID" = :XID1 ))         
源信息：IIRS.Services.BDC.BdcPrintServices+<>c__DisplayClass6_0.<GetPersonList>b__0         
行　号：111         
-----------------------------------------------------------
时　间：2021/02/03 09:51:21.189         
级　别：Debug         
模　块：IIRS.Services.BDC.BdcPrintServices         
消　息：SELECT  WM_CONCAT(DISTINCT TO_CHAR(QLRMC)) AS "QLRMC" , WM_CONCAT(DISTINCT TO_CHAR(ZJHM)) AS "ZJHM" , WM_CONCAT(DISTINCT TO_CHAR(ZJLB_ZWM)) AS "ZJLB_ZWM"  FROM "QLRGL_INFO"  WHERE (( "QLRLX" = :QLRLX0 ) AND ( "XID" = :XID1 ))         
源信息：IIRS.Services.BDC.BdcPrintServices+<>c__DisplayClass6_0.<GetPersonList>b__0         
行　号：111         
-----------------------------------------------------------
时　间：2021/02/03 09:51:21.189         
级　别：Debug         
模　块：IIRS.Services.BDC.BdcPrintServices         
消　息：SELECT  WM_CONCAT(DISTINCT TO_CHAR(QLRMC)) AS "QLRMC" , WM_CONCAT(DISTINCT TO_CHAR(ZJHM)) AS "ZJHM" , WM_CONCAT(DISTINCT TO_CHAR(ZJLB_ZWM)) AS "ZJLB_ZWM"  FROM "QLRGL_INFO"  WHERE (( "QLRLX" = :QLRLX0 ) AND ( "XID" = :XID1 ))         
源信息：IIRS.Services.BDC.BdcPrintServices+<>c__DisplayClass6_0.<GetPersonList>b__0         
行　号：111         
-----------------------------------------------------------
时　间：2021/02/03 09:53:07.440         
级　别：Debug         
模　块：IIRS.Services.BDC.BdcPrintServices         
消　息：SELECT  WM_CONCAT(DISTINCT TO_CHAR(QLRMC)) AS "QLRMC" , WM_CONCAT(DISTINCT TO_CHAR(ZJHM)) AS "ZJHM" , WM_CONCAT(DISTINCT TO_CHAR(ZJLB_ZWM)) AS "ZJLB_ZWM"  FROM "QLRGL_INFO"  WHERE (( "QLRLX" = :QLRLX0 ) AND ( "XID" = :XID1 ))         
源信息：IIRS.Services.BDC.BdcPrintServices+<>c__DisplayClass6_0.<GetPersonList>b__0         
行　号：111         
-----------------------------------------------------------
时　间：2021/02/03 09:53:07.544         
级　别：Debug         
模　块：IIRS.Services.BDC.BdcPrintServices         
消　息：SELECT  WM_CONCAT(DISTINCT TO_CHAR(QLRMC)) AS "QLRMC" , WM_CONCAT(DISTINCT TO_CHAR(ZJHM)) AS "ZJHM" , WM_CONCAT(DISTINCT TO_CHAR(ZJLB_ZWM)) AS "ZJLB_ZWM"  FROM "QLRGL_INFO"  WHERE (( "QLRLX" = :QLRLX0 ) AND ( "XID" = :XID1 ))         
源信息：IIRS.Services.BDC.BdcPrintServices+<>c__DisplayClass6_0.<GetPersonList>b__0         
行　号：111         
-----------------------------------------------------------
时　间：2021/02/03 09:53:07.548         
级　别：Debug         
模　块：IIRS.Services.BDC.BdcPrintServices         
消　息：SELECT  WM_CONCAT(DISTINCT TO_CHAR(QLRMC)) AS "QLRMC" , WM_CONCAT(DISTINCT TO_CHAR(ZJHM)) AS "ZJHM" , WM_CONCAT(DISTINCT TO_CHAR(ZJLB_ZWM)) AS "ZJLB_ZWM"  FROM "QLRGL_INFO"  WHERE (( "QLRLX" = :QLRLX0 ) AND ( "XID" = :XID1 ))         
源信息：IIRS.Services.BDC.BdcPrintServices+<>c__DisplayClass6_0.<GetPersonList>b__0         
行　号：111         
-----------------------------------------------------------
时　间：2021/02/03 09:53:07.548         
级　别：Debug         
模　块：IIRS.Services.BDC.BdcPrintServices         
消　息：SELECT  WM_CONCAT(DISTINCT TO_CHAR(QLRMC)) AS "QLRMC" , WM_CONCAT(DISTINCT TO_CHAR(ZJHM)) AS "ZJHM" , WM_CONCAT(DISTINCT TO_CHAR(ZJLB_ZWM)) AS "ZJLB_ZWM"  FROM "QLRGL_INFO"  WHERE (( "QLRLX" = :QLRLX0 ) AND ( "XID" = :XID1 ))         
源信息：IIRS.Services.BDC.BdcPrintServices+<>c__DisplayClass6_0.<GetPersonList>b__0         
行　号：111         
-----------------------------------------------------------
时　间：2021/02/03 09:53:07.562         
级　别：Debug         
模　块：IIRS.Services.BDC.BdcPrintServices         
消　息：SELECT  "GROUP_NAME" AS "GROUP_NAME" , COUNT("GROUP_NAME") AS "COUNT"  FROM "PUB_ATT_FILE"  WHERE ( "XID" = :XID0 )GROUP BY "GROUP_NAME"          
源信息：IIRS.Services.BDC.BdcPrintServices+<>c__DisplayClass6_0.<GetPersonList>b__0         
行　号：111         
-----------------------------------------------------------
时　间：2021/02/03 10:05:04.660         
级　别：Debug         
模　块：IIRS.Controllers.BusinessJudgmentController         
消　息：错误码:98d07a0d-68a7-407c-9df0-3ea2a822bfb1,异常消息:OracleCommand.CommandText is invalid         
源信息：IIRS.Controllers.BusinessJudgmentController.GetBusinessJudgment3         
行　号：150         
-----------------------------------------------------------
时　间：2021/02/03 10:10:37.303         
级　别：Debug         
模　块：IIRS.Controllers.BusinessJudgmentController         
消　息：错误码:19d75bb8-613f-438b-9905-959056f9cef0,异常消息:OracleCommand.CommandText is invalid         
源信息：IIRS.Controllers.BusinessJudgmentController.GetBusinessJudgment3         
行　号：150         
-----------------------------------------------------------
时　间：2021/02/03 10:10:37.419         
级　别：Debug         
模　块：IIRS.Controllers.BusinessJudgmentController         
消　息：错误码:33bc2230-98df-476a-94dc-54de3c5a3ff7,异常消息:OracleCommand.CommandText is invalid         
源信息：IIRS.Controllers.BusinessJudgmentController.GetBusinessJudgment3         
行　号：150         
-----------------------------------------------------------
时　间：2021/02/03 10:11:38.163         
级　别：Debug         
模　块：IIRS.Controllers.BusinessJudgmentController         
消　息：错误码:9727fa16-e39d-4895-a7f4-f38cc7dafa9e,异常消息:OracleCommand.CommandText is invalid         
源信息：IIRS.Controllers.BusinessJudgmentController.GetBusinessJudgment3         
行　号：150         
-----------------------------------------------------------
时　间：2021/02/03 10:11:38.276         
级　别：Debug         
模　块：IIRS.Controllers.BusinessJudgmentController         
消　息：错误码:4a39f227-7015-4e92-99b2-dab042c283ef,异常消息:OracleCommand.CommandText is invalid         
源信息：IIRS.Controllers.BusinessJudgmentController.GetBusinessJudgment3         
行　号：150         
-----------------------------------------------------------
时　间：2021/02/03 10:17:01.144         
级　别：Debug         
模　块：IIRS.Controllers.BusinessJudgmentController         
消　息：错误码:02006d9d-54e2-442c-ac2f-0c4465f427be,异常消息:OracleCommand.CommandText is invalid         
源信息：IIRS.Controllers.BusinessJudgmentController.GetBusinessJudgment3         
行　号：150         
-----------------------------------------------------------
时　间：2021/02/03 10:25:59.474         
级　别：Debug         
模　块：IIRS.Controllers.BusinessJudgmentController         
消　息：错误码:821c6baf-9ccf-402a-9b9a-8ead2290ecbf,异常消息:OracleCommand.CommandText is invalid         
源信息：IIRS.Controllers.BusinessJudgmentController.GetBusinessJudgment3         
行　号：150         
-----------------------------------------------------------
时　间：2021/02/03 10:25:59.578         
级　别：Debug         
模　块：IIRS.Controllers.BusinessJudgmentController         
消　息：错误码:6288028c-dd3f-4260-b99f-81ffedfdf0b0,异常消息:OracleCommand.CommandText is invalid         
源信息：IIRS.Controllers.BusinessJudgmentController.GetBusinessJudgment3         
行　号：150         
-----------------------------------------------------------
时　间：2021/02/03 10:30:27.815         
级　别：Debug         
模　块：IIRS.Controllers.BusinessJudgmentController         
消　息：错误码:c42b07f9-6eea-4f5a-aa92-c3085e4f7aff,异常消息:OracleCommand.CommandText is invalid         
源信息：IIRS.Controllers.BusinessJudgmentController.GetBusinessJudgment3         
行　号：150         
-----------------------------------------------------------
时　间：2021/02/03 10:30:27.948         
级　别：Debug         
模　块：IIRS.Controllers.BusinessJudgmentController         
消　息：错误码:004f0bd8-0b27-4dc0-a955-677aff0f8762,异常消息:OracleCommand.CommandText is invalid         
源信息：IIRS.Controllers.BusinessJudgmentController.GetBusinessJudgment3         
行　号：150         
-----------------------------------------------------------
时　间：2021/02/03 10:34:36.817         
级　别：Debug         
模　块：IIRS.Controllers.BusinessJudgmentController         
消　息：错误码:898be4bf-79b2-4cb6-a1b8-4d1a7a11002a,异常消息:OracleCommand.CommandText is invalid         
源信息：IIRS.Controllers.BusinessJudgmentController.GetBusinessJudgment3         
行　号：150         
-----------------------------------------------------------
时　间：2021/02/03 10:34:51.763         
级　别：Debug         
模　块：IIRS.Controllers.BusinessJudgmentController         
消　息：错误码:0c909669-6114-4343-8543-bba33d245854,异常消息:Index and length must refer to a location within the string. (Parameter 'length')         
源信息：IIRS.Controllers.BusinessJudgmentController.GetBusinessJudgment3         
行　号：153         
-----------------------------------------------------------
时　间：2021/02/03 10:35:00.723         
级　别：Debug         
模　块：IIRS.Controllers.BusinessJudgmentController         
消　息：错误码:5f65229e-7347-480f-afbe-7fd635a85b3b,异常消息:OracleCommand.CommandText is invalid         
源信息：IIRS.Controllers.BusinessJudgmentController.GetBusinessJudgment3         
行　号：150         
-----------------------------------------------------------
时　间：2021/02/03 10:35:30.558         
级　别：Debug         
模　块：IIRS.Controllers.BusinessJudgmentController         
消　息：错误码:ec08d5a4-d80c-4911-bef0-737ad3a3079f,异常消息:OracleCommand.CommandText is invalid         
源信息：IIRS.Controllers.BusinessJudgmentController.GetBusinessJudgment3         
行　号：150         
-----------------------------------------------------------
时　间：2021/02/03 10:35:41.987         
级　别：Debug         
模　块：IIRS.Controllers.BusinessJudgmentController         
消　息：错误码:d3eb21d3-991b-4837-b5e1-07dfc2a223db,异常消息:OracleCommand.CommandText is invalid         
源信息：IIRS.Controllers.BusinessJudgmentController.GetBusinessJudgment3         
行　号：150         
-----------------------------------------------------------
时　间：2021/02/03 10:35:45.918         
级　别：Debug         
模　块：IIRS.Controllers.BusinessJudgmentController         
消　息：错误码:0b084f5f-7942-4ed8-9148-8254ccc59d4f,异常消息:OracleCommand.CommandText is invalid         
源信息：IIRS.Controllers.BusinessJudgmentController.GetBusinessJudgment3         
行　号：150         
-----------------------------------------------------------
时　间：2021/02/03 10:35:46.318         
级　别：Debug         
模　块：IIRS.Controllers.BusinessJudgmentController         
消　息：错误码:2ef8f0fc-94ef-4c0f-a612-a741d34c48dc,异常消息:OracleCommand.CommandText is invalid         
源信息：IIRS.Controllers.BusinessJudgmentController.GetBusinessJudgment3         
行　号：150         
-----------------------------------------------------------
时　间：2021/02/03 10:37:05.622         
级　别：Debug         
模　块：IIRS.Controllers.BusinessJudgmentController         
消　息：错误码:b0783769-6634-4a59-86b3-7d2888ec139d,异常消息:OracleCommand.CommandText is invalid         
源信息：IIRS.Controllers.BusinessJudgmentController.GetBusinessJudgment3         
行　号：150         
-----------------------------------------------------------
时　间：2021/02/03 13:57:31.913         
级　别：Debug         
模　块：IIRS.Services.BDC.BdcPrintServices         
消　息：SELECT  WM_CONCAT(DISTINCT TO_CHAR(QLRMC)) AS "QLRMC" , WM_CONCAT(DISTINCT TO_CHAR(ZJHM)) AS "ZJHM" , WM_CONCAT(DISTINCT TO_CHAR(ZJLB_ZWM)) AS "ZJLB_ZWM"  FROM "QLRGL_INFO"  WHERE (( "QLRLX" = :QLRLX0 ) AND ( "XID" = :XID1 ))         
源信息：IIRS.Services.BDC.BdcPrintServices+<>c__DisplayClass6_0.<GetPersonList>b__0         
行　号：111         
-----------------------------------------------------------
时　间：2021/02/03 13:57:32.043         
级　别：Debug         
模　块：IIRS.Services.BDC.BdcPrintServices         
消　息：SELECT  WM_CONCAT(DISTINCT TO_CHAR(QLRMC)) AS "QLRMC" , WM_CONCAT(DISTINCT TO_CHAR(ZJHM)) AS "ZJHM" , WM_CONCAT(DISTINCT TO_CHAR(ZJLB_ZWM)) AS "ZJLB_ZWM"  FROM "QLRGL_INFO"  WHERE (( "QLRLX" = :QLRLX0 ) AND ( "XID" = :XID1 ))         
源信息：IIRS.Services.BDC.BdcPrintServices+<>c__DisplayClass6_0.<GetPersonList>b__0         
行　号：111         
-----------------------------------------------------------
时　间：2021/02/03 13:57:32.047         
级　别：Debug         
模　块：IIRS.Services.BDC.BdcPrintServices         
消　息：SELECT  WM_CONCAT(DISTINCT TO_CHAR(QLRMC)) AS "QLRMC" , WM_CONCAT(DISTINCT TO_CHAR(ZJHM)) AS "ZJHM" , WM_CONCAT(DISTINCT TO_CHAR(ZJLB_ZWM)) AS "ZJLB_ZWM"  FROM "QLRGL_INFO"  WHERE (( "QLRLX" = :QLRLX0 ) AND ( "XID" = :XID1 ))         
源信息：IIRS.Services.BDC.BdcPrintServices+<>c__DisplayClass6_0.<GetPersonList>b__0         
行　号：111         
-----------------------------------------------------------
时　间：2021/02/03 13:57:32.047         
级　别：Debug         
模　块：IIRS.Services.BDC.BdcPrintServices         
消　息：SELECT  WM_CONCAT(DISTINCT TO_CHAR(QLRMC)) AS "QLRMC" , WM_CONCAT(DISTINCT TO_CHAR(ZJHM)) AS "ZJHM" , WM_CONCAT(DISTINCT TO_CHAR(ZJLB_ZWM)) AS "ZJLB_ZWM"  FROM "QLRGL_INFO"  WHERE (( "QLRLX" = :QLRLX0 ) AND ( "XID" = :XID1 ))         
源信息：IIRS.Services.BDC.BdcPrintServices+<>c__DisplayClass6_0.<GetPersonList>b__0         
行　号：111         
-----------------------------------------------------------
时　间：2021/02/03 13:57:32.069         
级　别：Debug         
模　块：IIRS.Services.BDC.BdcPrintServices         
消　息：SELECT  "GROUP_NAME" AS "GROUP_NAME" , COUNT("GROUP_NAME") AS "COUNT"  FROM "PUB_ATT_FILE"  WHERE ( "XID" = :XID0 )GROUP BY "GROUP_NAME"          
源信息：IIRS.Services.BDC.BdcPrintServices+<>c__DisplayClass6_0.<GetPersonList>b__0         
行　号：111         
-----------------------------------------------------------
时　间：2021/02/03 14:00:15.308         
级　别：Debug         
模　块：IIRS.Services.BDC.BdcPrintServices         
消　息：SELECT  WM_CONCAT(DISTINCT TO_CHAR(QLRMC)) AS "QLRMC" , WM_CONCAT(DISTINCT TO_CHAR(ZJHM)) AS "ZJHM" , WM_CONCAT(DISTINCT TO_CHAR(ZJLB_ZWM)) AS "ZJLB_ZWM"  FROM "QLRGL_INFO"  WHERE (( "QLRLX" = :QLRLX0 ) AND ( "XID" = :XID1 ))         
源信息：IIRS.Services.BDC.BdcPrintServices+<>c__DisplayClass6_0.<GetPersonList>b__0         
行　号：111         
-----------------------------------------------------------
时　间：2021/02/03 14:00:15.437         
级　别：Debug         
模　块：IIRS.Services.BDC.BdcPrintServices         
消　息：SELECT  WM_CONCAT(DISTINCT TO_CHAR(QLRMC)) AS "QLRMC" , WM_CONCAT(DISTINCT TO_CHAR(ZJHM)) AS "ZJHM" , WM_CONCAT(DISTINCT TO_CHAR(ZJLB_ZWM)) AS "ZJLB_ZWM"  FROM "QLRGL_INFO"  WHERE (( "QLRLX" = :QLRLX0 ) AND ( "XID" = :XID1 ))         
源信息：IIRS.Services.BDC.BdcPrintServices+<>c__DisplayClass6_0.<GetPersonList>b__0         
行　号：111         
-----------------------------------------------------------
时　间：2021/02/03 14:00:15.437         
级　别：Debug         
模　块：IIRS.Services.BDC.BdcPrintServices         
消　息：SELECT  WM_CONCAT(DISTINCT TO_CHAR(QLRMC)) AS "QLRMC" , WM_CONCAT(DISTINCT TO_CHAR(ZJHM)) AS "ZJHM" , WM_CONCAT(DISTINCT TO_CHAR(ZJLB_ZWM)) AS "ZJLB_ZWM"  FROM "QLRGL_INFO"  WHERE (( "QLRLX" = :QLRLX0 ) AND ( "XID" = :XID1 ))         
源信息：IIRS.Services.BDC.BdcPrintServices+<>c__DisplayClass6_0.<GetPersonList>b__0         
行　号：111         
-----------------------------------------------------------
时　间：2021/02/03 14:00:15.437         
级　别：Debug         
模　块：IIRS.Services.BDC.BdcPrintServices         
消　息：SELECT  WM_CONCAT(DISTINCT TO_CHAR(QLRMC)) AS "QLRMC" , WM_CONCAT(DISTINCT TO_CHAR(ZJHM)) AS "ZJHM" , WM_CONCAT(DISTINCT TO_CHAR(ZJLB_ZWM)) AS "ZJLB_ZWM"  FROM "QLRGL_INFO"  WHERE (( "QLRLX" = :QLRLX0 ) AND ( "XID" = :XID1 ))         
源信息：IIRS.Services.BDC.BdcPrintServices+<>c__DisplayClass6_0.<GetPersonList>b__0         
行　号：111         
-----------------------------------------------------------
时　间：2021/02/03 14:00:15.462         
级　别：Debug         
模　块：IIRS.Services.BDC.BdcPrintServices         
消　息：SELECT  "GROUP_NAME" AS "GROUP_NAME" , COUNT("GROUP_NAME") AS "COUNT"  FROM "PUB_ATT_FILE"  WHERE ( "XID" = :XID0 )GROUP BY "GROUP_NAME"          
源信息：IIRS.Services.BDC.BdcPrintServices+<>c__DisplayClass6_0.<GetPersonList>b__0         
行　号：111         
-----------------------------------------------------------
时　间：2021/02/03 14:02:37.827         
级　别：Debug         
模　块：IIRS.Services.BDC.BdcPrintServices         
消　息：SELECT  WM_CONCAT(DISTINCT TO_CHAR(QLRMC)) AS "QLRMC" , WM_CONCAT(DISTINCT TO_CHAR(ZJHM)) AS "ZJHM" , WM_CONCAT(DISTINCT TO_CHAR(ZJLB_ZWM)) AS "ZJLB_ZWM"  FROM "QLRGL_INFO"  WHERE (( "QLRLX" = :QLRLX0 ) AND ( "XID" = :XID1 ))         
源信息：IIRS.Services.BDC.BdcPrintServices+<>c__DisplayClass6_0.<GetPersonList>b__0         
行　号：0         
-----------------------------------------------------------
时　间：2021/02/03 14:02:37.827         
级　别：Debug         
模　块：IIRS.Services.BDC.BdcPrintServices         
消　息：SELECT  WM_CONCAT(DISTINCT TO_CHAR(QLRMC)) AS "QLRMC" , WM_CONCAT(DISTINCT TO_CHAR(ZJHM)) AS "ZJHM" , WM_CONCAT(DISTINCT TO_CHAR(ZJLB_ZWM)) AS "ZJLB_ZWM"  FROM "QLRGL_INFO"  WHERE (( "QLRLX" = :QLRLX0 ) AND ( "XID" = :XID1 ))         
源信息：IIRS.Services.BDC.BdcPrintServices+<>c__DisplayClass6_0.<GetPersonList>b__0         
行　号：0         
-----------------------------------------------------------
时　间：2021/02/03 14:02:37.827         
级　别：Debug         
模　块：IIRS.Services.BDC.BdcPrintServices         
消　息：SELECT  WM_CONCAT(DISTINCT TO_CHAR(QLRMC)) AS "QLRMC" , WM_CONCAT(DISTINCT TO_CHAR(ZJHM)) AS "ZJHM" , WM_CONCAT(DISTINCT TO_CHAR(ZJLB_ZWM)) AS "ZJLB_ZWM"  FROM "QLRGL_INFO"  WHERE (( "QLRLX" = :QLRLX0 ) AND ( "XID" = :XID1 ))         
源信息：IIRS.Services.BDC.BdcPrintServices+<>c__DisplayClass6_0.<GetPersonList>b__0         
行　号：0         
-----------------------------------------------------------
时　间：2021/02/03 14:02:37.858         
级　别：Debug         
模　块：IIRS.Services.BDC.BdcPrintServices         
消　息：SELECT  WM_CONCAT(DISTINCT TO_CHAR(QLRMC)) AS "QLRMC" , WM_CONCAT(DISTINCT TO_CHAR(ZJHM)) AS "ZJHM" , WM_CONCAT(DISTINCT TO_CHAR(ZJLB_ZWM)) AS "ZJLB_ZWM"  FROM "QLRGL_INFO"  WHERE (( "QLRLX" = :QLRLX0 ) AND ( "XID" = :XID1 ))         
源信息：IIRS.Services.BDC.BdcPrintServices+<>c__DisplayClass6_0.<GetPersonList>b__0         
行　号：0         
-----------------------------------------------------------
时　间：2021/02/03 14:02:37.858         
级　别：Debug         
模　块：IIRS.Services.BDC.BdcPrintServices         
消　息：SELECT  "GROUP_NAME" AS "GROUP_NAME" , COUNT("GROUP_NAME") AS "COUNT"  FROM "PUB_ATT_FILE"  WHERE ( "XID" = :XID0 )GROUP BY "GROUP_NAME"          
源信息：IIRS.Services.BDC.BdcPrintServices+<>c__DisplayClass6_0.<GetPersonList>b__0         
行　号：0         
-----------------------------------------------------------
时　间：2021/02/03 14:08:09.788         
级　别：Debug         
模　块：IIRS.Services.BDC.BdcPrintServices         
消　息：SELECT  WM_CONCAT(DISTINCT TO_CHAR(QLRMC)) AS "QLRMC" , WM_CONCAT(DISTINCT TO_CHAR(ZJHM)) AS "ZJHM" , WM_CONCAT(DISTINCT TO_CHAR(ZJLB_ZWM)) AS "ZJLB_ZWM"  FROM "QLRGL_INFO"  WHERE (( "QLRLX" = :QLRLX0 ) AND ( "XID" = :XID1 ))         
源信息：IIRS.Services.BDC.BdcPrintServices+<>c__DisplayClass6_0.<GetPersonList>b__0         
行　号：111         
-----------------------------------------------------------
时　间：2021/02/03 14:08:09.916         
级　别：Debug         
模　块：IIRS.Services.BDC.BdcPrintServices         
消　息：SELECT  WM_CONCAT(DISTINCT TO_CHAR(QLRMC)) AS "QLRMC" , WM_CONCAT(DISTINCT TO_CHAR(ZJHM)) AS "ZJHM" , WM_CONCAT(DISTINCT TO_CHAR(ZJLB_ZWM)) AS "ZJLB_ZWM"  FROM "QLRGL_INFO"  WHERE (( "QLRLX" = :QLRLX0 ) AND ( "XID" = :XID1 ))         
源信息：IIRS.Services.BDC.BdcPrintServices+<>c__DisplayClass6_0.<GetPersonList>b__0         
行　号：111         
-----------------------------------------------------------
时　间：2021/02/03 14:08:09.921         
级　别：Debug         
模　块：IIRS.Services.BDC.BdcPrintServices         
消　息：SELECT  WM_CONCAT(DISTINCT TO_CHAR(QLRMC)) AS "QLRMC" , WM_CONCAT(DISTINCT TO_CHAR(ZJHM)) AS "ZJHM" , WM_CONCAT(DISTINCT TO_CHAR(ZJLB_ZWM)) AS "ZJLB_ZWM"  FROM "QLRGL_INFO"  WHERE (( "QLRLX" = :QLRLX0 ) AND ( "XID" = :XID1 ))         
源信息：IIRS.Services.BDC.BdcPrintServices+<>c__DisplayClass6_0.<GetPersonList>b__0         
行　号：111         
-----------------------------------------------------------
时　间：2021/02/03 14:08:09.921         
级　别：Debug         
模　块：IIRS.Services.BDC.BdcPrintServices         
消　息：SELECT  WM_CONCAT(DISTINCT TO_CHAR(QLRMC)) AS "QLRMC" , WM_CONCAT(DISTINCT TO_CHAR(ZJHM)) AS "ZJHM" , WM_CONCAT(DISTINCT TO_CHAR(ZJLB_ZWM)) AS "ZJLB_ZWM"  FROM "QLRGL_INFO"  WHERE (( "QLRLX" = :QLRLX0 ) AND ( "XID" = :XID1 ))         
源信息：IIRS.Services.BDC.BdcPrintServices+<>c__DisplayClass6_0.<GetPersonList>b__0         
行　号：111         
-----------------------------------------------------------
时　间：2021/02/03 14:08:09.952         
级　别：Debug         
模　块：IIRS.Services.BDC.BdcPrintServices         
消　息：SELECT  "GROUP_NAME" AS "GROUP_NAME" , COUNT("GROUP_NAME") AS "COUNT"  FROM "PUB_ATT_FILE"  WHERE ( "XID" = :XID0 )GROUP BY "GROUP_NAME"          
源信息：IIRS.Services.BDC.BdcPrintServices+<>c__DisplayClass6_0.<GetPersonList>b__0         
行　号：111         
-----------------------------------------------------------
时　间：2021/02/03 14:18:08.337         
级　别：Debug         
模　块：IIRS.Services.BDC.ConditionQueryServices         
消　息：SELECT "DIC_ID","GID","DNAME","IS_USED","DEFINED_CODE","ODR","MARK","REAMRK","ITEMNOTE","FDIC_ID" FROM "SYS_DIC"  WHERE (( "GID" = :GID0 ) AND ( "DNAME" = trim(:MethodConst1) ))         
源信息：IIRS.Services.BDC.ConditionQueryServices+<>c__DisplayClass28_0.<GetTaxInfo>b__0         
行　号：1386         
-----------------------------------------------------------
时　间：2021/02/03 14:18:08.337         
级　别：Debug         
模　块：IIRS.Services.BDC.ConditionQueryServices         
消　息：SELECT "DIC_ID","GID","DNAME","IS_USED","DEFINED_CODE","ODR","MARK","REAMRK","ITEMNOTE","FDIC_ID" FROM "SYS_DIC"  WHERE ((( "ITEMNOTE" = :itemNote0 ) AND ( "IS_USED" = :IS_USED1 )) AND ( "GID" = :GID2 ))         
源信息：IIRS.Services.BDC.ConditionQueryServices+<>c__DisplayClass28_0.<GetTaxInfo>b__0         
行　号：1386         
-----------------------------------------------------------
时　间：2021/02/03 14:18:08.342         
级　别：Debug         
模　块：IIRS.Services.BDC.ConditionQueryServices         
消　息：SELECT "DIC_ID","GID","DNAME","IS_USED","DEFINED_CODE","ODR","MARK","REAMRK","ITEMNOTE","FDIC_ID" FROM "SYS_DIC"  WHERE ((( "ITEMNOTE" = :itemNote0 ) AND ( "IS_USED" = :IS_USED1 )) AND ( "GID" = :GID2 ))         
源信息：IIRS.Services.BDC.ConditionQueryServices+<>c__DisplayClass28_0.<GetTaxInfo>b__0         
行　号：1386         
-----------------------------------------------------------
时　间：2021/02/03 14:18:08.342         
级　别：Debug         
模　块：IIRS.Services.BDC.ConditionQueryServices         
消　息：SELECT "DIC_ID","GID","DNAME","IS_USED","DEFINED_CODE","ODR","MARK","REAMRK","ITEMNOTE","FDIC_ID" FROM "SYS_DIC"  WHERE ((( "GID" = :GID0 ) AND ( "DNAME" IS NOT NULL )) AND ( "IS_USED" = :IS_USED2 ))         
源信息：IIRS.Services.BDC.ConditionQueryServices+<>c__DisplayClass28_0.<GetTaxInfo>b__0         
行　号：1386         
-----------------------------------------------------------
时　间：2021/02/03 14:27:31.358         
级　别：Debug         
模　块：IIRS.Services.BDC.ConditionQueryServices         
消　息：SELECT "DIC_ID","GID","DNAME","IS_USED","DEFINED_CODE","ODR","MARK","REAMRK","ITEMNOTE","FDIC_ID" FROM "SYS_DIC"  WHERE (( "GID" = :GID0 ) AND ( "DNAME" = trim(:MethodConst1) ))         
源信息：IIRS.Services.BDC.ConditionQueryServices+<>c__DisplayClass28_0.<GetTaxInfo>b__0         
行　号：1387         
-----------------------------------------------------------
时　间：2021/02/03 14:27:31.435         
级　别：Debug         
模　块：IIRS.Services.BDC.ConditionQueryServices         
消　息：SELECT "DIC_ID","GID","DNAME","IS_USED","DEFINED_CODE","ODR","MARK","REAMRK","ITEMNOTE","FDIC_ID" FROM "SYS_DIC"  WHERE ((( "ITEMNOTE" = :itemNote0 ) AND ( "IS_USED" = :IS_USED1 )) AND ( "GID" = :GID2 ))         
源信息：IIRS.Services.BDC.ConditionQueryServices+<>c__DisplayClass28_0.<GetTaxInfo>b__0         
行　号：1387         
-----------------------------------------------------------
时　间：2021/02/03 14:27:31.437         
级　别：Debug         
模　块：IIRS.Services.BDC.ConditionQueryServices         
消　息：SELECT "DIC_ID","GID","DNAME","IS_USED","DEFINED_CODE","ODR","MARK","REAMRK","ITEMNOTE","FDIC_ID" FROM "SYS_DIC"  WHERE ((( "ITEMNOTE" = :itemNote0 ) AND ( "IS_USED" = :IS_USED1 )) AND ( "GID" = :GID2 ))         
源信息：IIRS.Services.BDC.ConditionQueryServices+<>c__DisplayClass28_0.<GetTaxInfo>b__0         
行　号：1387         
-----------------------------------------------------------
时　间：2021/02/03 14:27:31.437         
级　别：Debug         
模　块：IIRS.Services.BDC.ConditionQueryServices         
消　息：SELECT "DIC_ID","GID","DNAME","IS_USED","DEFINED_CODE","ODR","MARK","REAMRK","ITEMNOTE","FDIC_ID" FROM "SYS_DIC"  WHERE ((( "GID" = :GID0 ) AND ( "DNAME" IS NOT NULL )) AND ( "IS_USED" = :IS_USED2 ))         
源信息：IIRS.Services.BDC.ConditionQueryServices+<>c__DisplayClass28_0.<GetTaxInfo>b__0         
行　号：1387         
-----------------------------------------------------------
时　间：2021/02/03 14:36:16.302         
级　别：Debug         
模　块：IIRS.Services.BDC.BdcPrintServices         
消　息：SELECT  WM_CONCAT(DISTINCT TO_CHAR(QLRMC)) AS "QLRMC" , WM_CONCAT(DISTINCT TO_CHAR(ZJHM)) AS "ZJHM" , WM_CONCAT(DISTINCT TO_CHAR(ZJLB_ZWM)) AS "ZJLB_ZWM"  FROM "QLRGL_INFO"  WHERE (( "QLRLX" = :QLRLX0 ) AND ( "XID" = :XID1 ))         
源信息：IIRS.Services.BDC.BdcPrintServices+<>c__DisplayClass6_0.<GetPersonList>b__0         
行　号：111         
-----------------------------------------------------------
时　间：2021/02/03 14:36:16.425         
级　别：Debug         
模　块：IIRS.Services.BDC.BdcPrintServices         
消　息：SELECT  WM_CONCAT(DISTINCT TO_CHAR(QLRMC)) AS "QLRMC" , WM_CONCAT(DISTINCT TO_CHAR(ZJHM)) AS "ZJHM" , WM_CONCAT(DISTINCT TO_CHAR(ZJLB_ZWM)) AS "ZJLB_ZWM"  FROM "QLRGL_INFO"  WHERE (( "QLRLX" = :QLRLX0 ) AND ( "XID" = :XID1 ))         
源信息：IIRS.Services.BDC.BdcPrintServices+<>c__DisplayClass6_0.<GetPersonList>b__0         
行　号：111         
-----------------------------------------------------------
时　间：2021/02/03 14:36:16.425         
级　别：Debug         
模　块：IIRS.Services.BDC.BdcPrintServices         
消　息：SELECT  WM_CONCAT(DISTINCT TO_CHAR(QLRMC)) AS "QLRMC" , WM_CONCAT(DISTINCT TO_CHAR(ZJHM)) AS "ZJHM" , WM_CONCAT(DISTINCT TO_CHAR(ZJLB_ZWM)) AS "ZJLB_ZWM"  FROM "QLRGL_INFO"  WHERE (( "QLRLX" = :QLRLX0 ) AND ( "XID" = :XID1 ))         
源信息：IIRS.Services.BDC.BdcPrintServices+<>c__DisplayClass6_0.<GetPersonList>b__0         
行　号：111         
-----------------------------------------------------------
时　间：2021/02/03 14:36:16.437         
级　别：Debug         
模　块：IIRS.Services.BDC.BdcPrintServices         
消　息：SELECT  WM_CONCAT(DISTINCT TO_CHAR(QLRMC)) AS "QLRMC" , WM_CONCAT(DISTINCT TO_CHAR(ZJHM)) AS "ZJHM" , WM_CONCAT(DISTINCT TO_CHAR(ZJLB_ZWM)) AS "ZJLB_ZWM"  FROM "QLRGL_INFO"  WHERE (( "QLRLX" = :QLRLX0 ) AND ( "XID" = :XID1 ))         
源信息：IIRS.Services.BDC.BdcPrintServices+<>c__DisplayClass6_0.<GetPersonList>b__0         
行　号：111         
-----------------------------------------------------------
时　间：2021/02/03 14:36:16.455         
级　别：Debug         
模　块：IIRS.Services.BDC.BdcPrintServices         
消　息：SELECT  "GROUP_NAME" AS "GROUP_NAME" , COUNT("GROUP_NAME") AS "COUNT"  FROM "PUB_ATT_FILE"  WHERE ( "XID" = :XID0 )GROUP BY "GROUP_NAME"          
源信息：IIRS.Services.BDC.BdcPrintServices+<>c__DisplayClass6_0.<GetPersonList>b__0         
行　号：111         
-----------------------------------------------------------
时　间：2021/02/03 14:39:06.567         
级　别：Debug         
模　块：IIRS.Services.BDC.BdcPrintServices         
消　息：SELECT  WM_CONCAT(DISTINCT TO_CHAR(QLRMC)) AS "QLRMC" , WM_CONCAT(DISTINCT TO_CHAR(ZJHM)) AS "ZJHM" , WM_CONCAT(DISTINCT TO_CHAR(ZJLB_ZWM)) AS "ZJLB_ZWM"  FROM "QLRGL_INFO"  WHERE (( "QLRLX" = :QLRLX0 ) AND ( "XID" = :XID1 ))         
源信息：IIRS.Services.BDC.BdcPrintServices+<>c__DisplayClass6_0.<GetPersonList>b__0         
行　号：111         
-----------------------------------------------------------
时　间：2021/02/03 14:39:06.567         
级　别：Debug         
模　块：IIRS.Services.BDC.BdcPrintServices         
消　息：SELECT  WM_CONCAT(DISTINCT TO_CHAR(QLRMC)) AS "QLRMC" , WM_CONCAT(DISTINCT TO_CHAR(ZJHM)) AS "ZJHM" , WM_CONCAT(DISTINCT TO_CHAR(ZJLB_ZWM)) AS "ZJLB_ZWM"  FROM "QLRGL_INFO"  WHERE (( "QLRLX" = :QLRLX0 ) AND ( "XID" = :XID1 ))         
源信息：IIRS.Services.BDC.BdcPrintServices+<>c__DisplayClass6_0.<GetPersonList>b__0         
行　号：111         
-----------------------------------------------------------
时　间：2021/02/03 14:39:06.567         
级　别：Debug         
模　块：IIRS.Services.BDC.BdcPrintServices         
消　息：SELECT  WM_CONCAT(DISTINCT TO_CHAR(QLRMC)) AS "QLRMC" , WM_CONCAT(DISTINCT TO_CHAR(ZJHM)) AS "ZJHM" , WM_CONCAT(DISTINCT TO_CHAR(ZJLB_ZWM)) AS "ZJLB_ZWM"  FROM "QLRGL_INFO"  WHERE (( "QLRLX" = :QLRLX0 ) AND ( "XID" = :XID1 ))         
源信息：IIRS.Services.BDC.BdcPrintServices+<>c__DisplayClass6_0.<GetPersonList>b__0         
行　号：111         
-----------------------------------------------------------
时　间：2021/02/03 14:39:06.578         
级　别：Debug         
模　块：IIRS.Services.BDC.BdcPrintServices         
消　息：SELECT  WM_CONCAT(DISTINCT TO_CHAR(QLRMC)) AS "QLRMC" , WM_CONCAT(DISTINCT TO_CHAR(ZJHM)) AS "ZJHM" , WM_CONCAT(DISTINCT TO_CHAR(ZJLB_ZWM)) AS "ZJLB_ZWM"  FROM "QLRGL_INFO"  WHERE (( "QLRLX" = :QLRLX0 ) AND ( "XID" = :XID1 ))         
源信息：IIRS.Services.BDC.BdcPrintServices+<>c__DisplayClass6_0.<GetPersonList>b__0         
行　号：111         
-----------------------------------------------------------
时　间：2021/02/03 14:39:06.578         
级　别：Debug         
模　块：IIRS.Services.BDC.BdcPrintServices         
消　息：SELECT  "GROUP_NAME" AS "GROUP_NAME" , COUNT("GROUP_NAME") AS "COUNT"  FROM "PUB_ATT_FILE"  WHERE ( "XID" = :XID0 )GROUP BY "GROUP_NAME"          
源信息：IIRS.Services.BDC.BdcPrintServices+<>c__DisplayClass6_0.<GetPersonList>b__0         
行　号：111         
-----------------------------------------------------------
时　间：2021/02/03 14:40:16.438         
级　别：Debug         
模　块：IIRS.Services.BDC.BdcPrintServices         
消　息：SELECT  WM_CONCAT(DISTINCT TO_CHAR(QLRMC)) AS "QLRMC" , WM_CONCAT(DISTINCT TO_CHAR(ZJHM)) AS "ZJHM" , WM_CONCAT(DISTINCT TO_CHAR(ZJLB_ZWM)) AS "ZJLB_ZWM"  FROM "QLRGL_INFO"  WHERE (( "QLRLX" = :QLRLX0 ) AND ( "XID" = :XID1 ))         
源信息：IIRS.Services.BDC.BdcPrintServices+<>c__DisplayClass6_0.<GetPersonList>b__0         
行　号：111         
-----------------------------------------------------------
时　间：2021/02/03 14:40:16.572         
级　别：Debug         
模　块：IIRS.Services.BDC.BdcPrintServices         
消　息：SELECT  WM_CONCAT(DISTINCT TO_CHAR(QLRMC)) AS "QLRMC" , WM_CONCAT(DISTINCT TO_CHAR(ZJHM)) AS "ZJHM" , WM_CONCAT(DISTINCT TO_CHAR(ZJLB_ZWM)) AS "ZJLB_ZWM"  FROM "QLRGL_INFO"  WHERE (( "QLRLX" = :QLRLX0 ) AND ( "XID" = :XID1 ))         
源信息：IIRS.Services.BDC.BdcPrintServices+<>c__DisplayClass6_0.<GetPersonList>b__0         
行　号：111         
-----------------------------------------------------------
时　间：2021/02/03 14:40:16.572         
级　别：Debug         
模　块：IIRS.Services.BDC.BdcPrintServices         
消　息：SELECT  WM_CONCAT(DISTINCT TO_CHAR(QLRMC)) AS "QLRMC" , WM_CONCAT(DISTINCT TO_CHAR(ZJHM)) AS "ZJHM" , WM_CONCAT(DISTINCT TO_CHAR(ZJLB_ZWM)) AS "ZJLB_ZWM"  FROM "QLRGL_INFO"  WHERE (( "QLRLX" = :QLRLX0 ) AND ( "XID" = :XID1 ))         
源信息：IIRS.Services.BDC.BdcPrintServices+<>c__DisplayClass6_0.<GetPersonList>b__0         
行　号：111         
-----------------------------------------------------------
时　间：2021/02/03 14:40:16.581         
级　别：Debug         
模　块：IIRS.Services.BDC.BdcPrintServices         
消　息：SELECT  WM_CONCAT(DISTINCT TO_CHAR(QLRMC)) AS "QLRMC" , WM_CONCAT(DISTINCT TO_CHAR(ZJHM)) AS "ZJHM" , WM_CONCAT(DISTINCT TO_CHAR(ZJLB_ZWM)) AS "ZJLB_ZWM"  FROM "QLRGL_INFO"  WHERE (( "QLRLX" = :QLRLX0 ) AND ( "XID" = :XID1 ))         
源信息：IIRS.Services.BDC.BdcPrintServices+<>c__DisplayClass6_0.<GetPersonList>b__0         
行　号：111         
-----------------------------------------------------------
时　间：2021/02/03 14:40:16.595         
级　别：Debug         
模　块：IIRS.Services.BDC.BdcPrintServices         
消　息：SELECT  "GROUP_NAME" AS "GROUP_NAME" , COUNT("GROUP_NAME") AS "COUNT"  FROM "PUB_ATT_FILE"  WHERE ( "XID" = :XID0 )GROUP BY "GROUP_NAME"          
源信息：IIRS.Services.BDC.BdcPrintServices+<>c__DisplayClass6_0.<GetPersonList>b__0         
行　号：111         
-----------------------------------------------------------
时　间：2021/02/03 14:41:27.292         
级　别：Debug         
模　块：IIRS.Services.BDC.BdcPrintServices         
消　息：SELECT  WM_CONCAT(DISTINCT TO_CHAR(QLRMC)) AS "QLRMC" , WM_CONCAT(DISTINCT TO_CHAR(ZJHM)) AS "ZJHM" , WM_CONCAT(DISTINCT TO_CHAR(ZJLB_ZWM)) AS "ZJLB_ZWM"  FROM "QLRGL_INFO"  WHERE (( "QLRLX" = :QLRLX0 ) AND ( "XID" = :XID1 ))         
源信息：IIRS.Services.BDC.BdcPrintServices+<>c__DisplayClass6_0.<GetPersonList>b__0         
行　号：111         
-----------------------------------------------------------
时　间：2021/02/03 14:41:27.440         
级　别：Debug         
模　块：IIRS.Services.BDC.BdcPrintServices         
消　息：SELECT  WM_CONCAT(DISTINCT TO_CHAR(QLRMC)) AS "QLRMC" , WM_CONCAT(DISTINCT TO_CHAR(ZJHM)) AS "ZJHM" , WM_CONCAT(DISTINCT TO_CHAR(ZJLB_ZWM)) AS "ZJLB_ZWM"  FROM "QLRGL_INFO"  WHERE (( "QLRLX" = :QLRLX0 ) AND ( "XID" = :XID1 ))         
源信息：IIRS.Services.BDC.BdcPrintServices+<>c__DisplayClass6_0.<GetPersonList>b__0         
行　号：111         
-----------------------------------------------------------
时　间：2021/02/03 14:41:27.440         
级　别：Debug         
模　块：IIRS.Services.BDC.BdcPrintServices         
消　息：SELECT  WM_CONCAT(DISTINCT TO_CHAR(QLRMC)) AS "QLRMC" , WM_CONCAT(DISTINCT TO_CHAR(ZJHM)) AS "ZJHM" , WM_CONCAT(DISTINCT TO_CHAR(ZJLB_ZWM)) AS "ZJLB_ZWM"  FROM "QLRGL_INFO"  WHERE (( "QLRLX" = :QLRLX0 ) AND ( "XID" = :XID1 ))         
源信息：IIRS.Services.BDC.BdcPrintServices+<>c__DisplayClass6_0.<GetPersonList>b__0         
行　号：111         
-----------------------------------------------------------
时　间：2021/02/03 14:41:27.451         
级　别：Debug         
模　块：IIRS.Services.BDC.BdcPrintServices         
消　息：SELECT  WM_CONCAT(DISTINCT TO_CHAR(QLRMC)) AS "QLRMC" , WM_CONCAT(DISTINCT TO_CHAR(ZJHM)) AS "ZJHM" , WM_CONCAT(DISTINCT TO_CHAR(ZJLB_ZWM)) AS "ZJLB_ZWM"  FROM "QLRGL_INFO"  WHERE (( "QLRLX" = :QLRLX0 ) AND ( "XID" = :XID1 ))         
源信息：IIRS.Services.BDC.BdcPrintServices+<>c__DisplayClass6_0.<GetPersonList>b__0         
行　号：111         
-----------------------------------------------------------
时　间：2021/02/03 14:41:27.451         
级　别：Debug         
模　块：IIRS.Services.BDC.BdcPrintServices         
消　息：SELECT  "GROUP_NAME" AS "GROUP_NAME" , COUNT("GROUP_NAME") AS "COUNT"  FROM "PUB_ATT_FILE"  WHERE ( "XID" = :XID0 )GROUP BY "GROUP_NAME"          
源信息：IIRS.Services.BDC.BdcPrintServices+<>c__DisplayClass6_0.<GetPersonList>b__0         
行　号：111         
-----------------------------------------------------------
时　间：2021/02/03 14:42:08.200         
级　别：Debug         
模　块：IIRS.Services.BDC.BdcPrintServices         
消　息：SELECT  WM_CONCAT(DISTINCT TO_CHAR(QLRMC)) AS "QLRMC" , WM_CONCAT(DISTINCT TO_CHAR(ZJHM)) AS "ZJHM" , WM_CONCAT(DISTINCT TO_CHAR(ZJLB_ZWM)) AS "ZJLB_ZWM"  FROM "QLRGL_INFO"  WHERE (( "QLRLX" = :QLRLX0 ) AND ( "XID" = :XID1 ))         
源信息：IIRS.Services.BDC.BdcPrintServices+<>c__DisplayClass6_0.<GetPersonList>b__0         
行　号：111         
-----------------------------------------------------------
时　间：2021/02/03 14:42:08.203         
级　别：Debug         
模　块：IIRS.Services.BDC.BdcPrintServices         
消　息：SELECT  WM_CONCAT(DISTINCT TO_CHAR(QLRMC)) AS "QLRMC" , WM_CONCAT(DISTINCT TO_CHAR(ZJHM)) AS "ZJHM" , WM_CONCAT(DISTINCT TO_CHAR(ZJLB_ZWM)) AS "ZJLB_ZWM"  FROM "QLRGL_INFO"  WHERE (( "QLRLX" = :QLRLX0 ) AND ( "XID" = :XID1 ))         
源信息：IIRS.Services.BDC.BdcPrintServices+<>c__DisplayClass6_0.<GetPersonList>b__0         
行　号：111         
-----------------------------------------------------------
时　间：2021/02/03 14:42:08.203         
级　别：Debug         
模　块：IIRS.Services.BDC.BdcPrintServices         
消　息：SELECT  WM_CONCAT(DISTINCT TO_CHAR(QLRMC)) AS "QLRMC" , WM_CONCAT(DISTINCT TO_CHAR(ZJHM)) AS "ZJHM" , WM_CONCAT(DISTINCT TO_CHAR(ZJLB_ZWM)) AS "ZJLB_ZWM"  FROM "QLRGL_INFO"  WHERE (( "QLRLX" = :QLRLX0 ) AND ( "XID" = :XID1 ))         
源信息：IIRS.Services.BDC.BdcPrintServices+<>c__DisplayClass6_0.<GetPersonList>b__0         
行　号：111         
-----------------------------------------------------------
时　间：2021/02/03 14:42:08.203         
级　别：Debug         
模　块：IIRS.Services.BDC.BdcPrintServices         
消　息：SELECT  WM_CONCAT(DISTINCT TO_CHAR(QLRMC)) AS "QLRMC" , WM_CONCAT(DISTINCT TO_CHAR(ZJHM)) AS "ZJHM" , WM_CONCAT(DISTINCT TO_CHAR(ZJLB_ZWM)) AS "ZJLB_ZWM"  FROM "QLRGL_INFO"  WHERE (( "QLRLX" = :QLRLX0 ) AND ( "XID" = :XID1 ))         
源信息：IIRS.Services.BDC.BdcPrintServices+<>c__DisplayClass6_0.<GetPersonList>b__0         
行　号：111         
-----------------------------------------------------------
时　间：2021/02/03 14:42:08.203         
级　别：Debug         
模　块：IIRS.Services.BDC.BdcPrintServices         
消　息：SELECT  "GROUP_NAME" AS "GROUP_NAME" , COUNT("GROUP_NAME") AS "COUNT"  FROM "PUB_ATT_FILE"  WHERE ( "XID" = :XID0 )GROUP BY "GROUP_NAME"          
源信息：IIRS.Services.BDC.BdcPrintServices+<>c__DisplayClass6_0.<GetPersonList>b__0         
行　号：111         
-----------------------------------------------------------
时　间：2021/02/03 14:50:04.782         
级　别：Debug         
模　块：IIRS.Services.BDC.BdcPrintServices         
消　息：SELECT  WM_CONCAT(DISTINCT TO_CHAR(QLRMC)) AS "QLRMC" , WM_CONCAT(DISTINCT TO_CHAR(ZJHM)) AS "ZJHM" , WM_CONCAT(DISTINCT TO_CHAR(ZJLB_ZWM)) AS "ZJLB_ZWM"  FROM "QLRGL_INFO"  WHERE (( "QLRLX" = :QLRLX0 ) AND ( "XID" = :XID1 ))         
源信息：IIRS.Services.BDC.BdcPrintServices+<>c__DisplayClass6_0.<GetPersonList>b__0         
行　号：111         
-----------------------------------------------------------
时　间：2021/02/03 14:50:04.924         
级　别：Debug         
模　块：IIRS.Services.BDC.BdcPrintServices         
消　息：SELECT  WM_CONCAT(DISTINCT TO_CHAR(QLRMC)) AS "QLRMC" , WM_CONCAT(DISTINCT TO_CHAR(ZJHM)) AS "ZJHM" , WM_CONCAT(DISTINCT TO_CHAR(ZJLB_ZWM)) AS "ZJLB_ZWM"  FROM "QLRGL_INFO"  WHERE (( "QLRLX" = :QLRLX0 ) AND ( "XID" = :XID1 ))         
源信息：IIRS.Services.BDC.BdcPrintServices+<>c__DisplayClass6_0.<GetPersonList>b__0         
行　号：111         
-----------------------------------------------------------
时　间：2021/02/03 14:50:04.924         
级　别：Debug         
模　块：IIRS.Services.BDC.BdcPrintServices         
消　息：SELECT  WM_CONCAT(DISTINCT TO_CHAR(QLRMC)) AS "QLRMC" , WM_CONCAT(DISTINCT TO_CHAR(ZJHM)) AS "ZJHM" , WM_CONCAT(DISTINCT TO_CHAR(ZJLB_ZWM)) AS "ZJLB_ZWM"  FROM "QLRGL_INFO"  WHERE (( "QLRLX" = :QLRLX0 ) AND ( "XID" = :XID1 ))         
源信息：IIRS.Services.BDC.BdcPrintServices+<>c__DisplayClass6_0.<GetPersonList>b__0         
行　号：111         
-----------------------------------------------------------
时　间：2021/02/03 14:50:04.924         
级　别：Debug         
模　块：IIRS.Services.BDC.BdcPrintServices         
消　息：SELECT  WM_CONCAT(DISTINCT TO_CHAR(QLRMC)) AS "QLRMC" , WM_CONCAT(DISTINCT TO_CHAR(ZJHM)) AS "ZJHM" , WM_CONCAT(DISTINCT TO_CHAR(ZJLB_ZWM)) AS "ZJLB_ZWM"  FROM "QLRGL_INFO"  WHERE (( "QLRLX" = :QLRLX0 ) AND ( "XID" = :XID1 ))         
源信息：IIRS.Services.BDC.BdcPrintServices+<>c__DisplayClass6_0.<GetPersonList>b__0         
行　号：111         
-----------------------------------------------------------
时　间：2021/02/03 14:50:04.949         
级　别：Debug         
模　块：IIRS.Services.BDC.BdcPrintServices         
消　息：SELECT  "GROUP_NAME" AS "GROUP_NAME" , COUNT("GROUP_NAME") AS "COUNT"  FROM "PUB_ATT_FILE"  WHERE ( "XID" = :XID0 )GROUP BY "GROUP_NAME"          
源信息：IIRS.Services.BDC.BdcPrintServices+<>c__DisplayClass6_0.<GetPersonList>b__0         
行　号：111         
-----------------------------------------------------------
时　间：2021/02/03 14:51:55.701         
级　别：Debug         
模　块：IIRS.Services.BDC.BdcPrintServices         
消　息：SELECT  WM_CONCAT(DISTINCT TO_CHAR(QLRMC)) AS "QLRMC" , WM_CONCAT(DISTINCT TO_CHAR(ZJHM)) AS "ZJHM" , WM_CONCAT(DISTINCT TO_CHAR(ZJLB_ZWM)) AS "ZJLB_ZWM"  FROM "QLRGL_INFO"  WHERE (( "QLRLX" = :QLRLX0 ) AND ( "XID" = :XID1 ))         
源信息：IIRS.Services.BDC.BdcPrintServices+<>c__DisplayClass6_0.<GetPersonList>b__0         
行　号：111         
-----------------------------------------------------------
时　间：2021/02/03 14:51:55.835         
级　别：Debug         
模　块：IIRS.Services.BDC.BdcPrintServices         
消　息：SELECT  WM_CONCAT(DISTINCT TO_CHAR(QLRMC)) AS "QLRMC" , WM_CONCAT(DISTINCT TO_CHAR(ZJHM)) AS "ZJHM" , WM_CONCAT(DISTINCT TO_CHAR(ZJLB_ZWM)) AS "ZJLB_ZWM"  FROM "QLRGL_INFO"  WHERE (( "QLRLX" = :QLRLX0 ) AND ( "XID" = :XID1 ))         
源信息：IIRS.Services.BDC.BdcPrintServices+<>c__DisplayClass6_0.<GetPersonList>b__0         
行　号：111         
-----------------------------------------------------------
时　间：2021/02/03 14:51:55.835         
级　别：Debug         
模　块：IIRS.Services.BDC.BdcPrintServices         
消　息：SELECT  WM_CONCAT(DISTINCT TO_CHAR(QLRMC)) AS "QLRMC" , WM_CONCAT(DISTINCT TO_CHAR(ZJHM)) AS "ZJHM" , WM_CONCAT(DISTINCT TO_CHAR(ZJLB_ZWM)) AS "ZJLB_ZWM"  FROM "QLRGL_INFO"  WHERE (( "QLRLX" = :QLRLX0 ) AND ( "XID" = :XID1 ))         
源信息：IIRS.Services.BDC.BdcPrintServices+<>c__DisplayClass6_0.<GetPersonList>b__0         
行　号：111         
-----------------------------------------------------------
时　间：2021/02/03 14:51:55.846         
级　别：Debug         
模　块：IIRS.Services.BDC.BdcPrintServices         
消　息：SELECT  WM_CONCAT(DISTINCT TO_CHAR(QLRMC)) AS "QLRMC" , WM_CONCAT(DISTINCT TO_CHAR(ZJHM)) AS "ZJHM" , WM_CONCAT(DISTINCT TO_CHAR(ZJLB_ZWM)) AS "ZJLB_ZWM"  FROM "QLRGL_INFO"  WHERE (( "QLRLX" = :QLRLX0 ) AND ( "XID" = :XID1 ))         
源信息：IIRS.Services.BDC.BdcPrintServices+<>c__DisplayClass6_0.<GetPersonList>b__0         
行　号：111         
-----------------------------------------------------------
时　间：2021/02/03 14:51:55.860         
级　别：Debug         
模　块：IIRS.Services.BDC.BdcPrintServices         
消　息：SELECT  "GROUP_NAME" AS "GROUP_NAME" , COUNT("GROUP_NAME") AS "COUNT"  FROM "PUB_ATT_FILE"  WHERE ( "XID" = :XID0 )GROUP BY "GROUP_NAME"          
源信息：IIRS.Services.BDC.BdcPrintServices+<>c__DisplayClass6_0.<GetPersonList>b__0         
行　号：111         
-----------------------------------------------------------
时　间：2021/02/03 14:56:00.564         
级　别：Debug         
模　块：IIRS.Services.BDC.BdcPrintServices         
消　息：SELECT  WM_CONCAT(DISTINCT TO_CHAR(QLRMC)) AS "QLRMC" , WM_CONCAT(DISTINCT TO_CHAR(ZJHM)) AS "ZJHM" , WM_CONCAT(DISTINCT TO_CHAR(ZJLB_ZWM)) AS "ZJLB_ZWM"  FROM "QLRGL_INFO"  WHERE (( "QLRLX" = :QLRLX0 ) AND ( "XID" = :XID1 ))         
源信息：IIRS.Services.BDC.BdcPrintServices+<>c__DisplayClass6_0.<GetPersonList>b__0         
行　号：111         
-----------------------------------------------------------
时　间：2021/02/03 14:56:00.696         
级　别：Debug         
模　块：IIRS.Services.BDC.BdcPrintServices         
消　息：SELECT  WM_CONCAT(DISTINCT TO_CHAR(QLRMC)) AS "QLRMC" , WM_CONCAT(DISTINCT TO_CHAR(ZJHM)) AS "ZJHM" , WM_CONCAT(DISTINCT TO_CHAR(ZJLB_ZWM)) AS "ZJLB_ZWM"  FROM "QLRGL_INFO"  WHERE (( "QLRLX" = :QLRLX0 ) AND ( "XID" = :XID1 ))         
源信息：IIRS.Services.BDC.BdcPrintServices+<>c__DisplayClass6_0.<GetPersonList>b__0         
行　号：111         
-----------------------------------------------------------
时　间：2021/02/03 14:56:00.696         
级　别：Debug         
模　块：IIRS.Services.BDC.BdcPrintServices         
消　息：SELECT  WM_CONCAT(DISTINCT TO_CHAR(QLRMC)) AS "QLRMC" , WM_CONCAT(DISTINCT TO_CHAR(ZJHM)) AS "ZJHM" , WM_CONCAT(DISTINCT TO_CHAR(ZJLB_ZWM)) AS "ZJLB_ZWM"  FROM "QLRGL_INFO"  WHERE (( "QLRLX" = :QLRLX0 ) AND ( "XID" = :XID1 ))         
源信息：IIRS.Services.BDC.BdcPrintServices+<>c__DisplayClass6_0.<GetPersonList>b__0         
行　号：111         
-----------------------------------------------------------
时　间：2021/02/03 14:56:00.705         
级　别：Debug         
模　块：IIRS.Services.BDC.BdcPrintServices         
消　息：SELECT  WM_CONCAT(DISTINCT TO_CHAR(QLRMC)) AS "QLRMC" , WM_CONCAT(DISTINCT TO_CHAR(ZJHM)) AS "ZJHM" , WM_CONCAT(DISTINCT TO_CHAR(ZJLB_ZWM)) AS "ZJLB_ZWM"  FROM "QLRGL_INFO"  WHERE (( "QLRLX" = :QLRLX0 ) AND ( "XID" = :XID1 ))         
源信息：IIRS.Services.BDC.BdcPrintServices+<>c__DisplayClass6_0.<GetPersonList>b__0         
行　号：111         
-----------------------------------------------------------
时　间：2021/02/03 14:56:00.718         
级　别：Debug         
模　块：IIRS.Services.BDC.BdcPrintServices         
消　息：SELECT  "GROUP_NAME" AS "GROUP_NAME" , COUNT("GROUP_NAME") AS "COUNT"  FROM "PUB_ATT_FILE"  WHERE ( "XID" = :XID0 )GROUP BY "GROUP_NAME"          
源信息：IIRS.Services.BDC.BdcPrintServices+<>c__DisplayClass6_0.<GetPersonList>b__0         
行　号：111         
-----------------------------------------------------------
时　间：2021/02/03 14:57:26.469         
级　别：Debug         
模　块：IIRS.Services.BDC.BdcPrintServices         
消　息：SELECT  WM_CONCAT(DISTINCT TO_CHAR(QLRMC)) AS "QLRMC" , WM_CONCAT(DISTINCT TO_CHAR(ZJHM)) AS "ZJHM" , WM_CONCAT(DISTINCT TO_CHAR(ZJLB_ZWM)) AS "ZJLB_ZWM"  FROM "QLRGL_INFO"  WHERE (( "QLRLX" = :QLRLX0 ) AND ( "XID" = :XID1 ))         
源信息：IIRS.Services.BDC.BdcPrintServices+<>c__DisplayClass6_0.<GetPersonList>b__0         
行　号：111         
-----------------------------------------------------------
时　间：2021/02/03 14:57:26.469         
级　别：Debug         
模　块：IIRS.Services.BDC.BdcPrintServices         
消　息：SELECT  WM_CONCAT(DISTINCT TO_CHAR(QLRMC)) AS "QLRMC" , WM_CONCAT(DISTINCT TO_CHAR(ZJHM)) AS "ZJHM" , WM_CONCAT(DISTINCT TO_CHAR(ZJLB_ZWM)) AS "ZJLB_ZWM"  FROM "QLRGL_INFO"  WHERE (( "QLRLX" = :QLRLX0 ) AND ( "XID" = :XID1 ))         
源信息：IIRS.Services.BDC.BdcPrintServices+<>c__DisplayClass6_0.<GetPersonList>b__0         
行　号：111         
-----------------------------------------------------------
时　间：2021/02/03 14:57:26.469         
级　别：Debug         
模　块：IIRS.Services.BDC.BdcPrintServices         
消　息：SELECT  WM_CONCAT(DISTINCT TO_CHAR(QLRMC)) AS "QLRMC" , WM_CONCAT(DISTINCT TO_CHAR(ZJHM)) AS "ZJHM" , WM_CONCAT(DISTINCT TO_CHAR(ZJLB_ZWM)) AS "ZJLB_ZWM"  FROM "QLRGL_INFO"  WHERE (( "QLRLX" = :QLRLX0 ) AND ( "XID" = :XID1 ))         
源信息：IIRS.Services.BDC.BdcPrintServices+<>c__DisplayClass6_0.<GetPersonList>b__0         
行　号：111         
-----------------------------------------------------------
时　间：2021/02/03 14:57:26.469         
级　别：Debug         
模　块：IIRS.Services.BDC.BdcPrintServices         
消　息：SELECT  WM_CONCAT(DISTINCT TO_CHAR(QLRMC)) AS "QLRMC" , WM_CONCAT(DISTINCT TO_CHAR(ZJHM)) AS "ZJHM" , WM_CONCAT(DISTINCT TO_CHAR(ZJLB_ZWM)) AS "ZJLB_ZWM"  FROM "QLRGL_INFO"  WHERE (( "QLRLX" = :QLRLX0 ) AND ( "XID" = :XID1 ))         
源信息：IIRS.Services.BDC.BdcPrintServices+<>c__DisplayClass6_0.<GetPersonList>b__0         
行　号：111         
-----------------------------------------------------------
时　间：2021/02/03 14:57:26.484         
级　别：Debug         
模　块：IIRS.Services.BDC.BdcPrintServices         
消　息：SELECT  "GROUP_NAME" AS "GROUP_NAME" , COUNT("GROUP_NAME") AS "COUNT"  FROM "PUB_ATT_FILE"  WHERE ( "XID" = :XID0 )GROUP BY "GROUP_NAME"          
源信息：IIRS.Services.BDC.BdcPrintServices+<>c__DisplayClass6_0.<GetPersonList>b__0         
行　号：111         
-----------------------------------------------------------
时　间：2021/02/03 14:58:01.724         
级　别：Debug         
模　块：IIRS.Services.BDC.BdcPrintServices         
消　息：SELECT  WM_CONCAT(DISTINCT TO_CHAR(QLRMC)) AS "QLRMC" , WM_CONCAT(DISTINCT TO_CHAR(ZJHM)) AS "ZJHM" , WM_CONCAT(DISTINCT TO_CHAR(ZJLB_ZWM)) AS "ZJLB_ZWM"  FROM "QLRGL_INFO"  WHERE (( "QLRLX" = :QLRLX0 ) AND ( "XID" = :XID1 ))         
源信息：IIRS.Services.BDC.BdcPrintServices+<>c__DisplayClass6_0.<GetPersonList>b__0         
行　号：111         
-----------------------------------------------------------
时　间：2021/02/03 14:58:01.724         
级　别：Debug         
模　块：IIRS.Services.BDC.BdcPrintServices         
消　息：SELECT  WM_CONCAT(DISTINCT TO_CHAR(QLRMC)) AS "QLRMC" , WM_CONCAT(DISTINCT TO_CHAR(ZJHM)) AS "ZJHM" , WM_CONCAT(DISTINCT TO_CHAR(ZJLB_ZWM)) AS "ZJLB_ZWM"  FROM "QLRGL_INFO"  WHERE (( "QLRLX" = :QLRLX0 ) AND ( "XID" = :XID1 ))         
源信息：IIRS.Services.BDC.BdcPrintServices+<>c__DisplayClass6_0.<GetPersonList>b__0         
行　号：111         
-----------------------------------------------------------
时　间：2021/02/03 14:58:01.733         
级　别：Debug         
模　块：IIRS.Services.BDC.BdcPrintServices         
消　息：SELECT  WM_CONCAT(DISTINCT TO_CHAR(QLRMC)) AS "QLRMC" , WM_CONCAT(DISTINCT TO_CHAR(ZJHM)) AS "ZJHM" , WM_CONCAT(DISTINCT TO_CHAR(ZJLB_ZWM)) AS "ZJLB_ZWM"  FROM "QLRGL_INFO"  WHERE (( "QLRLX" = :QLRLX0 ) AND ( "XID" = :XID1 ))         
源信息：IIRS.Services.BDC.BdcPrintServices+<>c__DisplayClass6_0.<GetPersonList>b__0         
行　号：111         
-----------------------------------------------------------
时　间：2021/02/03 14:58:01.733         
级　别：Debug         
模　块：IIRS.Services.BDC.BdcPrintServices         
消　息：SELECT  WM_CONCAT(DISTINCT TO_CHAR(QLRMC)) AS "QLRMC" , WM_CONCAT(DISTINCT TO_CHAR(ZJHM)) AS "ZJHM" , WM_CONCAT(DISTINCT TO_CHAR(ZJLB_ZWM)) AS "ZJLB_ZWM"  FROM "QLRGL_INFO"  WHERE (( "QLRLX" = :QLRLX0 ) AND ( "XID" = :XID1 ))         
源信息：IIRS.Services.BDC.BdcPrintServices+<>c__DisplayClass6_0.<GetPersonList>b__0         
行　号：111         
-----------------------------------------------------------
时　间：2021/02/03 14:58:01.733         
级　别：Debug         
模　块：IIRS.Services.BDC.BdcPrintServices         
消　息：SELECT  "GROUP_NAME" AS "GROUP_NAME" , COUNT("GROUP_NAME") AS "COUNT"  FROM "PUB_ATT_FILE"  WHERE ( "XID" = :XID0 )GROUP BY "GROUP_NAME"          
源信息：IIRS.Services.BDC.BdcPrintServices+<>c__DisplayClass6_0.<GetPersonList>b__0         
行　号：111         
-----------------------------------------------------------
时　间：2021/02/03 15:00:20.203         
级　别：Debug         
模　块：IIRS.Services.BDC.BdcPrintServices         
消　息：SELECT  WM_CONCAT(DISTINCT TO_CHAR(QLRMC)) AS "QLRMC" , WM_CONCAT(DISTINCT TO_CHAR(ZJHM)) AS "ZJHM" , WM_CONCAT(DISTINCT TO_CHAR(ZJLB_ZWM)) AS "ZJLB_ZWM"  FROM "QLRGL_INFO"  WHERE (( "QLRLX" = :QLRLX0 ) AND ( "XID" = :XID1 ))         
源信息：IIRS.Services.BDC.BdcPrintServices+<>c__DisplayClass6_0.<GetPersonList>b__0         
行　号：111         
-----------------------------------------------------------
时　间：2021/02/03 15:00:20.332         
级　别：Debug         
模　块：IIRS.Services.BDC.BdcPrintServices         
消　息：SELECT  WM_CONCAT(DISTINCT TO_CHAR(QLRMC)) AS "QLRMC" , WM_CONCAT(DISTINCT TO_CHAR(ZJHM)) AS "ZJHM" , WM_CONCAT(DISTINCT TO_CHAR(ZJLB_ZWM)) AS "ZJLB_ZWM"  FROM "QLRGL_INFO"  WHERE (( "QLRLX" = :QLRLX0 ) AND ( "XID" = :XID1 ))         
源信息：IIRS.Services.BDC.BdcPrintServices+<>c__DisplayClass6_0.<GetPersonList>b__0         
行　号：111         
-----------------------------------------------------------
时　间：2021/02/03 15:00:20.332         
级　别：Debug         
模　块：IIRS.Services.BDC.BdcPrintServices         
消　息：SELECT  WM_CONCAT(DISTINCT TO_CHAR(QLRMC)) AS "QLRMC" , WM_CONCAT(DISTINCT TO_CHAR(ZJHM)) AS "ZJHM" , WM_CONCAT(DISTINCT TO_CHAR(ZJLB_ZWM)) AS "ZJLB_ZWM"  FROM "QLRGL_INFO"  WHERE (( "QLRLX" = :QLRLX0 ) AND ( "XID" = :XID1 ))         
源信息：IIRS.Services.BDC.BdcPrintServices+<>c__DisplayClass6_0.<GetPersonList>b__0         
行　号：111         
-----------------------------------------------------------
时　间：2021/02/03 15:00:20.349         
级　别：Debug         
模　块：IIRS.Services.BDC.BdcPrintServices         
消　息：SELECT  WM_CONCAT(DISTINCT TO_CHAR(QLRMC)) AS "QLRMC" , WM_CONCAT(DISTINCT TO_CHAR(ZJHM)) AS "ZJHM" , WM_CONCAT(DISTINCT TO_CHAR(ZJLB_ZWM)) AS "ZJLB_ZWM"  FROM "QLRGL_INFO"  WHERE (( "QLRLX" = :QLRLX0 ) AND ( "XID" = :XID1 ))         
源信息：IIRS.Services.BDC.BdcPrintServices+<>c__DisplayClass6_0.<GetPersonList>b__0         
行　号：111         
-----------------------------------------------------------
时　间：2021/02/03 15:00:20.361         
级　别：Debug         
模　块：IIRS.Services.BDC.BdcPrintServices         
消　息：SELECT  "GROUP_NAME" AS "GROUP_NAME" , COUNT("GROUP_NAME") AS "COUNT"  FROM "PUB_ATT_FILE"  WHERE ( "XID" = :XID0 )GROUP BY "GROUP_NAME"          
源信息：IIRS.Services.BDC.BdcPrintServices+<>c__DisplayClass6_0.<GetPersonList>b__0         
行　号：111         
-----------------------------------------------------------
时　间：2021/02/03 15:10:55.765         
级　别：Debug         
模　块：IIRS.Services.BDC.BdcPrintServices         
消　息：SELECT  WM_CONCAT(DISTINCT TO_CHAR(QLRMC)) AS "QLRMC" , WM_CONCAT(DISTINCT TO_CHAR(ZJHM)) AS "ZJHM" , WM_CONCAT(DISTINCT TO_CHAR(ZJLB_ZWM)) AS "ZJLB_ZWM"  FROM "QLRGL_INFO"  WHERE (( "QLRLX" = :QLRLX0 ) AND ( "XID" = :XID1 ))         
源信息：IIRS.Services.BDC.BdcPrintServices+<>c__DisplayClass6_0.<GetPersonList>b__0         
行　号：111         
-----------------------------------------------------------
时　间：2021/02/03 15:10:55.896         
级　别：Debug         
模　块：IIRS.Services.BDC.BdcPrintServices         
消　息：SELECT  WM_CONCAT(DISTINCT TO_CHAR(QLRMC)) AS "QLRMC" , WM_CONCAT(DISTINCT TO_CHAR(ZJHM)) AS "ZJHM" , WM_CONCAT(DISTINCT TO_CHAR(ZJLB_ZWM)) AS "ZJLB_ZWM"  FROM "QLRGL_INFO"  WHERE (( "QLRLX" = :QLRLX0 ) AND ( "XID" = :XID1 ))         
源信息：IIRS.Services.BDC.BdcPrintServices+<>c__DisplayClass6_0.<GetPersonList>b__0         
行　号：111         
-----------------------------------------------------------
时　间：2021/02/03 15:10:55.896         
级　别：Debug         
模　块：IIRS.Services.BDC.BdcPrintServices         
消　息：SELECT  WM_CONCAT(DISTINCT TO_CHAR(QLRMC)) AS "QLRMC" , WM_CONCAT(DISTINCT TO_CHAR(ZJHM)) AS "ZJHM" , WM_CONCAT(DISTINCT TO_CHAR(ZJLB_ZWM)) AS "ZJLB_ZWM"  FROM "QLRGL_INFO"  WHERE (( "QLRLX" = :QLRLX0 ) AND ( "XID" = :XID1 ))         
源信息：IIRS.Services.BDC.BdcPrintServices+<>c__DisplayClass6_0.<GetPersonList>b__0         
行　号：111         
-----------------------------------------------------------
时　间：2021/02/03 15:10:55.906         
级　别：Debug         
模　块：IIRS.Services.BDC.BdcPrintServices         
消　息：SELECT  WM_CONCAT(DISTINCT TO_CHAR(QLRMC)) AS "QLRMC" , WM_CONCAT(DISTINCT TO_CHAR(ZJHM)) AS "ZJHM" , WM_CONCAT(DISTINCT TO_CHAR(ZJLB_ZWM)) AS "ZJLB_ZWM"  FROM "QLRGL_INFO"  WHERE (( "QLRLX" = :QLRLX0 ) AND ( "XID" = :XID1 ))         
源信息：IIRS.Services.BDC.BdcPrintServices+<>c__DisplayClass6_0.<GetPersonList>b__0         
行　号：111         
-----------------------------------------------------------
时　间：2021/02/03 15:10:55.906         
级　别：Debug         
模　块：IIRS.Services.BDC.BdcPrintServices         
消　息：SELECT  "GROUP_NAME" AS "GROUP_NAME" , COUNT("GROUP_NAME") AS "COUNT"  FROM "PUB_ATT_FILE"  WHERE ( "XID" = :XID0 )GROUP BY "GROUP_NAME"          
源信息：IIRS.Services.BDC.BdcPrintServices+<>c__DisplayClass6_0.<GetPersonList>b__0         
行　号：111         
-----------------------------------------------------------
时　间：2021/02/03 15:11:39.366         
级　别：Debug         
模　块：IIRS.Services.BDC.BdcPrintServices         
消　息：SELECT  WM_CONCAT(DISTINCT TO_CHAR(QLRMC)) AS "QLRMC" , WM_CONCAT(DISTINCT TO_CHAR(ZJHM)) AS "ZJHM" , WM_CONCAT(DISTINCT TO_CHAR(ZJLB_ZWM)) AS "ZJLB_ZWM"  FROM "QLRGL_INFO"  WHERE (( "QLRLX" = :QLRLX0 ) AND ( "XID" = :XID1 ))         
源信息：IIRS.Services.BDC.BdcPrintServices+<>c__DisplayClass6_0.<GetPersonList>b__0         
行　号：111         
-----------------------------------------------------------
时　间：2021/02/03 15:11:39.366         
级　别：Debug         
模　块：IIRS.Services.BDC.BdcPrintServices         
消　息：SELECT  WM_CONCAT(DISTINCT TO_CHAR(QLRMC)) AS "QLRMC" , WM_CONCAT(DISTINCT TO_CHAR(ZJHM)) AS "ZJHM" , WM_CONCAT(DISTINCT TO_CHAR(ZJLB_ZWM)) AS "ZJLB_ZWM"  FROM "QLRGL_INFO"  WHERE (( "QLRLX" = :QLRLX0 ) AND ( "XID" = :XID1 ))         
源信息：IIRS.Services.BDC.BdcPrintServices+<>c__DisplayClass6_0.<GetPersonList>b__0         
行　号：111         
-----------------------------------------------------------
时　间：2021/02/03 15:11:39.377         
级　别：Debug         
模　块：IIRS.Services.BDC.BdcPrintServices         
消　息：SELECT  WM_CONCAT(DISTINCT TO_CHAR(QLRMC)) AS "QLRMC" , WM_CONCAT(DISTINCT TO_CHAR(ZJHM)) AS "ZJHM" , WM_CONCAT(DISTINCT TO_CHAR(ZJLB_ZWM)) AS "ZJLB_ZWM"  FROM "QLRGL_INFO"  WHERE (( "QLRLX" = :QLRLX0 ) AND ( "XID" = :XID1 ))         
源信息：IIRS.Services.BDC.BdcPrintServices+<>c__DisplayClass6_0.<GetPersonList>b__0         
行　号：111         
-----------------------------------------------------------
时　间：2021/02/03 15:11:39.377         
级　别：Debug         
模　块：IIRS.Services.BDC.BdcPrintServices         
消　息：SELECT  WM_CONCAT(DISTINCT TO_CHAR(QLRMC)) AS "QLRMC" , WM_CONCAT(DISTINCT TO_CHAR(ZJHM)) AS "ZJHM" , WM_CONCAT(DISTINCT TO_CHAR(ZJLB_ZWM)) AS "ZJLB_ZWM"  FROM "QLRGL_INFO"  WHERE (( "QLRLX" = :QLRLX0 ) AND ( "XID" = :XID1 ))         
源信息：IIRS.Services.BDC.BdcPrintServices+<>c__DisplayClass6_0.<GetPersonList>b__0         
行　号：111         
-----------------------------------------------------------
时　间：2021/02/03 15:11:39.377         
级　别：Debug         
模　块：IIRS.Services.BDC.BdcPrintServices         
消　息：SELECT  "GROUP_NAME" AS "GROUP_NAME" , COUNT("GROUP_NAME") AS "COUNT"  FROM "PUB_ATT_FILE"  WHERE ( "XID" = :XID0 )GROUP BY "GROUP_NAME"          
源信息：IIRS.Services.BDC.BdcPrintServices+<>c__DisplayClass6_0.<GetPersonList>b__0         
行　号：111         
-----------------------------------------------------------
时　间：2021/02/03 15:12:51.694         
级　别：Debug         
模　块：IIRS.Services.BDC.BdcPrintServices         
消　息：SELECT  WM_CONCAT(DISTINCT TO_CHAR(QLRMC)) AS "QLRMC" , WM_CONCAT(DISTINCT TO_CHAR(ZJHM)) AS "ZJHM" , WM_CONCAT(DISTINCT TO_CHAR(ZJLB_ZWM)) AS "ZJLB_ZWM"  FROM "QLRGL_INFO"  WHERE (( "QLRLX" = :QLRLX0 ) AND ( "XID" = :XID1 ))         
源信息：IIRS.Services.BDC.BdcPrintServices+<>c__DisplayClass6_0.<GetPersonList>b__0         
行　号：111         
-----------------------------------------------------------
时　间：2021/02/03 15:12:51.694         
级　别：Debug         
模　块：IIRS.Services.BDC.BdcPrintServices         
消　息：SELECT  WM_CONCAT(DISTINCT TO_CHAR(QLRMC)) AS "QLRMC" , WM_CONCAT(DISTINCT TO_CHAR(ZJHM)) AS "ZJHM" , WM_CONCAT(DISTINCT TO_CHAR(ZJLB_ZWM)) AS "ZJLB_ZWM"  FROM "QLRGL_INFO"  WHERE (( "QLRLX" = :QLRLX0 ) AND ( "XID" = :XID1 ))         
源信息：IIRS.Services.BDC.BdcPrintServices+<>c__DisplayClass6_0.<GetPersonList>b__0         
行　号：111         
-----------------------------------------------------------
时　间：2021/02/03 15:12:51.694         
级　别：Debug         
模　块：IIRS.Services.BDC.BdcPrintServices         
消　息：SELECT  WM_CONCAT(DISTINCT TO_CHAR(QLRMC)) AS "QLRMC" , WM_CONCAT(DISTINCT TO_CHAR(ZJHM)) AS "ZJHM" , WM_CONCAT(DISTINCT TO_CHAR(ZJLB_ZWM)) AS "ZJLB_ZWM"  FROM "QLRGL_INFO"  WHERE (( "QLRLX" = :QLRLX0 ) AND ( "XID" = :XID1 ))         
源信息：IIRS.Services.BDC.BdcPrintServices+<>c__DisplayClass6_0.<GetPersonList>b__0         
行　号：111         
-----------------------------------------------------------
时　间：2021/02/03 15:12:51.703         
级　别：Debug         
模　块：IIRS.Services.BDC.BdcPrintServices         
消　息：SELECT  WM_CONCAT(DISTINCT TO_CHAR(QLRMC)) AS "QLRMC" , WM_CONCAT(DISTINCT TO_CHAR(ZJHM)) AS "ZJHM" , WM_CONCAT(DISTINCT TO_CHAR(ZJLB_ZWM)) AS "ZJLB_ZWM"  FROM "QLRGL_INFO"  WHERE (( "QLRLX" = :QLRLX0 ) AND ( "XID" = :XID1 ))         
源信息：IIRS.Services.BDC.BdcPrintServices+<>c__DisplayClass6_0.<GetPersonList>b__0         
行　号：111         
-----------------------------------------------------------
时　间：2021/02/03 15:12:51.703         
级　别：Debug         
模　块：IIRS.Services.BDC.BdcPrintServices         
消　息：SELECT  "GROUP_NAME" AS "GROUP_NAME" , COUNT("GROUP_NAME") AS "COUNT"  FROM "PUB_ATT_FILE"  WHERE ( "XID" = :XID0 )GROUP BY "GROUP_NAME"          
源信息：IIRS.Services.BDC.BdcPrintServices+<>c__DisplayClass6_0.<GetPersonList>b__0         
行　号：111         
-----------------------------------------------------------
