时　间：2021/04/13 09:58:51.925         
级　别：Debug         
模　块：IIRS.Services.BDC.BdcPrintServices         
消　息：SELECT  DISTINCT  "A"."SLBH" AS "SLBH" , "A"."XGZH" AS "XGZH" , "A"."BDCDYH" AS "BDCDYH" , "A"."BDBZZQSE" AS "BDBZQSE" , "A"."DYQX" AS "LXQX" , "A"."QT" AS "QT" , "A"."QLQSSJ" AS "QLQSRQ" , "A"."QLJSSJ" AS "QLJSRQ" , "A"."FJ" AS "FJ" , "A"."DJYY" AS "DJYY" , "C"."ZL" AS "ZL" , "A"."DYFS" AS "DYLX" , "C"."SJR" AS "SJR" , "C"."SJSJ" AS "SAVEDATE" , "D"."FW_JZMJ" AS "JZMJ" , "D"."TD_JZZDMJ" AS "TDMJ" , "D"."TD_DYTDMJ" AS "TDDYMJ" , "D"."TD_QLLX_ZWM" AS "QLLX" , "D"."TD_QLXZ_ZWMS" AS "QLXZ" , "D"."TD_TDYT_ZWMS" AS "TDYT" , "D"."FW_FWGHYT_ZWM" AS "GHYT" , "E"."BDCLX" AS "BDCLX" , "E"."TSTYBM" AS "TSTYBM"  FROM "DY_INFO" A  ,"REGISTRATION_INFO"  B ,"SJD_INFO"  C ,"QL_XG_INFO"  D ,"TSGL_INFO"  E  WHERE (((( "A"."XID" = "B"."XID" ) AND ( "B"."XID" = "C"."XID" )) AND ( "C"."XID" = "D"."XID" )) AND ( "D"."XID" = "E"."XID" ))  AND (( "A"."XID" = :XID0 ) AND ( "B"."NEXT_XID" IS NULL ))         
源信息：IIRS.Services.BDC.BdcPrintServices+<>c__DisplayClass10_0.<GeneralMrgeSqbPrint>b__0         
行　号：370         
-----------------------------------------------------------
时　间：2021/04/13 09:58:54.364         
级　别：Debug         
模　块：IIRS.Services.BDC.BdcPrintServices         
消　息：SELECT  WM_CONCAT(DISTINCT TO_CHAR(QLRMC)) AS "QLRMC" , WM_CONCAT(DISTINCT TO_CHAR(ZJHM)) AS "ZJHM" , WM_CONCAT(DISTINCT TO_CHAR(ZJLB_ZWM)) AS "ZJLB_ZWM"  FROM "QLRGL_INFO"  WHERE (( "QLRLX" = :QLRLX0 ) AND ( "XID" = :XID1 ))         
源信息：IIRS.Services.BDC.BdcPrintServices+<>c__DisplayClass6_0.<GetPersonList>b__0         
行　号：111         
-----------------------------------------------------------
时　间：2021/04/13 09:58:54.397         
级　别：Debug         
模　块：IIRS.Services.BDC.BdcPrintServices         
消　息：SELECT  WM_CONCAT(DISTINCT TO_CHAR(QLRMC)) AS "QLRMC" , WM_CONCAT(DISTINCT TO_CHAR(ZJHM)) AS "ZJHM" , WM_CONCAT(DISTINCT TO_CHAR(ZJLB_ZWM)) AS "ZJLB_ZWM"  FROM "QLRGL_INFO"  WHERE (( "QLRLX" = :QLRLX0 ) AND ( "XID" = :XID1 ))         
源信息：IIRS.Services.BDC.BdcPrintServices+<>c__DisplayClass6_0.<GetPersonList>b__0         
行　号：111         
-----------------------------------------------------------
时　间：2021/04/13 09:58:54.397         
级　别：Debug         
模　块：IIRS.Services.BDC.BdcPrintServices         
消　息：SELECT  WM_CONCAT(DISTINCT TO_CHAR(QLRMC)) AS "QLRMC" , WM_CONCAT(DISTINCT TO_CHAR(ZJHM)) AS "ZJHM" , WM_CONCAT(DISTINCT TO_CHAR(ZJLB_ZWM)) AS "ZJLB_ZWM"  FROM "QLRGL_INFO"  WHERE (( "QLRLX" = :QLRLX0 ) AND ( "XID" = :XID1 ))         
源信息：IIRS.Services.BDC.BdcPrintServices+<>c__DisplayClass6_0.<GetPersonList>b__0         
行　号：111         
-----------------------------------------------------------
时　间：2021/04/13 09:58:54.397         
级　别：Debug         
模　块：IIRS.Services.BDC.BdcPrintServices         
消　息：SELECT  WM_CONCAT(DISTINCT TO_CHAR(QLRMC)) AS "QLRMC" , WM_CONCAT(DISTINCT TO_CHAR(ZJHM)) AS "ZJHM" , WM_CONCAT(DISTINCT TO_CHAR(ZJLB_ZWM)) AS "ZJLB_ZWM"  FROM "QLRGL_INFO"  WHERE (( "QLRLX" = :QLRLX0 ) AND ( "XID" = :XID1 ))         
源信息：IIRS.Services.BDC.BdcPrintServices+<>c__DisplayClass6_0.<GetPersonList>b__0         
行　号：111         
-----------------------------------------------------------
时　间：2021/04/13 09:58:54.419         
级　别：Debug         
模　块：IIRS.Services.BDC.BdcPrintServices         
消　息：SELECT  "GROUP_NAME" AS "GROUP_NAME" , COUNT("GROUP_NAME") AS "COUNT"  FROM "PUB_ATT_FILE"  WHERE ( "XID" = :XID0 )GROUP BY "GROUP_NAME"          
源信息：IIRS.Services.BDC.BdcPrintServices+<>c__DisplayClass6_0.<GetPersonList>b__0         
行　号：111         
-----------------------------------------------------------
时　间：2021/04/13 10:32:58.638         
级　别：Debug         
模　块：IIRS.Services.BDC.BdcPrintServices         
消　息：SELECT  DISTINCT  "A"."SLBH" AS "SLBH" , "A"."XGZH" AS "XGZH" , "A"."BDCDYH" AS "BDCDYH" , "A"."BDBZZQSE" AS "BDBZQSE" , "A"."DYQX" AS "LXQX" , "A"."QT" AS "QT" , "A"."QLQSSJ" AS "QLQSRQ" , "A"."QLJSSJ" AS "QLJSRQ" , "A"."FJ" AS "FJ" , "A"."DJYY" AS "DJYY" , "C"."ZL" AS "ZL" , "A"."DYFS" AS "DYLX" , "C"."SJR" AS "SJR" , "C"."SJSJ" AS "SAVEDATE" , "D"."FW_JZMJ" AS "JZMJ" , "D"."TD_JZZDMJ" AS "TDMJ" , "D"."TD_DYTDMJ" AS "TDDYMJ" , "D"."TD_QLLX_ZWM" AS "QLLX" , "D"."TD_QLXZ_ZWMS" AS "QLXZ" , "D"."TD_TDYT_ZWMS" AS "TDYT" , "D"."FW_FWGHYT_ZWM" AS "GHYT" , "E"."BDCLX" AS "BDCLX" , "E"."TSTYBM" AS "TSTYBM"  FROM "DY_INFO" A  ,"REGISTRATION_INFO"  B ,"SJD_INFO"  C ,"QL_XG_INFO"  D ,"TSGL_INFO"  E  WHERE (((( "A"."XID" = "B"."XID" ) AND ( "B"."XID" = "C"."XID" )) AND ( "C"."XID" = "D"."XID" )) AND ( "D"."XID" = "E"."XID" ))  AND (( "A"."XID" = :XID0 ) AND ( "B"."NEXT_XID" IS NULL ))         
源信息：IIRS.Services.BDC.BdcPrintServices+<>c__DisplayClass10_0.<GeneralMrgeSqbPrint>b__0         
行　号：370         
-----------------------------------------------------------
时　间：2021/04/13 10:32:58.740         
级　别：Debug         
模　块：IIRS.Services.BDC.BdcPrintServices         
消　息：SELECT  WM_CONCAT(DISTINCT TO_CHAR(QLRMC)) AS "QLRMC" , WM_CONCAT(DISTINCT TO_CHAR(ZJHM)) AS "ZJHM" , WM_CONCAT(DISTINCT TO_CHAR(ZJLB_ZWM)) AS "ZJLB_ZWM"  FROM "QLRGL_INFO"  WHERE (( "QLRLX" = :QLRLX0 ) AND ( "XID" = :XID1 ))         
源信息：IIRS.Services.BDC.BdcPrintServices+<>c__DisplayClass6_0.<GetPersonList>b__0         
行　号：111         
-----------------------------------------------------------
时　间：2021/04/13 10:32:58.772         
级　别：Debug         
模　块：IIRS.Services.BDC.BdcPrintServices         
消　息：SELECT  WM_CONCAT(DISTINCT TO_CHAR(QLRMC)) AS "QLRMC" , WM_CONCAT(DISTINCT TO_CHAR(ZJHM)) AS "ZJHM" , WM_CONCAT(DISTINCT TO_CHAR(ZJLB_ZWM)) AS "ZJLB_ZWM"  FROM "QLRGL_INFO"  WHERE (( "QLRLX" = :QLRLX0 ) AND ( "XID" = :XID1 ))         
源信息：IIRS.Services.BDC.BdcPrintServices+<>c__DisplayClass6_0.<GetPersonList>b__0         
行　号：111         
-----------------------------------------------------------
时　间：2021/04/13 10:32:58.772         
级　别：Debug         
模　块：IIRS.Services.BDC.BdcPrintServices         
消　息：SELECT  WM_CONCAT(DISTINCT TO_CHAR(QLRMC)) AS "QLRMC" , WM_CONCAT(DISTINCT TO_CHAR(ZJHM)) AS "ZJHM" , WM_CONCAT(DISTINCT TO_CHAR(ZJLB_ZWM)) AS "ZJLB_ZWM"  FROM "QLRGL_INFO"  WHERE (( "QLRLX" = :QLRLX0 ) AND ( "XID" = :XID1 ))         
源信息：IIRS.Services.BDC.BdcPrintServices+<>c__DisplayClass6_0.<GetPersonList>b__0         
行　号：111         
-----------------------------------------------------------
时　间：2021/04/13 10:32:58.772         
级　别：Debug         
模　块：IIRS.Services.BDC.BdcPrintServices         
消　息：SELECT  WM_CONCAT(DISTINCT TO_CHAR(QLRMC)) AS "QLRMC" , WM_CONCAT(DISTINCT TO_CHAR(ZJHM)) AS "ZJHM" , WM_CONCAT(DISTINCT TO_CHAR(ZJLB_ZWM)) AS "ZJLB_ZWM"  FROM "QLRGL_INFO"  WHERE (( "QLRLX" = :QLRLX0 ) AND ( "XID" = :XID1 ))         
源信息：IIRS.Services.BDC.BdcPrintServices+<>c__DisplayClass6_0.<GetPersonList>b__0         
行　号：111         
-----------------------------------------------------------
时　间：2021/04/13 10:32:58.801         
级　别：Debug         
模　块：IIRS.Services.BDC.BdcPrintServices         
消　息：SELECT  "GROUP_NAME" AS "GROUP_NAME" , COUNT("GROUP_NAME") AS "COUNT"  FROM "PUB_ATT_FILE"  WHERE ( "XID" = :XID0 )GROUP BY "GROUP_NAME"          
源信息：IIRS.Services.BDC.BdcPrintServices+<>c__DisplayClass6_0.<GetPersonList>b__0         
行　号：111         
-----------------------------------------------------------
时　间：2021/04/13 10:34:30.990         
级　别：Debug         
模　块：IIRS.Services.BDC.BdcPrintServices         
消　息：SELECT  DISTINCT  "A"."SLBH" AS "SLBH" , "A"."XGZH" AS "XGZH" , "A"."BDCDYH" AS "BDCDYH" , "A"."BDBZZQSE" AS "BDBZQSE" , "A"."DYQX" AS "LXQX" , "A"."QT" AS "QT" , "A"."QLQSSJ" AS "QLQSRQ" , "A"."QLJSSJ" AS "QLJSRQ" , "A"."FJ" AS "FJ" , "A"."DJYY" AS "DJYY" , "C"."ZL" AS "ZL" , "A"."DYFS" AS "DYLX" , "C"."SJR" AS "SJR" , "C"."SJSJ" AS "SAVEDATE" , "D"."FW_JZMJ" AS "JZMJ" , "D"."TD_JZZDMJ" AS "TDMJ" , "D"."TD_DYTDMJ" AS "TDDYMJ" , "D"."TD_QLLX_ZWM" AS "QLLX" , "D"."TD_QLXZ_ZWMS" AS "QLXZ" , "D"."TD_TDYT_ZWMS" AS "TDYT" , "D"."FW_FWGHYT_ZWM" AS "GHYT" , "E"."BDCLX" AS "BDCLX" , "E"."TSTYBM" AS "TSTYBM"  FROM "DY_INFO" A  ,"REGISTRATION_INFO"  B ,"SJD_INFO"  C ,"QL_XG_INFO"  D ,"TSGL_INFO"  E  WHERE (((( "A"."XID" = "B"."XID" ) AND ( "B"."XID" = "C"."XID" )) AND ( "C"."XID" = "D"."XID" )) AND ( "D"."XID" = "E"."XID" ))  AND (( "A"."XID" = :XID0 ) AND ( "B"."NEXT_XID" IS NULL ))         
源信息：IIRS.Services.BDC.BdcPrintServices+<>c__DisplayClass10_0.<GeneralMrgeSqbPrint>b__0         
行　号：370         
-----------------------------------------------------------
时　间：2021/04/13 10:34:34.740         
级　别：Debug         
模　块：IIRS.Services.BDC.BdcPrintServices         
消　息：SELECT  WM_CONCAT(DISTINCT TO_CHAR(QLRMC)) AS "QLRMC" , WM_CONCAT(DISTINCT TO_CHAR(ZJHM)) AS "ZJHM" , WM_CONCAT(DISTINCT TO_CHAR(ZJLB_ZWM)) AS "ZJLB_ZWM"  FROM "QLRGL_INFO"  WHERE (( "QLRLX" = :QLRLX0 ) AND ( "XID" = :XID1 ))         
源信息：IIRS.Services.BDC.BdcPrintServices+<>c__DisplayClass6_0.<GetPersonList>b__0         
行　号：111         
-----------------------------------------------------------
时　间：2021/04/13 10:34:34.923         
级　别：Debug         
模　块：IIRS.Services.BDC.BdcPrintServices         
消　息：SELECT  WM_CONCAT(DISTINCT TO_CHAR(QLRMC)) AS "QLRMC" , WM_CONCAT(DISTINCT TO_CHAR(ZJHM)) AS "ZJHM" , WM_CONCAT(DISTINCT TO_CHAR(ZJLB_ZWM)) AS "ZJLB_ZWM"  FROM "QLRGL_INFO"  WHERE (( "QLRLX" = :QLRLX0 ) AND ( "XID" = :XID1 ))         
源信息：IIRS.Services.BDC.BdcPrintServices+<>c__DisplayClass6_0.<GetPersonList>b__0         
行　号：111         
-----------------------------------------------------------
时　间：2021/04/13 10:34:34.928         
级　别：Debug         
模　块：IIRS.Services.BDC.BdcPrintServices         
消　息：SELECT  WM_CONCAT(DISTINCT TO_CHAR(QLRMC)) AS "QLRMC" , WM_CONCAT(DISTINCT TO_CHAR(ZJHM)) AS "ZJHM" , WM_CONCAT(DISTINCT TO_CHAR(ZJLB_ZWM)) AS "ZJLB_ZWM"  FROM "QLRGL_INFO"  WHERE (( "QLRLX" = :QLRLX0 ) AND ( "XID" = :XID1 ))         
源信息：IIRS.Services.BDC.BdcPrintServices+<>c__DisplayClass6_0.<GetPersonList>b__0         
行　号：111         
-----------------------------------------------------------
时　间：2021/04/13 10:34:34.928         
级　别：Debug         
模　块：IIRS.Services.BDC.BdcPrintServices         
消　息：SELECT  WM_CONCAT(DISTINCT TO_CHAR(QLRMC)) AS "QLRMC" , WM_CONCAT(DISTINCT TO_CHAR(ZJHM)) AS "ZJHM" , WM_CONCAT(DISTINCT TO_CHAR(ZJLB_ZWM)) AS "ZJLB_ZWM"  FROM "QLRGL_INFO"  WHERE (( "QLRLX" = :QLRLX0 ) AND ( "XID" = :XID1 ))         
源信息：IIRS.Services.BDC.BdcPrintServices+<>c__DisplayClass6_0.<GetPersonList>b__0         
行　号：111         
-----------------------------------------------------------
时　间：2021/04/13 10:34:34.949         
级　别：Debug         
模　块：IIRS.Services.BDC.BdcPrintServices         
消　息：SELECT  "GROUP_NAME" AS "GROUP_NAME" , COUNT("GROUP_NAME") AS "COUNT"  FROM "PUB_ATT_FILE"  WHERE ( "XID" = :XID0 )GROUP BY "GROUP_NAME"          
源信息：IIRS.Services.BDC.BdcPrintServices+<>c__DisplayClass6_0.<GetPersonList>b__0         
行　号：111         
-----------------------------------------------------------
时　间：2021/04/13 10:35:57.205         
级　别：Debug         
模　块：IIRS.Services.BDC.BdcPrintServices         
消　息：SELECT  DISTINCT  "A"."SLBH" AS "SLBH" , "A"."XGZH" AS "XGZH" , "A"."BDCDYH" AS "BDCDYH" , "A"."BDBZZQSE" AS "BDBZQSE" , "A"."DYQX" AS "LXQX" , "A"."QT" AS "QT" , "A"."QLQSSJ" AS "QLQSRQ" , "A"."QLJSSJ" AS "QLJSRQ" , "A"."FJ" AS "FJ" , "A"."DJYY" AS "DJYY" , "C"."ZL" AS "ZL" , "A"."DYFS" AS "DYLX" , "C"."SJR" AS "SJR" , "C"."SJSJ" AS "SAVEDATE" , "D"."FW_JZMJ" AS "JZMJ" , "D"."TD_JZZDMJ" AS "TDMJ" , "D"."TD_DYTDMJ" AS "TDDYMJ" , "D"."TD_QLLX_ZWM" AS "QLLX" , "D"."TD_QLXZ_ZWMS" AS "QLXZ" , "D"."TD_TDYT_ZWMS" AS "TDYT" , "D"."FW_FWGHYT_ZWM" AS "GHYT" , "E"."BDCLX" AS "BDCLX" , "E"."TSTYBM" AS "TSTYBM"  FROM "DY_INFO" A  ,"REGISTRATION_INFO"  B ,"SJD_INFO"  C ,"QL_XG_INFO"  D ,"TSGL_INFO"  E  WHERE (((( "A"."XID" = "B"."XID" ) AND ( "B"."XID" = "C"."XID" )) AND ( "C"."XID" = "D"."XID" )) AND ( "D"."XID" = "E"."XID" ))  AND (( "A"."XID" = :XID0 ) AND ( "B"."NEXT_XID" IS NULL ))         
源信息：IIRS.Services.BDC.BdcPrintServices+<>c__DisplayClass10_0.<GeneralMrgeSqbPrint>b__0         
行　号：370         
-----------------------------------------------------------
时　间：2021/04/13 10:36:04.510         
级　别：Debug         
模　块：IIRS.Services.BDC.BdcPrintServices         
消　息：SELECT  WM_CONCAT(DISTINCT TO_CHAR(QLRMC)) AS "QLRMC" , WM_CONCAT(DISTINCT TO_CHAR(ZJHM)) AS "ZJHM" , WM_CONCAT(DISTINCT TO_CHAR(ZJLB_ZWM)) AS "ZJLB_ZWM"  FROM "QLRGL_INFO"  WHERE (( "QLRLX" = :QLRLX0 ) AND ( "XID" = :XID1 ))         
源信息：IIRS.Services.BDC.BdcPrintServices+<>c__DisplayClass6_0.<GetPersonList>b__0         
行　号：111         
-----------------------------------------------------------
时　间：2021/04/13 10:36:05.340         
级　别：Debug         
模　块：IIRS.Services.BDC.BdcPrintServices         
消　息：SELECT  WM_CONCAT(DISTINCT TO_CHAR(QLRMC)) AS "QLRMC" , WM_CONCAT(DISTINCT TO_CHAR(ZJHM)) AS "ZJHM" , WM_CONCAT(DISTINCT TO_CHAR(ZJLB_ZWM)) AS "ZJLB_ZWM"  FROM "QLRGL_INFO"  WHERE (( "QLRLX" = :QLRLX0 ) AND ( "XID" = :XID1 ))         
源信息：IIRS.Services.BDC.BdcPrintServices+<>c__DisplayClass6_0.<GetPersonList>b__0         
行　号：111         
-----------------------------------------------------------
时　间：2021/04/13 10:36:05.340         
级　别：Debug         
模　块：IIRS.Services.BDC.BdcPrintServices         
消　息：SELECT  WM_CONCAT(DISTINCT TO_CHAR(QLRMC)) AS "QLRMC" , WM_CONCAT(DISTINCT TO_CHAR(ZJHM)) AS "ZJHM" , WM_CONCAT(DISTINCT TO_CHAR(ZJLB_ZWM)) AS "ZJLB_ZWM"  FROM "QLRGL_INFO"  WHERE (( "QLRLX" = :QLRLX0 ) AND ( "XID" = :XID1 ))         
源信息：IIRS.Services.BDC.BdcPrintServices+<>c__DisplayClass6_0.<GetPersonList>b__0         
行　号：111         
-----------------------------------------------------------
时　间：2021/04/13 10:36:05.475         
级　别：Debug         
模　块：IIRS.Services.BDC.BdcPrintServices         
消　息：SELECT  WM_CONCAT(DISTINCT TO_CHAR(QLRMC)) AS "QLRMC" , WM_CONCAT(DISTINCT TO_CHAR(ZJHM)) AS "ZJHM" , WM_CONCAT(DISTINCT TO_CHAR(ZJLB_ZWM)) AS "ZJLB_ZWM"  FROM "QLRGL_INFO"  WHERE (( "QLRLX" = :QLRLX0 ) AND ( "XID" = :XID1 ))         
源信息：IIRS.Services.BDC.BdcPrintServices+<>c__DisplayClass6_0.<GetPersonList>b__0         
行　号：111         
-----------------------------------------------------------
时　间：2021/04/13 10:36:05.487         
级　别：Debug         
模　块：IIRS.Services.BDC.BdcPrintServices         
消　息：SELECT  "GROUP_NAME" AS "GROUP_NAME" , COUNT("GROUP_NAME") AS "COUNT"  FROM "PUB_ATT_FILE"  WHERE ( "XID" = :XID0 )GROUP BY "GROUP_NAME"          
源信息：IIRS.Services.BDC.BdcPrintServices+<>c__DisplayClass6_0.<GetPersonList>b__0         
行　号：111         
-----------------------------------------------------------
时　间：2021/04/13 10:37:33.199         
级　别：Debug         
模　块：IIRS.Services.BDC.BdcPrintServices         
消　息：SELECT  DISTINCT  "A"."SLBH" AS "SLBH" , "A"."XGZH" AS "XGZH" , "A"."BDCDYH" AS "BDCDYH" , "A"."BDBZZQSE" AS "BDBZQSE" , "A"."DYQX" AS "LXQX" , "A"."QT" AS "QT" , "A"."QLQSSJ" AS "QLQSRQ" , "A"."QLJSSJ" AS "QLJSRQ" , "A"."FJ" AS "FJ" , "A"."DJYY" AS "DJYY" , "C"."ZL" AS "ZL" , "A"."DYFS" AS "DYLX" , "C"."SJR" AS "SJR" , "C"."SJSJ" AS "SAVEDATE" , "D"."FW_JZMJ" AS "JZMJ" , "D"."TD_JZZDMJ" AS "TDMJ" , "D"."TD_DYTDMJ" AS "TDDYMJ" , "D"."TD_QLLX_ZWM" AS "QLLX" , "D"."TD_QLXZ_ZWMS" AS "QLXZ" , "D"."TD_TDYT_ZWMS" AS "TDYT" , "D"."FW_FWGHYT_ZWM" AS "GHYT" , "E"."BDCLX" AS "BDCLX" , "E"."TSTYBM" AS "TSTYBM"  FROM "DY_INFO" A  ,"REGISTRATION_INFO"  B ,"SJD_INFO"  C ,"QL_XG_INFO"  D ,"TSGL_INFO"  E  WHERE (((( "A"."XID" = "B"."XID" ) AND ( "B"."XID" = "C"."XID" )) AND ( "C"."XID" = "D"."XID" )) AND ( "D"."XID" = "E"."XID" ))  AND (( "A"."XID" = :XID0 ) AND ( "B"."NEXT_XID" IS NULL ))         
源信息：IIRS.Services.BDC.BdcPrintServices+<>c__DisplayClass10_0.<GeneralMrgeSqbPrint>b__0         
行　号：370         
-----------------------------------------------------------
时　间：2021/04/13 10:37:35.546         
级　别：Debug         
模　块：IIRS.Services.BDC.BdcPrintServices         
消　息：SELECT  WM_CONCAT(DISTINCT TO_CHAR(QLRMC)) AS "QLRMC" , WM_CONCAT(DISTINCT TO_CHAR(ZJHM)) AS "ZJHM" , WM_CONCAT(DISTINCT TO_CHAR(ZJLB_ZWM)) AS "ZJLB_ZWM"  FROM "QLRGL_INFO"  WHERE (( "QLRLX" = :QLRLX0 ) AND ( "XID" = :XID1 ))         
源信息：IIRS.Services.BDC.BdcPrintServices+<>c__DisplayClass6_0.<GetPersonList>b__0         
行　号：111         
-----------------------------------------------------------
时　间：2021/04/13 10:37:35.711         
级　别：Debug         
模　块：IIRS.Services.BDC.BdcPrintServices         
消　息：SELECT  WM_CONCAT(DISTINCT TO_CHAR(QLRMC)) AS "QLRMC" , WM_CONCAT(DISTINCT TO_CHAR(ZJHM)) AS "ZJHM" , WM_CONCAT(DISTINCT TO_CHAR(ZJLB_ZWM)) AS "ZJLB_ZWM"  FROM "QLRGL_INFO"  WHERE (( "QLRLX" = :QLRLX0 ) AND ( "XID" = :XID1 ))         
源信息：IIRS.Services.BDC.BdcPrintServices+<>c__DisplayClass6_0.<GetPersonList>b__0         
行　号：111         
-----------------------------------------------------------
时　间：2021/04/13 10:37:35.711         
级　别：Debug         
模　块：IIRS.Services.BDC.BdcPrintServices         
消　息：SELECT  WM_CONCAT(DISTINCT TO_CHAR(QLRMC)) AS "QLRMC" , WM_CONCAT(DISTINCT TO_CHAR(ZJHM)) AS "ZJHM" , WM_CONCAT(DISTINCT TO_CHAR(ZJLB_ZWM)) AS "ZJLB_ZWM"  FROM "QLRGL_INFO"  WHERE (( "QLRLX" = :QLRLX0 ) AND ( "XID" = :XID1 ))         
源信息：IIRS.Services.BDC.BdcPrintServices+<>c__DisplayClass6_0.<GetPersonList>b__0         
行　号：111         
-----------------------------------------------------------
时　间：2021/04/13 10:37:35.723         
级　别：Debug         
模　块：IIRS.Services.BDC.BdcPrintServices         
消　息：SELECT  WM_CONCAT(DISTINCT TO_CHAR(QLRMC)) AS "QLRMC" , WM_CONCAT(DISTINCT TO_CHAR(ZJHM)) AS "ZJHM" , WM_CONCAT(DISTINCT TO_CHAR(ZJLB_ZWM)) AS "ZJLB_ZWM"  FROM "QLRGL_INFO"  WHERE (( "QLRLX" = :QLRLX0 ) AND ( "XID" = :XID1 ))         
源信息：IIRS.Services.BDC.BdcPrintServices+<>c__DisplayClass6_0.<GetPersonList>b__0         
行　号：111         
-----------------------------------------------------------
时　间：2021/04/13 10:37:35.723         
级　别：Debug         
模　块：IIRS.Services.BDC.BdcPrintServices         
消　息：SELECT  "GROUP_NAME" AS "GROUP_NAME" , COUNT("GROUP_NAME") AS "COUNT"  FROM "PUB_ATT_FILE"  WHERE ( "XID" = :XID0 )GROUP BY "GROUP_NAME"          
源信息：IIRS.Services.BDC.BdcPrintServices+<>c__DisplayClass6_0.<GetPersonList>b__0         
行　号：111         
-----------------------------------------------------------
时　间：2021/04/13 10:43:09.667         
级　别：Debug         
模　块：IIRS.Services.BDC.BdcPrintServices         
消　息：SELECT  DISTINCT  "A"."SLBH" AS "SLBH" , "A"."XGZH" AS "XGZH" , "A"."BDCDYH" AS "BDCDYH" , "A"."BDBZZQSE" AS "BDBZQSE" , "A"."DYQX" AS "LXQX" , "A"."QT" AS "QT" , "A"."QLQSSJ" AS "QLQSRQ" , "A"."QLJSSJ" AS "QLJSRQ" , "A"."FJ" AS "FJ" , "A"."DJYY" AS "DJYY" , "C"."ZL" AS "ZL" , "A"."DYFS" AS "DYLX" , "C"."SJR" AS "SJR" , "C"."SJSJ" AS "SAVEDATE" , "D"."FW_JZMJ" AS "JZMJ" , "D"."TD_JZZDMJ" AS "TDMJ" , "D"."TD_DYTDMJ" AS "TDDYMJ" , "D"."TD_QLLX_ZWM" AS "QLLX" , "D"."TD_QLXZ_ZWMS" AS "QLXZ" , "D"."TD_TDYT_ZWMS" AS "TDYT" , "D"."FW_FWGHYT_ZWM" AS "GHYT" , "E"."BDCLX" AS "BDCLX" , "E"."TSTYBM" AS "TSTYBM"  FROM "DY_INFO" A  ,"REGISTRATION_INFO"  B ,"SJD_INFO"  C ,"QL_XG_INFO"  D ,"TSGL_INFO"  E  WHERE (((( "A"."XID" = "B"."XID" ) AND ( "B"."XID" = "C"."XID" )) AND ( "C"."XID" = "D"."XID" )) AND ( "D"."XID" = "E"."XID" ))  AND (( "A"."XID" = :XID0 ) AND ( "B"."NEXT_XID" IS NULL ))         
源信息：IIRS.Services.BDC.BdcPrintServices+<>c__DisplayClass10_0.<GeneralMrgeSqbPrint>b__0         
行　号：370         
-----------------------------------------------------------
时　间：2021/04/13 10:43:12.560         
级　别：Debug         
模　块：IIRS.Services.BDC.BdcPrintServices         
消　息：SELECT  WM_CONCAT(DISTINCT TO_CHAR(QLRMC)) AS "QLRMC" , WM_CONCAT(DISTINCT TO_CHAR(ZJHM)) AS "ZJHM" , WM_CONCAT(DISTINCT TO_CHAR(ZJLB_ZWM)) AS "ZJLB_ZWM"  FROM "QLRGL_INFO"  WHERE (( "QLRLX" = :QLRLX0 ) AND ( "XID" = :XID1 ))         
源信息：IIRS.Services.BDC.BdcPrintServices+<>c__DisplayClass6_0.<GetPersonList>b__0         
行　号：111         
-----------------------------------------------------------
时　间：2021/04/13 10:43:12.736         
级　别：Debug         
模　块：IIRS.Services.BDC.BdcPrintServices         
消　息：SELECT  WM_CONCAT(DISTINCT TO_CHAR(QLRMC)) AS "QLRMC" , WM_CONCAT(DISTINCT TO_CHAR(ZJHM)) AS "ZJHM" , WM_CONCAT(DISTINCT TO_CHAR(ZJLB_ZWM)) AS "ZJLB_ZWM"  FROM "QLRGL_INFO"  WHERE (( "QLRLX" = :QLRLX0 ) AND ( "XID" = :XID1 ))         
源信息：IIRS.Services.BDC.BdcPrintServices+<>c__DisplayClass6_0.<GetPersonList>b__0         
行　号：111         
-----------------------------------------------------------
时　间：2021/04/13 10:43:12.736         
级　别：Debug         
模　块：IIRS.Services.BDC.BdcPrintServices         
消　息：SELECT  WM_CONCAT(DISTINCT TO_CHAR(QLRMC)) AS "QLRMC" , WM_CONCAT(DISTINCT TO_CHAR(ZJHM)) AS "ZJHM" , WM_CONCAT(DISTINCT TO_CHAR(ZJLB_ZWM)) AS "ZJLB_ZWM"  FROM "QLRGL_INFO"  WHERE (( "QLRLX" = :QLRLX0 ) AND ( "XID" = :XID1 ))         
源信息：IIRS.Services.BDC.BdcPrintServices+<>c__DisplayClass6_0.<GetPersonList>b__0         
行　号：111         
-----------------------------------------------------------
时　间：2021/04/13 10:43:12.736         
级　别：Debug         
模　块：IIRS.Services.BDC.BdcPrintServices         
消　息：SELECT  WM_CONCAT(DISTINCT TO_CHAR(QLRMC)) AS "QLRMC" , WM_CONCAT(DISTINCT TO_CHAR(ZJHM)) AS "ZJHM" , WM_CONCAT(DISTINCT TO_CHAR(ZJLB_ZWM)) AS "ZJLB_ZWM"  FROM "QLRGL_INFO"  WHERE (( "QLRLX" = :QLRLX0 ) AND ( "XID" = :XID1 ))         
源信息：IIRS.Services.BDC.BdcPrintServices+<>c__DisplayClass6_0.<GetPersonList>b__0         
行　号：111         
-----------------------------------------------------------
时　间：2021/04/13 10:43:12.760         
级　别：Debug         
模　块：IIRS.Services.BDC.BdcPrintServices         
消　息：SELECT  "GROUP_NAME" AS "GROUP_NAME" , COUNT("GROUP_NAME") AS "COUNT"  FROM "PUB_ATT_FILE"  WHERE ( "XID" = :XID0 )GROUP BY "GROUP_NAME"          
源信息：IIRS.Services.BDC.BdcPrintServices+<>c__DisplayClass6_0.<GetPersonList>b__0         
行　号：111         
-----------------------------------------------------------
时　间：2021/04/13 10:56:00.238         
级　别：Debug         
模　块：IIRS.Services.BDC.BdcPrintServices         
消　息：SELECT  DISTINCT  "A"."SLBH" AS "SLBH" , "A"."XGZH" AS "XGZH" , "A"."BDCDYH" AS "BDCDYH" , "A"."BDBZZQSE" AS "BDBZQSE" , "A"."DYQX" AS "LXQX" , "A"."QT" AS "QT" , "A"."QLQSSJ" AS "QLQSRQ" , "A"."QLJSSJ" AS "QLJSRQ" , "A"."FJ" AS "FJ" , "A"."DJYY" AS "DJYY" , "C"."ZL" AS "ZL" , "A"."DYFS" AS "DYLX" , "C"."SJR" AS "SJR" , "C"."SJSJ" AS "SAVEDATE" , "D"."FW_JZMJ" AS "JZMJ" , "D"."TD_JZZDMJ" AS "TDMJ" , "D"."TD_DYTDMJ" AS "TDDYMJ" , "D"."TD_QLLX_ZWM" AS "QLLX" , "D"."TD_QLXZ_ZWMS" AS "QLXZ" , "D"."TD_TDYT_ZWMS" AS "TDYT" , "D"."FW_FWGHYT_ZWM" AS "GHYT" , "E"."BDCLX" AS "BDCLX" , "E"."TSTYBM" AS "TSTYBM"  FROM "DY_INFO" A  ,"REGISTRATION_INFO"  B ,"SJD_INFO"  C ,"QL_XG_INFO"  D ,"TSGL_INFO"  E  WHERE (((( "A"."XID" = "B"."XID" ) AND ( "B"."XID" = "C"."XID" )) AND ( "C"."XID" = "D"."XID" )) AND ( "D"."XID" = "E"."XID" ))  AND (( "A"."XID" = :XID0 ) AND ( "B"."NEXT_XID" IS NULL ))         
源信息：IIRS.Services.BDC.BdcPrintServices+<>c__DisplayClass10_0.<GeneralMrgeSqbPrint>b__0         
行　号：370         
-----------------------------------------------------------
时　间：2021/04/13 10:56:07.656         
级　别：Debug         
模　块：IIRS.Services.BDC.BdcPrintServices         
消　息：SELECT  WM_CONCAT(DISTINCT TO_CHAR(QLRMC)) AS "QLRMC" , WM_CONCAT(DISTINCT TO_CHAR(ZJHM)) AS "ZJHM" , WM_CONCAT(DISTINCT TO_CHAR(ZJLB_ZWM)) AS "ZJLB_ZWM"  FROM "QLRGL_INFO"  WHERE (( "QLRLX" = :QLRLX0 ) AND ( "XID" = :XID1 ))         
源信息：IIRS.Services.BDC.BdcPrintServices+<>c__DisplayClass6_0.<GetPersonList>b__0         
行　号：111         
-----------------------------------------------------------
时　间：2021/04/13 10:56:07.819         
级　别：Debug         
模　块：IIRS.Services.BDC.BdcPrintServices         
消　息：SELECT  WM_CONCAT(DISTINCT TO_CHAR(QLRMC)) AS "QLRMC" , WM_CONCAT(DISTINCT TO_CHAR(ZJHM)) AS "ZJHM" , WM_CONCAT(DISTINCT TO_CHAR(ZJLB_ZWM)) AS "ZJLB_ZWM"  FROM "QLRGL_INFO"  WHERE (( "QLRLX" = :QLRLX0 ) AND ( "XID" = :XID1 ))         
源信息：IIRS.Services.BDC.BdcPrintServices+<>c__DisplayClass6_0.<GetPersonList>b__0         
行　号：111         
-----------------------------------------------------------
时　间：2021/04/13 10:56:07.819         
级　别：Debug         
模　块：IIRS.Services.BDC.BdcPrintServices         
消　息：SELECT  WM_CONCAT(DISTINCT TO_CHAR(QLRMC)) AS "QLRMC" , WM_CONCAT(DISTINCT TO_CHAR(ZJHM)) AS "ZJHM" , WM_CONCAT(DISTINCT TO_CHAR(ZJLB_ZWM)) AS "ZJLB_ZWM"  FROM "QLRGL_INFO"  WHERE (( "QLRLX" = :QLRLX0 ) AND ( "XID" = :XID1 ))         
源信息：IIRS.Services.BDC.BdcPrintServices+<>c__DisplayClass6_0.<GetPersonList>b__0         
行　号：111         
-----------------------------------------------------------
时　间：2021/04/13 10:56:07.830         
级　别：Debug         
模　块：IIRS.Services.BDC.BdcPrintServices         
消　息：SELECT  WM_CONCAT(DISTINCT TO_CHAR(QLRMC)) AS "QLRMC" , WM_CONCAT(DISTINCT TO_CHAR(ZJHM)) AS "ZJHM" , WM_CONCAT(DISTINCT TO_CHAR(ZJLB_ZWM)) AS "ZJLB_ZWM"  FROM "QLRGL_INFO"  WHERE (( "QLRLX" = :QLRLX0 ) AND ( "XID" = :XID1 ))         
源信息：IIRS.Services.BDC.BdcPrintServices+<>c__DisplayClass6_0.<GetPersonList>b__0         
行　号：111         
-----------------------------------------------------------
时　间：2021/04/13 10:56:07.830         
级　别：Debug         
模　块：IIRS.Services.BDC.BdcPrintServices         
消　息：SELECT  "GROUP_NAME" AS "GROUP_NAME" , COUNT("GROUP_NAME") AS "COUNT"  FROM "PUB_ATT_FILE"  WHERE ( "XID" = :XID0 )GROUP BY "GROUP_NAME"          
源信息：IIRS.Services.BDC.BdcPrintServices+<>c__DisplayClass6_0.<GetPersonList>b__0         
行　号：111         
-----------------------------------------------------------
时　间：2021/04/13 10:59:14.553         
级　别：Debug         
模　块：IIRS.Services.BDC.BdcPrintServices         
消　息：SELECT  DISTINCT  "A"."SLBH" AS "SLBH" , "A"."XGZH" AS "XGZH" , "A"."BDCDYH" AS "BDCDYH" , "A"."BDBZZQSE" AS "BDBZQSE" , "A"."DYQX" AS "LXQX" , "A"."QT" AS "QT" , "A"."QLQSSJ" AS "QLQSRQ" , "A"."QLJSSJ" AS "QLJSRQ" , "A"."FJ" AS "FJ" , "A"."DJYY" AS "DJYY" , "C"."ZL" AS "ZL" , "A"."DYFS" AS "DYLX" , "C"."SJR" AS "SJR" , "C"."SJSJ" AS "SAVEDATE" , "D"."FW_JZMJ" AS "JZMJ" , "D"."TD_JZZDMJ" AS "TDMJ" , "D"."TD_DYTDMJ" AS "TDDYMJ" , "D"."TD_QLLX_ZWM" AS "QLLX" , "D"."TD_QLXZ_ZWMS" AS "QLXZ" , "D"."TD_TDYT_ZWMS" AS "TDYT" , "D"."FW_FWGHYT_ZWM" AS "GHYT" , "E"."BDCLX" AS "BDCLX" , "E"."TSTYBM" AS "TSTYBM"  FROM "DY_INFO" A  ,"REGISTRATION_INFO"  B ,"SJD_INFO"  C ,"QL_XG_INFO"  D ,"TSGL_INFO"  E  WHERE (((( "A"."XID" = "B"."XID" ) AND ( "B"."XID" = "C"."XID" )) AND ( "C"."XID" = "D"."XID" )) AND ( "D"."XID" = "E"."XID" ))  AND (( "A"."XID" = :XID0 ) AND ( "B"."NEXT_XID" IS NULL ))         
源信息：IIRS.Services.BDC.BdcPrintServices+<>c__DisplayClass10_0.<GeneralMrgeSqbPrint>b__0         
行　号：370         
-----------------------------------------------------------
时　间：2021/04/13 10:59:17.011         
级　别：Debug         
模　块：IIRS.Services.BDC.BdcPrintServices         
消　息：SELECT  WM_CONCAT(DISTINCT TO_CHAR(QLRMC)) AS "QLRMC" , WM_CONCAT(DISTINCT TO_CHAR(ZJHM)) AS "ZJHM" , WM_CONCAT(DISTINCT TO_CHAR(ZJLB_ZWM)) AS "ZJLB_ZWM"  FROM "QLRGL_INFO"  WHERE (( "QLRLX" = :QLRLX0 ) AND ( "XID" = :XID1 ))         
源信息：IIRS.Services.BDC.BdcPrintServices+<>c__DisplayClass6_0.<GetPersonList>b__0         
行　号：111         
-----------------------------------------------------------
时　间：2021/04/13 10:59:17.171         
级　别：Debug         
模　块：IIRS.Services.BDC.BdcPrintServices         
消　息：SELECT  WM_CONCAT(DISTINCT TO_CHAR(QLRMC)) AS "QLRMC" , WM_CONCAT(DISTINCT TO_CHAR(ZJHM)) AS "ZJHM" , WM_CONCAT(DISTINCT TO_CHAR(ZJLB_ZWM)) AS "ZJLB_ZWM"  FROM "QLRGL_INFO"  WHERE (( "QLRLX" = :QLRLX0 ) AND ( "XID" = :XID1 ))         
源信息：IIRS.Services.BDC.BdcPrintServices+<>c__DisplayClass6_0.<GetPersonList>b__0         
行　号：111         
-----------------------------------------------------------
时　间：2021/04/13 10:59:17.176         
级　别：Debug         
模　块：IIRS.Services.BDC.BdcPrintServices         
消　息：SELECT  WM_CONCAT(DISTINCT TO_CHAR(QLRMC)) AS "QLRMC" , WM_CONCAT(DISTINCT TO_CHAR(ZJHM)) AS "ZJHM" , WM_CONCAT(DISTINCT TO_CHAR(ZJLB_ZWM)) AS "ZJLB_ZWM"  FROM "QLRGL_INFO"  WHERE (( "QLRLX" = :QLRLX0 ) AND ( "XID" = :XID1 ))         
源信息：IIRS.Services.BDC.BdcPrintServices+<>c__DisplayClass6_0.<GetPersonList>b__0         
行　号：111         
-----------------------------------------------------------
时　间：2021/04/13 10:59:17.176         
级　别：Debug         
模　块：IIRS.Services.BDC.BdcPrintServices         
消　息：SELECT  WM_CONCAT(DISTINCT TO_CHAR(QLRMC)) AS "QLRMC" , WM_CONCAT(DISTINCT TO_CHAR(ZJHM)) AS "ZJHM" , WM_CONCAT(DISTINCT TO_CHAR(ZJLB_ZWM)) AS "ZJLB_ZWM"  FROM "QLRGL_INFO"  WHERE (( "QLRLX" = :QLRLX0 ) AND ( "XID" = :XID1 ))         
源信息：IIRS.Services.BDC.BdcPrintServices+<>c__DisplayClass6_0.<GetPersonList>b__0         
行　号：111         
-----------------------------------------------------------
时　间：2021/04/13 10:59:17.193         
级　别：Debug         
模　块：IIRS.Services.BDC.BdcPrintServices         
消　息：SELECT  "GROUP_NAME" AS "GROUP_NAME" , COUNT("GROUP_NAME") AS "COUNT"  FROM "PUB_ATT_FILE"  WHERE ( "XID" = :XID0 )GROUP BY "GROUP_NAME"          
源信息：IIRS.Services.BDC.BdcPrintServices+<>c__DisplayClass6_0.<GetPersonList>b__0         
行　号：111         
-----------------------------------------------------------
时　间：2021/04/13 11:02:25.318         
级　别：Debug         
模　块：IIRS.Services.BDC.BdcPrintServices         
消　息：SELECT  DISTINCT  "A"."SLBH" AS "SLBH" , "A"."XGZH" AS "XGZH" , "A"."BDCDYH" AS "BDCDYH" , "A"."BDBZZQSE" AS "BDBZQSE" , "A"."DYQX" AS "LXQX" , "A"."QT" AS "QT" , "A"."QLQSSJ" AS "QLQSRQ" , "A"."QLJSSJ" AS "QLJSRQ" , "A"."FJ" AS "FJ" , "A"."DJYY" AS "DJYY" , "C"."ZL" AS "ZL" , "A"."DYFS" AS "DYLX" , "C"."SJR" AS "SJR" , "C"."SJSJ" AS "SAVEDATE" , "D"."FW_JZMJ" AS "JZMJ" , "D"."TD_JZZDMJ" AS "TDMJ" , "D"."TD_DYTDMJ" AS "TDDYMJ" , "D"."TD_QLLX_ZWM" AS "QLLX" , "D"."TD_QLXZ_ZWMS" AS "QLXZ" , "D"."TD_TDYT_ZWMS" AS "TDYT" , "D"."FW_FWGHYT_ZWM" AS "GHYT" , "E"."BDCLX" AS "BDCLX" , "E"."TSTYBM" AS "TSTYBM"  FROM "DY_INFO" A  ,"REGISTRATION_INFO"  B ,"SJD_INFO"  C ,"QL_XG_INFO"  D ,"TSGL_INFO"  E  WHERE (((( "A"."XID" = "B"."XID" ) AND ( "B"."XID" = "C"."XID" )) AND ( "C"."XID" = "D"."XID" )) AND ( "D"."XID" = "E"."XID" ))  AND (( "A"."XID" = :XID0 ) AND ( "B"."NEXT_XID" IS NULL ))         
源信息：IIRS.Services.BDC.BdcPrintServices+<>c__DisplayClass10_0.<GeneralMrgeSqbPrint>b__0         
行　号：370         
-----------------------------------------------------------
时　间：2021/04/13 11:02:27.717         
级　别：Debug         
模　块：IIRS.Services.BDC.BdcPrintServices         
消　息：SELECT  WM_CONCAT(DISTINCT TO_CHAR(QLRMC)) AS "QLRMC" , WM_CONCAT(DISTINCT TO_CHAR(ZJHM)) AS "ZJHM" , WM_CONCAT(DISTINCT TO_CHAR(ZJLB_ZWM)) AS "ZJLB_ZWM"  FROM "QLRGL_INFO"  WHERE (( "QLRLX" = :QLRLX0 ) AND ( "XID" = :XID1 ))         
源信息：IIRS.Services.BDC.BdcPrintServices+<>c__DisplayClass6_0.<GetPersonList>b__0         
行　号：111         
-----------------------------------------------------------
时　间：2021/04/13 11:02:27.905         
级　别：Debug         
模　块：IIRS.Services.BDC.BdcPrintServices         
消　息：SELECT  WM_CONCAT(DISTINCT TO_CHAR(QLRMC)) AS "QLRMC" , WM_CONCAT(DISTINCT TO_CHAR(ZJHM)) AS "ZJHM" , WM_CONCAT(DISTINCT TO_CHAR(ZJLB_ZWM)) AS "ZJLB_ZWM"  FROM "QLRGL_INFO"  WHERE (( "QLRLX" = :QLRLX0 ) AND ( "XID" = :XID1 ))         
源信息：IIRS.Services.BDC.BdcPrintServices+<>c__DisplayClass6_0.<GetPersonList>b__0         
行　号：111         
-----------------------------------------------------------
时　间：2021/04/13 11:02:27.910         
级　别：Debug         
模　块：IIRS.Services.BDC.BdcPrintServices         
消　息：SELECT  WM_CONCAT(DISTINCT TO_CHAR(QLRMC)) AS "QLRMC" , WM_CONCAT(DISTINCT TO_CHAR(ZJHM)) AS "ZJHM" , WM_CONCAT(DISTINCT TO_CHAR(ZJLB_ZWM)) AS "ZJLB_ZWM"  FROM "QLRGL_INFO"  WHERE (( "QLRLX" = :QLRLX0 ) AND ( "XID" = :XID1 ))         
源信息：IIRS.Services.BDC.BdcPrintServices+<>c__DisplayClass6_0.<GetPersonList>b__0         
行　号：111         
-----------------------------------------------------------
时　间：2021/04/13 11:02:27.910         
级　别：Debug         
模　块：IIRS.Services.BDC.BdcPrintServices         
消　息：SELECT  WM_CONCAT(DISTINCT TO_CHAR(QLRMC)) AS "QLRMC" , WM_CONCAT(DISTINCT TO_CHAR(ZJHM)) AS "ZJHM" , WM_CONCAT(DISTINCT TO_CHAR(ZJLB_ZWM)) AS "ZJLB_ZWM"  FROM "QLRGL_INFO"  WHERE (( "QLRLX" = :QLRLX0 ) AND ( "XID" = :XID1 ))         
源信息：IIRS.Services.BDC.BdcPrintServices+<>c__DisplayClass6_0.<GetPersonList>b__0         
行　号：111         
-----------------------------------------------------------
时　间：2021/04/13 11:02:27.932         
级　别：Debug         
模　块：IIRS.Services.BDC.BdcPrintServices         
消　息：SELECT  "GROUP_NAME" AS "GROUP_NAME" , COUNT("GROUP_NAME") AS "COUNT"  FROM "PUB_ATT_FILE"  WHERE ( "XID" = :XID0 )GROUP BY "GROUP_NAME"          
源信息：IIRS.Services.BDC.BdcPrintServices+<>c__DisplayClass6_0.<GetPersonList>b__0         
行　号：111         
-----------------------------------------------------------
时　间：2021/04/13 11:04:28.253         
级　别：Debug         
模　块：IIRS.Services.BDC.BdcPrintServices         
消　息：SELECT  DISTINCT  "A"."SLBH" AS "SLBH" , "A"."XGZH" AS "XGZH" , "A"."BDCDYH" AS "BDCDYH" , "A"."BDBZZQSE" AS "BDBZQSE" , "A"."DYQX" AS "LXQX" , "A"."QT" AS "QT" , "A"."QLQSSJ" AS "QLQSRQ" , "A"."QLJSSJ" AS "QLJSRQ" , "A"."FJ" AS "FJ" , "A"."DJYY" AS "DJYY" , "C"."ZL" AS "ZL" , "A"."DYFS" AS "DYLX" , "C"."SJR" AS "SJR" , "C"."SJSJ" AS "SAVEDATE" , "D"."FW_JZMJ" AS "JZMJ" , "D"."TD_JZZDMJ" AS "TDMJ" , "D"."TD_DYTDMJ" AS "TDDYMJ" , "D"."TD_QLLX_ZWM" AS "QLLX" , "D"."TD_QLXZ_ZWMS" AS "QLXZ" , "D"."TD_TDYT_ZWMS" AS "TDYT" , "D"."FW_FWGHYT_ZWM" AS "GHYT" , "E"."BDCLX" AS "BDCLX" , "E"."TSTYBM" AS "TSTYBM"  FROM "DY_INFO" A  ,"REGISTRATION_INFO"  B ,"SJD_INFO"  C ,"QL_XG_INFO"  D ,"TSGL_INFO"  E  WHERE (((( "A"."XID" = "B"."XID" ) AND ( "B"."XID" = "C"."XID" )) AND ( "C"."XID" = "D"."XID" )) AND ( "D"."XID" = "E"."XID" ))  AND (( "A"."XID" = :XID0 ) AND ( "B"."NEXT_XID" IS NULL ))         
源信息：IIRS.Services.BDC.BdcPrintServices+<>c__DisplayClass10_0.<GeneralMrgeSqbPrint>b__0         
行　号：370         
-----------------------------------------------------------
时　间：2021/04/13 11:04:28.253         
级　别：Debug         
模　块：IIRS.Services.BDC.BdcPrintServices         
消　息：SELECT  WM_CONCAT(DISTINCT TO_CHAR(QLRMC)) AS "QLRMC" , WM_CONCAT(DISTINCT TO_CHAR(ZJHM)) AS "ZJHM" , WM_CONCAT(DISTINCT TO_CHAR(ZJLB_ZWM)) AS "ZJLB_ZWM"  FROM "QLRGL_INFO"  WHERE (( "QLRLX" = :QLRLX0 ) AND ( "XID" = :XID1 ))         
源信息：IIRS.Services.BDC.BdcPrintServices+<>c__DisplayClass6_0.<GetPersonList>b__0         
行　号：111         
-----------------------------------------------------------
时　间：2021/04/13 11:04:28.253         
级　别：Debug         
模　块：IIRS.Services.BDC.BdcPrintServices         
消　息：SELECT  WM_CONCAT(DISTINCT TO_CHAR(QLRMC)) AS "QLRMC" , WM_CONCAT(DISTINCT TO_CHAR(ZJHM)) AS "ZJHM" , WM_CONCAT(DISTINCT TO_CHAR(ZJLB_ZWM)) AS "ZJLB_ZWM"  FROM "QLRGL_INFO"  WHERE (( "QLRLX" = :QLRLX0 ) AND ( "XID" = :XID1 ))         
源信息：IIRS.Services.BDC.BdcPrintServices+<>c__DisplayClass6_0.<GetPersonList>b__0         
行　号：111         
-----------------------------------------------------------
时　间：2021/04/13 11:04:28.253         
级　别：Debug         
模　块：IIRS.Services.BDC.BdcPrintServices         
消　息：SELECT  WM_CONCAT(DISTINCT TO_CHAR(QLRMC)) AS "QLRMC" , WM_CONCAT(DISTINCT TO_CHAR(ZJHM)) AS "ZJHM" , WM_CONCAT(DISTINCT TO_CHAR(ZJLB_ZWM)) AS "ZJLB_ZWM"  FROM "QLRGL_INFO"  WHERE (( "QLRLX" = :QLRLX0 ) AND ( "XID" = :XID1 ))         
源信息：IIRS.Services.BDC.BdcPrintServices+<>c__DisplayClass6_0.<GetPersonList>b__0         
行　号：111         
-----------------------------------------------------------
时　间：2021/04/13 11:04:28.253         
级　别：Debug         
模　块：IIRS.Services.BDC.BdcPrintServices         
消　息：SELECT  WM_CONCAT(DISTINCT TO_CHAR(QLRMC)) AS "QLRMC" , WM_CONCAT(DISTINCT TO_CHAR(ZJHM)) AS "ZJHM" , WM_CONCAT(DISTINCT TO_CHAR(ZJLB_ZWM)) AS "ZJLB_ZWM"  FROM "QLRGL_INFO"  WHERE (( "QLRLX" = :QLRLX0 ) AND ( "XID" = :XID1 ))         
源信息：IIRS.Services.BDC.BdcPrintServices+<>c__DisplayClass6_0.<GetPersonList>b__0         
行　号：111         
-----------------------------------------------------------
时　间：2021/04/13 11:04:28.269         
级　别：Debug         
模　块：IIRS.Services.BDC.BdcPrintServices         
消　息：SELECT  "GROUP_NAME" AS "GROUP_NAME" , COUNT("GROUP_NAME") AS "COUNT"  FROM "PUB_ATT_FILE"  WHERE ( "XID" = :XID0 )GROUP BY "GROUP_NAME"          
源信息：IIRS.Services.BDC.BdcPrintServices+<>c__DisplayClass6_0.<GetPersonList>b__0         
行　号：111         
-----------------------------------------------------------
时　间：2021/04/13 11:05:33.545         
级　别：Debug         
模　块：IIRS.Services.BDC.BdcPrintServices         
消　息：SELECT  DISTINCT  "A"."SLBH" AS "SLBH" , "A"."XGZH" AS "XGZH" , "A"."BDCDYH" AS "BDCDYH" , "A"."BDBZZQSE" AS "BDBZQSE" , "A"."DYQX" AS "LXQX" , "A"."QT" AS "QT" , "A"."QLQSSJ" AS "QLQSRQ" , "A"."QLJSSJ" AS "QLJSRQ" , "A"."FJ" AS "FJ" , "A"."DJYY" AS "DJYY" , "C"."ZL" AS "ZL" , "A"."DYFS" AS "DYLX" , "C"."SJR" AS "SJR" , "C"."SJSJ" AS "SAVEDATE" , "D"."FW_JZMJ" AS "JZMJ" , "D"."TD_JZZDMJ" AS "TDMJ" , "D"."TD_DYTDMJ" AS "TDDYMJ" , "D"."TD_QLLX_ZWM" AS "QLLX" , "D"."TD_QLXZ_ZWMS" AS "QLXZ" , "D"."TD_TDYT_ZWMS" AS "TDYT" , "D"."FW_FWGHYT_ZWM" AS "GHYT" , "E"."BDCLX" AS "BDCLX" , "E"."TSTYBM" AS "TSTYBM"  FROM "DY_INFO" A  ,"REGISTRATION_INFO"  B ,"SJD_INFO"  C ,"QL_XG_INFO"  D ,"TSGL_INFO"  E  WHERE (((( "A"."XID" = "B"."XID" ) AND ( "B"."XID" = "C"."XID" )) AND ( "C"."XID" = "D"."XID" )) AND ( "D"."XID" = "E"."XID" ))  AND (( "A"."XID" = :XID0 ) AND ( "B"."NEXT_XID" IS NULL ))         
源信息：IIRS.Services.BDC.BdcPrintServices+<>c__DisplayClass10_0.<GeneralMrgeSqbPrint>b__0         
行　号：370         
-----------------------------------------------------------
时　间：2021/04/13 11:05:33.552         
级　别：Debug         
模　块：IIRS.Services.BDC.BdcPrintServices         
消　息：SELECT  WM_CONCAT(DISTINCT TO_CHAR(QLRMC)) AS "QLRMC" , WM_CONCAT(DISTINCT TO_CHAR(ZJHM)) AS "ZJHM" , WM_CONCAT(DISTINCT TO_CHAR(ZJLB_ZWM)) AS "ZJLB_ZWM"  FROM "QLRGL_INFO"  WHERE (( "QLRLX" = :QLRLX0 ) AND ( "XID" = :XID1 ))         
源信息：IIRS.Services.BDC.BdcPrintServices+<>c__DisplayClass6_0.<GetPersonList>b__0         
行　号：111         
-----------------------------------------------------------
时　间：2021/04/13 11:05:33.552         
级　别：Debug         
模　块：IIRS.Services.BDC.BdcPrintServices         
消　息：SELECT  WM_CONCAT(DISTINCT TO_CHAR(QLRMC)) AS "QLRMC" , WM_CONCAT(DISTINCT TO_CHAR(ZJHM)) AS "ZJHM" , WM_CONCAT(DISTINCT TO_CHAR(ZJLB_ZWM)) AS "ZJLB_ZWM"  FROM "QLRGL_INFO"  WHERE (( "QLRLX" = :QLRLX0 ) AND ( "XID" = :XID1 ))         
源信息：IIRS.Services.BDC.BdcPrintServices+<>c__DisplayClass6_0.<GetPersonList>b__0         
行　号：111         
-----------------------------------------------------------
时　间：2021/04/13 11:05:33.552         
级　别：Debug         
模　块：IIRS.Services.BDC.BdcPrintServices         
消　息：SELECT  WM_CONCAT(DISTINCT TO_CHAR(QLRMC)) AS "QLRMC" , WM_CONCAT(DISTINCT TO_CHAR(ZJHM)) AS "ZJHM" , WM_CONCAT(DISTINCT TO_CHAR(ZJLB_ZWM)) AS "ZJLB_ZWM"  FROM "QLRGL_INFO"  WHERE (( "QLRLX" = :QLRLX0 ) AND ( "XID" = :XID1 ))         
源信息：IIRS.Services.BDC.BdcPrintServices+<>c__DisplayClass6_0.<GetPersonList>b__0         
行　号：111         
-----------------------------------------------------------
时　间：2021/04/13 11:05:33.566         
级　别：Debug         
模　块：IIRS.Services.BDC.BdcPrintServices         
消　息：SELECT  WM_CONCAT(DISTINCT TO_CHAR(QLRMC)) AS "QLRMC" , WM_CONCAT(DISTINCT TO_CHAR(ZJHM)) AS "ZJHM" , WM_CONCAT(DISTINCT TO_CHAR(ZJLB_ZWM)) AS "ZJLB_ZWM"  FROM "QLRGL_INFO"  WHERE (( "QLRLX" = :QLRLX0 ) AND ( "XID" = :XID1 ))         
源信息：IIRS.Services.BDC.BdcPrintServices+<>c__DisplayClass6_0.<GetPersonList>b__0         
行　号：111         
-----------------------------------------------------------
时　间：2021/04/13 11:05:33.566         
级　别：Debug         
模　块：IIRS.Services.BDC.BdcPrintServices         
消　息：SELECT  "GROUP_NAME" AS "GROUP_NAME" , COUNT("GROUP_NAME") AS "COUNT"  FROM "PUB_ATT_FILE"  WHERE ( "XID" = :XID0 )GROUP BY "GROUP_NAME"          
源信息：IIRS.Services.BDC.BdcPrintServices+<>c__DisplayClass6_0.<GetPersonList>b__0         
行　号：111         
-----------------------------------------------------------
时　间：2021/04/13 11:07:26.828         
级　别：Debug         
模　块：IIRS.Services.BDC.BdcPrintServices         
消　息：SELECT  DISTINCT  "A"."SLBH" AS "SLBH" , "A"."XGZH" AS "XGZH" , "A"."BDCDYH" AS "BDCDYH" , "A"."BDBZZQSE" AS "BDBZQSE" , "A"."DYQX" AS "LXQX" , "A"."QT" AS "QT" , "A"."QLQSSJ" AS "QLQSRQ" , "A"."QLJSSJ" AS "QLJSRQ" , "A"."FJ" AS "FJ" , "A"."DJYY" AS "DJYY" , "C"."ZL" AS "ZL" , "A"."DYFS" AS "DYLX" , "C"."SJR" AS "SJR" , "C"."SJSJ" AS "SAVEDATE" , "D"."FW_JZMJ" AS "JZMJ" , "D"."TD_JZZDMJ" AS "TDMJ" , "D"."TD_DYTDMJ" AS "TDDYMJ" , "D"."TD_QLLX_ZWM" AS "QLLX" , "D"."TD_QLXZ_ZWMS" AS "QLXZ" , "D"."TD_TDYT_ZWMS" AS "TDYT" , "D"."FW_FWGHYT_ZWM" AS "GHYT" , "E"."BDCLX" AS "BDCLX" , "E"."TSTYBM" AS "TSTYBM"  FROM "DY_INFO" A  ,"REGISTRATION_INFO"  B ,"SJD_INFO"  C ,"QL_XG_INFO"  D ,"TSGL_INFO"  E  WHERE (((( "A"."XID" = "B"."XID" ) AND ( "B"."XID" = "C"."XID" )) AND ( "C"."XID" = "D"."XID" )) AND ( "D"."XID" = "E"."XID" ))  AND (( "A"."XID" = :XID0 ) AND ( "B"."NEXT_XID" IS NULL ))         
源信息：IIRS.Services.BDC.BdcPrintServices+<>c__DisplayClass10_0.<GeneralMrgeSqbPrint>b__0         
行　号：370         
-----------------------------------------------------------
时　间：2021/04/13 11:07:26.832         
级　别：Debug         
模　块：IIRS.Services.BDC.BdcPrintServices         
消　息：SELECT  WM_CONCAT(DISTINCT TO_CHAR(QLRMC)) AS "QLRMC" , WM_CONCAT(DISTINCT TO_CHAR(ZJHM)) AS "ZJHM" , WM_CONCAT(DISTINCT TO_CHAR(ZJLB_ZWM)) AS "ZJLB_ZWM"  FROM "QLRGL_INFO"  WHERE (( "QLRLX" = :QLRLX0 ) AND ( "XID" = :XID1 ))         
源信息：IIRS.Services.BDC.BdcPrintServices+<>c__DisplayClass6_0.<GetPersonList>b__0         
行　号：111         
-----------------------------------------------------------
时　间：2021/04/13 11:07:26.832         
级　别：Debug         
模　块：IIRS.Services.BDC.BdcPrintServices         
消　息：SELECT  WM_CONCAT(DISTINCT TO_CHAR(QLRMC)) AS "QLRMC" , WM_CONCAT(DISTINCT TO_CHAR(ZJHM)) AS "ZJHM" , WM_CONCAT(DISTINCT TO_CHAR(ZJLB_ZWM)) AS "ZJLB_ZWM"  FROM "QLRGL_INFO"  WHERE (( "QLRLX" = :QLRLX0 ) AND ( "XID" = :XID1 ))         
源信息：IIRS.Services.BDC.BdcPrintServices+<>c__DisplayClass6_0.<GetPersonList>b__0         
行　号：111         
-----------------------------------------------------------
时　间：2021/04/13 11:07:26.832         
级　别：Debug         
模　块：IIRS.Services.BDC.BdcPrintServices         
消　息：SELECT  WM_CONCAT(DISTINCT TO_CHAR(QLRMC)) AS "QLRMC" , WM_CONCAT(DISTINCT TO_CHAR(ZJHM)) AS "ZJHM" , WM_CONCAT(DISTINCT TO_CHAR(ZJLB_ZWM)) AS "ZJLB_ZWM"  FROM "QLRGL_INFO"  WHERE (( "QLRLX" = :QLRLX0 ) AND ( "XID" = :XID1 ))         
源信息：IIRS.Services.BDC.BdcPrintServices+<>c__DisplayClass6_0.<GetPersonList>b__0         
行　号：111         
-----------------------------------------------------------
时　间：2021/04/13 11:07:26.832         
级　别：Debug         
模　块：IIRS.Services.BDC.BdcPrintServices         
消　息：SELECT  WM_CONCAT(DISTINCT TO_CHAR(QLRMC)) AS "QLRMC" , WM_CONCAT(DISTINCT TO_CHAR(ZJHM)) AS "ZJHM" , WM_CONCAT(DISTINCT TO_CHAR(ZJLB_ZWM)) AS "ZJLB_ZWM"  FROM "QLRGL_INFO"  WHERE (( "QLRLX" = :QLRLX0 ) AND ( "XID" = :XID1 ))         
源信息：IIRS.Services.BDC.BdcPrintServices+<>c__DisplayClass6_0.<GetPersonList>b__0         
行　号：111         
-----------------------------------------------------------
时　间：2021/04/13 11:07:26.832         
级　别：Debug         
模　块：IIRS.Services.BDC.BdcPrintServices         
消　息：SELECT  "GROUP_NAME" AS "GROUP_NAME" , COUNT("GROUP_NAME") AS "COUNT"  FROM "PUB_ATT_FILE"  WHERE ( "XID" = :XID0 )GROUP BY "GROUP_NAME"          
源信息：IIRS.Services.BDC.BdcPrintServices+<>c__DisplayClass6_0.<GetPersonList>b__0         
行　号：111         
-----------------------------------------------------------
时　间：2021/04/13 11:08:55.301         
级　别：Debug         
模　块：IIRS.Services.BDC.BdcPrintServices         
消　息：SELECT  DISTINCT  "A"."SLBH" AS "SLBH" , "A"."XGZH" AS "XGZH" , "A"."BDCDYH" AS "BDCDYH" , "A"."BDBZZQSE" AS "BDBZQSE" , "A"."DYQX" AS "LXQX" , "A"."QT" AS "QT" , "A"."QLQSSJ" AS "QLQSRQ" , "A"."QLJSSJ" AS "QLJSRQ" , "A"."FJ" AS "FJ" , "A"."DJYY" AS "DJYY" , "C"."ZL" AS "ZL" , "A"."DYFS" AS "DYLX" , "C"."SJR" AS "SJR" , "C"."SJSJ" AS "SAVEDATE" , "D"."FW_JZMJ" AS "JZMJ" , "D"."TD_JZZDMJ" AS "TDMJ" , "D"."TD_DYTDMJ" AS "TDDYMJ" , "D"."TD_QLLX_ZWM" AS "QLLX" , "D"."TD_QLXZ_ZWMS" AS "QLXZ" , "D"."TD_TDYT_ZWMS" AS "TDYT" , "D"."FW_FWGHYT_ZWM" AS "GHYT" , "E"."BDCLX" AS "BDCLX" , "E"."TSTYBM" AS "TSTYBM"  FROM "DY_INFO" A  ,"REGISTRATION_INFO"  B ,"SJD_INFO"  C ,"QL_XG_INFO"  D ,"TSGL_INFO"  E  WHERE (((( "A"."XID" = "B"."XID" ) AND ( "B"."XID" = "C"."XID" )) AND ( "C"."XID" = "D"."XID" )) AND ( "D"."XID" = "E"."XID" ))  AND (( "A"."XID" = :XID0 ) AND ( "B"."NEXT_XID" IS NULL ))         
源信息：IIRS.Services.BDC.BdcPrintServices+<>c__DisplayClass10_0.<GeneralMrgeSqbPrint>b__0         
行　号：370         
-----------------------------------------------------------
时　间：2021/04/13 11:08:55.301         
级　别：Debug         
模　块：IIRS.Services.BDC.BdcPrintServices         
消　息：SELECT  WM_CONCAT(DISTINCT TO_CHAR(QLRMC)) AS "QLRMC" , WM_CONCAT(DISTINCT TO_CHAR(ZJHM)) AS "ZJHM" , WM_CONCAT(DISTINCT TO_CHAR(ZJLB_ZWM)) AS "ZJLB_ZWM"  FROM "QLRGL_INFO"  WHERE (( "QLRLX" = :QLRLX0 ) AND ( "XID" = :XID1 ))         
源信息：IIRS.Services.BDC.BdcPrintServices+<>c__DisplayClass6_0.<GetPersonList>b__0         
行　号：111         
-----------------------------------------------------------
时　间：2021/04/13 11:08:55.301         
级　别：Debug         
模　块：IIRS.Services.BDC.BdcPrintServices         
消　息：SELECT  WM_CONCAT(DISTINCT TO_CHAR(QLRMC)) AS "QLRMC" , WM_CONCAT(DISTINCT TO_CHAR(ZJHM)) AS "ZJHM" , WM_CONCAT(DISTINCT TO_CHAR(ZJLB_ZWM)) AS "ZJLB_ZWM"  FROM "QLRGL_INFO"  WHERE (( "QLRLX" = :QLRLX0 ) AND ( "XID" = :XID1 ))         
源信息：IIRS.Services.BDC.BdcPrintServices+<>c__DisplayClass6_0.<GetPersonList>b__0         
行　号：111         
-----------------------------------------------------------
时　间：2021/04/13 11:08:55.301         
级　别：Debug         
模　块：IIRS.Services.BDC.BdcPrintServices         
消　息：SELECT  WM_CONCAT(DISTINCT TO_CHAR(QLRMC)) AS "QLRMC" , WM_CONCAT(DISTINCT TO_CHAR(ZJHM)) AS "ZJHM" , WM_CONCAT(DISTINCT TO_CHAR(ZJLB_ZWM)) AS "ZJLB_ZWM"  FROM "QLRGL_INFO"  WHERE (( "QLRLX" = :QLRLX0 ) AND ( "XID" = :XID1 ))         
源信息：IIRS.Services.BDC.BdcPrintServices+<>c__DisplayClass6_0.<GetPersonList>b__0         
行　号：111         
-----------------------------------------------------------
时　间：2021/04/13 11:08:55.301         
级　别：Debug         
模　块：IIRS.Services.BDC.BdcPrintServices         
消　息：SELECT  WM_CONCAT(DISTINCT TO_CHAR(QLRMC)) AS "QLRMC" , WM_CONCAT(DISTINCT TO_CHAR(ZJHM)) AS "ZJHM" , WM_CONCAT(DISTINCT TO_CHAR(ZJLB_ZWM)) AS "ZJLB_ZWM"  FROM "QLRGL_INFO"  WHERE (( "QLRLX" = :QLRLX0 ) AND ( "XID" = :XID1 ))         
源信息：IIRS.Services.BDC.BdcPrintServices+<>c__DisplayClass6_0.<GetPersonList>b__0         
行　号：111         
-----------------------------------------------------------
时　间：2021/04/13 11:08:55.315         
级　别：Debug         
模　块：IIRS.Services.BDC.BdcPrintServices         
消　息：SELECT  "GROUP_NAME" AS "GROUP_NAME" , COUNT("GROUP_NAME") AS "COUNT"  FROM "PUB_ATT_FILE"  WHERE ( "XID" = :XID0 )GROUP BY "GROUP_NAME"          
源信息：IIRS.Services.BDC.BdcPrintServices+<>c__DisplayClass6_0.<GetPersonList>b__0         
行　号：111         
-----------------------------------------------------------
时　间：2021/04/13 11:11:41.340         
级　别：Debug         
模　块：IIRS.Services.BDC.BdcPrintServices         
消　息：SELECT  DISTINCT  "A"."SLBH" AS "SLBH" , "A"."XGZH" AS "XGZH" , "A"."BDCDYH" AS "BDCDYH" , "A"."BDBZZQSE" AS "BDBZQSE" , "A"."DYQX" AS "LXQX" , "A"."QT" AS "QT" , "A"."QLQSSJ" AS "QLQSRQ" , "A"."QLJSSJ" AS "QLJSRQ" , "A"."FJ" AS "FJ" , "A"."DJYY" AS "DJYY" , "C"."ZL" AS "ZL" , "A"."DYFS" AS "DYLX" , "C"."SJR" AS "SJR" , "C"."SJSJ" AS "SAVEDATE" , "D"."FW_JZMJ" AS "JZMJ" , "D"."TD_JZZDMJ" AS "TDMJ" , "D"."TD_DYTDMJ" AS "TDDYMJ" , "D"."TD_QLLX_ZWM" AS "QLLX" , "D"."TD_QLXZ_ZWMS" AS "QLXZ" , "D"."TD_TDYT_ZWMS" AS "TDYT" , "D"."FW_FWGHYT_ZWM" AS "GHYT" , "E"."BDCLX" AS "BDCLX" , "E"."TSTYBM" AS "TSTYBM"  FROM "DY_INFO" A  ,"REGISTRATION_INFO"  B ,"SJD_INFO"  C ,"QL_XG_INFO"  D ,"TSGL_INFO"  E  WHERE (((( "A"."XID" = "B"."XID" ) AND ( "B"."XID" = "C"."XID" )) AND ( "C"."XID" = "D"."XID" )) AND ( "D"."XID" = "E"."XID" ))  AND (( "A"."XID" = :XID0 ) AND ( "B"."NEXT_XID" IS NULL ))         
源信息：IIRS.Services.BDC.BdcPrintServices+<>c__DisplayClass10_0.<GeneralMrgeSqbPrint>b__0         
行　号：370         
-----------------------------------------------------------
时　间：2021/04/13 11:11:41.340         
级　别：Debug         
模　块：IIRS.Services.BDC.BdcPrintServices         
消　息：SELECT  WM_CONCAT(DISTINCT TO_CHAR(QLRMC)) AS "QLRMC" , WM_CONCAT(DISTINCT TO_CHAR(ZJHM)) AS "ZJHM" , WM_CONCAT(DISTINCT TO_CHAR(ZJLB_ZWM)) AS "ZJLB_ZWM"  FROM "QLRGL_INFO"  WHERE (( "QLRLX" = :QLRLX0 ) AND ( "XID" = :XID1 ))         
源信息：IIRS.Services.BDC.BdcPrintServices+<>c__DisplayClass6_0.<GetPersonList>b__0         
行　号：111         
-----------------------------------------------------------
时　间：2021/04/13 11:11:41.360         
级　别：Debug         
模　块：IIRS.Services.BDC.BdcPrintServices         
消　息：SELECT  WM_CONCAT(DISTINCT TO_CHAR(QLRMC)) AS "QLRMC" , WM_CONCAT(DISTINCT TO_CHAR(ZJHM)) AS "ZJHM" , WM_CONCAT(DISTINCT TO_CHAR(ZJLB_ZWM)) AS "ZJLB_ZWM"  FROM "QLRGL_INFO"  WHERE (( "QLRLX" = :QLRLX0 ) AND ( "XID" = :XID1 ))         
源信息：IIRS.Services.BDC.BdcPrintServices+<>c__DisplayClass6_0.<GetPersonList>b__0         
行　号：111         
-----------------------------------------------------------
时　间：2021/04/13 11:11:41.363         
级　别：Debug         
模　块：IIRS.Services.BDC.BdcPrintServices         
消　息：SELECT  WM_CONCAT(DISTINCT TO_CHAR(QLRMC)) AS "QLRMC" , WM_CONCAT(DISTINCT TO_CHAR(ZJHM)) AS "ZJHM" , WM_CONCAT(DISTINCT TO_CHAR(ZJLB_ZWM)) AS "ZJLB_ZWM"  FROM "QLRGL_INFO"  WHERE (( "QLRLX" = :QLRLX0 ) AND ( "XID" = :XID1 ))         
源信息：IIRS.Services.BDC.BdcPrintServices+<>c__DisplayClass6_0.<GetPersonList>b__0         
行　号：111         
-----------------------------------------------------------
时　间：2021/04/13 11:11:41.363         
级　别：Debug         
模　块：IIRS.Services.BDC.BdcPrintServices         
消　息：SELECT  WM_CONCAT(DISTINCT TO_CHAR(QLRMC)) AS "QLRMC" , WM_CONCAT(DISTINCT TO_CHAR(ZJHM)) AS "ZJHM" , WM_CONCAT(DISTINCT TO_CHAR(ZJLB_ZWM)) AS "ZJLB_ZWM"  FROM "QLRGL_INFO"  WHERE (( "QLRLX" = :QLRLX0 ) AND ( "XID" = :XID1 ))         
源信息：IIRS.Services.BDC.BdcPrintServices+<>c__DisplayClass6_0.<GetPersonList>b__0         
行　号：111         
-----------------------------------------------------------
时　间：2021/04/13 11:11:41.363         
级　别：Debug         
模　块：IIRS.Services.BDC.BdcPrintServices         
消　息：SELECT  "GROUP_NAME" AS "GROUP_NAME" , COUNT("GROUP_NAME") AS "COUNT"  FROM "PUB_ATT_FILE"  WHERE ( "XID" = :XID0 )GROUP BY "GROUP_NAME"          
源信息：IIRS.Services.BDC.BdcPrintServices+<>c__DisplayClass6_0.<GetPersonList>b__0         
行　号：111         
-----------------------------------------------------------
时　间：2021/04/13 15:49:18.005         
级　别：Debug         
模　块：IIRS.Services.BDC.BdcPrintServices         
消　息：SELECT  DISTINCT  "A"."SLBH" AS "SLBH" , "A"."XGZH" AS "XGZH" , "A"."BDCDYH" AS "BDCDYH" , "A"."BDBZZQSE" AS "BDBZQSE" , "A"."DYQX" AS "LXQX" , "A"."QT" AS "QT" , "A"."QLQSSJ" AS "QLQSRQ" , "A"."QLJSSJ" AS "QLJSRQ" , "A"."FJ" AS "FJ" , "A"."DJYY" AS "DJYY" , "C"."ZL" AS "ZL" , "A"."DYFS" AS "DYLX" , "C"."SJR" AS "SJR" , "C"."SJSJ" AS "SAVEDATE" , "D"."FW_JZMJ" AS "JZMJ" , "D"."TD_JZZDMJ" AS "TDMJ" , "D"."TD_DYTDMJ" AS "TDDYMJ" , "D"."TD_QLLX_ZWM" AS "QLLX" , "D"."TD_QLXZ_ZWMS" AS "QLXZ" , "D"."TD_TDYT_ZWMS" AS "TDYT" , "D"."FW_FWGHYT_ZWM" AS "GHYT" , "E"."BDCLX" AS "BDCLX" , "E"."TSTYBM" AS "TSTYBM" , "A"."DJLX" AS "DJLX"  FROM "DY_INFO" A  ,"REGISTRATION_INFO"  B ,"SJD_INFO"  C ,"QL_XG_INFO"  D ,"TSGL_INFO"  E  WHERE (((( "A"."XID" = "B"."XID" ) AND ( "B"."XID" = "C"."XID" )) AND ( "C"."XID" = "D"."XID" )) AND ( "D"."XID" = "E"."XID" ))  AND (( "A"."XID" = :XID0 ) AND ( "B"."NEXT_XID" IS NULL ))         
源信息：IIRS.Services.BDC.BdcPrintServices+<>c__DisplayClass10_0.<GeneralMrgeSqbPrint>b__0         
行　号：370         
-----------------------------------------------------------
时　间：2021/04/13 15:49:23.451         
级　别：Debug         
模　块：IIRS.Services.BDC.BdcPrintServices         
消　息：SELECT  WM_CONCAT(DISTINCT TO_CHAR(QLRMC)) AS "QLRMC" , WM_CONCAT(DISTINCT TO_CHAR(ZJHM)) AS "ZJHM" , WM_CONCAT(DISTINCT TO_CHAR(ZJLB_ZWM)) AS "ZJLB_ZWM"  FROM "QLRGL_INFO"  WHERE (( "QLRLX" = :QLRLX0 ) AND ( "XID" = :XID1 ))         
源信息：IIRS.Services.BDC.BdcPrintServices+<>c__DisplayClass6_0.<GetPersonList>b__0         
行　号：111         
-----------------------------------------------------------
时　间：2021/04/13 15:49:23.628         
级　别：Debug         
模　块：IIRS.Services.BDC.BdcPrintServices         
消　息：SELECT  WM_CONCAT(DISTINCT TO_CHAR(QLRMC)) AS "QLRMC" , WM_CONCAT(DISTINCT TO_CHAR(ZJHM)) AS "ZJHM" , WM_CONCAT(DISTINCT TO_CHAR(ZJLB_ZWM)) AS "ZJLB_ZWM"  FROM "QLRGL_INFO"  WHERE (( "QLRLX" = :QLRLX0 ) AND ( "XID" = :XID1 ))         
源信息：IIRS.Services.BDC.BdcPrintServices+<>c__DisplayClass6_0.<GetPersonList>b__0         
行　号：111         
-----------------------------------------------------------
时　间：2021/04/13 15:49:23.628         
级　别：Debug         
模　块：IIRS.Services.BDC.BdcPrintServices         
消　息：SELECT  WM_CONCAT(DISTINCT TO_CHAR(QLRMC)) AS "QLRMC" , WM_CONCAT(DISTINCT TO_CHAR(ZJHM)) AS "ZJHM" , WM_CONCAT(DISTINCT TO_CHAR(ZJLB_ZWM)) AS "ZJLB_ZWM"  FROM "QLRGL_INFO"  WHERE (( "QLRLX" = :QLRLX0 ) AND ( "XID" = :XID1 ))         
源信息：IIRS.Services.BDC.BdcPrintServices+<>c__DisplayClass6_0.<GetPersonList>b__0         
行　号：111         
-----------------------------------------------------------
时　间：2021/04/13 15:49:23.640         
级　别：Debug         
模　块：IIRS.Services.BDC.BdcPrintServices         
消　息：SELECT  WM_CONCAT(DISTINCT TO_CHAR(QLRMC)) AS "QLRMC" , WM_CONCAT(DISTINCT TO_CHAR(ZJHM)) AS "ZJHM" , WM_CONCAT(DISTINCT TO_CHAR(ZJLB_ZWM)) AS "ZJLB_ZWM"  FROM "QLRGL_INFO"  WHERE (( "QLRLX" = :QLRLX0 ) AND ( "XID" = :XID1 ))         
源信息：IIRS.Services.BDC.BdcPrintServices+<>c__DisplayClass6_0.<GetPersonList>b__0         
行　号：111         
-----------------------------------------------------------
时　间：2021/04/13 15:49:23.640         
级　别：Debug         
模　块：IIRS.Services.BDC.BdcPrintServices         
消　息：SELECT  "GROUP_NAME" AS "GROUP_NAME" , COUNT("GROUP_NAME") AS "COUNT"  FROM "PUB_ATT_FILE"  WHERE ( "XID" = :XID0 )GROUP BY "GROUP_NAME"          
源信息：IIRS.Services.BDC.BdcPrintServices+<>c__DisplayClass6_0.<GetPersonList>b__0         
行　号：111         
-----------------------------------------------------------
时　间：2021/04/13 15:50:07.554         
级　别：Debug         
模　块：IIRS.Services.BDC.BdcPrintServices         
消　息：SELECT  DISTINCT  "A"."SLBH" AS "SLBH" , "A"."XGZH" AS "XGZH" , "A"."BDCDYH" AS "BDCDYH" , "A"."BDBZZQSE" AS "BDBZQSE" , "A"."DYQX" AS "LXQX" , "A"."QT" AS "QT" , "A"."QLQSSJ" AS "QLQSRQ" , "A"."QLJSSJ" AS "QLJSRQ" , "A"."FJ" AS "FJ" , "A"."DJYY" AS "DJYY" , "C"."ZL" AS "ZL" , "A"."DYFS" AS "DYLX" , "C"."SJR" AS "SJR" , "C"."SJSJ" AS "SAVEDATE" , "D"."FW_JZMJ" AS "JZMJ" , "D"."TD_JZZDMJ" AS "TDMJ" , "D"."TD_DYTDMJ" AS "TDDYMJ" , "D"."TD_QLLX_ZWM" AS "QLLX" , "D"."TD_QLXZ_ZWMS" AS "QLXZ" , "D"."TD_TDYT_ZWMS" AS "TDYT" , "D"."FW_FWGHYT_ZWM" AS "GHYT" , "E"."BDCLX" AS "BDCLX" , "E"."TSTYBM" AS "TSTYBM" , "A"."DJLX" AS "DJLX"  FROM "DY_INFO" A  ,"REGISTRATION_INFO"  B ,"SJD_INFO"  C ,"QL_XG_INFO"  D ,"TSGL_INFO"  E  WHERE (((( "A"."XID" = "B"."XID" ) AND ( "B"."XID" = "C"."XID" )) AND ( "C"."XID" = "D"."XID" )) AND ( "D"."XID" = "E"."XID" ))  AND (( "A"."XID" = :XID0 ) AND ( "B"."NEXT_XID" IS NULL ))         
源信息：IIRS.Services.BDC.BdcPrintServices+<>c__DisplayClass10_0.<GeneralMrgeSqbPrint>b__0         
行　号：370         
-----------------------------------------------------------
时　间：2021/04/13 15:50:10.620         
级　别：Debug         
模　块：IIRS.Services.BDC.BdcPrintServices         
消　息：SELECT  WM_CONCAT(DISTINCT TO_CHAR(QLRMC)) AS "QLRMC" , WM_CONCAT(DISTINCT TO_CHAR(ZJHM)) AS "ZJHM" , WM_CONCAT(DISTINCT TO_CHAR(ZJLB_ZWM)) AS "ZJLB_ZWM"  FROM "QLRGL_INFO"  WHERE (( "QLRLX" = :QLRLX0 ) AND ( "XID" = :XID1 ))         
源信息：IIRS.Services.BDC.BdcPrintServices+<>c__DisplayClass6_0.<GetPersonList>b__0         
行　号：111         
-----------------------------------------------------------
时　间：2021/04/13 15:50:10.620         
级　别：Debug         
模　块：IIRS.Services.BDC.BdcPrintServices         
消　息：SELECT  WM_CONCAT(DISTINCT TO_CHAR(QLRMC)) AS "QLRMC" , WM_CONCAT(DISTINCT TO_CHAR(ZJHM)) AS "ZJHM" , WM_CONCAT(DISTINCT TO_CHAR(ZJLB_ZWM)) AS "ZJLB_ZWM"  FROM "QLRGL_INFO"  WHERE (( "QLRLX" = :QLRLX0 ) AND ( "XID" = :XID1 ))         
源信息：IIRS.Services.BDC.BdcPrintServices+<>c__DisplayClass6_0.<GetPersonList>b__0         
行　号：111         
-----------------------------------------------------------
时　间：2021/04/13 15:50:10.627         
级　别：Debug         
模　块：IIRS.Services.BDC.BdcPrintServices         
消　息：SELECT  WM_CONCAT(DISTINCT TO_CHAR(QLRMC)) AS "QLRMC" , WM_CONCAT(DISTINCT TO_CHAR(ZJHM)) AS "ZJHM" , WM_CONCAT(DISTINCT TO_CHAR(ZJLB_ZWM)) AS "ZJLB_ZWM"  FROM "QLRGL_INFO"  WHERE (( "QLRLX" = :QLRLX0 ) AND ( "XID" = :XID1 ))         
源信息：IIRS.Services.BDC.BdcPrintServices+<>c__DisplayClass6_0.<GetPersonList>b__0         
行　号：111         
-----------------------------------------------------------
时　间：2021/04/13 15:50:10.627         
级　别：Debug         
模　块：IIRS.Services.BDC.BdcPrintServices         
消　息：SELECT  WM_CONCAT(DISTINCT TO_CHAR(QLRMC)) AS "QLRMC" , WM_CONCAT(DISTINCT TO_CHAR(ZJHM)) AS "ZJHM" , WM_CONCAT(DISTINCT TO_CHAR(ZJLB_ZWM)) AS "ZJLB_ZWM"  FROM "QLRGL_INFO"  WHERE (( "QLRLX" = :QLRLX0 ) AND ( "XID" = :XID1 ))         
源信息：IIRS.Services.BDC.BdcPrintServices+<>c__DisplayClass6_0.<GetPersonList>b__0         
行　号：111         
-----------------------------------------------------------
时　间：2021/04/13 15:50:44.179         
级　别：Debug         
模　块：IIRS.Services.BDC.BdcPrintServices         
消　息：SELECT  "GROUP_NAME" AS "GROUP_NAME" , COUNT("GROUP_NAME") AS "COUNT"  FROM "PUB_ATT_FILE"  WHERE ( "XID" = :XID0 )GROUP BY "GROUP_NAME"          
源信息：IIRS.Services.BDC.BdcPrintServices+<>c__DisplayClass6_0.<GetPersonList>b__0         
行　号：111         
-----------------------------------------------------------
时　间：2021/04/13 16:10:25.854         
级　别：Debug         
模　块：IIRS.Services.BDC.BdcPrintServices         
消　息：SELECT  DISTINCT  "A"."SLBH" AS "SLBH" , "A"."XGZH" AS "XGZH" , "A"."BDCDYH" AS "BDCDYH" , "A"."BDBZZQSE" AS "BDBZQSE" , "A"."DYQX" AS "LXQX" , "A"."QT" AS "QT" , "A"."QLQSSJ" AS "QLQSRQ" , "A"."QLJSSJ" AS "QLJSRQ" , "A"."FJ" AS "FJ" , "A"."DJYY" AS "DJYY" , "C"."ZL" AS "ZL" , "A"."DYFS" AS "DYLX" , "C"."SJR" AS "SJR" , "C"."SJSJ" AS "SAVEDATE" , "D"."FW_JZMJ" AS "JZMJ" , "D"."TD_JZZDMJ" AS "TDMJ" , "D"."TD_DYTDMJ" AS "TDDYMJ" , "D"."TD_QLLX_ZWM" AS "QLLX" , "D"."TD_QLXZ_ZWMS" AS "QLXZ" , "D"."TD_TDYT_ZWMS" AS "TDYT" , "D"."FW_FWGHYT_ZWM" AS "GHYT" , "E"."BDCLX" AS "BDCLX" , "E"."TSTYBM" AS "TSTYBM" , "A"."DJLX" AS "DJLX"  FROM "DY_INFO" A  ,"REGISTRATION_INFO"  B ,"SJD_INFO"  C ,"QL_XG_INFO"  D ,"TSGL_INFO"  E  WHERE (((( "A"."XID" = "B"."XID" ) AND ( "B"."XID" = "C"."XID" )) AND ( "C"."XID" = "D"."XID" )) AND ( "D"."XID" = "E"."XID" ))  AND (( "A"."XID" = :XID0 ) AND ( "B"."NEXT_XID" IS NULL ))         
源信息：IIRS.Services.BDC.BdcPrintServices+<>c__DisplayClass10_0.<GeneralMrgeSqbPrint>b__0         
行　号：370         
-----------------------------------------------------------
时　间：2021/04/13 16:10:30.954         
级　别：Debug         
模　块：IIRS.Services.BDC.BdcPrintServices         
消　息：SELECT  WM_CONCAT(DISTINCT TO_CHAR(QLRMC)) AS "QLRMC" , WM_CONCAT(DISTINCT TO_CHAR(ZJHM)) AS "ZJHM" , WM_CONCAT(DISTINCT TO_CHAR(ZJLB_ZWM)) AS "ZJLB_ZWM"  FROM "QLRGL_INFO"  WHERE (( "QLRLX" = :QLRLX0 ) AND ( "XID" = :XID1 ))         
源信息：IIRS.Services.BDC.BdcPrintServices+<>c__DisplayClass6_0.<GetPersonList>b__0         
行　号：111         
-----------------------------------------------------------
时　间：2021/04/13 16:10:31.117         
级　别：Debug         
模　块：IIRS.Services.BDC.BdcPrintServices         
消　息：SELECT  WM_CONCAT(DISTINCT TO_CHAR(QLRMC)) AS "QLRMC" , WM_CONCAT(DISTINCT TO_CHAR(ZJHM)) AS "ZJHM" , WM_CONCAT(DISTINCT TO_CHAR(ZJLB_ZWM)) AS "ZJLB_ZWM"  FROM "QLRGL_INFO"  WHERE (( "QLRLX" = :QLRLX0 ) AND ( "XID" = :XID1 ))         
源信息：IIRS.Services.BDC.BdcPrintServices+<>c__DisplayClass6_0.<GetPersonList>b__0         
行　号：111         
-----------------------------------------------------------
时　间：2021/04/13 16:10:31.117         
级　别：Debug         
模　块：IIRS.Services.BDC.BdcPrintServices         
消　息：SELECT  WM_CONCAT(DISTINCT TO_CHAR(QLRMC)) AS "QLRMC" , WM_CONCAT(DISTINCT TO_CHAR(ZJHM)) AS "ZJHM" , WM_CONCAT(DISTINCT TO_CHAR(ZJLB_ZWM)) AS "ZJLB_ZWM"  FROM "QLRGL_INFO"  WHERE (( "QLRLX" = :QLRLX0 ) AND ( "XID" = :XID1 ))         
源信息：IIRS.Services.BDC.BdcPrintServices+<>c__DisplayClass6_0.<GetPersonList>b__0         
行　号：111         
-----------------------------------------------------------
时　间：2021/04/13 16:10:31.130         
级　别：Debug         
模　块：IIRS.Services.BDC.BdcPrintServices         
消　息：SELECT  WM_CONCAT(DISTINCT TO_CHAR(QLRMC)) AS "QLRMC" , WM_CONCAT(DISTINCT TO_CHAR(ZJHM)) AS "ZJHM" , WM_CONCAT(DISTINCT TO_CHAR(ZJLB_ZWM)) AS "ZJLB_ZWM"  FROM "QLRGL_INFO"  WHERE (( "QLRLX" = :QLRLX0 ) AND ( "XID" = :XID1 ))         
源信息：IIRS.Services.BDC.BdcPrintServices+<>c__DisplayClass6_0.<GetPersonList>b__0         
行　号：111         
-----------------------------------------------------------
时　间：2021/04/13 16:10:31.141         
级　别：Debug         
模　块：IIRS.Services.BDC.BdcPrintServices         
消　息：SELECT  "GROUP_NAME" AS "GROUP_NAME" , COUNT("GROUP_NAME") AS "COUNT"  FROM "PUB_ATT_FILE"  WHERE ( "XID" = :XID0 )GROUP BY "GROUP_NAME"          
源信息：IIRS.Services.BDC.BdcPrintServices+<>c__DisplayClass6_0.<GetPersonList>b__0         
行　号：111         
-----------------------------------------------------------
时　间：2021/04/13 16:14:49.580         
级　别：Debug         
模　块：IIRS.Services.BDC.BdcPrintServices         
消　息：SELECT  DISTINCT  "A"."SLBH" AS "SLBH" , "A"."XGZH" AS "XGZH" , "A"."BDCDYH" AS "BDCDYH" , "A"."BDBZZQSE" AS "BDBZQSE" , "A"."DYQX" AS "LXQX" , "A"."QT" AS "QT" , "A"."QLQSSJ" AS "QLQSRQ" , "A"."QLJSSJ" AS "QLJSRQ" , "A"."FJ" AS "FJ" , "A"."DJYY" AS "DJYY" , "C"."ZL" AS "ZL" , "A"."DYFS" AS "DYLX" , "C"."SJR" AS "SJR" , "C"."SJSJ" AS "SAVEDATE" , "D"."FW_JZMJ" AS "JZMJ" , "D"."TD_JZZDMJ" AS "TDMJ" , "D"."TD_DYTDMJ" AS "TDDYMJ" , "D"."TD_QLLX_ZWM" AS "QLLX" , "D"."TD_QLXZ_ZWMS" AS "QLXZ" , "D"."TD_TDYT_ZWMS" AS "TDYT" , "D"."FW_FWGHYT_ZWM" AS "GHYT" , "E"."BDCLX" AS "BDCLX" , "E"."TSTYBM" AS "TSTYBM" , "A"."DJLX" AS "DJLX" , "A"."DJRQ" AS "DJRQ"  FROM "DY_INFO" A  ,"REGISTRATION_INFO"  B ,"SJD_INFO"  C ,"QL_XG_INFO"  D ,"TSGL_INFO"  E  WHERE (((( "A"."XID" = "B"."XID" ) AND ( "B"."XID" = "C"."XID" )) AND ( "C"."XID" = "D"."XID" )) AND ( "D"."XID" = "E"."XID" ))  AND (( "A"."XID" = :XID0 ) AND ( "B"."NEXT_XID" IS NULL ))         
源信息：IIRS.Services.BDC.BdcPrintServices+<>c__DisplayClass10_0.<GeneralMrgeSqbPrint>b__0         
行　号：370         
-----------------------------------------------------------
时　间：2021/04/13 16:14:53.401         
级　别：Debug         
模　块：IIRS.Services.BDC.BdcPrintServices         
消　息：SELECT  WM_CONCAT(DISTINCT TO_CHAR(QLRMC)) AS "QLRMC" , WM_CONCAT(DISTINCT TO_CHAR(ZJHM)) AS "ZJHM" , WM_CONCAT(DISTINCT TO_CHAR(ZJLB_ZWM)) AS "ZJLB_ZWM"  FROM "QLRGL_INFO"  WHERE (( "QLRLX" = :QLRLX0 ) AND ( "XID" = :XID1 ))         
源信息：IIRS.Services.BDC.BdcPrintServices+<>c__DisplayClass6_0.<GetPersonList>b__0         
行　号：111         
-----------------------------------------------------------
时　间：2021/04/13 16:14:53.611         
级　别：Debug         
模　块：IIRS.Services.BDC.BdcPrintServices         
消　息：SELECT  WM_CONCAT(DISTINCT TO_CHAR(QLRMC)) AS "QLRMC" , WM_CONCAT(DISTINCT TO_CHAR(ZJHM)) AS "ZJHM" , WM_CONCAT(DISTINCT TO_CHAR(ZJLB_ZWM)) AS "ZJLB_ZWM"  FROM "QLRGL_INFO"  WHERE (( "QLRLX" = :QLRLX0 ) AND ( "XID" = :XID1 ))         
源信息：IIRS.Services.BDC.BdcPrintServices+<>c__DisplayClass6_0.<GetPersonList>b__0         
行　号：111         
-----------------------------------------------------------
时　间：2021/04/13 16:14:53.611         
级　别：Debug         
模　块：IIRS.Services.BDC.BdcPrintServices         
消　息：SELECT  WM_CONCAT(DISTINCT TO_CHAR(QLRMC)) AS "QLRMC" , WM_CONCAT(DISTINCT TO_CHAR(ZJHM)) AS "ZJHM" , WM_CONCAT(DISTINCT TO_CHAR(ZJLB_ZWM)) AS "ZJLB_ZWM"  FROM "QLRGL_INFO"  WHERE (( "QLRLX" = :QLRLX0 ) AND ( "XID" = :XID1 ))         
源信息：IIRS.Services.BDC.BdcPrintServices+<>c__DisplayClass6_0.<GetPersonList>b__0         
行　号：111         
-----------------------------------------------------------
时　间：2021/04/13 16:14:53.611         
级　别：Debug         
模　块：IIRS.Services.BDC.BdcPrintServices         
消　息：SELECT  WM_CONCAT(DISTINCT TO_CHAR(QLRMC)) AS "QLRMC" , WM_CONCAT(DISTINCT TO_CHAR(ZJHM)) AS "ZJHM" , WM_CONCAT(DISTINCT TO_CHAR(ZJLB_ZWM)) AS "ZJLB_ZWM"  FROM "QLRGL_INFO"  WHERE (( "QLRLX" = :QLRLX0 ) AND ( "XID" = :XID1 ))         
源信息：IIRS.Services.BDC.BdcPrintServices+<>c__DisplayClass6_0.<GetPersonList>b__0         
行　号：111         
-----------------------------------------------------------
时　间：2021/04/13 16:14:53.636         
级　别：Debug         
模　块：IIRS.Services.BDC.BdcPrintServices         
消　息：SELECT  "GROUP_NAME" AS "GROUP_NAME" , COUNT("GROUP_NAME") AS "COUNT"  FROM "PUB_ATT_FILE"  WHERE ( "XID" = :XID0 )GROUP BY "GROUP_NAME"          
源信息：IIRS.Services.BDC.BdcPrintServices+<>c__DisplayClass6_0.<GetPersonList>b__0         
行　号：111         
-----------------------------------------------------------
时　间：2021/04/13 16:16:23.932         
级　别：Debug         
模　块：IIRS.Services.BDC.BdcPrintServices         
消　息：SELECT  DISTINCT  "A"."SLBH" AS "SLBH" , "A"."XGZH" AS "XGZH" , "A"."BDCDYH" AS "BDCDYH" , "A"."BDBZZQSE" AS "BDBZQSE" , "A"."DYQX" AS "LXQX" , "A"."QT" AS "QT" , "A"."QLQSSJ" AS "QLQSRQ" , "A"."QLJSSJ" AS "QLJSRQ" , "A"."FJ" AS "FJ" , "A"."DJYY" AS "DJYY" , "C"."ZL" AS "ZL" , "A"."DYFS" AS "DYLX" , "C"."SJR" AS "SJR" , "C"."SJSJ" AS "SAVEDATE" , "D"."FW_JZMJ" AS "JZMJ" , "D"."TD_JZZDMJ" AS "TDMJ" , "D"."TD_DYTDMJ" AS "TDDYMJ" , "D"."TD_QLLX_ZWM" AS "QLLX" , "D"."TD_QLXZ_ZWMS" AS "QLXZ" , "D"."TD_TDYT_ZWMS" AS "TDYT" , "D"."FW_FWGHYT_ZWM" AS "GHYT" , "E"."BDCLX" AS "BDCLX" , "E"."TSTYBM" AS "TSTYBM" , "A"."DJLX" AS "DJLX" , "A"."DJRQ" AS "DJRQ"  FROM "DY_INFO" A  ,"REGISTRATION_INFO"  B ,"SJD_INFO"  C ,"QL_XG_INFO"  D ,"TSGL_INFO"  E  WHERE (((( "A"."XID" = "B"."XID" ) AND ( "B"."XID" = "C"."XID" )) AND ( "C"."XID" = "D"."XID" )) AND ( "D"."XID" = "E"."XID" ))  AND (( "A"."XID" = :XID0 ) AND ( "B"."NEXT_XID" IS NULL ))         
源信息：IIRS.Services.BDC.BdcPrintServices+<>c__DisplayClass10_0.<GeneralMrgeSqbPrint>b__0         
行　号：370         
-----------------------------------------------------------
时　间：2021/04/13 16:16:25.575         
级　别：Debug         
模　块：IIRS.Services.BDC.BdcPrintServices         
消　息：SELECT  WM_CONCAT(DISTINCT TO_CHAR(QLRMC)) AS "QLRMC" , WM_CONCAT(DISTINCT TO_CHAR(ZJHM)) AS "ZJHM" , WM_CONCAT(DISTINCT TO_CHAR(ZJLB_ZWM)) AS "ZJLB_ZWM"  FROM "QLRGL_INFO"  WHERE (( "QLRLX" = :QLRLX0 ) AND ( "XID" = :XID1 ))         
源信息：IIRS.Services.BDC.BdcPrintServices+<>c__DisplayClass6_0.<GetPersonList>b__0         
行　号：111         
-----------------------------------------------------------
时　间：2021/04/13 16:16:25.595         
级　别：Debug         
模　块：IIRS.Services.BDC.BdcPrintServices         
消　息：SELECT  WM_CONCAT(DISTINCT TO_CHAR(QLRMC)) AS "QLRMC" , WM_CONCAT(DISTINCT TO_CHAR(ZJHM)) AS "ZJHM" , WM_CONCAT(DISTINCT TO_CHAR(ZJLB_ZWM)) AS "ZJLB_ZWM"  FROM "QLRGL_INFO"  WHERE (( "QLRLX" = :QLRLX0 ) AND ( "XID" = :XID1 ))         
源信息：IIRS.Services.BDC.BdcPrintServices+<>c__DisplayClass6_0.<GetPersonList>b__0         
行　号：111         
-----------------------------------------------------------
时　间：2021/04/13 16:16:25.595         
级　别：Debug         
模　块：IIRS.Services.BDC.BdcPrintServices         
消　息：SELECT  WM_CONCAT(DISTINCT TO_CHAR(QLRMC)) AS "QLRMC" , WM_CONCAT(DISTINCT TO_CHAR(ZJHM)) AS "ZJHM" , WM_CONCAT(DISTINCT TO_CHAR(ZJLB_ZWM)) AS "ZJLB_ZWM"  FROM "QLRGL_INFO"  WHERE (( "QLRLX" = :QLRLX0 ) AND ( "XID" = :XID1 ))         
源信息：IIRS.Services.BDC.BdcPrintServices+<>c__DisplayClass6_0.<GetPersonList>b__0         
行　号：111         
-----------------------------------------------------------
时　间：2021/04/13 16:16:25.595         
级　别：Debug         
模　块：IIRS.Services.BDC.BdcPrintServices         
消　息：SELECT  WM_CONCAT(DISTINCT TO_CHAR(QLRMC)) AS "QLRMC" , WM_CONCAT(DISTINCT TO_CHAR(ZJHM)) AS "ZJHM" , WM_CONCAT(DISTINCT TO_CHAR(ZJLB_ZWM)) AS "ZJLB_ZWM"  FROM "QLRGL_INFO"  WHERE (( "QLRLX" = :QLRLX0 ) AND ( "XID" = :XID1 ))         
源信息：IIRS.Services.BDC.BdcPrintServices+<>c__DisplayClass6_0.<GetPersonList>b__0         
行　号：111         
-----------------------------------------------------------
时　间：2021/04/13 16:16:25.595         
级　别：Debug         
模　块：IIRS.Services.BDC.BdcPrintServices         
消　息：SELECT  "GROUP_NAME" AS "GROUP_NAME" , COUNT("GROUP_NAME") AS "COUNT"  FROM "PUB_ATT_FILE"  WHERE ( "XID" = :XID0 )GROUP BY "GROUP_NAME"          
源信息：IIRS.Services.BDC.BdcPrintServices+<>c__DisplayClass6_0.<GetPersonList>b__0         
行　号：111         
-----------------------------------------------------------
时　间：2021/04/13 16:17:31.345         
级　别：Debug         
模　块：IIRS.Services.BDC.BdcPrintServices         
消　息：SELECT  DISTINCT  "A"."SLBH" AS "SLBH" , "A"."XGZH" AS "XGZH" , "A"."BDCDYH" AS "BDCDYH" , "A"."BDBZZQSE" AS "BDBZQSE" , "A"."DYQX" AS "LXQX" , "A"."QT" AS "QT" , "A"."QLQSSJ" AS "QLQSRQ" , "A"."QLJSSJ" AS "QLJSRQ" , "A"."FJ" AS "FJ" , "A"."DJYY" AS "DJYY" , "C"."ZL" AS "ZL" , "A"."DYFS" AS "DYLX" , "C"."SJR" AS "SJR" , "C"."SJSJ" AS "SAVEDATE" , "D"."FW_JZMJ" AS "JZMJ" , "D"."TD_JZZDMJ" AS "TDMJ" , "D"."TD_DYTDMJ" AS "TDDYMJ" , "D"."TD_QLLX_ZWM" AS "QLLX" , "D"."TD_QLXZ_ZWMS" AS "QLXZ" , "D"."TD_TDYT_ZWMS" AS "TDYT" , "D"."FW_FWGHYT_ZWM" AS "GHYT" , "E"."BDCLX" AS "BDCLX" , "E"."TSTYBM" AS "TSTYBM" , "A"."DJLX" AS "DJLX" , "A"."DJRQ" AS "DJRQ"  FROM "DY_INFO" A  ,"REGISTRATION_INFO"  B ,"SJD_INFO"  C ,"QL_XG_INFO"  D ,"TSGL_INFO"  E  WHERE (((( "A"."XID" = "B"."XID" ) AND ( "B"."XID" = "C"."XID" )) AND ( "C"."XID" = "D"."XID" )) AND ( "D"."XID" = "E"."XID" ))  AND (( "A"."XID" = :XID0 ) AND ( "B"."NEXT_XID" IS NULL ))         
源信息：IIRS.Services.BDC.BdcPrintServices+<>c__DisplayClass10_0.<GeneralMrgeSqbPrint>b__0         
行　号：370         
-----------------------------------------------------------
时　间：2021/04/13 16:17:33.841         
级　别：Debug         
模　块：IIRS.Services.BDC.BdcPrintServices         
消　息：SELECT  WM_CONCAT(DISTINCT TO_CHAR(QLRMC)) AS "QLRMC" , WM_CONCAT(DISTINCT TO_CHAR(ZJHM)) AS "ZJHM" , WM_CONCAT(DISTINCT TO_CHAR(ZJLB_ZWM)) AS "ZJLB_ZWM"  FROM "QLRGL_INFO"  WHERE (( "QLRLX" = :QLRLX0 ) AND ( "XID" = :XID1 ))         
源信息：IIRS.Services.BDC.BdcPrintServices+<>c__DisplayClass6_0.<GetPersonList>b__0         
行　号：111         
-----------------------------------------------------------
时　间：2021/04/13 16:17:34.009         
级　别：Debug         
模　块：IIRS.Services.BDC.BdcPrintServices         
消　息：SELECT  WM_CONCAT(DISTINCT TO_CHAR(QLRMC)) AS "QLRMC" , WM_CONCAT(DISTINCT TO_CHAR(ZJHM)) AS "ZJHM" , WM_CONCAT(DISTINCT TO_CHAR(ZJLB_ZWM)) AS "ZJLB_ZWM"  FROM "QLRGL_INFO"  WHERE (( "QLRLX" = :QLRLX0 ) AND ( "XID" = :XID1 ))         
源信息：IIRS.Services.BDC.BdcPrintServices+<>c__DisplayClass6_0.<GetPersonList>b__0         
行　号：111         
-----------------------------------------------------------
时　间：2021/04/13 16:17:34.009         
级　别：Debug         
模　块：IIRS.Services.BDC.BdcPrintServices         
消　息：SELECT  WM_CONCAT(DISTINCT TO_CHAR(QLRMC)) AS "QLRMC" , WM_CONCAT(DISTINCT TO_CHAR(ZJHM)) AS "ZJHM" , WM_CONCAT(DISTINCT TO_CHAR(ZJLB_ZWM)) AS "ZJLB_ZWM"  FROM "QLRGL_INFO"  WHERE (( "QLRLX" = :QLRLX0 ) AND ( "XID" = :XID1 ))         
源信息：IIRS.Services.BDC.BdcPrintServices+<>c__DisplayClass6_0.<GetPersonList>b__0         
行　号：111         
-----------------------------------------------------------
时　间：2021/04/13 16:17:34.020         
级　别：Debug         
模　块：IIRS.Services.BDC.BdcPrintServices         
消　息：SELECT  WM_CONCAT(DISTINCT TO_CHAR(QLRMC)) AS "QLRMC" , WM_CONCAT(DISTINCT TO_CHAR(ZJHM)) AS "ZJHM" , WM_CONCAT(DISTINCT TO_CHAR(ZJLB_ZWM)) AS "ZJLB_ZWM"  FROM "QLRGL_INFO"  WHERE (( "QLRLX" = :QLRLX0 ) AND ( "XID" = :XID1 ))         
源信息：IIRS.Services.BDC.BdcPrintServices+<>c__DisplayClass6_0.<GetPersonList>b__0         
行　号：111         
-----------------------------------------------------------
时　间：2021/04/13 16:17:34.032         
级　别：Debug         
模　块：IIRS.Services.BDC.BdcPrintServices         
消　息：SELECT  "GROUP_NAME" AS "GROUP_NAME" , COUNT("GROUP_NAME") AS "COUNT"  FROM "PUB_ATT_FILE"  WHERE ( "XID" = :XID0 )GROUP BY "GROUP_NAME"          
源信息：IIRS.Services.BDC.BdcPrintServices+<>c__DisplayClass6_0.<GetPersonList>b__0         
行　号：111         
-----------------------------------------------------------
时　间：2021/04/13 16:19:09.298         
级　别：Debug         
模　块：IIRS.Services.BDC.BdcPrintServices         
消　息：SELECT  DISTINCT  "A"."SLBH" AS "SLBH" , "A"."XGZH" AS "XGZH" , "A"."BDCDYH" AS "BDCDYH" , "A"."BDBZZQSE" AS "BDBZQSE" , "A"."DYQX" AS "LXQX" , "A"."QT" AS "QT" , "A"."QLQSSJ" AS "QLQSRQ" , "A"."QLJSSJ" AS "QLJSRQ" , "A"."FJ" AS "FJ" , "A"."DJYY" AS "DJYY" , "C"."ZL" AS "ZL" , "A"."DYFS" AS "DYLX" , "C"."SJR" AS "SJR" , "C"."SJSJ" AS "SAVEDATE" , "D"."FW_JZMJ" AS "JZMJ" , "D"."TD_JZZDMJ" AS "TDMJ" , "D"."TD_DYTDMJ" AS "TDDYMJ" , "D"."TD_QLLX_ZWM" AS "QLLX" , "D"."TD_QLXZ_ZWMS" AS "QLXZ" , "D"."TD_TDYT_ZWMS" AS "TDYT" , "D"."FW_FWGHYT_ZWM" AS "GHYT" , "E"."BDCLX" AS "BDCLX" , "E"."TSTYBM" AS "TSTYBM" , "A"."DJLX" AS "DJLX" , "A"."DJRQ" AS "DJRQ"  FROM "DY_INFO" A  ,"REGISTRATION_INFO"  B ,"SJD_INFO"  C ,"QL_XG_INFO"  D ,"TSGL_INFO"  E  WHERE (((( "A"."XID" = "B"."XID" ) AND ( "B"."XID" = "C"."XID" )) AND ( "C"."XID" = "D"."XID" )) AND ( "D"."XID" = "E"."XID" ))  AND (( "A"."XID" = :XID0 ) AND ( "B"."NEXT_XID" IS NULL ))         
源信息：IIRS.Services.BDC.BdcPrintServices+<>c__DisplayClass10_0.<GeneralMrgeSqbPrint>b__0         
行　号：370         
-----------------------------------------------------------
时　间：2021/04/13 16:19:11.761         
级　别：Debug         
模　块：IIRS.Services.BDC.BdcPrintServices         
消　息：SELECT  WM_CONCAT(DISTINCT TO_CHAR(QLRMC)) AS "QLRMC" , WM_CONCAT(DISTINCT TO_CHAR(ZJHM)) AS "ZJHM" , WM_CONCAT(DISTINCT TO_CHAR(ZJLB_ZWM)) AS "ZJLB_ZWM"  FROM "QLRGL_INFO"  WHERE (( "QLRLX" = :QLRLX0 ) AND ( "XID" = :XID1 ))         
源信息：IIRS.Services.BDC.BdcPrintServices+<>c__DisplayClass6_0.<GetPersonList>b__0         
行　号：111         
-----------------------------------------------------------
时　间：2021/04/13 16:19:11.948         
级　别：Debug         
模　块：IIRS.Services.BDC.BdcPrintServices         
消　息：SELECT  WM_CONCAT(DISTINCT TO_CHAR(QLRMC)) AS "QLRMC" , WM_CONCAT(DISTINCT TO_CHAR(ZJHM)) AS "ZJHM" , WM_CONCAT(DISTINCT TO_CHAR(ZJLB_ZWM)) AS "ZJLB_ZWM"  FROM "QLRGL_INFO"  WHERE (( "QLRLX" = :QLRLX0 ) AND ( "XID" = :XID1 ))         
源信息：IIRS.Services.BDC.BdcPrintServices+<>c__DisplayClass6_0.<GetPersonList>b__0         
行　号：111         
-----------------------------------------------------------
时　间：2021/04/13 16:19:11.948         
级　别：Debug         
模　块：IIRS.Services.BDC.BdcPrintServices         
消　息：SELECT  WM_CONCAT(DISTINCT TO_CHAR(QLRMC)) AS "QLRMC" , WM_CONCAT(DISTINCT TO_CHAR(ZJHM)) AS "ZJHM" , WM_CONCAT(DISTINCT TO_CHAR(ZJLB_ZWM)) AS "ZJLB_ZWM"  FROM "QLRGL_INFO"  WHERE (( "QLRLX" = :QLRLX0 ) AND ( "XID" = :XID1 ))         
源信息：IIRS.Services.BDC.BdcPrintServices+<>c__DisplayClass6_0.<GetPersonList>b__0         
行　号：111         
-----------------------------------------------------------
时　间：2021/04/13 16:19:11.960         
级　别：Debug         
模　块：IIRS.Services.BDC.BdcPrintServices         
消　息：SELECT  WM_CONCAT(DISTINCT TO_CHAR(QLRMC)) AS "QLRMC" , WM_CONCAT(DISTINCT TO_CHAR(ZJHM)) AS "ZJHM" , WM_CONCAT(DISTINCT TO_CHAR(ZJLB_ZWM)) AS "ZJLB_ZWM"  FROM "QLRGL_INFO"  WHERE (( "QLRLX" = :QLRLX0 ) AND ( "XID" = :XID1 ))         
源信息：IIRS.Services.BDC.BdcPrintServices+<>c__DisplayClass6_0.<GetPersonList>b__0         
行　号：111         
-----------------------------------------------------------
时　间：2021/04/13 16:19:11.975         
级　别：Debug         
模　块：IIRS.Services.BDC.BdcPrintServices         
消　息：SELECT  "GROUP_NAME" AS "GROUP_NAME" , COUNT("GROUP_NAME") AS "COUNT"  FROM "PUB_ATT_FILE"  WHERE ( "XID" = :XID0 )GROUP BY "GROUP_NAME"          
源信息：IIRS.Services.BDC.BdcPrintServices+<>c__DisplayClass6_0.<GetPersonList>b__0         
行　号：111         
-----------------------------------------------------------
时　间：2021/04/13 16:21:18.395         
级　别：Debug         
模　块：IIRS.Services.BDC.BdcPrintServices         
消　息：SELECT  DISTINCT  "A"."SLBH" AS "SLBH" , "A"."XGZH" AS "XGZH" , "A"."BDCDYH" AS "BDCDYH" , "A"."BDBZZQSE" AS "BDBZQSE" , "A"."DYQX" AS "LXQX" , "A"."QT" AS "QT" , "A"."QLQSSJ" AS "QLQSRQ" , "A"."QLJSSJ" AS "QLJSRQ" , "A"."FJ" AS "FJ" , "A"."DJYY" AS "DJYY" , "C"."ZL" AS "ZL" , "A"."DYFS" AS "DYLX" , "C"."SJR" AS "SJR" , "C"."SJSJ" AS "SAVEDATE" , "D"."FW_JZMJ" AS "JZMJ" , "D"."TD_JZZDMJ" AS "TDMJ" , "D"."TD_DYTDMJ" AS "TDDYMJ" , "D"."TD_QLLX_ZWM" AS "QLLX" , "D"."TD_QLXZ_ZWMS" AS "QLXZ" , "D"."TD_TDYT_ZWMS" AS "TDYT" , "D"."FW_FWGHYT_ZWM" AS "GHYT" , "E"."BDCLX" AS "BDCLX" , "E"."TSTYBM" AS "TSTYBM" , "A"."DJLX" AS "DJLX" , "A"."DJRQ" AS "DJRQ"  FROM "DY_INFO" A  ,"REGISTRATION_INFO"  B ,"SJD_INFO"  C ,"QL_XG_INFO"  D ,"TSGL_INFO"  E  WHERE (((( "A"."XID" = "B"."XID" ) AND ( "B"."XID" = "C"."XID" )) AND ( "C"."XID" = "D"."XID" )) AND ( "D"."XID" = "E"."XID" ))  AND (( "A"."XID" = :XID0 ) AND ( "B"."NEXT_XID" IS NULL ))         
源信息：IIRS.Services.BDC.BdcPrintServices+<>c__DisplayClass10_0.<GeneralMrgeSqbPrint>b__0         
行　号：370         
-----------------------------------------------------------
时　间：2021/04/13 16:21:22.137         
级　别：Debug         
模　块：IIRS.Services.BDC.BdcPrintServices         
消　息：SELECT  WM_CONCAT(DISTINCT TO_CHAR(QLRMC)) AS "QLRMC" , WM_CONCAT(DISTINCT TO_CHAR(ZJHM)) AS "ZJHM" , WM_CONCAT(DISTINCT TO_CHAR(ZJLB_ZWM)) AS "ZJLB_ZWM"  FROM "QLRGL_INFO"  WHERE (( "QLRLX" = :QLRLX0 ) AND ( "XID" = :XID1 ))         
源信息：IIRS.Services.BDC.BdcPrintServices+<>c__DisplayClass6_0.<GetPersonList>b__0         
行　号：111         
-----------------------------------------------------------
时　间：2021/04/13 16:21:22.313         
级　别：Debug         
模　块：IIRS.Services.BDC.BdcPrintServices         
消　息：SELECT  WM_CONCAT(DISTINCT TO_CHAR(QLRMC)) AS "QLRMC" , WM_CONCAT(DISTINCT TO_CHAR(ZJHM)) AS "ZJHM" , WM_CONCAT(DISTINCT TO_CHAR(ZJLB_ZWM)) AS "ZJLB_ZWM"  FROM "QLRGL_INFO"  WHERE (( "QLRLX" = :QLRLX0 ) AND ( "XID" = :XID1 ))         
源信息：IIRS.Services.BDC.BdcPrintServices+<>c__DisplayClass6_0.<GetPersonList>b__0         
行　号：111         
-----------------------------------------------------------
时　间：2021/04/13 16:21:22.313         
级　别：Debug         
模　块：IIRS.Services.BDC.BdcPrintServices         
消　息：SELECT  WM_CONCAT(DISTINCT TO_CHAR(QLRMC)) AS "QLRMC" , WM_CONCAT(DISTINCT TO_CHAR(ZJHM)) AS "ZJHM" , WM_CONCAT(DISTINCT TO_CHAR(ZJLB_ZWM)) AS "ZJLB_ZWM"  FROM "QLRGL_INFO"  WHERE (( "QLRLX" = :QLRLX0 ) AND ( "XID" = :XID1 ))         
源信息：IIRS.Services.BDC.BdcPrintServices+<>c__DisplayClass6_0.<GetPersonList>b__0         
行　号：111         
-----------------------------------------------------------
时　间：2021/04/13 16:21:22.313         
级　别：Debug         
模　块：IIRS.Services.BDC.BdcPrintServices         
消　息：SELECT  WM_CONCAT(DISTINCT TO_CHAR(QLRMC)) AS "QLRMC" , WM_CONCAT(DISTINCT TO_CHAR(ZJHM)) AS "ZJHM" , WM_CONCAT(DISTINCT TO_CHAR(ZJLB_ZWM)) AS "ZJLB_ZWM"  FROM "QLRGL_INFO"  WHERE (( "QLRLX" = :QLRLX0 ) AND ( "XID" = :XID1 ))         
源信息：IIRS.Services.BDC.BdcPrintServices+<>c__DisplayClass6_0.<GetPersonList>b__0         
行　号：111         
-----------------------------------------------------------
时　间：2021/04/13 16:21:22.341         
级　别：Debug         
模　块：IIRS.Services.BDC.BdcPrintServices         
消　息：SELECT  "GROUP_NAME" AS "GROUP_NAME" , COUNT("GROUP_NAME") AS "COUNT"  FROM "PUB_ATT_FILE"  WHERE ( "XID" = :XID0 )GROUP BY "GROUP_NAME"          
源信息：IIRS.Services.BDC.BdcPrintServices+<>c__DisplayClass6_0.<GetPersonList>b__0         
行　号：111         
-----------------------------------------------------------
时　间：2021/04/13 16:23:23.646         
级　别：Debug         
模　块：IIRS.Services.BDC.BdcPrintServices         
消　息：SELECT  DISTINCT  "A"."SLBH" AS "SLBH" , "A"."XGZH" AS "XGZH" , "A"."BDCDYH" AS "BDCDYH" , "A"."BDBZZQSE" AS "BDBZQSE" , "A"."DYQX" AS "LXQX" , "A"."QT" AS "QT" , "A"."QLQSSJ" AS "QLQSRQ" , "A"."QLJSSJ" AS "QLJSRQ" , "A"."FJ" AS "FJ" , "A"."DJYY" AS "DJYY" , "C"."ZL" AS "ZL" , "A"."DYFS" AS "DYLX" , "C"."SJR" AS "SJR" , "C"."SJSJ" AS "SAVEDATE" , "D"."FW_JZMJ" AS "JZMJ" , "D"."TD_JZZDMJ" AS "TDMJ" , "D"."TD_DYTDMJ" AS "TDDYMJ" , "D"."TD_QLLX_ZWM" AS "QLLX" , "D"."TD_QLXZ_ZWMS" AS "QLXZ" , "D"."TD_TDYT_ZWMS" AS "TDYT" , "D"."FW_FWGHYT_ZWM" AS "GHYT" , "E"."BDCLX" AS "BDCLX" , "E"."TSTYBM" AS "TSTYBM" , "A"."DJLX" AS "DJLX" , "A"."DJRQ" AS "DJRQ"  FROM "DY_INFO" A  ,"REGISTRATION_INFO"  B ,"SJD_INFO"  C ,"QL_XG_INFO"  D ,"TSGL_INFO"  E  WHERE (((( "A"."XID" = "B"."XID" ) AND ( "B"."XID" = "C"."XID" )) AND ( "C"."XID" = "D"."XID" )) AND ( "D"."XID" = "E"."XID" ))  AND (( "A"."XID" = :XID0 ) AND ( "B"."NEXT_XID" IS NULL ))         
源信息：IIRS.Services.BDC.BdcPrintServices+<>c__DisplayClass10_0.<GeneralMrgeSqbPrint>b__0         
行　号：370         
-----------------------------------------------------------
时　间：2021/04/13 16:23:25.968         
级　别：Debug         
模　块：IIRS.Services.BDC.BdcPrintServices         
消　息：SELECT  WM_CONCAT(DISTINCT TO_CHAR(QLRMC)) AS "QLRMC" , WM_CONCAT(DISTINCT TO_CHAR(ZJHM)) AS "ZJHM" , WM_CONCAT(DISTINCT TO_CHAR(ZJLB_ZWM)) AS "ZJLB_ZWM"  FROM "QLRGL_INFO"  WHERE (( "QLRLX" = :QLRLX0 ) AND ( "XID" = :XID1 ))         
源信息：IIRS.Services.BDC.BdcPrintServices+<>c__DisplayClass6_0.<GetPersonList>b__0         
行　号：111         
-----------------------------------------------------------
时　间：2021/04/13 16:23:26.120         
级　别：Debug         
模　块：IIRS.Services.BDC.BdcPrintServices         
消　息：SELECT  WM_CONCAT(DISTINCT TO_CHAR(QLRMC)) AS "QLRMC" , WM_CONCAT(DISTINCT TO_CHAR(ZJHM)) AS "ZJHM" , WM_CONCAT(DISTINCT TO_CHAR(ZJLB_ZWM)) AS "ZJLB_ZWM"  FROM "QLRGL_INFO"  WHERE (( "QLRLX" = :QLRLX0 ) AND ( "XID" = :XID1 ))         
源信息：IIRS.Services.BDC.BdcPrintServices+<>c__DisplayClass6_0.<GetPersonList>b__0         
行　号：111         
-----------------------------------------------------------
时　间：2021/04/13 16:23:26.126         
级　别：Debug         
模　块：IIRS.Services.BDC.BdcPrintServices         
消　息：SELECT  WM_CONCAT(DISTINCT TO_CHAR(QLRMC)) AS "QLRMC" , WM_CONCAT(DISTINCT TO_CHAR(ZJHM)) AS "ZJHM" , WM_CONCAT(DISTINCT TO_CHAR(ZJLB_ZWM)) AS "ZJLB_ZWM"  FROM "QLRGL_INFO"  WHERE (( "QLRLX" = :QLRLX0 ) AND ( "XID" = :XID1 ))         
源信息：IIRS.Services.BDC.BdcPrintServices+<>c__DisplayClass6_0.<GetPersonList>b__0         
行　号：111         
-----------------------------------------------------------
时　间：2021/04/13 16:23:26.126         
级　别：Debug         
模　块：IIRS.Services.BDC.BdcPrintServices         
消　息：SELECT  WM_CONCAT(DISTINCT TO_CHAR(QLRMC)) AS "QLRMC" , WM_CONCAT(DISTINCT TO_CHAR(ZJHM)) AS "ZJHM" , WM_CONCAT(DISTINCT TO_CHAR(ZJLB_ZWM)) AS "ZJLB_ZWM"  FROM "QLRGL_INFO"  WHERE (( "QLRLX" = :QLRLX0 ) AND ( "XID" = :XID1 ))         
源信息：IIRS.Services.BDC.BdcPrintServices+<>c__DisplayClass6_0.<GetPersonList>b__0         
行　号：111         
-----------------------------------------------------------
时　间：2021/04/13 16:23:26.146         
级　别：Debug         
模　块：IIRS.Services.BDC.BdcPrintServices         
消　息：SELECT  "GROUP_NAME" AS "GROUP_NAME" , COUNT("GROUP_NAME") AS "COUNT"  FROM "PUB_ATT_FILE"  WHERE ( "XID" = :XID0 )GROUP BY "GROUP_NAME"          
源信息：IIRS.Services.BDC.BdcPrintServices+<>c__DisplayClass6_0.<GetPersonList>b__0         
行　号：111         
-----------------------------------------------------------
时　间：2021/04/13 18:48:29.606         
级　别：Debug         
模　块：IIRS.Controllers.BdcGeneralMrgeController         
消　息：错误码:42608e2b-4893-48e1-95bb-0e72be464079,异常消息:ORA-00942: 表或视图不存在         
源信息：IIRS.Controllers.BdcGeneralMrgeController.GetBdcHourseInfo         
行　号：64         
-----------------------------------------------------------
时　间：2021/04/13 18:48:45.991         
级　别：Debug         
模　块：IIRS.Controllers.BdcGeneralMrgeController         
消　息：错误码:c34c022d-64ec-405e-b91e-ecdc8811599e,异常消息:ORA-00942: 表或视图不存在         
源信息：IIRS.Controllers.BdcGeneralMrgeController.GetBdcHourseInfo         
行　号：64         
-----------------------------------------------------------
时　间：2021/04/13 18:48:54.610         
级　别：Debug         
模　块：IIRS.Controllers.BdcGeneralMrgeController         
消　息：错误码:99d99f0f-8d55-4640-ae64-1ed818847251,异常消息:ORA-00942: 表或视图不存在         
源信息：IIRS.Controllers.BdcGeneralMrgeController.GetBdcHourseInfo         
行　号：64         
-----------------------------------------------------------
时　间：2021/04/13 18:51:20.968         
级　别：Debug         
模　块：IIRS.Controllers.BdcGeneralMrgeController         
消　息：错误码:4b159ada-9f21-4e83-85d4-7abaa03ead46,异常消息:ORA-00942: 表或视图不存在         
源信息：IIRS.Controllers.BdcGeneralMrgeController.GetBdcHourseInfo         
行　号：64         
-----------------------------------------------------------
时　间：2021/04/13 18:58:13.668         
级　别：Debug         
模　块：IIRS.Controllers.BdcGeneralMrgeController         
消　息：错误码:e524f0c4-3bce-4073-8139-33a0eea4730f,异常消息:ORA-00942: 表或视图不存在         
源信息：IIRS.Controllers.BdcGeneralMrgeController.GetBdcHourseInfo         
行　号：64         
-----------------------------------------------------------
时　间：2021/04/13 18:59:42.375         
级　别：Debug         
模　块：IIRS.Controllers.BDC.TransferController         
消　息：错误码:6c1c74c7-2521-4b2c-b85d-0461ea674691,异常消息:One or more errors occurred. (ORA-00904: "PRE_STATUS": 标识符无效)         
源信息：IIRS.Controllers.BDC.TransferController.Post         
行　号：118         
-----------------------------------------------------------
