时　间：2021/04/29 08:46:18.918         
级　别：Debug         
模　块：IIRS.Controllers.BDC.BdcPrintController         
消　息：错误码:d3ca5f58-6dca-4750-9f99-4ee5f7dbd04c,异常消息:ConfigId was not found gl         
源信息：IIRS.Controllers.BDC.BdcPrintController.MrgeReleaseSqbPrint         
行　号：1847         
-----------------------------------------------------------
时　间：2021/04/29 08:47:23.592         
级　别：Debug         
模　块：IIRS.Controllers.BDC.BdcPrintController         
消　息：错误码:c88ddbaa-097f-4fc0-88ff-8620687b5173,异常消息:ConfigId was not found gl         
源信息：IIRS.Controllers.BDC.BdcPrintController.MrgeReleaseSqbPrint         
行　号：1847         
-----------------------------------------------------------
时　间：2021/04/29 08:48:32.091         
级　别：Debug         
模　块：IIRS.Controllers.BDC.BdcPrintController         
消　息：错误码:ad4b7324-2725-4345-815f-d2a9cde1a29f,异常消息:ConfigId was not found gl         
源信息：IIRS.Controllers.BDC.BdcPrintController.MrgeReleaseSqbPrint         
行　号：1847         
-----------------------------------------------------------
时　间：2021/04/29 08:48:46.904         
级　别：Debug         
模　块：IIRS.Controllers.BDC.BdcPrintController         
消　息：错误码:786d8533-4162-41e7-8249-b42dc68bba73,异常消息:ConfigId was not found gl         
源信息：IIRS.Controllers.BDC.BdcPrintController.MrgeReleaseSqbPrint         
行　号：1847         
-----------------------------------------------------------
时　间：2021/04/29 08:48:51.839         
级　别：Debug         
模　块：IIRS.Controllers.BDC.BdcPrintController         
消　息：错误码:62fe7caa-c3bc-4d96-bc5d-d7b266bdea4a,异常消息:ConfigId was not found gl         
源信息：IIRS.Controllers.BDC.BdcPrintController.MrgeReleaseSqbPrint         
行　号：1847         
-----------------------------------------------------------
时　间：2021/04/29 08:50:19.104         
级　别：Debug         
模　块：IIRS.Services.BDC.BdcPrintServices         
消　息：SELECT  WM_CONCAT(DISTINCT TO_CHAR(QLRMC)) AS "QLRMC" , WM_CONCAT(DISTINCT TO_CHAR(ZJHM)) AS "ZJHM" , WM_CONCAT(DISTINCT TO_CHAR(ZJLB_ZWM)) AS "ZJLB_ZWM"  FROM "QLRGL_INFO"  WHERE (( "QLRLX" = :QLRLX0 ) AND ( "XID" = :XID1 ))         
源信息：IIRS.Services.BDC.BdcPrintServices+<>c__DisplayClass6_0.<GetPersonList>b__0         
行　号：112         
-----------------------------------------------------------
时　间：2021/04/29 08:50:19.313         
级　别：Debug         
模　块：IIRS.Services.BDC.BdcPrintServices         
消　息：SELECT  WM_CONCAT(DISTINCT TO_CHAR(QLRMC)) AS "QLRMC" , WM_CONCAT(DISTINCT TO_CHAR(ZJHM)) AS "ZJHM" , WM_CONCAT(DISTINCT TO_CHAR(ZJLB_ZWM)) AS "ZJLB_ZWM"  FROM "QLRGL_INFO"  WHERE (( "QLRLX" = :QLRLX0 ) AND ( "XID" = :XID1 ))         
源信息：IIRS.Services.BDC.BdcPrintServices+<>c__DisplayClass6_0.<GetPersonList>b__0         
行　号：112         
-----------------------------------------------------------
时　间：2021/04/29 08:50:19.313         
级　别：Debug         
模　块：IIRS.Services.BDC.BdcPrintServices         
消　息：SELECT  WM_CONCAT(DISTINCT TO_CHAR(QLRMC)) AS "QLRMC" , WM_CONCAT(DISTINCT TO_CHAR(ZJHM)) AS "ZJHM" , WM_CONCAT(DISTINCT TO_CHAR(ZJLB_ZWM)) AS "ZJLB_ZWM"  FROM "QLRGL_INFO"  WHERE (( "QLRLX" = :QLRLX0 ) AND ( "XID" = :XID1 ))         
源信息：IIRS.Services.BDC.BdcPrintServices+<>c__DisplayClass6_0.<GetPersonList>b__0         
行　号：112         
-----------------------------------------------------------
时　间：2021/04/29 08:50:19.329         
级　别：Debug         
模　块：IIRS.Services.BDC.BdcPrintServices         
消　息：SELECT  WM_CONCAT(DISTINCT TO_CHAR(QLRMC)) AS "QLRMC" , WM_CONCAT(DISTINCT TO_CHAR(ZJHM)) AS "ZJHM" , WM_CONCAT(DISTINCT TO_CHAR(ZJLB_ZWM)) AS "ZJLB_ZWM"  FROM "QLRGL_INFO"  WHERE (( "QLRLX" = :QLRLX0 ) AND ( "XID" = :XID1 ))         
源信息：IIRS.Services.BDC.BdcPrintServices+<>c__DisplayClass6_0.<GetPersonList>b__0         
行　号：112         
-----------------------------------------------------------
时　间：2021/04/29 08:50:25.520         
级　别：Debug         
模　块：IIRS.Services.BDC.BdcPrintServices         
消　息：SELECT  "GROUP_NAME" AS "GROUP_NAME" , COUNT("GROUP_NAME") AS "COUNT"  FROM "PUB_ATT_FILE"  WHERE ( "XID" = :XID0 )GROUP BY "GROUP_NAME"          
源信息：IIRS.Services.BDC.BdcPrintServices+<>c__DisplayClass6_0.<GetPersonList>b__0         
行　号：112         
-----------------------------------------------------------
时　间：2021/04/29 08:50:47.674         
级　别：Debug         
模　块：IIRS.Controllers.BDC.BdcPrintController         
消　息：错误码:68f0381b-4174-4ecd-be3b-d67fa56c987d,异常消息:Object reference not set to an instance of an object.         
源信息：IIRS.Controllers.BDC.BdcPrintController.MrgeReleaseSqbPrint         
行　号：2097         
-----------------------------------------------------------
时　间：2021/04/29 08:51:02.931         
级　别：Debug         
模　块：IIRS.Services.BDC.BdcPrintServices         
消　息：SELECT  WM_CONCAT(DISTINCT TO_CHAR(QLRMC)) AS "QLRMC" , WM_CONCAT(DISTINCT TO_CHAR(ZJHM)) AS "ZJHM" , WM_CONCAT(DISTINCT TO_CHAR(ZJLB_ZWM)) AS "ZJLB_ZWM"  FROM "QLRGL_INFO"  WHERE (( "QLRLX" = :QLRLX0 ) AND ( "XID" = :XID1 ))         
源信息：IIRS.Services.BDC.BdcPrintServices+<>c__DisplayClass6_0.<GetPersonList>b__0         
行　号：112         
-----------------------------------------------------------
时　间：2021/04/29 08:51:02.931         
级　别：Debug         
模　块：IIRS.Services.BDC.BdcPrintServices         
消　息：SELECT  WM_CONCAT(DISTINCT TO_CHAR(QLRMC)) AS "QLRMC" , WM_CONCAT(DISTINCT TO_CHAR(ZJHM)) AS "ZJHM" , WM_CONCAT(DISTINCT TO_CHAR(ZJLB_ZWM)) AS "ZJLB_ZWM"  FROM "QLRGL_INFO"  WHERE (( "QLRLX" = :QLRLX0 ) AND ( "XID" = :XID1 ))         
源信息：IIRS.Services.BDC.BdcPrintServices+<>c__DisplayClass6_0.<GetPersonList>b__0         
行　号：112         
-----------------------------------------------------------
时　间：2021/04/29 08:51:02.941         
级　别：Debug         
模　块：IIRS.Services.BDC.BdcPrintServices         
消　息：SELECT  WM_CONCAT(DISTINCT TO_CHAR(QLRMC)) AS "QLRMC" , WM_CONCAT(DISTINCT TO_CHAR(ZJHM)) AS "ZJHM" , WM_CONCAT(DISTINCT TO_CHAR(ZJLB_ZWM)) AS "ZJLB_ZWM"  FROM "QLRGL_INFO"  WHERE (( "QLRLX" = :QLRLX0 ) AND ( "XID" = :XID1 ))         
源信息：IIRS.Services.BDC.BdcPrintServices+<>c__DisplayClass6_0.<GetPersonList>b__0         
行　号：112         
-----------------------------------------------------------
时　间：2021/04/29 08:51:02.941         
级　别：Debug         
模　块：IIRS.Services.BDC.BdcPrintServices         
消　息：SELECT  WM_CONCAT(DISTINCT TO_CHAR(QLRMC)) AS "QLRMC" , WM_CONCAT(DISTINCT TO_CHAR(ZJHM)) AS "ZJHM" , WM_CONCAT(DISTINCT TO_CHAR(ZJLB_ZWM)) AS "ZJLB_ZWM"  FROM "QLRGL_INFO"  WHERE (( "QLRLX" = :QLRLX0 ) AND ( "XID" = :XID1 ))         
源信息：IIRS.Services.BDC.BdcPrintServices+<>c__DisplayClass6_0.<GetPersonList>b__0         
行　号：112         
-----------------------------------------------------------
时　间：2021/04/29 08:51:02.941         
级　别：Debug         
模　块：IIRS.Services.BDC.BdcPrintServices         
消　息：SELECT  "GROUP_NAME" AS "GROUP_NAME" , COUNT("GROUP_NAME") AS "COUNT"  FROM "PUB_ATT_FILE"  WHERE ( "XID" = :XID0 )GROUP BY "GROUP_NAME"          
源信息：IIRS.Services.BDC.BdcPrintServices+<>c__DisplayClass6_0.<GetPersonList>b__0         
行　号：112         
-----------------------------------------------------------
时　间：2021/04/29 09:08:13.011         
级　别：Debug         
模　块：IIRS.Services.BDC.BdcPrintServices         
消　息：SELECT  "A"."BDCZH" AS "BDCZH" , "A"."XGZH" AS "BDCZMH" , NVL("G"."ZL","C"."ZL") AS "ZL" , NVL(NVL("D"."JZMJ","F"."SYQMJ"),"E"."GYTDMJ") AS "MJ" , "E"."FTTDMJ" AS "FTMJ" , "C"."GHYT" AS "YT" , "D"."QLXZ" AS "QLXZ" , "E"."QLXZ" AS "TDQLXZ" , "A"."FJ" AS "FJ" , WM_CONCAT(DISTINCT TO_CHAR(H.QLRMC)) AS "QLRMC" , WM_CONCAT(DISTINCT TO_CHAR(H.QLRLX)) AS "QLRLX" , WM_CONCAT(DISTINCT TO_CHAR(H.ZJHM)) AS "ZJHM"  FROM "DJ_DJB" A Left JOIN "DJ_TSGL" B ON ( "A"."SLBH" = "B"."SLBH" )  Left JOIN "FC_H_QSDC" C ON ( "B"."TSTYBM" = "C"."TSTYBM" )  Left JOIN "QL_FWXG" D ON ( "A"."SLBH" = "D"."SLBH" )  Left JOIN "QL_TDXG" E ON ( "A"."SLBH" = "E"."SLBH" )  Left JOIN "QL_SLXG" F ON ( "F"."SLBH" = "A"."SLBH" )  Left JOIN "DJ_SJD" G ON ( "A"."SLBH" = "G"."SLBH" )  Left JOIN "DJ_QLRGL" H ON ( "A"."SLBH" = "H"."SLBH" )   WHERE  (:MethodConst0 like '%'||"A"."SLBH"||'%') GROUP BY "A"."BDCZH","A"."XGZH","G"."ZL","C"."ZL","D"."JZMJ","F"."SYQMJ","E"."GYTDMJ","E"."FTTDMJ","C"."GHYT","D"."QLXZ","E"."QLXZ","A"."FJ"          
源信息：IIRS.Services.BDC.BdcPrintServices+<>c__DisplayClass15_0.<MrgeReleaseQdPrint>b__10         
行　号：1085         
-----------------------------------------------------------
时　间：2021/04/29 09:08:30.087         
级　别：Debug         
模　块：IIRS.Services.BDC.BdcPrintServices         
消　息：SELECT  "A"."BDCZH" AS "BDCZH" , "A"."XGZH" AS "BDCZMH" , NVL("G"."ZL","C"."ZL") AS "ZL" , NVL(NVL("D"."JZMJ","F"."SYQMJ"),"E"."GYTDMJ") AS "MJ" , "E"."FTTDMJ" AS "FTMJ" , "C"."GHYT" AS "YT" , "D"."QLXZ" AS "QLXZ" , "E"."QLXZ" AS "TDQLXZ" , "A"."FJ" AS "FJ" , WM_CONCAT(DISTINCT TO_CHAR(H.QLRMC)) AS "QLRMC" , WM_CONCAT(DISTINCT TO_CHAR(H.QLRLX)) AS "QLRLX" , WM_CONCAT(DISTINCT TO_CHAR(H.ZJHM)) AS "ZJHM"  FROM "DJ_DJB" A Left JOIN "DJ_TSGL" B ON ( "A"."SLBH" = "B"."SLBH" )  Left JOIN "FC_H_QSDC" C ON ( "B"."TSTYBM" = "C"."TSTYBM" )  Left JOIN "QL_FWXG" D ON ( "A"."SLBH" = "D"."SLBH" )  Left JOIN "QL_TDXG" E ON ( "A"."SLBH" = "E"."SLBH" )  Left JOIN "QL_SLXG" F ON ( "F"."SLBH" = "A"."SLBH" )  Left JOIN "DJ_SJD" G ON ( "A"."SLBH" = "G"."SLBH" )  Left JOIN "DJ_QLRGL" H ON ( "A"."SLBH" = "H"."SLBH" )   WHERE  (:MethodConst0 like '%'||"A"."SLBH"||'%') GROUP BY "A"."BDCZH","A"."XGZH","G"."ZL","C"."ZL","D"."JZMJ","F"."SYQMJ","E"."GYTDMJ","E"."FTTDMJ","C"."GHYT","D"."QLXZ","E"."QLXZ","A"."FJ"          
源信息：IIRS.Services.BDC.BdcPrintServices+<>c__DisplayClass15_0.<MrgeReleaseQdPrint>b__10         
行　号：1085         
-----------------------------------------------------------
时　间：2021/04/29 09:09:45.039         
级　别：Debug         
模　块：IIRS.Services.BDC.BdcPrintServices         
消　息：SELECT  "A"."BDCZH" AS "BDCZH" , "A"."XGZH" AS "BDCZMH" , NVL("G"."ZL","C"."ZL") AS "ZL" , NVL(NVL("D"."JZMJ","F"."SYQMJ"),"E"."GYTDMJ") AS "MJ" , "E"."FTTDMJ" AS "FTMJ" , "C"."GHYT" AS "YT" , "D"."QLXZ" AS "QLXZ" , "E"."QLXZ" AS "TDQLXZ" , "A"."FJ" AS "FJ" , WM_CONCAT(DISTINCT TO_CHAR(H.QLRMC)) AS "QLRMC" , WM_CONCAT(DISTINCT TO_CHAR(H.QLRLX)) AS "QLRLX" , WM_CONCAT(DISTINCT TO_CHAR(H.ZJHM)) AS "ZJHM"  FROM "DJ_DJB" A Left JOIN "DJ_TSGL" B ON ( "A"."SLBH" = "B"."SLBH" )  Left JOIN "FC_H_QSDC" C ON ( "B"."TSTYBM" = "C"."TSTYBM" )  Left JOIN "QL_FWXG" D ON ( "A"."SLBH" = "D"."SLBH" )  Left JOIN "QL_TDXG" E ON ( "A"."SLBH" = "E"."SLBH" )  Left JOIN "QL_SLXG" F ON ( "F"."SLBH" = "A"."SLBH" )  Left JOIN "DJ_SJD" G ON ( "A"."SLBH" = "G"."SLBH" )  Left JOIN "DJ_QLRGL" H ON ( "A"."SLBH" = "H"."SLBH" )   WHERE  (:MethodConst0 like '%'||"A"."SLBH"||'%') GROUP BY "A"."BDCZH","A"."XGZH","G"."ZL","C"."ZL","D"."JZMJ","F"."SYQMJ","E"."GYTDMJ","E"."FTTDMJ","C"."GHYT","D"."QLXZ","E"."QLXZ","A"."FJ"          
源信息：IIRS.Services.BDC.BdcPrintServices+<>c__DisplayClass15_0.<MrgeReleaseQdPrint>b__10         
行　号：1085         
-----------------------------------------------------------
时　间：2021/04/29 09:53:32.388         
级　别：Debug         
模　块：IIRS.Controllers.BDC.TransferController         
消　息：TransferController.GetPaymentType:错误码:5d63585f-0387-4d9b-b533-dcb06b1a7b56,异常消息:English Message : Connection open error . Connection request timed out
Chinese Message :  连接数据库过程中发生错误，检查服务器是否正常连接字符串是否正确，实在找不到原因请先Google错误信息：Connection request timed out.         
源信息：IIRS.Controllers.BDC.TransferController.GetPaymentType         
行　号：444         
-----------------------------------------------------------
时　间：2021/04/29 09:53:33.107         
级　别：Debug         
模　块：IIRS.Controllers.BDC.TransferController         
消　息：TransferController.GetPaymentType:错误码:b3b3c744-0d82-42e8-b313-99600eb2e513,异常消息:English Message : Connection open error . Connection request timed out
Chinese Message :  连接数据库过程中发生错误，检查服务器是否正常连接字符串是否正确，实在找不到原因请先Google错误信息：Connection request timed out.         
源信息：IIRS.Controllers.BDC.TransferController.GetPaymentType         
行　号：444         
-----------------------------------------------------------
时　间：2021/04/29 09:54:19.871         
级　别：Debug         
模　块：IIRS.Controllers.BDC.TransferController         
消　息：TransferController.GetPaymentType:错误码:c2f4bc6b-d985-4ca7-ad76-281fecb40c6f,异常消息:English Message : Connection open error . Network Transport: TCP transport address connect failure
Chinese Message :  连接数据库过程中发生错误，检查服务器是否正常连接字符串是否正确，实在找不到原因请先Google错误信息：Network Transport: TCP transport address connect failure.         
源信息：IIRS.Controllers.BDC.TransferController.GetPaymentType         
行　号：444         
-----------------------------------------------------------
时　间：2021/04/29 09:54:19.871         
级　别：Debug         
模　块：IIRS.Controllers.BDC.TransferController         
消　息：TransferController.GetPaymentType:错误码:25d399f0-13dd-4a6e-a208-5b79b03c0cb2,异常消息:English Message : Connection open error . Network Transport: TCP transport address connect failure
Chinese Message :  连接数据库过程中发生错误，检查服务器是否正常连接字符串是否正确，实在找不到原因请先Google错误信息：Network Transport: TCP transport address connect failure.         
源信息：IIRS.Controllers.BDC.TransferController.GetPaymentType         
行　号：444         
-----------------------------------------------------------
时　间：2021/04/29 09:57:57.902         
级　别：Debug         
模　块：IIRS.Controllers.BDC.TransferController         
消　息：TransferController.GetPaymentType:错误码:c7254984-1c88-486d-8434-5f2cd7cba341,异常消息:English Message : Connection open error . ORA-12516: TNS:listener could not find available handler with matching protocol stack
Chinese Message :  连接数据库过程中发生错误，检查服务器是否正常连接字符串是否正确，实在找不到原因请先Google错误信息：ORA-12516: TNS:listener could not find available handler with matching protocol stack.         
源信息：IIRS.Controllers.BDC.TransferController.GetPaymentType         
行　号：444         
-----------------------------------------------------------
时　间：2021/04/29 09:57:58.136         
级　别：Debug         
模　块：IIRS.Controllers.BDC.TransferController         
消　息：TransferController.GetPaymentType:错误码:b3858aa6-5b33-48b4-9584-b535a173ffb3,异常消息:English Message : Connection open error . ORA-12516: TNS:listener could not find available handler with matching protocol stack
Chinese Message :  连接数据库过程中发生错误，检查服务器是否正常连接字符串是否正确，实在找不到原因请先Google错误信息：ORA-12516: TNS:listener could not find available handler with matching protocol stack.         
源信息：IIRS.Controllers.BDC.TransferController.GetPaymentType         
行　号：444         
-----------------------------------------------------------
时　间：2021/04/29 09:57:58.235         
级　别：Debug         
模　块：IIRS.Controllers.BDC.TransferController         
消　息：TransferController.GetPaymentType:错误码:9aabcb9b-d078-499b-a9c4-dbf6432823ea,异常消息:English Message : Connection open error . ORA-12516: TNS:listener could not find available handler with matching protocol stack
Chinese Message :  连接数据库过程中发生错误，检查服务器是否正常连接字符串是否正确，实在找不到原因请先Google错误信息：ORA-12516: TNS:listener could not find available handler with matching protocol stack.         
源信息：IIRS.Controllers.BDC.TransferController.GetPaymentType         
行　号：444         
-----------------------------------------------------------
时　间：2021/04/29 09:59:43.744         
级　别：Debug         
模　块：IIRS.Controllers.BDC.TransferController         
消　息：TransferController.GetPaymentType:错误码:55bf3786-d871-4ed2-9bed-f398923d942e,异常消息:English Message : Connection open error . ORA-12516: TNS:listener could not find available handler with matching protocol stack
Chinese Message :  连接数据库过程中发生错误，检查服务器是否正常连接字符串是否正确，实在找不到原因请先Google错误信息：ORA-12516: TNS:listener could not find available handler with matching protocol stack.         
源信息：IIRS.Controllers.BDC.TransferController.GetPaymentType         
行　号：444         
-----------------------------------------------------------
时　间：2021/04/29 10:01:14.887         
级　别：Debug         
模　块：IIRS.Controllers.BDC.TransferController         
消　息：TransferController.GetPaymentType:错误码:9a469087-8e1b-4fad-8566-596ac70e5209,异常消息:English Message : Connection open error . ORA-12516: TNS:listener could not find available handler with matching protocol stack
Chinese Message :  连接数据库过程中发生错误，检查服务器是否正常连接字符串是否正确，实在找不到原因请先Google错误信息：ORA-12516: TNS:listener could not find available handler with matching protocol stack.         
源信息：IIRS.Controllers.BDC.TransferController.GetPaymentType         
行　号：444         
-----------------------------------------------------------
时　间：2021/04/29 10:01:14.999         
级　别：Debug         
模　块：IIRS.Controllers.BDC.TransferController         
消　息：TransferController.GetPaymentType:错误码:cefa1062-a399-416e-9796-7946177f79a1,异常消息:English Message : Connection open error . ORA-12516: TNS:listener could not find available handler with matching protocol stack
Chinese Message :  连接数据库过程中发生错误，检查服务器是否正常连接字符串是否正确，实在找不到原因请先Google错误信息：ORA-12516: TNS:listener could not find available handler with matching protocol stack.         
源信息：IIRS.Controllers.BDC.TransferController.GetPaymentType         
行　号：444         
-----------------------------------------------------------
时　间：2021/04/29 10:02:53.397         
级　别：Debug         
模　块：IIRS.Controllers.BDC.TransferController         
消　息：TransferController.GetPaymentType:错误码:e97c14df-f76e-4845-a3cd-0b5d0c601446,异常消息:English Message : Connection open error . ORA-12516: TNS:listener could not find available handler with matching protocol stack
Chinese Message :  连接数据库过程中发生错误，检查服务器是否正常连接字符串是否正确，实在找不到原因请先Google错误信息：ORA-12516: TNS:listener could not find available handler with matching protocol stack.         
源信息：IIRS.Controllers.BDC.TransferController.GetPaymentType         
行　号：444         
-----------------------------------------------------------
时　间：2021/04/29 10:02:53.443         
级　别：Debug         
模　块：IIRS.Controllers.BDC.TransferController         
消　息：TransferController.GetPaymentType:错误码:61bd5923-fb89-40e2-bfa3-f74bf6f00a27,异常消息:English Message : Connection open error . ORA-12516: TNS:listener could not find available handler with matching protocol stack
Chinese Message :  连接数据库过程中发生错误，检查服务器是否正常连接字符串是否正确，实在找不到原因请先Google错误信息：ORA-12516: TNS:listener could not find available handler with matching protocol stack.         
源信息：IIRS.Controllers.BDC.TransferController.GetPaymentType         
行　号：444         
-----------------------------------------------------------
时　间：2021/04/29 10:04:38.891         
级　别：Debug         
模　块：IIRS.Controllers.BDC.TransferController         
消　息：TransferController.GetPaymentType:错误码:24e1e77a-d095-4a40-b1a4-7ad867fb4503,异常消息:English Message : Connection open error . ORA-12516: TNS:listener could not find available handler with matching protocol stack
Chinese Message :  连接数据库过程中发生错误，检查服务器是否正常连接字符串是否正确，实在找不到原因请先Google错误信息：ORA-12516: TNS:listener could not find available handler with matching protocol stack.         
源信息：IIRS.Controllers.BDC.TransferController.GetPaymentType         
行　号：444         
-----------------------------------------------------------
时　间：2021/04/29 10:05:33.849         
级　别：Debug         
模　块：IIRS.Controllers.BDC.TransferController         
消　息：TransferController.GetPaymentType:错误码:d62f82f4-4b5f-4d10-bd0c-1297fa3408b4,异常消息:English Message : Connection open error . ORA-12516: TNS:listener could not find available handler with matching protocol stack
Chinese Message :  连接数据库过程中发生错误，检查服务器是否正常连接字符串是否正确，实在找不到原因请先Google错误信息：ORA-12516: TNS:listener could not find available handler with matching protocol stack.         
源信息：IIRS.Controllers.BDC.TransferController.GetPaymentType         
行　号：444         
-----------------------------------------------------------
时　间：2021/04/29 10:07:34.044         
级　别：Debug         
模　块：IIRS.Controllers.BDC.TransferController         
消　息：TransferController.GetPaymentType:错误码:6d14dec6-13c4-4337-9233-aba08023a4b3,异常消息:English Message : Connection open error . ORA-12516: TNS:listener could not find available handler with matching protocol stack
Chinese Message :  连接数据库过程中发生错误，检查服务器是否正常连接字符串是否正确，实在找不到原因请先Google错误信息：ORA-12516: TNS:listener could not find available handler with matching protocol stack.         
源信息：IIRS.Controllers.BDC.TransferController.GetPaymentType         
行　号：444         
-----------------------------------------------------------
时　间：2021/04/29 10:07:44.997         
级　别：Debug         
模　块：IIRS.Controllers.BDC.TransferController         
消　息：TransferController.GetPaymentType:错误码:82e13b04-5aae-41c7-8ca3-155f57e5b86e,异常消息:English Message : Connection open error . ORA-12516: TNS:listener could not find available handler with matching protocol stack
Chinese Message :  连接数据库过程中发生错误，检查服务器是否正常连接字符串是否正确，实在找不到原因请先Google错误信息：ORA-12516: TNS:listener could not find available handler with matching protocol stack.         
源信息：IIRS.Controllers.BDC.TransferController.GetPaymentType         
行　号：444         
-----------------------------------------------------------
时　间：2021/04/29 10:09:41.842         
级　别：Debug         
模　块：IIRS.Controllers.BDC.TransferController         
消　息：TransferController.GetPaymentType:错误码:29cf6dc3-1cc0-4f15-a28c-974d9f236ff8,异常消息:English Message : Connection open error . ORA-12516: TNS:listener could not find available handler with matching protocol stack
Chinese Message :  连接数据库过程中发生错误，检查服务器是否正常连接字符串是否正确，实在找不到原因请先Google错误信息：ORA-12516: TNS:listener could not find available handler with matching protocol stack.         
源信息：IIRS.Controllers.BDC.TransferController.GetPaymentType         
行　号：444         
-----------------------------------------------------------
时　间：2021/04/29 10:09:42.274         
级　别：Debug         
模　块：IIRS.Controllers.BDC.TransferController         
消　息：TransferController.GetPaymentType:错误码:e03ad1de-be4b-4103-af85-bad87a2aa63f,异常消息:English Message : Connection open error . ORA-12516: TNS:listener could not find available handler with matching protocol stack
Chinese Message :  连接数据库过程中发生错误，检查服务器是否正常连接字符串是否正确，实在找不到原因请先Google错误信息：ORA-12516: TNS:listener could not find available handler with matching protocol stack.         
源信息：IIRS.Controllers.BDC.TransferController.GetPaymentType         
行　号：444         
-----------------------------------------------------------
时　间：2021/04/29 10:09:42.365         
级　别：Debug         
模　块：IIRS.Services.BDC.BdcPrintServices         
消　息：SELECT  "A"."BDCZH" AS "BDCZH" , "A"."XGZH" AS "BDCZMH" , NVL("G"."ZL","C"."ZL") AS "ZL" , NVL(NVL("D"."JZMJ","F"."SYQMJ"),"E"."GYTDMJ") AS "MJ" , "E"."FTTDMJ" AS "FTMJ" , "C"."GHYT" AS "YT" , "D"."QLXZ" AS "QLXZ" , "E"."QLXZ" AS "TDQLXZ" , "A"."FJ" AS "FJ" , WM_CONCAT(DISTINCT TO_CHAR(H.QLRMC)) AS "QLRMC" , WM_CONCAT(DISTINCT TO_CHAR(H.QLRLX)) AS "QLRLX" , WM_CONCAT(DISTINCT TO_CHAR(H.ZJHM)) AS "ZJHM"  FROM "DJ_DJB" A Left JOIN "DJ_TSGL" B ON ( "A"."SLBH" = "B"."SLBH" )  Left JOIN "FC_H_QSDC" C ON ( "B"."TSTYBM" = "C"."TSTYBM" )  Left JOIN "QL_FWXG" D ON ( "A"."SLBH" = "D"."SLBH" )  Left JOIN "QL_TDXG" E ON ( "A"."SLBH" = "E"."SLBH" )  Left JOIN "QL_SLXG" F ON ( "F"."SLBH" = "A"."SLBH" )  Left JOIN "DJ_SJD" G ON ( "A"."SLBH" = "G"."SLBH" )  Left JOIN "DJ_QLRGL" H ON ( "A"."SLBH" = "H"."SLBH" )   WHERE  (:MethodConst0 like '%'||"A"."SLBH"||'%') GROUP BY "A"."BDCZH","A"."XGZH","G"."ZL","C"."ZL","D"."JZMJ","F"."SYQMJ","E"."GYTDMJ","E"."FTTDMJ","C"."GHYT","D"."QLXZ","E"."QLXZ","A"."FJ"          
源信息：IIRS.Services.BDC.BdcPrintServices+<>c__DisplayClass15_0.<MrgeReleaseQdPrint>b__10         
行　号：1085         
-----------------------------------------------------------
时　间：2021/04/29 10:10:01.245         
级　别：Debug         
模　块：IIRS.Services.BDC.BdcPrintServices         
消　息：SELECT  WM_CONCAT(DISTINCT TO_CHAR(QLRMC)) AS "QLRMC" , WM_CONCAT(DISTINCT TO_CHAR(ZJHM)) AS "ZJHM" , WM_CONCAT(DISTINCT TO_CHAR(ZJLB_ZWM)) AS "ZJLB_ZWM"  FROM "QLRGL_INFO"  WHERE (( "QLRLX" = :QLRLX0 ) AND ( "XID" = :XID1 ))         
源信息：IIRS.Services.BDC.BdcPrintServices+<>c__DisplayClass6_0.<GetPersonList>b__0         
行　号：112         
-----------------------------------------------------------
时　间：2021/04/29 10:10:01.255         
级　别：Debug         
模　块：IIRS.Services.BDC.BdcPrintServices         
消　息：SELECT  WM_CONCAT(DISTINCT TO_CHAR(QLRMC)) AS "QLRMC" , WM_CONCAT(DISTINCT TO_CHAR(ZJHM)) AS "ZJHM" , WM_CONCAT(DISTINCT TO_CHAR(ZJLB_ZWM)) AS "ZJLB_ZWM"  FROM "QLRGL_INFO"  WHERE (( "QLRLX" = :QLRLX0 ) AND ( "XID" = :XID1 ))         
源信息：IIRS.Services.BDC.BdcPrintServices+<>c__DisplayClass6_0.<GetPersonList>b__0         
行　号：112         
-----------------------------------------------------------
时　间：2021/04/29 10:10:01.255         
级　别：Debug         
模　块：IIRS.Services.BDC.BdcPrintServices         
消　息：SELECT  WM_CONCAT(DISTINCT TO_CHAR(QLRMC)) AS "QLRMC" , WM_CONCAT(DISTINCT TO_CHAR(ZJHM)) AS "ZJHM" , WM_CONCAT(DISTINCT TO_CHAR(ZJLB_ZWM)) AS "ZJLB_ZWM"  FROM "QLRGL_INFO"  WHERE (( "QLRLX" = :QLRLX0 ) AND ( "XID" = :XID1 ))         
源信息：IIRS.Services.BDC.BdcPrintServices+<>c__DisplayClass6_0.<GetPersonList>b__0         
行　号：112         
-----------------------------------------------------------
时　间：2021/04/29 10:10:01.265         
级　别：Debug         
模　块：IIRS.Services.BDC.BdcPrintServices         
消　息：SELECT  WM_CONCAT(DISTINCT TO_CHAR(QLRMC)) AS "QLRMC" , WM_CONCAT(DISTINCT TO_CHAR(ZJHM)) AS "ZJHM" , WM_CONCAT(DISTINCT TO_CHAR(ZJLB_ZWM)) AS "ZJLB_ZWM"  FROM "QLRGL_INFO"  WHERE (( "QLRLX" = :QLRLX0 ) AND ( "XID" = :XID1 ))         
源信息：IIRS.Services.BDC.BdcPrintServices+<>c__DisplayClass6_0.<GetPersonList>b__0         
行　号：112         
-----------------------------------------------------------
时　间：2021/04/29 10:10:01.265         
级　别：Debug         
模　块：IIRS.Services.BDC.BdcPrintServices         
消　息：SELECT  "GROUP_NAME" AS "GROUP_NAME" , COUNT("GROUP_NAME") AS "COUNT"  FROM "PUB_ATT_FILE"  WHERE ( "XID" = :XID0 )GROUP BY "GROUP_NAME"          
源信息：IIRS.Services.BDC.BdcPrintServices+<>c__DisplayClass6_0.<GetPersonList>b__0         
行　号：112         
-----------------------------------------------------------
时　间：2021/04/29 10:10:14.027         
级　别：Debug         
模　块：IIRS.Services.BDC.BdcPrintServices         
消　息：SELECT  WM_CONCAT(DISTINCT TO_CHAR(QLRMC)) AS "QLRMC" , WM_CONCAT(DISTINCT TO_CHAR(ZJHM)) AS "ZJHM" , WM_CONCAT(DISTINCT TO_CHAR(ZJLB_ZWM)) AS "ZJLB_ZWM"  FROM "QLRGL_INFO"  WHERE (( "QLRLX" = :QLRLX0 ) AND ( "XID" = :XID1 ))         
源信息：IIRS.Services.BDC.BdcPrintServices+<>c__DisplayClass6_0.<GetPersonList>b__0         
行　号：112         
-----------------------------------------------------------
时　间：2021/04/29 10:10:14.031         
级　别：Debug         
模　块：IIRS.Services.BDC.BdcPrintServices         
消　息：SELECT  WM_CONCAT(DISTINCT TO_CHAR(QLRMC)) AS "QLRMC" , WM_CONCAT(DISTINCT TO_CHAR(ZJHM)) AS "ZJHM" , WM_CONCAT(DISTINCT TO_CHAR(ZJLB_ZWM)) AS "ZJLB_ZWM"  FROM "QLRGL_INFO"  WHERE (( "QLRLX" = :QLRLX0 ) AND ( "XID" = :XID1 ))         
源信息：IIRS.Services.BDC.BdcPrintServices+<>c__DisplayClass6_0.<GetPersonList>b__0         
行　号：112         
-----------------------------------------------------------
时　间：2021/04/29 10:10:14.031         
级　别：Debug         
模　块：IIRS.Services.BDC.BdcPrintServices         
消　息：SELECT  WM_CONCAT(DISTINCT TO_CHAR(QLRMC)) AS "QLRMC" , WM_CONCAT(DISTINCT TO_CHAR(ZJHM)) AS "ZJHM" , WM_CONCAT(DISTINCT TO_CHAR(ZJLB_ZWM)) AS "ZJLB_ZWM"  FROM "QLRGL_INFO"  WHERE (( "QLRLX" = :QLRLX0 ) AND ( "XID" = :XID1 ))         
源信息：IIRS.Services.BDC.BdcPrintServices+<>c__DisplayClass6_0.<GetPersonList>b__0         
行　号：112         
-----------------------------------------------------------
时　间：2021/04/29 10:10:14.031         
级　别：Debug         
模　块：IIRS.Services.BDC.BdcPrintServices         
消　息：SELECT  WM_CONCAT(DISTINCT TO_CHAR(QLRMC)) AS "QLRMC" , WM_CONCAT(DISTINCT TO_CHAR(ZJHM)) AS "ZJHM" , WM_CONCAT(DISTINCT TO_CHAR(ZJLB_ZWM)) AS "ZJLB_ZWM"  FROM "QLRGL_INFO"  WHERE (( "QLRLX" = :QLRLX0 ) AND ( "XID" = :XID1 ))         
源信息：IIRS.Services.BDC.BdcPrintServices+<>c__DisplayClass6_0.<GetPersonList>b__0         
行　号：112         
-----------------------------------------------------------
时　间：2021/04/29 10:10:14.049         
级　别：Debug         
模　块：IIRS.Services.BDC.BdcPrintServices         
消　息：SELECT  "GROUP_NAME" AS "GROUP_NAME" , COUNT("GROUP_NAME") AS "COUNT"  FROM "PUB_ATT_FILE"  WHERE ( "XID" = :XID0 )GROUP BY "GROUP_NAME"          
源信息：IIRS.Services.BDC.BdcPrintServices+<>c__DisplayClass6_0.<GetPersonList>b__0         
行　号：112         
-----------------------------------------------------------
时　间：2021/04/29 10:11:04.378         
级　别：Debug         
模　块：IIRS.Controllers.BDC.BdcPrintController         
消　息：错误码:6328d788-4f1b-478d-8266-eb034f601a22,异常消息:Object reference not set to an instance of an object.         
源信息：IIRS.Controllers.BDC.BdcPrintController.MrgeReleaseSqbPrint         
行　号：0         
-----------------------------------------------------------
时　间：2021/04/29 10:11:09.552         
级　别：Debug         
模　块：IIRS.Services.BDC.BdcPrintServices         
消　息：SELECT  WM_CONCAT(DISTINCT TO_CHAR(QLRMC)) AS "QLRMC" , WM_CONCAT(DISTINCT TO_CHAR(ZJHM)) AS "ZJHM" , WM_CONCAT(DISTINCT TO_CHAR(ZJLB_ZWM)) AS "ZJLB_ZWM"  FROM "QLRGL_INFO"  WHERE (( "QLRLX" = :QLRLX0 ) AND ( "XID" = :XID1 ))         
源信息：IIRS.Services.BDC.BdcPrintServices+<>c__DisplayClass6_0.<GetPersonList>b__0         
行　号：0         
-----------------------------------------------------------
时　间：2021/04/29 10:11:09.552         
级　别：Debug         
模　块：IIRS.Services.BDC.BdcPrintServices         
消　息：SELECT  WM_CONCAT(DISTINCT TO_CHAR(QLRMC)) AS "QLRMC" , WM_CONCAT(DISTINCT TO_CHAR(ZJHM)) AS "ZJHM" , WM_CONCAT(DISTINCT TO_CHAR(ZJLB_ZWM)) AS "ZJLB_ZWM"  FROM "QLRGL_INFO"  WHERE (( "QLRLX" = :QLRLX0 ) AND ( "XID" = :XID1 ))         
源信息：IIRS.Services.BDC.BdcPrintServices+<>c__DisplayClass6_0.<GetPersonList>b__0         
行　号：0         
-----------------------------------------------------------
时　间：2021/04/29 10:11:09.552         
级　别：Debug         
模　块：IIRS.Services.BDC.BdcPrintServices         
消　息：SELECT  WM_CONCAT(DISTINCT TO_CHAR(QLRMC)) AS "QLRMC" , WM_CONCAT(DISTINCT TO_CHAR(ZJHM)) AS "ZJHM" , WM_CONCAT(DISTINCT TO_CHAR(ZJLB_ZWM)) AS "ZJLB_ZWM"  FROM "QLRGL_INFO"  WHERE (( "QLRLX" = :QLRLX0 ) AND ( "XID" = :XID1 ))         
源信息：IIRS.Services.BDC.BdcPrintServices+<>c__DisplayClass6_0.<GetPersonList>b__0         
行　号：0         
-----------------------------------------------------------
时　间：2021/04/29 10:11:09.565         
级　别：Debug         
模　块：IIRS.Services.BDC.BdcPrintServices         
消　息：SELECT  WM_CONCAT(DISTINCT TO_CHAR(QLRMC)) AS "QLRMC" , WM_CONCAT(DISTINCT TO_CHAR(ZJHM)) AS "ZJHM" , WM_CONCAT(DISTINCT TO_CHAR(ZJLB_ZWM)) AS "ZJLB_ZWM"  FROM "QLRGL_INFO"  WHERE (( "QLRLX" = :QLRLX0 ) AND ( "XID" = :XID1 ))         
源信息：IIRS.Services.BDC.BdcPrintServices+<>c__DisplayClass6_0.<GetPersonList>b__0         
行　号：0         
-----------------------------------------------------------
时　间：2021/04/29 10:11:09.565         
级　别：Debug         
模　块：IIRS.Services.BDC.BdcPrintServices         
消　息：SELECT  "GROUP_NAME" AS "GROUP_NAME" , COUNT("GROUP_NAME") AS "COUNT"  FROM "PUB_ATT_FILE"  WHERE ( "XID" = :XID0 )GROUP BY "GROUP_NAME"          
源信息：IIRS.Services.BDC.BdcPrintServices+<>c__DisplayClass6_0.<GetPersonList>b__0         
行　号：0         
-----------------------------------------------------------
时　间：2021/04/29 10:47:11.709         
级　别：Debug         
模　块：IIRS.Services.BDC.BdcPrintServices         
消　息：SELECT  "A"."BDCZH" AS "BDCZH" , "A"."XGZH" AS "BDCZMH" , NVL("G"."ZL","C"."ZL") AS "ZL" , NVL(NVL("D"."JZMJ","F"."SYQMJ"),"E"."GYTDMJ") AS "MJ" , "E"."FTTDMJ" AS "FTMJ" , "C"."GHYT" AS "YT" , "D"."QLXZ" AS "QLXZ" , "E"."QLXZ" AS "TDQLXZ" , "A"."FJ" AS "FJ" , WM_CONCAT(DISTINCT TO_CHAR(H.QLRMC)) AS "QLRMC" , WM_CONCAT(DISTINCT TO_CHAR(H.QLRLX)) AS "QLRLX" , WM_CONCAT(DISTINCT TO_CHAR(H.ZJHM)) AS "ZJHM"  FROM "DJ_DJB" A Left JOIN "DJ_TSGL" B ON ( "A"."SLBH" = "B"."SLBH" )  Left JOIN "FC_H_QSDC" C ON ( "B"."TSTYBM" = "C"."TSTYBM" )  Left JOIN "QL_FWXG" D ON ( "A"."SLBH" = "D"."SLBH" )  Left JOIN "QL_TDXG" E ON ( "A"."SLBH" = "E"."SLBH" )  Left JOIN "QL_SLXG" F ON ( "F"."SLBH" = "A"."SLBH" )  Left JOIN "DJ_SJD" G ON ( "A"."SLBH" = "G"."SLBH" )  Left JOIN "DJ_QLRGL" H ON ( "A"."SLBH" = "H"."SLBH" )   WHERE  (:MethodConst0 like '%'||"A"."SLBH"||'%') GROUP BY "A"."BDCZH","A"."XGZH","G"."ZL","C"."ZL","D"."JZMJ","F"."SYQMJ","E"."GYTDMJ","E"."FTTDMJ","C"."GHYT","D"."QLXZ","E"."QLXZ","A"."FJ"          
源信息：IIRS.Services.BDC.BdcPrintServices+<>c__DisplayClass15_0.<MrgeReleaseQdPrint>b__10         
行　号：1085         
-----------------------------------------------------------
时　间：2021/04/29 10:47:25.249         
级　别：Debug         
模　块：IIRS.Services.BDC.BdcPrintServices         
消　息：SELECT  WM_CONCAT(DISTINCT TO_CHAR(QLRMC)) AS "QLRMC" , WM_CONCAT(DISTINCT TO_CHAR(ZJHM)) AS "ZJHM" , WM_CONCAT(DISTINCT TO_CHAR(ZJLB_ZWM)) AS "ZJLB_ZWM"  FROM "QLRGL_INFO"  WHERE (( "QLRLX" = :QLRLX0 ) AND ( "XID" = :XID1 ))         
源信息：IIRS.Services.BDC.BdcPrintServices+<>c__DisplayClass6_0.<GetPersonList>b__0         
行　号：112         
-----------------------------------------------------------
时　间：2021/04/29 10:47:25.249         
级　别：Debug         
模　块：IIRS.Services.BDC.BdcPrintServices         
消　息：SELECT  WM_CONCAT(DISTINCT TO_CHAR(QLRMC)) AS "QLRMC" , WM_CONCAT(DISTINCT TO_CHAR(ZJHM)) AS "ZJHM" , WM_CONCAT(DISTINCT TO_CHAR(ZJLB_ZWM)) AS "ZJLB_ZWM"  FROM "QLRGL_INFO"  WHERE (( "QLRLX" = :QLRLX0 ) AND ( "XID" = :XID1 ))         
源信息：IIRS.Services.BDC.BdcPrintServices+<>c__DisplayClass6_0.<GetPersonList>b__0         
行　号：112         
-----------------------------------------------------------
时　间：2021/04/29 10:47:25.249         
级　别：Debug         
模　块：IIRS.Services.BDC.BdcPrintServices         
消　息：SELECT  WM_CONCAT(DISTINCT TO_CHAR(QLRMC)) AS "QLRMC" , WM_CONCAT(DISTINCT TO_CHAR(ZJHM)) AS "ZJHM" , WM_CONCAT(DISTINCT TO_CHAR(ZJLB_ZWM)) AS "ZJLB_ZWM"  FROM "QLRGL_INFO"  WHERE (( "QLRLX" = :QLRLX0 ) AND ( "XID" = :XID1 ))         
源信息：IIRS.Services.BDC.BdcPrintServices+<>c__DisplayClass6_0.<GetPersonList>b__0         
行　号：112         
-----------------------------------------------------------
时　间：2021/04/29 10:47:25.266         
级　别：Debug         
模　块：IIRS.Services.BDC.BdcPrintServices         
消　息：SELECT  WM_CONCAT(DISTINCT TO_CHAR(QLRMC)) AS "QLRMC" , WM_CONCAT(DISTINCT TO_CHAR(ZJHM)) AS "ZJHM" , WM_CONCAT(DISTINCT TO_CHAR(ZJLB_ZWM)) AS "ZJLB_ZWM"  FROM "QLRGL_INFO"  WHERE (( "QLRLX" = :QLRLX0 ) AND ( "XID" = :XID1 ))         
源信息：IIRS.Services.BDC.BdcPrintServices+<>c__DisplayClass6_0.<GetPersonList>b__0         
行　号：112         
-----------------------------------------------------------
时　间：2021/04/29 10:47:25.266         
级　别：Debug         
模　块：IIRS.Services.BDC.BdcPrintServices         
消　息：SELECT  "GROUP_NAME" AS "GROUP_NAME" , COUNT("GROUP_NAME") AS "COUNT"  FROM "PUB_ATT_FILE"  WHERE ( "XID" = :XID0 )GROUP BY "GROUP_NAME"          
源信息：IIRS.Services.BDC.BdcPrintServices+<>c__DisplayClass6_0.<GetPersonList>b__0         
行　号：112         
-----------------------------------------------------------
时　间：2021/04/29 10:47:34.214         
级　别：Debug         
模　块：IIRS.Services.BDC.BdcPrintServices         
消　息：SELECT  WM_CONCAT(DISTINCT TO_CHAR(QLRMC)) AS "QLRMC" , WM_CONCAT(DISTINCT TO_CHAR(ZJHM)) AS "ZJHM" , WM_CONCAT(DISTINCT TO_CHAR(ZJLB_ZWM)) AS "ZJLB_ZWM"  FROM "QLRGL_INFO"  WHERE (( "QLRLX" = :QLRLX0 ) AND ( "XID" = :XID1 ))         
源信息：IIRS.Services.BDC.BdcPrintServices+<>c__DisplayClass6_0.<GetPersonList>b__0         
行　号：112         
-----------------------------------------------------------
时　间：2021/04/29 10:47:34.219         
级　别：Debug         
模　块：IIRS.Services.BDC.BdcPrintServices         
消　息：SELECT  WM_CONCAT(DISTINCT TO_CHAR(QLRMC)) AS "QLRMC" , WM_CONCAT(DISTINCT TO_CHAR(ZJHM)) AS "ZJHM" , WM_CONCAT(DISTINCT TO_CHAR(ZJLB_ZWM)) AS "ZJLB_ZWM"  FROM "QLRGL_INFO"  WHERE (( "QLRLX" = :QLRLX0 ) AND ( "XID" = :XID1 ))         
源信息：IIRS.Services.BDC.BdcPrintServices+<>c__DisplayClass6_0.<GetPersonList>b__0         
行　号：112         
-----------------------------------------------------------
时　间：2021/04/29 10:47:34.219         
级　别：Debug         
模　块：IIRS.Services.BDC.BdcPrintServices         
消　息：SELECT  WM_CONCAT(DISTINCT TO_CHAR(QLRMC)) AS "QLRMC" , WM_CONCAT(DISTINCT TO_CHAR(ZJHM)) AS "ZJHM" , WM_CONCAT(DISTINCT TO_CHAR(ZJLB_ZWM)) AS "ZJLB_ZWM"  FROM "QLRGL_INFO"  WHERE (( "QLRLX" = :QLRLX0 ) AND ( "XID" = :XID1 ))         
源信息：IIRS.Services.BDC.BdcPrintServices+<>c__DisplayClass6_0.<GetPersonList>b__0         
行　号：112         
-----------------------------------------------------------
时　间：2021/04/29 10:47:34.219         
级　别：Debug         
模　块：IIRS.Services.BDC.BdcPrintServices         
消　息：SELECT  WM_CONCAT(DISTINCT TO_CHAR(QLRMC)) AS "QLRMC" , WM_CONCAT(DISTINCT TO_CHAR(ZJHM)) AS "ZJHM" , WM_CONCAT(DISTINCT TO_CHAR(ZJLB_ZWM)) AS "ZJLB_ZWM"  FROM "QLRGL_INFO"  WHERE (( "QLRLX" = :QLRLX0 ) AND ( "XID" = :XID1 ))         
源信息：IIRS.Services.BDC.BdcPrintServices+<>c__DisplayClass6_0.<GetPersonList>b__0         
行　号：112         
-----------------------------------------------------------
时　间：2021/04/29 10:47:43.767         
级　别：Debug         
模　块：IIRS.Services.BDC.BdcPrintServices         
消　息：SELECT  WM_CONCAT(DISTINCT TO_CHAR(QLRMC)) AS "QLRMC" , WM_CONCAT(DISTINCT TO_CHAR(ZJHM)) AS "ZJHM" , WM_CONCAT(DISTINCT TO_CHAR(ZJLB_ZWM)) AS "ZJLB_ZWM"  FROM "QLRGL_INFO"  WHERE (( "QLRLX" = :QLRLX0 ) AND ( "XID" = :XID1 ))         
源信息：IIRS.Services.BDC.BdcPrintServices+<>c__DisplayClass6_0.<GetPersonList>b__0         
行　号：112         
-----------------------------------------------------------
时　间：2021/04/29 10:47:43.767         
级　别：Debug         
模　块：IIRS.Services.BDC.BdcPrintServices         
消　息：SELECT  WM_CONCAT(DISTINCT TO_CHAR(QLRMC)) AS "QLRMC" , WM_CONCAT(DISTINCT TO_CHAR(ZJHM)) AS "ZJHM" , WM_CONCAT(DISTINCT TO_CHAR(ZJLB_ZWM)) AS "ZJLB_ZWM"  FROM "QLRGL_INFO"  WHERE (( "QLRLX" = :QLRLX0 ) AND ( "XID" = :XID1 ))         
源信息：IIRS.Services.BDC.BdcPrintServices+<>c__DisplayClass6_0.<GetPersonList>b__0         
行　号：112         
-----------------------------------------------------------
时　间：2021/04/29 10:47:43.767         
级　别：Debug         
模　块：IIRS.Services.BDC.BdcPrintServices         
消　息：SELECT  WM_CONCAT(DISTINCT TO_CHAR(QLRMC)) AS "QLRMC" , WM_CONCAT(DISTINCT TO_CHAR(ZJHM)) AS "ZJHM" , WM_CONCAT(DISTINCT TO_CHAR(ZJLB_ZWM)) AS "ZJLB_ZWM"  FROM "QLRGL_INFO"  WHERE (( "QLRLX" = :QLRLX0 ) AND ( "XID" = :XID1 ))         
源信息：IIRS.Services.BDC.BdcPrintServices+<>c__DisplayClass6_0.<GetPersonList>b__0         
行　号：112         
-----------------------------------------------------------
时　间：2021/04/29 10:47:43.767         
级　别：Debug         
模　块：IIRS.Services.BDC.BdcPrintServices         
消　息：SELECT  WM_CONCAT(DISTINCT TO_CHAR(QLRMC)) AS "QLRMC" , WM_CONCAT(DISTINCT TO_CHAR(ZJHM)) AS "ZJHM" , WM_CONCAT(DISTINCT TO_CHAR(ZJLB_ZWM)) AS "ZJLB_ZWM"  FROM "QLRGL_INFO"  WHERE (( "QLRLX" = :QLRLX0 ) AND ( "XID" = :XID1 ))         
源信息：IIRS.Services.BDC.BdcPrintServices+<>c__DisplayClass6_0.<GetPersonList>b__0         
行　号：112         
-----------------------------------------------------------
时　间：2021/04/29 10:47:43.787         
级　别：Debug         
模　块：IIRS.Services.BDC.BdcPrintServices         
消　息：SELECT  "GROUP_NAME" AS "GROUP_NAME" , COUNT("GROUP_NAME") AS "COUNT"  FROM "PUB_ATT_FILE"  WHERE ( "XID" = :XID0 )GROUP BY "GROUP_NAME"          
源信息：IIRS.Services.BDC.BdcPrintServices+<>c__DisplayClass6_0.<GetPersonList>b__0         
行　号：112         
-----------------------------------------------------------
时　间：2021/04/29 11:12:20.839         
级　别：Debug         
模　块：IIRS.Services.BDC.BdcPrintServices         
消　息：SELECT  "A"."BDCZH" AS "BDCZH" , "A"."XGZH" AS "BDCZMH" , NVL("G"."ZL","C"."ZL") AS "ZL" , NVL(NVL("D"."JZMJ","F"."SYQMJ"),"E"."GYTDMJ") AS "MJ" , "E"."FTTDMJ" AS "FTMJ" , "C"."GHYT" AS "YT" , "D"."QLXZ" AS "QLXZ" , "E"."QLXZ" AS "TDQLXZ" , "A"."FJ" AS "FJ" , WM_CONCAT(DISTINCT TO_CHAR(H.QLRMC)) AS "QLRMC" , WM_CONCAT(DISTINCT TO_CHAR(H.QLRLX)) AS "QLRLX" , WM_CONCAT(DISTINCT TO_CHAR(H.ZJHM)) AS "ZJHM"  FROM "DJ_DJB" A Left JOIN "DJ_TSGL" B ON ( "A"."SLBH" = "B"."SLBH" )  Left JOIN "FC_H_QSDC" C ON ( "B"."TSTYBM" = "C"."TSTYBM" )  Left JOIN "QL_FWXG" D ON ( "A"."SLBH" = "D"."SLBH" )  Left JOIN "QL_TDXG" E ON ( "A"."SLBH" = "E"."SLBH" )  Left JOIN "QL_SLXG" F ON ( "F"."SLBH" = "A"."SLBH" )  Left JOIN "DJ_SJD" G ON ( "A"."SLBH" = "G"."SLBH" )  Left JOIN "DJ_QLRGL" H ON ( "A"."SLBH" = "H"."SLBH" )   WHERE  (:MethodConst0 like '%'||"A"."SLBH"||'%') GROUP BY "A"."BDCZH","A"."XGZH","G"."ZL","C"."ZL","D"."JZMJ","F"."SYQMJ","E"."GYTDMJ","E"."FTTDMJ","C"."GHYT","D"."QLXZ","E"."QLXZ","A"."FJ"          
源信息：IIRS.Services.BDC.BdcPrintServices+<>c__DisplayClass15_0.<MrgeReleaseQdPrint>b__10         
行　号：1085         
-----------------------------------------------------------
时　间：2021/04/29 11:13:36.859         
级　别：Debug         
模　块：IIRS.Services.BDC.BdcPrintServices         
消　息：SELECT  WM_CONCAT(DISTINCT TO_CHAR(QLRMC)) AS "QLRMC" , WM_CONCAT(DISTINCT TO_CHAR(ZJHM)) AS "ZJHM" , WM_CONCAT(DISTINCT TO_CHAR(ZJLB_ZWM)) AS "ZJLB_ZWM"  FROM "QLRGL_INFO"  WHERE (( "QLRLX" = :QLRLX0 ) AND ( "XID" = :XID1 ))         
源信息：IIRS.Services.BDC.BdcPrintServices+<>c__DisplayClass6_0.<GetPersonList>b__0         
行　号：112         
-----------------------------------------------------------
时　间：2021/04/29 11:13:36.859         
级　别：Debug         
模　块：IIRS.Services.BDC.BdcPrintServices         
消　息：SELECT  WM_CONCAT(DISTINCT TO_CHAR(QLRMC)) AS "QLRMC" , WM_CONCAT(DISTINCT TO_CHAR(ZJHM)) AS "ZJHM" , WM_CONCAT(DISTINCT TO_CHAR(ZJLB_ZWM)) AS "ZJLB_ZWM"  FROM "QLRGL_INFO"  WHERE (( "QLRLX" = :QLRLX0 ) AND ( "XID" = :XID1 ))         
源信息：IIRS.Services.BDC.BdcPrintServices+<>c__DisplayClass6_0.<GetPersonList>b__0         
行　号：112         
-----------------------------------------------------------
时　间：2021/04/29 11:13:36.859         
级　别：Debug         
模　块：IIRS.Services.BDC.BdcPrintServices         
消　息：SELECT  WM_CONCAT(DISTINCT TO_CHAR(QLRMC)) AS "QLRMC" , WM_CONCAT(DISTINCT TO_CHAR(ZJHM)) AS "ZJHM" , WM_CONCAT(DISTINCT TO_CHAR(ZJLB_ZWM)) AS "ZJLB_ZWM"  FROM "QLRGL_INFO"  WHERE (( "QLRLX" = :QLRLX0 ) AND ( "XID" = :XID1 ))         
源信息：IIRS.Services.BDC.BdcPrintServices+<>c__DisplayClass6_0.<GetPersonList>b__0         
行　号：112         
-----------------------------------------------------------
时　间：2021/04/29 11:13:36.879         
级　别：Debug         
模　块：IIRS.Services.BDC.BdcPrintServices         
消　息：SELECT  WM_CONCAT(DISTINCT TO_CHAR(QLRMC)) AS "QLRMC" , WM_CONCAT(DISTINCT TO_CHAR(ZJHM)) AS "ZJHM" , WM_CONCAT(DISTINCT TO_CHAR(ZJLB_ZWM)) AS "ZJLB_ZWM"  FROM "QLRGL_INFO"  WHERE (( "QLRLX" = :QLRLX0 ) AND ( "XID" = :XID1 ))         
源信息：IIRS.Services.BDC.BdcPrintServices+<>c__DisplayClass6_0.<GetPersonList>b__0         
行　号：112         
-----------------------------------------------------------
时　间：2021/04/29 11:13:36.879         
级　别：Debug         
模　块：IIRS.Services.BDC.BdcPrintServices         
消　息：SELECT  "GROUP_NAME" AS "GROUP_NAME" , COUNT("GROUP_NAME") AS "COUNT"  FROM "PUB_ATT_FILE"  WHERE ( "XID" = :XID0 )GROUP BY "GROUP_NAME"          
源信息：IIRS.Services.BDC.BdcPrintServices+<>c__DisplayClass6_0.<GetPersonList>b__0         
行　号：112         
-----------------------------------------------------------
时　间：2021/04/29 11:13:47.398         
级　别：Debug         
模　块：IIRS.Services.BDC.BdcPrintServices         
消　息：SELECT  WM_CONCAT(DISTINCT TO_CHAR(QLRMC)) AS "QLRMC" , WM_CONCAT(DISTINCT TO_CHAR(ZJHM)) AS "ZJHM" , WM_CONCAT(DISTINCT TO_CHAR(ZJLB_ZWM)) AS "ZJLB_ZWM"  FROM "QLRGL_INFO"  WHERE (( "QLRLX" = :QLRLX0 ) AND ( "XID" = :XID1 ))         
源信息：IIRS.Services.BDC.BdcPrintServices+<>c__DisplayClass6_0.<GetPersonList>b__0         
行　号：112         
-----------------------------------------------------------
时　间：2021/04/29 11:13:47.398         
级　别：Debug         
模　块：IIRS.Services.BDC.BdcPrintServices         
消　息：SELECT  WM_CONCAT(DISTINCT TO_CHAR(QLRMC)) AS "QLRMC" , WM_CONCAT(DISTINCT TO_CHAR(ZJHM)) AS "ZJHM" , WM_CONCAT(DISTINCT TO_CHAR(ZJLB_ZWM)) AS "ZJLB_ZWM"  FROM "QLRGL_INFO"  WHERE (( "QLRLX" = :QLRLX0 ) AND ( "XID" = :XID1 ))         
源信息：IIRS.Services.BDC.BdcPrintServices+<>c__DisplayClass6_0.<GetPersonList>b__0         
行　号：112         
-----------------------------------------------------------
时　间：2021/04/29 11:13:47.408         
级　别：Debug         
模　块：IIRS.Services.BDC.BdcPrintServices         
消　息：SELECT  WM_CONCAT(DISTINCT TO_CHAR(QLRMC)) AS "QLRMC" , WM_CONCAT(DISTINCT TO_CHAR(ZJHM)) AS "ZJHM" , WM_CONCAT(DISTINCT TO_CHAR(ZJLB_ZWM)) AS "ZJLB_ZWM"  FROM "QLRGL_INFO"  WHERE (( "QLRLX" = :QLRLX0 ) AND ( "XID" = :XID1 ))         
源信息：IIRS.Services.BDC.BdcPrintServices+<>c__DisplayClass6_0.<GetPersonList>b__0         
行　号：112         
-----------------------------------------------------------
时　间：2021/04/29 11:13:47.408         
级　别：Debug         
模　块：IIRS.Services.BDC.BdcPrintServices         
消　息：SELECT  WM_CONCAT(DISTINCT TO_CHAR(QLRMC)) AS "QLRMC" , WM_CONCAT(DISTINCT TO_CHAR(ZJHM)) AS "ZJHM" , WM_CONCAT(DISTINCT TO_CHAR(ZJLB_ZWM)) AS "ZJLB_ZWM"  FROM "QLRGL_INFO"  WHERE (( "QLRLX" = :QLRLX0 ) AND ( "XID" = :XID1 ))         
源信息：IIRS.Services.BDC.BdcPrintServices+<>c__DisplayClass6_0.<GetPersonList>b__0         
行　号：112         
-----------------------------------------------------------
时　间：2021/04/29 11:14:00.048         
级　别：Debug         
模　块：IIRS.Services.BDC.BdcPrintServices         
消　息：SELECT  WM_CONCAT(DISTINCT TO_CHAR(QLRMC)) AS "QLRMC" , WM_CONCAT(DISTINCT TO_CHAR(ZJHM)) AS "ZJHM" , WM_CONCAT(DISTINCT TO_CHAR(ZJLB_ZWM)) AS "ZJLB_ZWM"  FROM "QLRGL_INFO"  WHERE (( "QLRLX" = :QLRLX0 ) AND ( "XID" = :XID1 ))         
源信息：IIRS.Services.BDC.BdcPrintServices+<>c__DisplayClass6_0.<GetPersonList>b__0         
行　号：112         
-----------------------------------------------------------
时　间：2021/04/29 11:14:00.048         
级　别：Debug         
模　块：IIRS.Services.BDC.BdcPrintServices         
消　息：SELECT  WM_CONCAT(DISTINCT TO_CHAR(QLRMC)) AS "QLRMC" , WM_CONCAT(DISTINCT TO_CHAR(ZJHM)) AS "ZJHM" , WM_CONCAT(DISTINCT TO_CHAR(ZJLB_ZWM)) AS "ZJLB_ZWM"  FROM "QLRGL_INFO"  WHERE (( "QLRLX" = :QLRLX0 ) AND ( "XID" = :XID1 ))         
源信息：IIRS.Services.BDC.BdcPrintServices+<>c__DisplayClass6_0.<GetPersonList>b__0         
行　号：112         
-----------------------------------------------------------
时　间：2021/04/29 11:14:00.048         
级　别：Debug         
模　块：IIRS.Services.BDC.BdcPrintServices         
消　息：SELECT  WM_CONCAT(DISTINCT TO_CHAR(QLRMC)) AS "QLRMC" , WM_CONCAT(DISTINCT TO_CHAR(ZJHM)) AS "ZJHM" , WM_CONCAT(DISTINCT TO_CHAR(ZJLB_ZWM)) AS "ZJLB_ZWM"  FROM "QLRGL_INFO"  WHERE (( "QLRLX" = :QLRLX0 ) AND ( "XID" = :XID1 ))         
源信息：IIRS.Services.BDC.BdcPrintServices+<>c__DisplayClass6_0.<GetPersonList>b__0         
行　号：112         
-----------------------------------------------------------
时　间：2021/04/29 11:14:00.062         
级　别：Debug         
模　块：IIRS.Services.BDC.BdcPrintServices         
消　息：SELECT  WM_CONCAT(DISTINCT TO_CHAR(QLRMC)) AS "QLRMC" , WM_CONCAT(DISTINCT TO_CHAR(ZJHM)) AS "ZJHM" , WM_CONCAT(DISTINCT TO_CHAR(ZJLB_ZWM)) AS "ZJLB_ZWM"  FROM "QLRGL_INFO"  WHERE (( "QLRLX" = :QLRLX0 ) AND ( "XID" = :XID1 ))         
源信息：IIRS.Services.BDC.BdcPrintServices+<>c__DisplayClass6_0.<GetPersonList>b__0         
行　号：112         
-----------------------------------------------------------
时　间：2021/04/29 11:14:00.062         
级　别：Debug         
模　块：IIRS.Services.BDC.BdcPrintServices         
消　息：SELECT  "GROUP_NAME" AS "GROUP_NAME" , COUNT("GROUP_NAME") AS "COUNT"  FROM "PUB_ATT_FILE"  WHERE ( "XID" = :XID0 )GROUP BY "GROUP_NAME"          
源信息：IIRS.Services.BDC.BdcPrintServices+<>c__DisplayClass6_0.<GetPersonList>b__0         
行　号：112         
-----------------------------------------------------------
时　间：2021/04/29 13:31:59.978         
级　别：Debug         
模　块：IIRS.Services.BDC.BdcPrintServices         
消　息：SELECT  "A"."BDCZH" AS "BDCZH" , "A"."XGZH" AS "BDCZMH" , NVL("G"."ZL","C"."ZL") AS "ZL" , NVL(NVL("D"."JZMJ","F"."SYQMJ"),"E"."GYTDMJ") AS "MJ" , "E"."FTTDMJ" AS "FTMJ" , "C"."GHYT" AS "YT" , "D"."QLXZ" AS "QLXZ" , "E"."QLXZ" AS "TDQLXZ" , "A"."FJ" AS "FJ" , WM_CONCAT(DISTINCT TO_CHAR(H.QLRMC)) AS "QLRMC" , WM_CONCAT(DISTINCT TO_CHAR(H.QLRLX)) AS "QLRLX" , WM_CONCAT(DISTINCT TO_CHAR(H.ZJHM)) AS "ZJHM"  FROM "DJ_DJB" A Left JOIN "DJ_TSGL" B ON ( "A"."SLBH" = "B"."SLBH" )  Left JOIN "FC_H_QSDC" C ON ( "B"."TSTYBM" = "C"."TSTYBM" )  Left JOIN "QL_FWXG" D ON ( "A"."SLBH" = "D"."SLBH" )  Left JOIN "QL_TDXG" E ON ( "A"."SLBH" = "E"."SLBH" )  Left JOIN "QL_SLXG" F ON ( "F"."SLBH" = "A"."SLBH" )  Left JOIN "DJ_SJD" G ON ( "A"."SLBH" = "G"."SLBH" )  Left JOIN "DJ_QLRGL" H ON ( "A"."SLBH" = "H"."SLBH" )   WHERE  (:MethodConst0 like '%'||"A"."SLBH"||'%') GROUP BY "A"."BDCZH","A"."XGZH","G"."ZL","C"."ZL","D"."JZMJ","F"."SYQMJ","E"."GYTDMJ","E"."FTTDMJ","C"."GHYT","D"."QLXZ","E"."QLXZ","A"."FJ"          
源信息：IIRS.Services.BDC.BdcPrintServices+<>c__DisplayClass15_0.<MrgeReleaseQdPrint>b__10         
行　号：1085         
-----------------------------------------------------------
时　间：2021/04/29 14:45:18.891         
级　别：Debug         
模　块：IIRS.Controllers.BDC.BdcPrintController         
消　息：错误码:8e7d79d9-304e-4a7d-8fbd-48844cfff9ac,异常消息:English Message : Connection open error . Network Transport: TCP transport address connect failure
Chinese Message :  连接数据库过程中发生错误，检查服务器是否正常连接字符串是否正确，实在找不到原因请先Google错误信息：Network Transport: TCP transport address connect failure.         
源信息：IIRS.Controllers.BDC.BdcPrintController.MrgeReleaseSjPrint         
行　号：1726         
-----------------------------------------------------------
时　间：2021/04/29 14:45:21.434         
级　别：Debug         
模　块：IIRS.Services.BDC.BdcPrintServices         
消　息：SELECT  WM_CONCAT(DISTINCT TO_CHAR(QLRMC)) AS "QLRMC" , WM_CONCAT(DISTINCT TO_CHAR(ZJHM)) AS "ZJHM" , WM_CONCAT(DISTINCT TO_CHAR(ZJLB_ZWM)) AS "ZJLB_ZWM"  FROM "QLRGL_INFO"  WHERE (( "QLRLX" = :QLRLX0 ) AND ( "XID" = :XID1 ))         
源信息：IIRS.Services.BDC.BdcPrintServices+<>c__DisplayClass6_0.<GetPersonList>b__0         
行　号：112         
-----------------------------------------------------------
时　间：2021/04/29 14:45:21.482         
级　别：Debug         
模　块：IIRS.Services.BDC.BdcPrintServices         
消　息：SELECT  WM_CONCAT(DISTINCT TO_CHAR(QLRMC)) AS "QLRMC" , WM_CONCAT(DISTINCT TO_CHAR(ZJHM)) AS "ZJHM" , WM_CONCAT(DISTINCT TO_CHAR(ZJLB_ZWM)) AS "ZJLB_ZWM"  FROM "QLRGL_INFO"  WHERE (( "QLRLX" = :QLRLX0 ) AND ( "XID" = :XID1 ))         
源信息：IIRS.Services.BDC.BdcPrintServices+<>c__DisplayClass6_0.<GetPersonList>b__0         
行　号：112         
-----------------------------------------------------------
时　间：2021/04/29 14:45:21.487         
级　别：Debug         
模　块：IIRS.Services.BDC.BdcPrintServices         
消　息：SELECT  WM_CONCAT(DISTINCT TO_CHAR(QLRMC)) AS "QLRMC" , WM_CONCAT(DISTINCT TO_CHAR(ZJHM)) AS "ZJHM" , WM_CONCAT(DISTINCT TO_CHAR(ZJLB_ZWM)) AS "ZJLB_ZWM"  FROM "QLRGL_INFO"  WHERE (( "QLRLX" = :QLRLX0 ) AND ( "XID" = :XID1 ))         
源信息：IIRS.Services.BDC.BdcPrintServices+<>c__DisplayClass6_0.<GetPersonList>b__0         
行　号：112         
-----------------------------------------------------------
时　间：2021/04/29 14:45:21.487         
级　别：Debug         
模　块：IIRS.Services.BDC.BdcPrintServices         
消　息：SELECT  WM_CONCAT(DISTINCT TO_CHAR(QLRMC)) AS "QLRMC" , WM_CONCAT(DISTINCT TO_CHAR(ZJHM)) AS "ZJHM" , WM_CONCAT(DISTINCT TO_CHAR(ZJLB_ZWM)) AS "ZJLB_ZWM"  FROM "QLRGL_INFO"  WHERE (( "QLRLX" = :QLRLX0 ) AND ( "XID" = :XID1 ))         
源信息：IIRS.Services.BDC.BdcPrintServices+<>c__DisplayClass6_0.<GetPersonList>b__0         
行　号：112         
-----------------------------------------------------------
时　间：2021/04/29 14:45:21.501         
级　别：Debug         
模　块：IIRS.Services.BDC.BdcPrintServices         
消　息：SELECT  "GROUP_NAME" AS "GROUP_NAME" , COUNT("GROUP_NAME") AS "COUNT"  FROM "PUB_ATT_FILE"  WHERE ( "XID" = :XID0 )GROUP BY "GROUP_NAME"          
源信息：IIRS.Services.BDC.BdcPrintServices+<>c__DisplayClass6_0.<GetPersonList>b__0         
行　号：112         
-----------------------------------------------------------
时　间：2021/04/29 14:45:21.517         
级　别：Debug         
模　块：IIRS.Controllers.BDC.BdcPrintController         
消　息：打印信息model:IIRS.Models.ViewModel.BDC.print.MrgeReleaseSjPrintVModel         
源信息：IIRS.Controllers.BDC.BdcPrintController.MrgeReleaseSjPrint         
行　号：1729         
-----------------------------------------------------------
时　间：2021/04/29 14:45:21.517         
级　别：Debug         
模　块：IIRS.Controllers.BDC.BdcPrintController         
消　息：打印信息TemplateFile:D:\IIRS.Core2021.04.28\IIRS.Core\IIRS\wwwroot/Template\MrgeReleaseSjPrint.pdf         
源信息：IIRS.Controllers.BDC.BdcPrintController.MrgeReleaseSjPrint         
行　号：1731         
-----------------------------------------------------------
时　间：2021/04/29 14:45:21.766         
级　别：Debug         
模　块：IIRS.Controllers.BDC.BdcPrintController         
消　息：打印信息formWidget:System.Collections.Generic.List`1[System.Object]         
源信息：IIRS.Controllers.BDC.BdcPrintController.MrgeReleaseSjPrint         
行　号：1736         
-----------------------------------------------------------
时　间：2021/04/29 14:45:21.766         
级　别：Debug         
模　块：IIRS.Controllers.BDC.BdcPrintController         
消　息：打印信息print:Spire.Pdf.Widget.PdfTextBoxFieldWidget         
源信息：IIRS.Controllers.BDC.BdcPrintController.MrgeReleaseSjPrint         
行　号：1740         
-----------------------------------------------------------
时　间：2021/04/29 14:45:31.749         
级　别：Debug         
模　块：IIRS.Controllers.BDC.BdcPrintController         
消　息：打印信息print:Spire.Pdf.Widget.PdfTextBoxFieldWidget         
源信息：IIRS.Controllers.BDC.BdcPrintController.MrgeReleaseSjPrint         
行　号：1740         
-----------------------------------------------------------
时　间：2021/04/29 14:45:36.022         
级　别：Debug         
模　块：IIRS.Controllers.BDC.BdcPrintController         
消　息：打印信息print:Spire.Pdf.Widget.PdfTextBoxFieldWidget         
源信息：IIRS.Controllers.BDC.BdcPrintController.MrgeReleaseSjPrint         
行　号：1740         
-----------------------------------------------------------
时　间：2021/04/29 14:45:45.170         
级　别：Debug         
模　块：IIRS.Controllers.BDC.BdcPrintController         
消　息：打印信息print:Spire.Pdf.Widget.PdfTextBoxFieldWidget         
源信息：IIRS.Controllers.BDC.BdcPrintController.MrgeReleaseSjPrint         
行　号：1740         
-----------------------------------------------------------
时　间：2021/04/29 14:45:45.174         
级　别：Debug         
模　块：IIRS.Controllers.BDC.BdcPrintController         
消　息：打印信息print:Spire.Pdf.Widget.PdfTextBoxFieldWidget         
源信息：IIRS.Controllers.BDC.BdcPrintController.MrgeReleaseSjPrint         
行　号：1740         
-----------------------------------------------------------
时　间：2021/04/29 14:45:45.174         
级　别：Debug         
模　块：IIRS.Controllers.BDC.BdcPrintController         
消　息：打印信息print:Spire.Pdf.Widget.PdfTextBoxFieldWidget         
源信息：IIRS.Controllers.BDC.BdcPrintController.MrgeReleaseSjPrint         
行　号：1740         
-----------------------------------------------------------
时　间：2021/04/29 14:45:45.174         
级　别：Debug         
模　块：IIRS.Controllers.BDC.BdcPrintController         
消　息：打印信息print:Spire.Pdf.Widget.PdfTextBoxFieldWidget         
源信息：IIRS.Controllers.BDC.BdcPrintController.MrgeReleaseSjPrint         
行　号：1740         
-----------------------------------------------------------
时　间：2021/04/29 14:45:45.174         
级　别：Debug         
模　块：IIRS.Controllers.BDC.BdcPrintController         
消　息：打印信息print:Spire.Pdf.Widget.PdfTextBoxFieldWidget         
源信息：IIRS.Controllers.BDC.BdcPrintController.MrgeReleaseSjPrint         
行　号：1740         
-----------------------------------------------------------
时　间：2021/04/29 14:45:45.186         
级　别：Debug         
模　块：IIRS.Controllers.BDC.BdcPrintController         
消　息：打印信息print:Spire.Pdf.Widget.PdfTextBoxFieldWidget         
源信息：IIRS.Controllers.BDC.BdcPrintController.MrgeReleaseSjPrint         
行　号：1740         
-----------------------------------------------------------
时　间：2021/04/29 14:45:45.186         
级　别：Debug         
模　块：IIRS.Controllers.BDC.BdcPrintController         
消　息：打印信息print:Spire.Pdf.Widget.PdfTextBoxFieldWidget         
源信息：IIRS.Controllers.BDC.BdcPrintController.MrgeReleaseSjPrint         
行　号：1740         
-----------------------------------------------------------
时　间：2021/04/29 14:45:45.371         
级　别：Debug         
模　块：IIRS.Controllers.BDC.BdcPrintController         
消　息：打印信息savePath:D:\IIRS.Core2021.04.28\IIRS.Core\IIRS\wwwroot\uploads\抵押注销收件收据测试.pdf         
源信息：IIRS.Controllers.BDC.BdcPrintController.MrgeReleaseSjPrint         
行　号：1801         
-----------------------------------------------------------
时　间：2021/04/29 14:45:45.371         
级　别：Debug         
模　块：IIRS.Controllers.BDC.BdcPrintController         
消　息：打印信息arr:System.Byte[]         
源信息：IIRS.Controllers.BDC.BdcPrintController.MrgeReleaseSjPrint         
行　号：1807         
-----------------------------------------------------------
