时　间：2021/04/15 09:10:14.411         
级　别：Debug         
模　块：IIRS.Services.BDC.BdcPrintServices         
消　息：SELECT  "A"."BDCZH" AS "BDCZH" , "A"."BDCDYH" AS "BDCDYH" , NVL("G"."ZL","C"."ZL") AS "ZL" , NVL(NVL("D"."JZMJ","F"."SYQMJ"),"E"."GYTDMJ") AS "MJ" , "E"."FTTDMJ" AS "FTMJ" , "C"."GHYT" AS "YT" , "D"."QLXZ" AS "QLXZ" , "E"."QLXZ" AS "TDQLXZ"  FROM "DJ_DJB" A Left JOIN "DJ_TSGL" B ON ( "A"."SLBH" = "B"."SLBH" )  Left JOIN "FC_H_QSDC" C ON ( "B"."TSTYBM" = "C"."TSTYBM" )  Left JOIN "QL_FWXG" D ON ( "A"."SLBH" = "D"."SLBH" )  Left JOIN "QL_TDXG" E ON ( "A"."SLBH" = "E"."SLBH" )  Left JOIN "QL_SLXG" F ON ( "F"."SLBH" = "A"."SLBH" )  Left JOIN "DJ_SJD" G ON ( "A"."SLBH" = "G"."SLBH" )   WHERE  (:MethodConst0 like '%'||"A"."SLBH"||'%')          
源信息：IIRS.Services.BDC.BdcPrintServices+<>c__DisplayClass12_0.<BdcGeneralMrgeQdPrint>b__2         
行　号：668         
-----------------------------------------------------------
时　间：2021/04/15 09:47:05.770         
级　别：Debug         
模　块：IIRS.Services.BDC.BdcPrintServices         
消　息：SELECT  "A"."BDCZH" AS "BDCZH" , "A"."BDCDYH" AS "BDCDYH" , NVL("G"."ZL","C"."ZL") AS "ZL" , NVL(NVL("D"."JZMJ","F"."SYQMJ"),"E"."GYTDMJ") AS "MJ" , "E"."FTTDMJ" AS "FTMJ" , "C"."GHYT" AS "YT" , "D"."QLXZ" AS "QLXZ" , "E"."QLXZ" AS "TDQLXZ" , WM_CONCAT(DISTINCT TO_CHAR(H.QLRMC)) AS "QLRMC"  FROM "DJ_DJB" A Left JOIN "DJ_TSGL" B ON ( "A"."SLBH" = "B"."SLBH" )  Left JOIN "FC_H_QSDC" C ON ( "B"."TSTYBM" = "C"."TSTYBM" )  Left JOIN "QL_FWXG" D ON ( "A"."SLBH" = "D"."SLBH" )  Left JOIN "QL_TDXG" E ON ( "A"."SLBH" = "E"."SLBH" )  Left JOIN "QL_SLXG" F ON ( "F"."SLBH" = "A"."SLBH" )  Left JOIN "DJ_SJD" G ON ( "A"."SLBH" = "G"."SLBH" )  Left JOIN "DJ_QLRGL" H ON ( "A"."SLBH" = "H"."SLBH" )   WHERE  (:MethodConst0 like '%'||"A"."SLBH"||'%') GROUP BY "A"."BDCZH","A"."BDCDYH","E"."FTTDMJ","C"."GHYT","D"."QLXZ","E"."QLXZ"          
源信息：IIRS.Services.BDC.BdcPrintServices+<>c__DisplayClass12_0.<BdcGeneralMrgeQdPrint>b__2         
行　号：669         
-----------------------------------------------------------
时　间：2021/04/15 09:59:24.780         
级　别：Debug         
模　块：IIRS.Services.BDC.BdcPrintServices         
消　息：SELECT  "A"."BDCZH" AS "BDCZH" , "A"."BDCDYH" AS "BDCDYH" , NVL("G"."ZL","C"."ZL") AS "ZL" , NVL(NVL("D"."JZMJ","F"."SYQMJ"),"E"."GYTDMJ") AS "MJ" , "E"."FTTDMJ" AS "FTMJ" , "C"."GHYT" AS "YT" , "D"."QLXZ" AS "QLXZ" , "E"."QLXZ" AS "TDQLXZ" , WM_CONCAT(DISTINCT TO_CHAR(H.QLRMC)) AS "QLRMC"  FROM "DJ_DJB" A Left JOIN "DJ_TSGL" B ON ( "A"."SLBH" = "B"."SLBH" )  Left JOIN "FC_H_QSDC" C ON ( "B"."TSTYBM" = "C"."TSTYBM" )  Left JOIN "QL_FWXG" D ON ( "A"."SLBH" = "D"."SLBH" )  Left JOIN "QL_TDXG" E ON ( "A"."SLBH" = "E"."SLBH" )  Left JOIN "QL_SLXG" F ON ( "F"."SLBH" = "A"."SLBH" )  Left JOIN "DJ_SJD" G ON ( "A"."SLBH" = "G"."SLBH" )  Left JOIN "DJ_QLRGL" H ON ( "A"."SLBH" = "H"."SLBH" )   WHERE  (:MethodConst0 like '%'||"A"."SLBH"||'%') GROUP BY "A"."BDCZH","A"."BDCDYH","G"."ZL","C"."ZL","D"."JZMJ","F"."SYQMJ","E"."GYTDMJ","E"."FTTDMJ","C"."GHYT","D"."QLXZ","E"."QLXZ"          
源信息：IIRS.Services.BDC.BdcPrintServices+<>c__DisplayClass12_0.<BdcGeneralMrgeQdPrint>b__2         
行　号：669         
-----------------------------------------------------------
时　间：2021/04/15 14:20:37.056         
级　别：Debug         
模　块：IIRS.Services.BDC.BdcPrintServices         
消　息：SELECT  "A"."BDCZH" AS "BDCZH" , "A"."BDCDYH" AS "BDCDYH" , NVL("G"."ZL","C"."ZL") AS "ZL" , NVL(NVL("D"."JZMJ","F"."SYQMJ"),"E"."GYTDMJ") AS "MJ" , "E"."FTTDMJ" AS "FTMJ" , "C"."GHYT" AS "YT" , "D"."QLXZ" AS "QLXZ" , "E"."QLXZ" AS "TDQLXZ" , "A"."FJ" AS "FJ" , WM_CONCAT(DISTINCT TO_CHAR(H.QLRMC)) AS "QLRMC" , WM_CONCAT(DISTINCT TO_CHAR(H.ZJHM)) AS "ZJHM"  FROM "DJ_DJB" A Left JOIN "DJ_TSGL" B ON ( "A"."SLBH" = "B"."SLBH" )  Left JOIN "FC_H_QSDC" C ON ( "B"."TSTYBM" = "C"."TSTYBM" )  Left JOIN "QL_FWXG" D ON ( "A"."SLBH" = "D"."SLBH" )  Left JOIN "QL_TDXG" E ON ( "A"."SLBH" = "E"."SLBH" )  Left JOIN "QL_SLXG" F ON ( "F"."SLBH" = "A"."SLBH" )  Left JOIN "DJ_SJD" G ON ( "A"."SLBH" = "G"."SLBH" )  Left JOIN "DJ_QLRGL" H ON ( "A"."SLBH" = "H"."SLBH" )   WHERE  (:MethodConst0 like '%'||"A"."SLBH"||'%') GROUP BY "A"."BDCZH","A"."BDCDYH","G"."ZL","C"."ZL","D"."JZMJ","F"."SYQMJ","E"."GYTDMJ","E"."FTTDMJ","C"."GHYT","D"."QLXZ","E"."QLXZ","A"."FJ"          
源信息：IIRS.Services.BDC.BdcPrintServices+<>c__DisplayClass12_0.<BdcGeneralMrgeQdPrint>b__10         
行　号：718         
-----------------------------------------------------------
时　间：2021/04/15 14:54:31.223         
级　别：Debug         
模　块：IIRS.Services.BDC.BdcPrintServices         
消　息：SELECT  "A"."BDCZH" AS "BDCZH" , "A"."BDCDYH" AS "BDCDYH" , NVL("G"."ZL","C"."ZL") AS "ZL" , NVL(NVL("D"."JZMJ","F"."SYQMJ"),"E"."GYTDMJ") AS "MJ" , "E"."FTTDMJ" AS "FTMJ" , "C"."GHYT" AS "YT" , "D"."QLXZ" AS "QLXZ" , "E"."QLXZ" AS "TDQLXZ" , "A"."FJ" AS "FJ" , WM_CONCAT(DISTINCT TO_CHAR(H.QLRMC)) AS "QLRMC" , WM_CONCAT(DISTINCT TO_CHAR(H.ZJHM)) AS "ZJHM"  FROM "DJ_DJB" A Left JOIN "DJ_TSGL" B ON ( "A"."SLBH" = "B"."SLBH" )  Left JOIN "FC_H_QSDC" C ON ( "B"."TSTYBM" = "C"."TSTYBM" )  Left JOIN "QL_FWXG" D ON ( "A"."SLBH" = "D"."SLBH" )  Left JOIN "QL_TDXG" E ON ( "A"."SLBH" = "E"."SLBH" )  Left JOIN "QL_SLXG" F ON ( "F"."SLBH" = "A"."SLBH" )  Left JOIN "DJ_SJD" G ON ( "A"."SLBH" = "G"."SLBH" )  Left JOIN "DJ_QLRGL" H ON ( "A"."SLBH" = "H"."SLBH" )   WHERE  (:MethodConst0 like '%'||"A"."SLBH"||'%') GROUP BY "A"."BDCZH","A"."BDCDYH","G"."ZL","C"."ZL","D"."JZMJ","F"."SYQMJ","E"."GYTDMJ","E"."FTTDMJ","C"."GHYT","D"."QLXZ","E"."QLXZ","A"."FJ"          
源信息：IIRS.Services.BDC.BdcPrintServices+<>c__DisplayClass12_0.<BdcGeneralMrgeQdPrint>b__10         
行　号：718         
-----------------------------------------------------------
时　间：2021/04/15 14:55:26.483         
级　别：Debug         
模　块：IIRS.Services.BDC.BdcPrintServices         
消　息：SELECT  "A"."BDCZH" AS "BDCZH" , "A"."BDCDYH" AS "BDCDYH" , NVL("G"."ZL","C"."ZL") AS "ZL" , NVL(NVL("D"."JZMJ","F"."SYQMJ"),"E"."GYTDMJ") AS "MJ" , "E"."FTTDMJ" AS "FTMJ" , "C"."GHYT" AS "YT" , "D"."QLXZ" AS "QLXZ" , "E"."QLXZ" AS "TDQLXZ" , "A"."FJ" AS "FJ" , WM_CONCAT(DISTINCT TO_CHAR(H.QLRMC)) AS "QLRMC" , WM_CONCAT(DISTINCT TO_CHAR(H.ZJHM)) AS "ZJHM"  FROM "DJ_DJB" A Left JOIN "DJ_TSGL" B ON ( "A"."SLBH" = "B"."SLBH" )  Left JOIN "FC_H_QSDC" C ON ( "B"."TSTYBM" = "C"."TSTYBM" )  Left JOIN "QL_FWXG" D ON ( "A"."SLBH" = "D"."SLBH" )  Left JOIN "QL_TDXG" E ON ( "A"."SLBH" = "E"."SLBH" )  Left JOIN "QL_SLXG" F ON ( "F"."SLBH" = "A"."SLBH" )  Left JOIN "DJ_SJD" G ON ( "A"."SLBH" = "G"."SLBH" )  Left JOIN "DJ_QLRGL" H ON ( "A"."SLBH" = "H"."SLBH" )   WHERE  (:MethodConst0 like '%'||"A"."SLBH"||'%') GROUP BY "A"."BDCZH","A"."BDCDYH","G"."ZL","C"."ZL","D"."JZMJ","F"."SYQMJ","E"."GYTDMJ","E"."FTTDMJ","C"."GHYT","D"."QLXZ","E"."QLXZ","A"."FJ"          
源信息：IIRS.Services.BDC.BdcPrintServices+<>c__DisplayClass12_0.<BdcGeneralMrgeQdPrint>b__10         
行　号：718         
-----------------------------------------------------------
时　间：2021/04/15 14:58:12.547         
级　别：Debug         
模　块：IIRS.Services.BDC.BdcPrintServices         
消　息：SELECT  "A"."BDCZH" AS "BDCZH" , "A"."BDCDYH" AS "BDCDYH" , NVL("G"."ZL","C"."ZL") AS "ZL" , NVL(NVL("D"."JZMJ","F"."SYQMJ"),"E"."GYTDMJ") AS "MJ" , "E"."FTTDMJ" AS "FTMJ" , "C"."GHYT" AS "YT" , "D"."QLXZ" AS "QLXZ" , "E"."QLXZ" AS "TDQLXZ" , "A"."FJ" AS "FJ" , WM_CONCAT(DISTINCT TO_CHAR(H.QLRMC)) AS "QLRMC" , WM_CONCAT(DISTINCT TO_CHAR(H.ZJHM)) AS "ZJHM"  FROM "DJ_DJB" A Left JOIN "DJ_TSGL" B ON ( "A"."SLBH" = "B"."SLBH" )  Left JOIN "FC_H_QSDC" C ON ( "B"."TSTYBM" = "C"."TSTYBM" )  Left JOIN "QL_FWXG" D ON ( "A"."SLBH" = "D"."SLBH" )  Left JOIN "QL_TDXG" E ON ( "A"."SLBH" = "E"."SLBH" )  Left JOIN "QL_SLXG" F ON ( "F"."SLBH" = "A"."SLBH" )  Left JOIN "DJ_SJD" G ON ( "A"."SLBH" = "G"."SLBH" )  Left JOIN "DJ_QLRGL" H ON ( "A"."SLBH" = "H"."SLBH" )   WHERE  (:MethodConst0 like '%'||"A"."SLBH"||'%') GROUP BY "A"."BDCZH","A"."BDCDYH","G"."ZL","C"."ZL","D"."JZMJ","F"."SYQMJ","E"."GYTDMJ","E"."FTTDMJ","C"."GHYT","D"."QLXZ","E"."QLXZ","A"."FJ"          
源信息：IIRS.Services.BDC.BdcPrintServices+<>c__DisplayClass12_0.<BdcGeneralMrgeQdPrint>b__10         
行　号：718         
-----------------------------------------------------------
时　间：2021/04/15 15:00:18.147         
级　别：Debug         
模　块：IIRS.Services.BDC.BdcPrintServices         
消　息：SELECT  "A"."BDCZH" AS "BDCZH" , "A"."BDCDYH" AS "BDCDYH" , NVL("G"."ZL","C"."ZL") AS "ZL" , NVL(NVL("D"."JZMJ","F"."SYQMJ"),"E"."GYTDMJ") AS "MJ" , "E"."FTTDMJ" AS "FTMJ" , "C"."GHYT" AS "YT" , "D"."QLXZ" AS "QLXZ" , "E"."QLXZ" AS "TDQLXZ" , "A"."FJ" AS "FJ" , WM_CONCAT(DISTINCT TO_CHAR(H.QLRMC)) AS "QLRMC" , WM_CONCAT(DISTINCT TO_CHAR(H.ZJHM)) AS "ZJHM"  FROM "DJ_DJB" A Left JOIN "DJ_TSGL" B ON ( "A"."SLBH" = "B"."SLBH" )  Left JOIN "FC_H_QSDC" C ON ( "B"."TSTYBM" = "C"."TSTYBM" )  Left JOIN "QL_FWXG" D ON ( "A"."SLBH" = "D"."SLBH" )  Left JOIN "QL_TDXG" E ON ( "A"."SLBH" = "E"."SLBH" )  Left JOIN "QL_SLXG" F ON ( "F"."SLBH" = "A"."SLBH" )  Left JOIN "DJ_SJD" G ON ( "A"."SLBH" = "G"."SLBH" )  Left JOIN "DJ_QLRGL" H ON ( "A"."SLBH" = "H"."SLBH" )   WHERE  (:MethodConst0 like '%'||"A"."SLBH"||'%') GROUP BY "A"."BDCZH","A"."BDCDYH","G"."ZL","C"."ZL","D"."JZMJ","F"."SYQMJ","E"."GYTDMJ","E"."FTTDMJ","C"."GHYT","D"."QLXZ","E"."QLXZ","A"."FJ"          
源信息：IIRS.Services.BDC.BdcPrintServices+<>c__DisplayClass12_0.<BdcGeneralMrgeQdPrint>b__10         
行　号：718         
-----------------------------------------------------------
时　间：2021/04/15 15:04:48.574         
级　别：Debug         
模　块：IIRS.Services.BDC.BdcPrintServices         
消　息：SELECT  "A"."BDCZH" AS "BDCZH" , "A"."BDCDYH" AS "BDCDYH" , NVL("G"."ZL","C"."ZL") AS "ZL" , NVL(NVL("D"."JZMJ","F"."SYQMJ"),"E"."GYTDMJ") AS "MJ" , "E"."FTTDMJ" AS "FTMJ" , "C"."GHYT" AS "YT" , "D"."QLXZ" AS "QLXZ" , "E"."QLXZ" AS "TDQLXZ" , "A"."FJ" AS "FJ" , WM_CONCAT(DISTINCT TO_CHAR(H.QLRMC)) AS "QLRMC" , WM_CONCAT(DISTINCT TO_CHAR(H.ZJHM)) AS "ZJHM"  FROM "DJ_DJB" A Left JOIN "DJ_TSGL" B ON ( "A"."SLBH" = "B"."SLBH" )  Left JOIN "FC_H_QSDC" C ON ( "B"."TSTYBM" = "C"."TSTYBM" )  Left JOIN "QL_FWXG" D ON ( "A"."SLBH" = "D"."SLBH" )  Left JOIN "QL_TDXG" E ON ( "A"."SLBH" = "E"."SLBH" )  Left JOIN "QL_SLXG" F ON ( "F"."SLBH" = "A"."SLBH" )  Left JOIN "DJ_SJD" G ON ( "A"."SLBH" = "G"."SLBH" )  Left JOIN "DJ_QLRGL" H ON ( "A"."SLBH" = "H"."SLBH" )   WHERE  (:MethodConst0 like '%'||"A"."SLBH"||'%') GROUP BY "A"."BDCZH","A"."BDCDYH","G"."ZL","C"."ZL","D"."JZMJ","F"."SYQMJ","E"."GYTDMJ","E"."FTTDMJ","C"."GHYT","D"."QLXZ","E"."QLXZ","A"."FJ"          
源信息：IIRS.Services.BDC.BdcPrintServices+<>c__DisplayClass12_0.<BdcGeneralMrgeQdPrint>b__10         
行　号：718         
-----------------------------------------------------------
时　间：2021/04/15 15:30:43.701         
级　别：Debug         
模　块：IIRS.Services.BDC.BdcPrintServices         
消　息：SELECT  "A"."BDCZH" AS "BDCZH" , "A"."BDCDYH" AS "BDCDYH" , NVL("G"."ZL","C"."ZL") AS "ZL" , NVL(NVL("D"."JZMJ","F"."SYQMJ"),"E"."GYTDMJ") AS "MJ" , "E"."FTTDMJ" AS "FTMJ" , "C"."GHYT" AS "YT" , "D"."QLXZ" AS "QLXZ" , "E"."QLXZ" AS "TDQLXZ" , "A"."FJ" AS "FJ" , WM_CONCAT(DISTINCT TO_CHAR(H.QLRMC)) AS "QLRMC" , WM_CONCAT(DISTINCT TO_CHAR(H.ZJHM)) AS "ZJHM"  FROM "DJ_DJB" A Left JOIN "DJ_TSGL" B ON ( "A"."SLBH" = "B"."SLBH" )  Left JOIN "FC_H_QSDC" C ON ( "B"."TSTYBM" = "C"."TSTYBM" )  Left JOIN "QL_FWXG" D ON ( "A"."SLBH" = "D"."SLBH" )  Left JOIN "QL_TDXG" E ON ( "A"."SLBH" = "E"."SLBH" )  Left JOIN "QL_SLXG" F ON ( "F"."SLBH" = "A"."SLBH" )  Left JOIN "DJ_SJD" G ON ( "A"."SLBH" = "G"."SLBH" )  Left JOIN "DJ_QLRGL" H ON ( "A"."SLBH" = "H"."SLBH" )   WHERE  (:MethodConst0 like '%'||"A"."SLBH"||'%') GROUP BY "A"."BDCZH","A"."BDCDYH","G"."ZL","C"."ZL","D"."JZMJ","F"."SYQMJ","E"."GYTDMJ","E"."FTTDMJ","C"."GHYT","D"."QLXZ","E"."QLXZ","A"."FJ"          
源信息：IIRS.Services.BDC.BdcPrintServices+<>c__DisplayClass12_0.<BdcGeneralMrgeQdPrint>b__10         
行　号：719         
-----------------------------------------------------------
