时　间：2021/01/06 14:47:32.910         
级　别：Debug         
模　块：IIRS.Repository.TsglRepository         
消　息：SELECT "GLBM","SLBH","BDCLX","TSTYBM","BDCDYH","DJZL","GLMS","CSSJ","LIFECYCLE","ZJZH","ZDSLBH","BDCDYH1","ZDZL","XSQSRQ","XSJZRQ","YBDCDYH","GJBH_ZHH","FDGJLX","ZJFJ","FTJZMJ" FROM "DJ_TSGL"  WHERE ( "SLBH" = :SLBH0 )         
源信息：IIRS.Repository.TsglRepository+<>c__DisplayClass3_0.<GetTstybmBySlbh>b__0         
行　号：33         
-----------------------------------------------------------
时　间：2021/01/06 14:47:33.039         
级　别：Debug         
模　块：IIRS.Repository.HouseStatusRepository         
消　息：SELECT "TSTYBM","BDCLX","BDCDYH","DJBZSLX","SLBH","BDCZH","ZL","JZMJ","GYFS","QLLX","QLXZ","GHYT","FWXG_JZMJ","TDQLLX","TDQLXZ","TDYT","TDSYQX","TDQSRQ","TDZZRQ","JZZDMJ","DYTDMJ","GYTDMJ","DJBQT","DJBDJRQ","DJBFZRQ","DJBZSXLH","DJBFJ","DJBFZJG","BDCZMH","DYMJ","DYMJ2","BDBZZQSE","DYFS","DYQX","DYQT","DYDJRQ","DYQSSJ","DYJSSJ","DYFZRQ","DYZSXLH","DYFZJG","DYHTH","DYFJ","CFWH","CFJG","CFQX","CFRQ","CFQSSJ","CFJSSJ","CFFJ","YG_SLBH","YGSQRQ","YGSPDW","YGSPRQ","YGBDCZMH","YGDJRQ","YGFZJG","YGFZRQ","YGZSXLH","YGQT","DJZL","DYR","DYR_ZJLB","DYR_ZJHM","DYQR","DYQR_ZJLB","DYQR_ZJHM","QLRMC","ZJLB","ZJHM","YWR","YWR_ZJLB","YWR_ZJHM","YG_QLRMC","YG_ZJLB","YG_ZJHM","YG_YWR","YG_YWR_ZJLB","YG_YWR_ZJHM","YY_QLRMC","YY_ZJLB","YY_ZJHM","YY_YWR","YY_YWR_ZJLB","YY_YWR_ZJHM" FROM "V_HOUSE_QUERY"  WHERE  ("TSTYBM" IN ('TS-170810135942-IT35XLYO','TS-170810135654-2V475M3B','FHID918491#00470589','TS-170810135811-TPU74680','FHID915626#00473524','FHID808018#00365542'))          
源信息：IIRS.Repository.HouseStatusRepository+<>c__DisplayClass4_0.<GetHouseSatausList>b__0         
行　号：56         
-----------------------------------------------------------
时　间：2021/01/06 14:47:34.712         
级　别：Debug         
模　块：IIRS.Repository.TsglRepository         
消　息：SELECT "GLBM","SLBH","BDCLX","TSTYBM","BDCDYH","DJZL","GLMS","CSSJ","LIFECYCLE","ZJZH","ZDSLBH","BDCDYH1","ZDZL","XSQSRQ","XSJZRQ","YBDCDYH","GJBH_ZHH","FDGJLX","ZJFJ","FTJZMJ" FROM "DJ_TSGL"  WHERE ( "SLBH" = :SLBH0 )         
源信息：IIRS.Repository.TsglRepository+<>c__DisplayClass3_0.<GetTstybmBySlbh>b__0         
行　号：33         
-----------------------------------------------------------
时　间：2021/01/06 14:47:34.718         
级　别：Debug         
模　块：IIRS.Repository.HouseStatusRepository         
消　息：SELECT "TSTYBM","BDCLX","BDCDYH","DJBZSLX","SLBH","BDCZH","ZL","JZMJ","GYFS","QLLX","QLXZ","GHYT","FWXG_JZMJ","TDQLLX","TDQLXZ","TDYT","TDSYQX","TDQSRQ","TDZZRQ","JZZDMJ","DYTDMJ","GYTDMJ","DJBQT","DJBDJRQ","DJBFZRQ","DJBZSXLH","DJBFJ","DJBFZJG","BDCZMH","DYMJ","DYMJ2","BDBZZQSE","DYFS","DYQX","DYQT","DYDJRQ","DYQSSJ","DYJSSJ","DYFZRQ","DYZSXLH","DYFZJG","DYHTH","DYFJ","CFWH","CFJG","CFQX","CFRQ","CFQSSJ","CFJSSJ","CFFJ","YG_SLBH","YGSQRQ","YGSPDW","YGSPRQ","YGBDCZMH","YGDJRQ","YGFZJG","YGFZRQ","YGZSXLH","YGQT","DJZL","DYR","DYR_ZJLB","DYR_ZJHM","DYQR","DYQR_ZJLB","DYQR_ZJHM","QLRMC","ZJLB","ZJHM","YWR","YWR_ZJLB","YWR_ZJHM","YG_QLRMC","YG_ZJLB","YG_ZJHM","YG_YWR","YG_YWR_ZJLB","YG_YWR_ZJHM","YY_QLRMC","YY_ZJLB","YY_ZJHM","YY_YWR","YY_YWR_ZJLB","YY_YWR_ZJHM" FROM "V_HOUSE_QUERY"  WHERE  ("TSTYBM" IN ('TS-170810135942-IT35XLYO','TS-170810135654-2V475M3B','FHID918491#00470589','TS-170810135811-TPU74680','FHID915626#00473524','FHID808018#00365542'))          
源信息：IIRS.Repository.HouseStatusRepository+<>c__DisplayClass5_0.<GetHouseSatausList_New>b__0         
行　号：86         
-----------------------------------------------------------
时　间：2021/01/06 14:47:37.184         
级　别：Debug         
模　块：IIRS.Repository.HouseBdczhRepository         
消　息：SELECT "BDCZMH","BDCZH","ZL","DYMJ","DYR" FROM "V_HOUSE_XGZH_QUERY"  WHERE  ("BDCZMH" like '%'||:MethodConst0||'%')          
源信息：IIRS.Repository.HouseBdczhRepository+<>c__DisplayClass2_0.<GetBdczhByBdczmh>b__0         
行　号：25         
-----------------------------------------------------------
时　间：2021/01/06 19:09:04.573         
级　别：Debug         
模　块：IIRS.Services.ProvidentFundServices         
消　息：SELECT  "C"."QLRMC" AS "QLRMC" , "C"."ZJHM" AS "ZJHM" , "A"."BDCZH" AS "BDCZH" , "D"."ZL" AS "ZL" , "A"."DJRQ" AS "DJRQ" , "E"."JZMJ" AS "JZMJ"  FROM "DJ_DJB" A Inner JOIN "DJ_QLRGL" B ON ( "A"."SLBH" = "B"."SLBH" )  Inner JOIN "DJ_QLR" C ON ( "B"."QLRID" = "C"."QLRID" )  Inner JOIN "DJ_SJD" D ON ( "A"."SLBH" = "D"."SLBH" )  Inner JOIN "QL_FWXG" E ON ( "A"."SLBH" = "E"."SLBH" )   WHERE (((( "C"."ZJHM" = (UPPER(:MethodConst0)) ) OR ( "C"."ZJHM" = :ZJHM1 )) AND (( "A"."LIFECYCLE" = :Const2 ) OR ( "A"."LIFECYCLE" IS NULL ))) AND ( "B"."QLRLX" = :QLRLX4 ))         
源信息：IIRS.Services.ProvidentFundServices+<>c__DisplayClass3_0.<FundModels>b__0         
行　号：33         
-----------------------------------------------------------
时　间：2021/01/06 19:10:44.555         
级　别：Debug         
模　块：IIRS.Services.ProvidentFundServices         
消　息：SELECT  "C"."QLRMC" AS "QLRMC" , "C"."ZJHM" AS "ZJHM" , "A"."BDCZH" AS "BDCZH" , "D"."ZL" AS "ZL" , "A"."DJRQ" AS "DJRQ" , "E"."JZMJ" AS "JZMJ"  FROM "DJ_DJB" A Inner JOIN "DJ_QLRGL" B ON ( "A"."SLBH" = "B"."SLBH" )  Inner JOIN "DJ_QLR" C ON ( "B"."QLRID" = "C"."QLRID" )  Inner JOIN "DJ_SJD" D ON ( "A"."SLBH" = "D"."SLBH" )  Inner JOIN "QL_FWXG" E ON ( "A"."SLBH" = "E"."SLBH" )   WHERE (((( "C"."ZJHM" = (UPPER(:MethodConst0)) ) OR ( "C"."ZJHM" = :ZJHM1 )) AND (( "A"."LIFECYCLE" = :Const2 ) OR ( "A"."LIFECYCLE" IS NULL ))) AND ( "B"."QLRLX" = :QLRLX4 ))         
源信息：IIRS.Services.ProvidentFundServices+<>c__DisplayClass3_0.<FundModels>b__0         
行　号：33         
-----------------------------------------------------------
时　间：2021/01/06 19:10:47.398         
级　别：Debug         
模　块：IIRS.Services.ProvidentFundServices         
消　息：SELECT  "C"."QLRMC" AS "QLRMC" , "C"."ZJHM" AS "ZJHM" , "A"."BDCZH" AS "BDCZH" , "D"."ZL" AS "ZL" , "A"."DJRQ" AS "DJRQ" , ( "E"."JZMJ" + :CONST5 ) AS "JZMJ"  FROM "DJ_DJB" A Inner JOIN "DJ_QLRGL" B ON ( "A"."SLBH" = "B"."SLBH" )  Inner JOIN "DJ_QLR" C ON ( "B"."QLRID" = "C"."QLRID" )  Inner JOIN "DJ_SJD" D ON ( "A"."SLBH" = "D"."SLBH" )  Inner JOIN "QL_FWXG" E ON ( "A"."SLBH" = "E"."SLBH" )   WHERE (((( "C"."ZJHM" = (UPPER(:MethodConst0)) ) OR ( "C"."ZJHM" = :ZJHM1 )) AND (( "A"."LIFECYCLE" = :Const2 ) OR ( "A"."LIFECYCLE" IS NULL ))) AND ( "B"."QLRLX" = :QLRLX4 ))         
源信息：IIRS.Services.ProvidentFundServices+<>c__DisplayClass3_0.<FundModels>b__0         
行　号：33         
-----------------------------------------------------------
时　间：2021/01/06 19:10:49.950         
级　别：Debug         
模　块：IIRS.Controllers.ProvidentFundController         
消　息：错误码:97bd519f-5bee-4011-8ef0-bce58df7b527,异常消息:Value cannot be null. (Parameter 'text')         
源信息：IIRS.Controllers.ProvidentFundController.GetProvident         
行　号：93         
-----------------------------------------------------------
时　间：2021/01/06 19:11:08.032         
级　别：Debug         
模　块：IIRS.Services.ProvidentFundServices         
消　息：SELECT  "C"."QLRMC" AS "QLRMC" , "C"."ZJHM" AS "ZJHM" , "A"."BDCZH" AS "BDCZH" , "D"."ZL" AS "ZL" , "A"."DJRQ" AS "DJRQ" , "E"."JZMJ" AS "JZMJ"  FROM "DJ_DJB" A Inner JOIN "DJ_QLRGL" B ON ( "A"."SLBH" = "B"."SLBH" )  Inner JOIN "DJ_QLR" C ON ( "B"."QLRID" = "C"."QLRID" )  Inner JOIN "DJ_SJD" D ON ( "A"."SLBH" = "D"."SLBH" )  Inner JOIN "QL_FWXG" E ON ( "A"."SLBH" = "E"."SLBH" )   WHERE (((( "C"."ZJHM" = (UPPER(:MethodConst0)) ) OR ( "C"."ZJHM" = :ZJHM1 )) AND (( "A"."LIFECYCLE" = :Const2 ) OR ( "A"."LIFECYCLE" IS NULL ))) AND ( "B"."QLRLX" = :QLRLX4 ))         
源信息：IIRS.Services.ProvidentFundServices+<>c__DisplayClass3_0.<FundModels>b__0         
行　号：33         
-----------------------------------------------------------
时　间：2021/01/06 19:12:22.037         
级　别：Debug         
模　块：IIRS.Services.ProvidentFundServices         
消　息：SELECT  "C"."QLRMC" AS "QLRMC" , "C"."ZJHM" AS "ZJHM" , "A"."BDCZH" AS "BDCZH" , "D"."ZL" AS "ZL" , "A"."DJRQ" AS "DJRQ" , "E"."JZMJ" AS "JZMJ"  FROM "DJ_DJB" A Inner JOIN "DJ_QLRGL" B ON ( "A"."SLBH" = "B"."SLBH" )  Inner JOIN "DJ_QLR" C ON ( "B"."QLRID" = "C"."QLRID" )  Inner JOIN "DJ_SJD" D ON ( "A"."SLBH" = "D"."SLBH" )  Inner JOIN "QL_FWXG" E ON ( "A"."SLBH" = "E"."SLBH" )   WHERE (((( "C"."ZJHM" = (UPPER(:MethodConst0)) ) OR ( "C"."ZJHM" = :ZJHM1 )) AND (( "A"."LIFECYCLE" = :Const2 ) OR ( "A"."LIFECYCLE" IS NULL ))) AND ( "B"."QLRLX" = :QLRLX4 ))         
源信息：IIRS.Services.ProvidentFundServices+<>c__DisplayClass3_0.<FundModels>b__0         
行　号：33         
-----------------------------------------------------------
时　间：2021/01/06 19:13:12.624         
级　别：Debug         
模　块：IIRS.Services.ProvidentFundServices         
消　息：SELECT  "C"."QLRMC" AS "QLRMC" , "C"."ZJHM" AS "ZJHM" , "A"."BDCZH" AS "BDCZH" , "D"."ZL" AS "ZL" , "A"."DJRQ" AS "DJRQ" , "E"."JZMJ" AS "JZMJ"  FROM "DJ_DJB" A Inner JOIN "DJ_QLRGL" B ON ( "A"."SLBH" = "B"."SLBH" )  Inner JOIN "DJ_QLR" C ON ( "B"."QLRID" = "C"."QLRID" )  Inner JOIN "DJ_SJD" D ON ( "A"."SLBH" = "D"."SLBH" )  Inner JOIN "QL_FWXG" E ON ( "A"."SLBH" = "E"."SLBH" )   WHERE (((( "C"."ZJHM" = (UPPER(:MethodConst0)) ) OR ( "C"."ZJHM" = :ZJHM1 )) AND (( "A"."LIFECYCLE" = :Const2 ) OR ( "A"."LIFECYCLE" IS NULL ))) AND ( "B"."QLRLX" = :QLRLX4 ))         
源信息：IIRS.Services.ProvidentFundServices+<>c__DisplayClass3_0.<FundModels>b__0         
行　号：33         
-----------------------------------------------------------
时　间：2021/01/06 19:13:13.960         
级　别：Debug         
模　块：IIRS.Services.ProvidentFundServices         
消　息：SELECT  "C"."QLRMC" AS "QLRMC" , "C"."ZJHM" AS "ZJHM" , "A"."BDCZH" AS "BDCZH" , "D"."ZL" AS "ZL" , "A"."DJRQ" AS "DJRQ" , ( "E"."JZMJ" + :CONST5 ) AS "JZMJ"  FROM "DJ_DJB" A Inner JOIN "DJ_QLRGL" B ON ( "A"."SLBH" = "B"."SLBH" )  Inner JOIN "DJ_QLR" C ON ( "B"."QLRID" = "C"."QLRID" )  Inner JOIN "DJ_SJD" D ON ( "A"."SLBH" = "D"."SLBH" )  Inner JOIN "QL_FWXG" E ON ( "A"."SLBH" = "E"."SLBH" )   WHERE (((( "C"."ZJHM" = (UPPER(:MethodConst0)) ) OR ( "C"."ZJHM" = :ZJHM1 )) AND (( "A"."LIFECYCLE" = :Const2 ) OR ( "A"."LIFECYCLE" IS NULL ))) AND ( "B"."QLRLX" = :QLRLX4 ))         
源信息：IIRS.Services.ProvidentFundServices+<>c__DisplayClass3_0.<FundModels>b__0         
行　号：33         
-----------------------------------------------------------
时　间：2021/01/06 19:13:44.824         
级　别：Debug         
模　块：IIRS.Services.ProvidentFundServices         
消　息：SELECT  "C"."QLRMC" AS "QLRMC" , "C"."ZJHM" AS "ZJHM" , "A"."BDCZH" AS "BDCZH" , "D"."ZL" AS "ZL" , "A"."DJRQ" AS "DJRQ" , "E"."JZMJ" AS "JZMJ"  FROM "DJ_DJB" A Inner JOIN "DJ_QLRGL" B ON ( "A"."SLBH" = "B"."SLBH" )  Inner JOIN "DJ_QLR" C ON ( "B"."QLRID" = "C"."QLRID" )  Inner JOIN "DJ_SJD" D ON ( "A"."SLBH" = "D"."SLBH" )  Inner JOIN "QL_FWXG" E ON ( "A"."SLBH" = "E"."SLBH" )   WHERE (((( "C"."ZJHM" = (UPPER(:MethodConst0)) ) OR ( "C"."ZJHM" = :ZJHM1 )) AND (( "A"."LIFECYCLE" = :Const2 ) OR ( "A"."LIFECYCLE" IS NULL ))) AND ( "B"."QLRLX" = :QLRLX4 ))         
源信息：IIRS.Services.ProvidentFundServices+<>c__DisplayClass3_0.<FundModels>b__0         
行　号：33         
-----------------------------------------------------------
时　间：2021/01/06 19:13:44.983         
级　别：Debug         
模　块：IIRS.Services.ProvidentFundServices         
消　息：SELECT  "C"."QLRMC" AS "QLRMC" , "C"."ZJHM" AS "ZJHM" , "A"."BDCZH" AS "BDCZH" , "D"."ZL" AS "ZL" , "A"."DJRQ" AS "DJRQ" , ( "E"."JZMJ" + :CONST5 ) AS "JZMJ"  FROM "DJ_DJB" A Inner JOIN "DJ_QLRGL" B ON ( "A"."SLBH" = "B"."SLBH" )  Inner JOIN "DJ_QLR" C ON ( "B"."QLRID" = "C"."QLRID" )  Inner JOIN "DJ_SJD" D ON ( "A"."SLBH" = "D"."SLBH" )  Inner JOIN "QL_FWXG" E ON ( "A"."SLBH" = "E"."SLBH" )   WHERE (((( "C"."ZJHM" = (UPPER(:MethodConst0)) ) OR ( "C"."ZJHM" = :ZJHM1 )) AND (( "A"."LIFECYCLE" = :Const2 ) OR ( "A"."LIFECYCLE" IS NULL ))) AND ( "B"."QLRLX" = :QLRLX4 ))         
源信息：IIRS.Services.ProvidentFundServices+<>c__DisplayClass3_0.<FundModels>b__0         
行　号：33         
-----------------------------------------------------------
时　间：2021/01/06 19:18:37.272         
级　别：Debug         
模　块：IIRS.Services.ProvidentFundServices         
消　息：SELECT  "C"."QLRMC" AS "QLRMC" , "C"."ZJHM" AS "ZJHM" , "A"."BDCZH" AS "BDCZH" , "D"."ZL" AS "ZL" , "A"."DJRQ" AS "DJRQ" , "E"."JZMJ" AS "JZMJ"  FROM "DJ_DJB" A Inner JOIN "DJ_QLRGL" B ON ( "A"."SLBH" = "B"."SLBH" )  Inner JOIN "DJ_QLR" C ON ( "B"."QLRID" = "C"."QLRID" )  Inner JOIN "DJ_SJD" D ON ( "A"."SLBH" = "D"."SLBH" )  Inner JOIN "QL_FWXG" E ON ( "A"."SLBH" = "E"."SLBH" )   WHERE (((( "C"."ZJHM" = (UPPER(:MethodConst0)) ) OR ( "C"."ZJHM" = :ZJHM1 )) AND (( "A"."LIFECYCLE" = :Const2 ) OR ( "A"."LIFECYCLE" IS NULL ))) AND ( "B"."QLRLX" = :QLRLX4 ))         
源信息：IIRS.Services.ProvidentFundServices+<>c__DisplayClass3_0.<FundModels>b__0         
行　号：33         
-----------------------------------------------------------
时　间：2021/01/06 19:18:37.433         
级　别：Debug         
模　块：IIRS.Services.ProvidentFundServices         
消　息：SELECT  "C"."QLRMC" AS "QLRMC" , "C"."ZJHM" AS "ZJHM" , "A"."BDCZH" AS "BDCZH" , "D"."ZL" AS "ZL" , "A"."DJRQ" AS "DJRQ" , ( "E"."JZMJ" + :CONST5 ) AS "JZMJ"  FROM "DJ_DJB" A Inner JOIN "DJ_QLRGL" B ON ( "A"."SLBH" = "B"."SLBH" )  Inner JOIN "DJ_QLR" C ON ( "B"."QLRID" = "C"."QLRID" )  Inner JOIN "DJ_SJD" D ON ( "A"."SLBH" = "D"."SLBH" )  Inner JOIN "QL_FWXG" E ON ( "A"."SLBH" = "E"."SLBH" )   WHERE (((( "C"."ZJHM" = (UPPER(:MethodConst0)) ) OR ( "C"."ZJHM" = :ZJHM1 )) AND (( "A"."LIFECYCLE" = :Const2 ) OR ( "A"."LIFECYCLE" IS NULL ))) AND ( "B"."QLRLX" = :QLRLX4 ))         
源信息：IIRS.Services.ProvidentFundServices+<>c__DisplayClass3_0.<FundModels>b__0         
行　号：33         
-----------------------------------------------------------
时　间：2021/01/06 19:23:52.161         
级　别：Debug         
模　块：IIRS.Services.ProvidentFundServices         
消　息：SELECT  "C"."QLRMC" AS "QLRMC" , "C"."ZJHM" AS "ZJHM" , "A"."BDCZH" AS "BDCZH" , "D"."ZL" AS "ZL" , "A"."DJRQ" AS "DJRQ" , "E"."JZMJ" AS "JZMJ"  FROM "DJ_DJB" A Inner JOIN "DJ_QLRGL" B ON ( "A"."SLBH" = "B"."SLBH" )  Inner JOIN "DJ_QLR" C ON ( "B"."QLRID" = "C"."QLRID" )  Inner JOIN "DJ_SJD" D ON ( "A"."SLBH" = "D"."SLBH" )  Inner JOIN "QL_FWXG" E ON ( "A"."SLBH" = "E"."SLBH" )   WHERE (((( "C"."ZJHM" = (UPPER(:MethodConst0)) ) OR ( "C"."ZJHM" = :ZJHM1 )) AND (( "A"."LIFECYCLE" = :Const2 ) OR ( "A"."LIFECYCLE" IS NULL ))) AND ( "B"."QLRLX" = :QLRLX4 ))         
源信息：IIRS.Services.ProvidentFundServices+<>c__DisplayClass3_0.<FundModels>b__0         
行　号：33         
-----------------------------------------------------------
时　间：2021/01/06 19:26:18.319         
级　别：Debug         
模　块：IIRS.Services.ProvidentFundServices         
消　息：SELECT  "C"."QLRMC" AS "QLRMC" , "C"."ZJHM" AS "ZJHM" , "A"."BDCZH" AS "BDCZH" , "D"."ZL" AS "ZL" , "A"."DJRQ" AS "DJRQ" , "E"."JZMJ" AS "JZMJ"  FROM "DJ_DJB" A Inner JOIN "DJ_QLRGL" B ON ( "A"."SLBH" = "B"."SLBH" )  Inner JOIN "DJ_QLR" C ON ( "B"."QLRID" = "C"."QLRID" )  Inner JOIN "DJ_SJD" D ON ( "A"."SLBH" = "D"."SLBH" )  Inner JOIN "QL_FWXG" E ON ( "A"."SLBH" = "E"."SLBH" )   WHERE (((( "C"."ZJHM" = (UPPER(:MethodConst0)) ) OR ( "C"."ZJHM" = :ZJHM1 )) AND (( "A"."LIFECYCLE" = :Const2 ) OR ( "A"."LIFECYCLE" IS NULL ))) AND ( "B"."QLRLX" = :QLRLX4 ))         
源信息：IIRS.Services.ProvidentFundServices+<>c__DisplayClass3_0.<FundModels>b__0         
行　号：33         
-----------------------------------------------------------
