时　间：2021/07/27 16:21:23.384         
级　别：Debug         
模　块：IIRS.Controllers.BdcGeneralMrgeController         
消　息：错误码:9eada773-bd96-4dde-b1eb-d2d0034eb4ff,异常消息:English Message : Connection open error . ORA-12545: Network Transport: Unable to resolve connect hostname
Chinese Message :  连接数据库过程中发生错误，检查服务器是否正常连接字符串是否正确，实在找不到原因请先Google错误信息：ORA-12545: Network Transport: Unable to resolve connect hostname.         
源信息：IIRS.Controllers.BdcGeneralMrgeController.GetBdcHourseInfo         
行　号：64         
-----------------------------------------------------------
时　间：2021/07/27 16:22:23.619         
级　别：Debug         
模　块：IIRS.Controllers.BdcGeneralMrgeController         
消　息：错误码:20155be7-b7df-4f33-9b22-6c6fc118b9ba,异常消息:English Message : Connection open error . ORA-12545: Network Transport: Unable to resolve connect hostname
Chinese Message :  连接数据库过程中发生错误，检查服务器是否正常连接字符串是否正确，实在找不到原因请先Google错误信息：ORA-12545: Network Transport: Unable to resolve connect hostname.         
源信息：IIRS.Controllers.BdcGeneralMrgeController.GetBdcHourseInfo         
行　号：64         
-----------------------------------------------------------
时　间：2021/07/27 16:24:11.539         
级　别：Debug         
模　块：IIRS.Controllers.BdcMrgeReleaseController         
消　息：错误码:15274f75-dcd3-4bf6-8a86-2ed29c30dab2,异常消息:English Message : Connection open error . ORA-12545: Network Transport: Unable to resolve connect hostname
Chinese Message :  连接数据库过程中发生错误，检查服务器是否正常连接字符串是否正确，实在找不到原因请先Google错误信息：ORA-12545: Network Transport: Unable to resolve connect hostname.         
源信息：IIRS.Controllers.BdcMrgeReleaseController.GetMrgeCertInfo         
行　号：187         
-----------------------------------------------------------
时　间：2021/07/27 16:32:19.172         
级　别：Debug         
模　块：IIRS.Controllers.BdcMrgeReleaseController         
消　息：MrgeReleaseController.Post:【错误代码：34d483514abc476e96d3017ae717dedf,原因:ORA-00904: "PRE_STATUS": 标识符无效】         
源信息：IIRS.Controllers.BdcMrgeReleaseController.Post         
行　号：551         
-----------------------------------------------------------
