时　间：2022/05/11 09:19:47.074         
级　别：Debug         
模　块：IIRS.Controllers.CommonController         
消　息：CommonController.BizJsonDataQueryByXID:【错误代码：b6aaed04f00b4dd6953e0180b0b35f81,原因:English Message : Connection open error . ORA-01017: invalid username/password; logon denied
Chinese Message :  连接数据库过程中发生错误，检查服务器是否正常连接字符串是否正确，实在找不到原因请先Google错误信息：ORA-01017: invalid username/password; logon denied.】         
源信息：IIRS.Controllers.CommonController.BizJsonDataQueryByXID         
行　号：325         
-----------------------------------------------------------
时　间：2022/05/11 09:22:07.603         
级　别：Debug         
模　块：IIRS.Controllers.BdcGeneralMrgeController         
消　息：错误码:eaf2dd00-11da-4f6f-a16d-871aaa6e035f,异常消息:English Message : Connection open error . ORA-12514: TNS:listener does not currently know of service requested in connect descriptor
Chinese Message :  连接数据库过程中发生错误，检查服务器是否正常连接字符串是否正确，实在找不到原因请先Google错误信息：ORA-12514: TNS:listener does not currently know of service requested in connect descriptor.         
源信息：IIRS.Controllers.BankGeneralMrgeController.GetBdcHourseInfo         
行　号：113         
-----------------------------------------------------------
时　间：2022/05/11 09:22:51.219         
级　别：Debug         
模　块：IIRS.Controllers.BdcGeneralMrgeController         
消　息：错误码:a574af5c-11c1-4710-b5a3-b24cc98e5266,异常消息:English Message : Connection open error . ORA-12514: TNS:listener does not currently know of service requested in connect descriptor
Chinese Message :  连接数据库过程中发生错误，检查服务器是否正常连接字符串是否正确，实在找不到原因请先Google错误信息：ORA-12514: TNS:listener does not currently know of service requested in connect descriptor.         
源信息：IIRS.Controllers.BankGeneralMrgeController.GetBdcHourseInfo         
行　号：113         
-----------------------------------------------------------
时　间：2022/05/11 09:25:21.630         
级　别：Debug         
模　块：IIRS.Controllers.BdcGeneralMrgeController         
消　息：MrgeReleaseController.Post:【错误代码：6e409ea4322e456fb4340180b0b87a5e,原因:ORA-00904: "XCZP": 标识符无效】         
源信息：IIRS.Controllers.BankGeneralMrgeController.Post         
行　号：518         
-----------------------------------------------------------
时　间：2022/05/11 09:27:35.944         
级　别：Debug         
模　块：IIRS.Controllers.BdcGeneralMrgeController         
消　息：MrgeReleaseController.Post:【错误代码：a4806f324e1a41d5b2590180b0ba8708,原因:ORA-00904: "XCZP": 标识符无效】         
源信息：IIRS.Controllers.BankGeneralMrgeController.Post         
行　号：518         
-----------------------------------------------------------
时　间：2022/05/11 09:33:12.948         
级　别：Debug         
模　块：IIRS.Controllers.BdcGeneralMrgeController         
消　息：MrgeReleaseController.Post:【错误代码：11f5dceb9b5d40a390390180b0bfab74,原因:ORA-00001: 违反唯一约束条件 (IIRS.PK_SFD_INFO)】         
源信息：IIRS.Controllers.BankGeneralMrgeController.Post         
行　号：518         
-----------------------------------------------------------
时　间：2022/05/11 09:33:38.886         
级　别：Debug         
模　块：IIRS.Controllers.BdcGeneralMrgeController         
消　息：MrgeReleaseController.Post:【错误代码：e2e4cf71b0f24081aa8c0180b0c010c6,原因:ORA-00001: 违反唯一约束条件 (IIRS.PK_SFD_INFO)】         
源信息：IIRS.Controllers.BankGeneralMrgeController.Post         
行　号：518         
-----------------------------------------------------------
时　间：2022/05/11 09:36:17.771         
级　别：Debug         
模　块：IIRS.Services.BDC.BdcPrintServices         
消　息：SELECT  WM_CONCAT(DISTINCT TO_CHAR(QLRMC)) AS "QLRMC" , WM_CONCAT(DISTINCT TO_CHAR(ZJHM)) AS "ZJHM" , WM_CONCAT(DISTINCT TO_CHAR(ZJLB_ZWM)) AS "ZJLB_ZWM"  FROM "QLRGL_INFO"  WHERE (( "QLRLX" = :QLRLX0 ) AND ( "XID" = :XID1 ))         
源信息：IIRS.Services.BDC.BdcPrintServices+<>c__DisplayClass6_0.<GetPersonList>b__0         
行　号：140         
-----------------------------------------------------------
时　间：2022/05/11 09:36:17.771         
级　别：Debug         
模　块：IIRS.Services.BDC.BdcPrintServices         
消　息：SELECT  WM_CONCAT(DISTINCT TO_CHAR(QLRMC)) AS "QLRMC" , WM_CONCAT(DISTINCT TO_CHAR(ZJHM)) AS "ZJHM" , WM_CONCAT(DISTINCT TO_CHAR(ZJLB_ZWM)) AS "ZJLB_ZWM"  FROM "QLRGL_INFO"  WHERE (( "QLRLX" = :QLRLX0 ) AND ( "XID" = :XID1 ))         
源信息：IIRS.Services.BDC.BdcPrintServices+<>c__DisplayClass6_0.<GetPersonList>b__0         
行　号：140         
-----------------------------------------------------------
时　间：2022/05/11 09:36:17.788         
级　别：Debug         
模　块：IIRS.Services.BDC.BdcPrintServices         
消　息：SELECT  WM_CONCAT(DISTINCT TO_CHAR(QLRMC)) AS "QLRMC" , WM_CONCAT(DISTINCT TO_CHAR(ZJHM)) AS "ZJHM" , WM_CONCAT(DISTINCT TO_CHAR(ZJLB_ZWM)) AS "ZJLB_ZWM"  FROM "QLRGL_INFO"  WHERE (( "QLRLX" = :QLRLX0 ) AND ( "XID" = :XID1 ))         
源信息：IIRS.Services.BDC.BdcPrintServices+<>c__DisplayClass6_0.<GetPersonList>b__0         
行　号：140         
-----------------------------------------------------------
时　间：2022/05/11 09:36:17.788         
级　别：Debug         
模　块：IIRS.Services.BDC.BdcPrintServices         
消　息：SELECT  WM_CONCAT(DISTINCT TO_CHAR(QLRMC)) AS "QLRMC" , WM_CONCAT(DISTINCT TO_CHAR(ZJHM)) AS "ZJHM" , WM_CONCAT(DISTINCT TO_CHAR(ZJLB_ZWM)) AS "ZJLB_ZWM"  FROM "QLRGL_INFO"  WHERE (( "QLRLX" = :QLRLX0 ) AND ( "XID" = :XID1 ))         
源信息：IIRS.Services.BDC.BdcPrintServices+<>c__DisplayClass6_0.<GetPersonList>b__0         
行　号：140         
-----------------------------------------------------------
时　间：2022/05/11 09:36:17.800         
级　别：Debug         
模　块：IIRS.Services.BDC.BdcPrintServices         
消　息：SELECT  "GROUP_NAME" AS "GROUP_NAME" , COUNT("GROUP_NAME") AS "COUNT"  FROM "PUB_ATT_FILE"  WHERE ( "XID" = :XID0 )GROUP BY "GROUP_NAME"          
源信息：IIRS.Services.BDC.BdcPrintServices+<>c__DisplayClass6_0.<GetPersonList>b__0         
行　号：140         
-----------------------------------------------------------
时　间：2022/05/11 09:36:25.295         
级　别：Debug         
模　块：IIRS.Services.BDC.BdcPrintServices         
消　息：SELECT  WM_CONCAT(DISTINCT TO_CHAR(QLRMC)) AS "QLRMC" , WM_CONCAT(DISTINCT TO_CHAR(ZJHM)) AS "ZJHM" , WM_CONCAT(DISTINCT TO_CHAR(ZJLB_ZWM)) AS "ZJLB_ZWM"  FROM "QLRGL_INFO"  WHERE (( "QLRLX" = :QLRLX0 ) AND ( "XID" = :XID1 ))         
源信息：IIRS.Services.BDC.BdcPrintServices+<>c__DisplayClass6_0.<GetPersonList>b__0         
行　号：140         
-----------------------------------------------------------
时　间：2022/05/11 09:36:25.299         
级　别：Debug         
模　块：IIRS.Services.BDC.BdcPrintServices         
消　息：SELECT  WM_CONCAT(DISTINCT TO_CHAR(QLRMC)) AS "QLRMC" , WM_CONCAT(DISTINCT TO_CHAR(ZJHM)) AS "ZJHM" , WM_CONCAT(DISTINCT TO_CHAR(ZJLB_ZWM)) AS "ZJLB_ZWM"  FROM "QLRGL_INFO"  WHERE (( "QLRLX" = :QLRLX0 ) AND ( "XID" = :XID1 ))         
源信息：IIRS.Services.BDC.BdcPrintServices+<>c__DisplayClass6_0.<GetPersonList>b__0         
行　号：140         
-----------------------------------------------------------
时　间：2022/05/11 09:36:25.299         
级　别：Debug         
模　块：IIRS.Services.BDC.BdcPrintServices         
消　息：SELECT  WM_CONCAT(DISTINCT TO_CHAR(QLRMC)) AS "QLRMC" , WM_CONCAT(DISTINCT TO_CHAR(ZJHM)) AS "ZJHM" , WM_CONCAT(DISTINCT TO_CHAR(ZJLB_ZWM)) AS "ZJLB_ZWM"  FROM "QLRGL_INFO"  WHERE (( "QLRLX" = :QLRLX0 ) AND ( "XID" = :XID1 ))         
源信息：IIRS.Services.BDC.BdcPrintServices+<>c__DisplayClass6_0.<GetPersonList>b__0         
行　号：140         
-----------------------------------------------------------
时　间：2022/05/11 09:36:25.299         
级　别：Debug         
模　块：IIRS.Services.BDC.BdcPrintServices         
消　息：SELECT  WM_CONCAT(DISTINCT TO_CHAR(QLRMC)) AS "QLRMC" , WM_CONCAT(DISTINCT TO_CHAR(ZJHM)) AS "ZJHM" , WM_CONCAT(DISTINCT TO_CHAR(ZJLB_ZWM)) AS "ZJLB_ZWM"  FROM "QLRGL_INFO"  WHERE (( "QLRLX" = :QLRLX0 ) AND ( "XID" = :XID1 ))         
源信息：IIRS.Services.BDC.BdcPrintServices+<>c__DisplayClass6_0.<GetPersonList>b__0         
行　号：140         
-----------------------------------------------------------
时　间：2022/05/11 09:36:40.359         
级　别：Debug         
模　块：IIRS.Services.BDC.BdcPrintServices         
消　息：SELECT  WM_CONCAT(DISTINCT TO_CHAR(QLRMC)) AS "QLRMC" , WM_CONCAT(DISTINCT TO_CHAR(ZJHM)) AS "ZJHM" , WM_CONCAT(DISTINCT TO_CHAR(ZJLB_ZWM)) AS "ZJLB_ZWM"  FROM "QLRGL_INFO"  WHERE (( "QLRLX" = :QLRLX0 ) AND ( "XID" = :XID1 ))         
源信息：IIRS.Services.BDC.BdcPrintServices+<>c__DisplayClass6_0.<GetPersonList>b__0         
行　号：140         
-----------------------------------------------------------
时　间：2022/05/11 09:36:40.362         
级　别：Debug         
模　块：IIRS.Services.BDC.BdcPrintServices         
消　息：SELECT  WM_CONCAT(DISTINCT TO_CHAR(QLRMC)) AS "QLRMC" , WM_CONCAT(DISTINCT TO_CHAR(ZJHM)) AS "ZJHM" , WM_CONCAT(DISTINCT TO_CHAR(ZJLB_ZWM)) AS "ZJLB_ZWM"  FROM "QLRGL_INFO"  WHERE (( "QLRLX" = :QLRLX0 ) AND ( "XID" = :XID1 ))         
源信息：IIRS.Services.BDC.BdcPrintServices+<>c__DisplayClass6_0.<GetPersonList>b__0         
行　号：140         
-----------------------------------------------------------
时　间：2022/05/11 09:36:40.362         
级　别：Debug         
模　块：IIRS.Services.BDC.BdcPrintServices         
消　息：SELECT  WM_CONCAT(DISTINCT TO_CHAR(QLRMC)) AS "QLRMC" , WM_CONCAT(DISTINCT TO_CHAR(ZJHM)) AS "ZJHM" , WM_CONCAT(DISTINCT TO_CHAR(ZJLB_ZWM)) AS "ZJLB_ZWM"  FROM "QLRGL_INFO"  WHERE (( "QLRLX" = :QLRLX0 ) AND ( "XID" = :XID1 ))         
源信息：IIRS.Services.BDC.BdcPrintServices+<>c__DisplayClass6_0.<GetPersonList>b__0         
行　号：140         
-----------------------------------------------------------
时　间：2022/05/11 09:36:40.362         
级　别：Debug         
模　块：IIRS.Services.BDC.BdcPrintServices         
消　息：SELECT  WM_CONCAT(DISTINCT TO_CHAR(QLRMC)) AS "QLRMC" , WM_CONCAT(DISTINCT TO_CHAR(ZJHM)) AS "ZJHM" , WM_CONCAT(DISTINCT TO_CHAR(ZJLB_ZWM)) AS "ZJLB_ZWM"  FROM "QLRGL_INFO"  WHERE (( "QLRLX" = :QLRLX0 ) AND ( "XID" = :XID1 ))         
源信息：IIRS.Services.BDC.BdcPrintServices+<>c__DisplayClass6_0.<GetPersonList>b__0         
行　号：140         
-----------------------------------------------------------
时　间：2022/05/11 09:36:40.362         
级　别：Debug         
模　块：IIRS.Services.BDC.BdcPrintServices         
消　息：SELECT  "GROUP_NAME" AS "GROUP_NAME" , COUNT("GROUP_NAME") AS "COUNT"  FROM "PUB_ATT_FILE"  WHERE ( "XID" = :XID0 )GROUP BY "GROUP_NAME"          
源信息：IIRS.Services.BDC.BdcPrintServices+<>c__DisplayClass6_0.<GetPersonList>b__0         
行　号：140         
-----------------------------------------------------------
时　间：2022/05/11 09:36:45.896         
级　别：Debug         
模　块：IIRS.Services.BDC.BdcPrintServices         
消　息：SELECT "DIC_ID","GID","DNAME","IS_USED","DEFINED_CODE","ODR","MARK","REAMRK","ITEMNOTE","FDIC_ID" FROM "SYS_DIC"  WHERE "GID" IN ('1','3','4','5','6','7','8','9')           
源信息：IIRS.Services.BDC.BdcPrintServices+<>c__DisplayClass6_0.<GetPersonList>b__0         
行　号：140         
-----------------------------------------------------------
时　间：2022/05/11 09:36:45.907         
级　别：Debug         
模　块：IIRS.Services.BDC.BdcPrintServices         
消　息：SELECT  "FSLBH" AS "SLBH" , "XGZLX" AS "XGZLX" , "ZSLBH" AS "NEWSLBH"  FROM "XGDJGL_INFO"  WHERE ( "XID" = :XID0 )         
源信息：IIRS.Services.BDC.BdcPrintServices+<>c__DisplayClass6_0.<GetPersonList>b__0         
行　号：140         
-----------------------------------------------------------
时　间：2022/05/11 09:40:03.205         
级　别：Debug         
模　块：IIRS.Services.BDC.BdcPrintServices         
消　息：SELECT "DIC_ID","GID","DNAME","IS_USED","DEFINED_CODE","ODR","MARK","REAMRK","ITEMNOTE","FDIC_ID" FROM "SYS_DIC"  WHERE (( "GID" = :GID0 ) AND ( "IS_USED" = :IS_USED1 ))         
源信息：IIRS.Services.BDC.BdcPrintServices+<>c__DisplayClass6_0.<GetPersonList>b__0         
行　号：140         
-----------------------------------------------------------
时　间：2022/05/11 09:40:03.312         
级　别：Debug         
模　块：IIRS.Services.BDC.BdcPrintServices         
消　息：SELECT "PK","BUS_PK","USER_ID","USER_NAME","SAVEDATAJSON","CDATE","REMARKS1","REMARKS2","REMARKS3","REMARKS4","REMARKS5","IS_STOP" FROM "SYS_DATA_RECORDER"  WHERE ( "BUS_PK" = :BUS_PK0 )         
源信息：IIRS.Services.BDC.BdcPrintServices+<>c__DisplayClass6_0.<GetPersonList>b__0         
行　号：140         
-----------------------------------------------------------
时　间：2022/05/11 09:40:19.359         
级　别：Debug         
模　块：IIRS.Services.BDC.BankQueryServices         
消　息：SELECT "GROUP_ID","GNAME" FROM "IFLOW_ACTION_GROUP"  WHERE "GROUP_ID" IN ('21','22','23','24')           
源信息：IIRS.Services.BDC.BankQueryServices.<GetActionGroupList>b__3_0         
行　号：36         
-----------------------------------------------------------
时　间：2022/05/11 09:40:19.375         
级　别：Debug         
模　块：IIRS.Services.BDC.BdcPrintServices         
消　息：SELECT "DIC_ID","GID","DNAME","IS_USED","DEFINED_CODE","ODR","MARK","REAMRK","ITEMNOTE","FDIC_ID" FROM "SYS_DIC"  WHERE ( "GID" = :GID0 )         
源信息：IIRS.Services.BDC.BdcPrintServices+<>c__DisplayClass6_0.<GetPersonList>b__0         
行　号：140         
-----------------------------------------------------------
时　间：2022/05/11 09:40:19.398         
级　别：Debug         
模　块：IIRS.Services.BDC.BankQueryServices         
消　息： SELECT COUNT(1) FROM (SELECT  "B"."YWSLBH" AS "SLBH" , "B"."XID" AS "XID" , WM_CONCAT(DISTINCT TO_CHAR(C.QLRMC)) AS "QLRMC" , "D"."GNAME" AS "LCZL" , "A"."STATUS" AS "STATUSID" , "E"."FLOW_NAME" AS "STATUS" , "A"."AUTHORIZATIONDATE" AS "DATETIME" , "B"."NEXT_XID" AS "NEXT_XID" , "B"."IS_ACTION_OK" AS "IS_ACTION_OK" , "E"."VUE_URL" AS "VUE_URL" , "E"."VUE_NAME" AS "VUE_NAME"  FROM "BANKAUTHORIZE" A  ,"REGISTRATION_INFO"  B ,"QLRGL_INFO"  C ,"IFLOW_ACTION_GROUP"  D ,"IFLOW_ACTION"  E  WHERE (((( "A"."BID" = "B"."AUZ_ID" ) AND ( "B"."XID" = "C"."XID" )) AND ( "E"."GROUP_ID" = "D"."GROUP_ID" )) AND ( "A"."STATUS" = "E"."FLOW_ID" ))  AND ((( "B"."USER_ID" = :USER_ID0 ) AND ( "B"."NEXT_XID" IS NULL )) AND ( "B"."IS_ACTION_OK" = :IS_ACTION_OK2 ))GROUP BY "B"."YWSLBH","B"."XID","D"."GNAME","A"."STATUS","E"."FLOW_NAME","A"."AUTHORIZATIONDATE","B"."NEXT_XID","B"."IS_ACTION_OK","E"."VUE_URL","E"."VUE_NAME" ) CountTable          
源信息：IIRS.Services.BDC.BankQueryServices+<>c__DisplayClass4_0.<GetAgencyTaskList>b__0         
行　号：64         
-----------------------------------------------------------
时　间：2022/05/11 09:40:19.416         
级　别：Debug         
模　块：IIRS.Services.BDC.BankQueryServices         
消　息：SELECT * FROM (SELECT  "B"."YWSLBH" AS "SLBH" , "B"."XID" AS "XID" , WM_CONCAT(DISTINCT TO_CHAR(C.QLRMC)) AS "QLRMC" , "D"."GNAME" AS "LCZL" , "A"."STATUS" AS "STATUSID" , "E"."FLOW_NAME" AS "STATUS" , "A"."AUTHORIZATIONDATE" AS "DATETIME" , "B"."NEXT_XID" AS "NEXT_XID" , "B"."IS_ACTION_OK" AS "IS_ACTION_OK" , "E"."VUE_URL" AS "VUE_URL" , "E"."VUE_NAME" AS "VUE_NAME" ,ROW_NUMBER() OVER(ORDER BY "A"."AUTHORIZATIONDATE" DESC) AS RowIndex  FROM "BANKAUTHORIZE" A  ,"REGISTRATION_INFO"  B ,"QLRGL_INFO"  C ,"IFLOW_ACTION_GROUP"  D ,"IFLOW_ACTION"  E  WHERE (((( "A"."BID" = "B"."AUZ_ID" ) AND ( "B"."XID" = "C"."XID" )) AND ( "E"."GROUP_ID" = "D"."GROUP_ID" )) AND ( "A"."STATUS" = "E"."FLOW_ID" ))  AND ((( "B"."USER_ID" = :USER_ID0 ) AND ( "B"."NEXT_XID" IS NULL )) AND ( "B"."IS_ACTION_OK" = :IS_ACTION_OK2 ))GROUP BY "B"."YWSLBH","B"."XID","D"."GNAME","A"."STATUS","E"."FLOW_NAME","A"."AUTHORIZATIONDATE","B"."NEXT_XID","B"."IS_ACTION_OK","E"."VUE_URL","E"."VUE_NAME" ) T WHERE RowIndex BETWEEN 1 AND 10         
源信息：IIRS.Services.BDC.BankQueryServices+<>c__DisplayClass4_0.<GetAgencyTaskList>b__0         
行　号：64         
-----------------------------------------------------------
时　间：2022/05/11 09:40:43.770         
级　别：Debug         
模　块：IIRS.Services.BDC.BankQueryServices         
消　息： SELECT COUNT(1) FROM (SELECT  "B"."YWSLBH" AS "SLBH" , "B"."XID" AS "XID" , WM_CONCAT(DISTINCT TO_CHAR(C.QLRMC)) AS "QLRMC" , "D"."GNAME" AS "LCZL" , "A"."STATUS" AS "STATUSID" , "E"."FLOW_NAME" AS "STATUS" , "A"."AUTHORIZATIONDATE" AS "DATETIME" , "B"."NEXT_XID" AS "NEXT_XID" , "B"."IS_ACTION_OK" AS "IS_ACTION_OK" , "E"."VUE_URL" AS "VUE_URL" , "E"."VUE_NAME" AS "VUE_NAME"  FROM "BANKAUTHORIZE" A  ,"REGISTRATION_INFO"  B ,"QLRGL_INFO"  C ,"IFLOW_ACTION_GROUP"  D ,"IFLOW_ACTION"  E  WHERE (((( "A"."BID" = "B"."AUZ_ID" ) AND ( "B"."XID" = "C"."XID" )) AND ( "E"."GROUP_ID" = "D"."GROUP_ID" )) AND ( "A"."STATUS" = "E"."FLOW_ID" ))  AND  ("B"."YWSLBH" like '%'||:MethodConst0||'%')   AND ((( "B"."USER_ID" = :USER_ID1 ) AND ( "B"."NEXT_XID" IS NULL )) AND ( "B"."IS_ACTION_OK" = :IS_ACTION_OK3 ))GROUP BY "B"."YWSLBH","B"."XID","D"."GNAME","A"."STATUS","E"."FLOW_NAME","A"."AUTHORIZATIONDATE","B"."NEXT_XID","B"."IS_ACTION_OK","E"."VUE_URL","E"."VUE_NAME" ) CountTable          
源信息：IIRS.Services.BDC.BankQueryServices+<>c__DisplayClass4_0.<GetAgencyTaskList>b__0         
行　号：64         
-----------------------------------------------------------
时　间：2022/05/11 09:40:43.784         
级　别：Debug         
模　块：IIRS.Services.BDC.BankQueryServices         
消　息：SELECT * FROM (SELECT  "B"."YWSLBH" AS "SLBH" , "B"."XID" AS "XID" , WM_CONCAT(DISTINCT TO_CHAR(C.QLRMC)) AS "QLRMC" , "D"."GNAME" AS "LCZL" , "A"."STATUS" AS "STATUSID" , "E"."FLOW_NAME" AS "STATUS" , "A"."AUTHORIZATIONDATE" AS "DATETIME" , "B"."NEXT_XID" AS "NEXT_XID" , "B"."IS_ACTION_OK" AS "IS_ACTION_OK" , "E"."VUE_URL" AS "VUE_URL" , "E"."VUE_NAME" AS "VUE_NAME" ,ROW_NUMBER() OVER(ORDER BY "A"."AUTHORIZATIONDATE" DESC) AS RowIndex  FROM "BANKAUTHORIZE" A  ,"REGISTRATION_INFO"  B ,"QLRGL_INFO"  C ,"IFLOW_ACTION_GROUP"  D ,"IFLOW_ACTION"  E  WHERE (((( "A"."BID" = "B"."AUZ_ID" ) AND ( "B"."XID" = "C"."XID" )) AND ( "E"."GROUP_ID" = "D"."GROUP_ID" )) AND ( "A"."STATUS" = "E"."FLOW_ID" ))  AND  ("B"."YWSLBH" like '%'||:MethodConst0||'%')   AND ((( "B"."USER_ID" = :USER_ID1 ) AND ( "B"."NEXT_XID" IS NULL )) AND ( "B"."IS_ACTION_OK" = :IS_ACTION_OK3 ))GROUP BY "B"."YWSLBH","B"."XID","D"."GNAME","A"."STATUS","E"."FLOW_NAME","A"."AUTHORIZATIONDATE","B"."NEXT_XID","B"."IS_ACTION_OK","E"."VUE_URL","E"."VUE_NAME" ) T WHERE RowIndex BETWEEN 1 AND 10         
源信息：IIRS.Services.BDC.BankQueryServices+<>c__DisplayClass4_0.<GetAgencyTaskList>b__0         
行　号：64         
-----------------------------------------------------------
时　间：2022/05/11 09:40:46.180         
级　别：Debug         
模　块：IIRS.Services.BDC.BankQueryServices         
消　息： SELECT COUNT(1) FROM (SELECT  "B"."YWSLBH" AS "SLBH" , "B"."XID" AS "XID" , WM_CONCAT(DISTINCT TO_CHAR(C.QLRMC)) AS "QLRMC" , "D"."GNAME" AS "LCZL" , "A"."STATUS" AS "STATUSID" , "E"."FLOW_NAME" AS "STATUS" , "A"."AUTHORIZATIONDATE" AS "DATETIME" , "B"."NEXT_XID" AS "NEXT_XID" , "B"."IS_ACTION_OK" AS "IS_ACTION_OK" , "E"."VUE_URL" AS "VUE_URL" , "E"."VUE_NAME" AS "VUE_NAME"  FROM "BANKAUTHORIZE" A  ,"REGISTRATION_INFO"  B ,"QLRGL_INFO"  C ,"IFLOW_ACTION_GROUP"  D ,"IFLOW_ACTION"  E  WHERE (((( "A"."BID" = "B"."AUZ_ID" ) AND ( "B"."XID" = "C"."XID" )) AND ( "E"."GROUP_ID" = "D"."GROUP_ID" )) AND ( "A"."STATUS" = "E"."FLOW_ID" ))  AND ((( "B"."USER_ID" = :USER_ID0 ) AND ( "B"."NEXT_XID" IS NULL )) AND ( "B"."IS_ACTION_OK" = :IS_ACTION_OK2 ))GROUP BY "B"."YWSLBH","B"."XID","D"."GNAME","A"."STATUS","E"."FLOW_NAME","A"."AUTHORIZATIONDATE","B"."NEXT_XID","B"."IS_ACTION_OK","E"."VUE_URL","E"."VUE_NAME" ) CountTable          
源信息：IIRS.Services.BDC.BankQueryServices+<>c__DisplayClass4_0.<GetAgencyTaskList>b__0         
行　号：64         
-----------------------------------------------------------
时　间：2022/05/11 09:40:46.188         
级　别：Debug         
模　块：IIRS.Services.BDC.BankQueryServices         
消　息：SELECT * FROM (SELECT  "B"."YWSLBH" AS "SLBH" , "B"."XID" AS "XID" , WM_CONCAT(DISTINCT TO_CHAR(C.QLRMC)) AS "QLRMC" , "D"."GNAME" AS "LCZL" , "A"."STATUS" AS "STATUSID" , "E"."FLOW_NAME" AS "STATUS" , "A"."AUTHORIZATIONDATE" AS "DATETIME" , "B"."NEXT_XID" AS "NEXT_XID" , "B"."IS_ACTION_OK" AS "IS_ACTION_OK" , "E"."VUE_URL" AS "VUE_URL" , "E"."VUE_NAME" AS "VUE_NAME" ,ROW_NUMBER() OVER(ORDER BY "A"."AUTHORIZATIONDATE" DESC) AS RowIndex  FROM "BANKAUTHORIZE" A  ,"REGISTRATION_INFO"  B ,"QLRGL_INFO"  C ,"IFLOW_ACTION_GROUP"  D ,"IFLOW_ACTION"  E  WHERE (((( "A"."BID" = "B"."AUZ_ID" ) AND ( "B"."XID" = "C"."XID" )) AND ( "E"."GROUP_ID" = "D"."GROUP_ID" )) AND ( "A"."STATUS" = "E"."FLOW_ID" ))  AND ((( "B"."USER_ID" = :USER_ID0 ) AND ( "B"."NEXT_XID" IS NULL )) AND ( "B"."IS_ACTION_OK" = :IS_ACTION_OK2 ))GROUP BY "B"."YWSLBH","B"."XID","D"."GNAME","A"."STATUS","E"."FLOW_NAME","A"."AUTHORIZATIONDATE","B"."NEXT_XID","B"."IS_ACTION_OK","E"."VUE_URL","E"."VUE_NAME" ) T WHERE RowIndex BETWEEN 1 AND 10         
源信息：IIRS.Services.BDC.BankQueryServices+<>c__DisplayClass4_0.<GetAgencyTaskList>b__0         
行　号：64         
-----------------------------------------------------------
时　间：2022/05/11 09:40:50.164         
级　别：Debug         
模　块：IIRS.Services.BDC.BankQueryServices         
消　息： SELECT COUNT(1) FROM (SELECT  "B"."YWSLBH" AS "SLBH" , "B"."XID" AS "XID" , WM_CONCAT(DISTINCT TO_CHAR(C.QLRMC)) AS "QLRMC" , "D"."GNAME" AS "LCZL" , "A"."STATUS" AS "STATUSID" , "E"."FLOW_NAME" AS "STATUS" , "A"."AUTHORIZATIONDATE" AS "DATETIME" , "B"."NEXT_XID" AS "NEXT_XID" , "B"."IS_ACTION_OK" AS "IS_ACTION_OK" , "E"."VUE_URL" AS "VUE_URL" , "E"."VUE_NAME" AS "VUE_NAME"  FROM "BANKAUTHORIZE" A  ,"REGISTRATION_INFO"  B ,"QLRGL_INFO"  C ,"IFLOW_ACTION_GROUP"  D ,"IFLOW_ACTION"  E  WHERE (((( "A"."BID" = "B"."AUZ_ID" ) AND ( "B"."XID" = "C"."XID" )) AND ( "E"."GROUP_ID" = "D"."GROUP_ID" )) AND ( "A"."STATUS" = "E"."FLOW_ID" ))  AND ((( "B"."USER_ID" = :USER_ID0 ) AND ( "B"."NEXT_XID" IS NULL )) AND ( "B"."IS_ACTION_OK" = :IS_ACTION_OK2 ))GROUP BY "B"."YWSLBH","B"."XID","D"."GNAME","A"."STATUS","E"."FLOW_NAME","A"."AUTHORIZATIONDATE","B"."NEXT_XID","B"."IS_ACTION_OK","E"."VUE_URL","E"."VUE_NAME" ) CountTable          
源信息：IIRS.Services.BDC.BankQueryServices+<>c__DisplayClass4_0.<GetAgencyTaskList>b__0         
行　号：64         
-----------------------------------------------------------
时　间：2022/05/11 09:40:50.173         
级　别：Debug         
模　块：IIRS.Services.BDC.BankQueryServices         
消　息：SELECT * FROM (SELECT  "B"."YWSLBH" AS "SLBH" , "B"."XID" AS "XID" , WM_CONCAT(DISTINCT TO_CHAR(C.QLRMC)) AS "QLRMC" , "D"."GNAME" AS "LCZL" , "A"."STATUS" AS "STATUSID" , "E"."FLOW_NAME" AS "STATUS" , "A"."AUTHORIZATIONDATE" AS "DATETIME" , "B"."NEXT_XID" AS "NEXT_XID" , "B"."IS_ACTION_OK" AS "IS_ACTION_OK" , "E"."VUE_URL" AS "VUE_URL" , "E"."VUE_NAME" AS "VUE_NAME" ,ROW_NUMBER() OVER(ORDER BY "A"."AUTHORIZATIONDATE" DESC) AS RowIndex  FROM "BANKAUTHORIZE" A  ,"REGISTRATION_INFO"  B ,"QLRGL_INFO"  C ,"IFLOW_ACTION_GROUP"  D ,"IFLOW_ACTION"  E  WHERE (((( "A"."BID" = "B"."AUZ_ID" ) AND ( "B"."XID" = "C"."XID" )) AND ( "E"."GROUP_ID" = "D"."GROUP_ID" )) AND ( "A"."STATUS" = "E"."FLOW_ID" ))  AND ((( "B"."USER_ID" = :USER_ID0 ) AND ( "B"."NEXT_XID" IS NULL )) AND ( "B"."IS_ACTION_OK" = :IS_ACTION_OK2 ))GROUP BY "B"."YWSLBH","B"."XID","D"."GNAME","A"."STATUS","E"."FLOW_NAME","A"."AUTHORIZATIONDATE","B"."NEXT_XID","B"."IS_ACTION_OK","E"."VUE_URL","E"."VUE_NAME" ) T WHERE RowIndex BETWEEN 1 AND 10         
源信息：IIRS.Services.BDC.BankQueryServices+<>c__DisplayClass4_0.<GetAgencyTaskList>b__0         
行　号：64         
-----------------------------------------------------------
时　间：2022/05/11 09:40:52.552         
级　别：Debug         
模　块：IIRS.Services.BDC.BankQueryServices         
消　息： SELECT COUNT(1) FROM (SELECT  "B"."YWSLBH" AS "SLBH" , "B"."XID" AS "XID" , WM_CONCAT(DISTINCT TO_CHAR(C.QLRMC)) AS "QLRMC" , "D"."GNAME" AS "LCZL" , "A"."STATUS" AS "STATUSID" , "E"."FLOW_NAME" AS "STATUS" , "A"."AUTHORIZATIONDATE" AS "DATETIME" , "B"."NEXT_XID" AS "NEXT_XID" , "B"."IS_ACTION_OK" AS "IS_ACTION_OK" , "E"."VUE_URL" AS "VUE_URL" , "E"."VUE_NAME" AS "VUE_NAME"  FROM "BANKAUTHORIZE" A  ,"REGISTRATION_INFO"  B ,"QLRGL_INFO"  C ,"IFLOW_ACTION_GROUP"  D ,"IFLOW_ACTION"  E  WHERE (((( "A"."BID" = "B"."AUZ_ID" ) AND ( "B"."XID" = "C"."XID" )) AND ( "E"."GROUP_ID" = "D"."GROUP_ID" )) AND ( "A"."STATUS" = "E"."FLOW_ID" ))  AND ( "D"."GROUP_ID" = :GROUP_ID0 )  AND ((( "B"."USER_ID" = :USER_ID1 ) AND ( "B"."NEXT_XID" IS NULL )) AND ( "B"."IS_ACTION_OK" = :IS_ACTION_OK3 ))GROUP BY "B"."YWSLBH","B"."XID","D"."GNAME","A"."STATUS","E"."FLOW_NAME","A"."AUTHORIZATIONDATE","B"."NEXT_XID","B"."IS_ACTION_OK","E"."VUE_URL","E"."VUE_NAME" ) CountTable          
源信息：IIRS.Services.BDC.BankQueryServices+<>c__DisplayClass4_0.<GetAgencyTaskList>b__0         
行　号：64         
-----------------------------------------------------------
时　间：2022/05/11 09:40:52.565         
级　别：Debug         
模　块：IIRS.Services.BDC.BankQueryServices         
消　息：SELECT * FROM (SELECT  "B"."YWSLBH" AS "SLBH" , "B"."XID" AS "XID" , WM_CONCAT(DISTINCT TO_CHAR(C.QLRMC)) AS "QLRMC" , "D"."GNAME" AS "LCZL" , "A"."STATUS" AS "STATUSID" , "E"."FLOW_NAME" AS "STATUS" , "A"."AUTHORIZATIONDATE" AS "DATETIME" , "B"."NEXT_XID" AS "NEXT_XID" , "B"."IS_ACTION_OK" AS "IS_ACTION_OK" , "E"."VUE_URL" AS "VUE_URL" , "E"."VUE_NAME" AS "VUE_NAME" ,ROW_NUMBER() OVER(ORDER BY "A"."AUTHORIZATIONDATE" DESC) AS RowIndex  FROM "BANKAUTHORIZE" A  ,"REGISTRATION_INFO"  B ,"QLRGL_INFO"  C ,"IFLOW_ACTION_GROUP"  D ,"IFLOW_ACTION"  E  WHERE (((( "A"."BID" = "B"."AUZ_ID" ) AND ( "B"."XID" = "C"."XID" )) AND ( "E"."GROUP_ID" = "D"."GROUP_ID" )) AND ( "A"."STATUS" = "E"."FLOW_ID" ))  AND ( "D"."GROUP_ID" = :GROUP_ID0 )  AND ((( "B"."USER_ID" = :USER_ID1 ) AND ( "B"."NEXT_XID" IS NULL )) AND ( "B"."IS_ACTION_OK" = :IS_ACTION_OK3 ))GROUP BY "B"."YWSLBH","B"."XID","D"."GNAME","A"."STATUS","E"."FLOW_NAME","A"."AUTHORIZATIONDATE","B"."NEXT_XID","B"."IS_ACTION_OK","E"."VUE_URL","E"."VUE_NAME" ) T WHERE RowIndex BETWEEN 1 AND 10         
源信息：IIRS.Services.BDC.BankQueryServices+<>c__DisplayClass4_0.<GetAgencyTaskList>b__0         
行　号：64         
-----------------------------------------------------------
时　间：2022/05/11 09:40:56.537         
级　别：Debug         
模　块：IIRS.Services.BDC.BankQueryServices         
消　息： SELECT COUNT(1) FROM (SELECT  "B"."YWSLBH" AS "SLBH" , "B"."XID" AS "XID" , WM_CONCAT(DISTINCT TO_CHAR(C.QLRMC)) AS "QLRMC" , "D"."GNAME" AS "LCZL" , "A"."STATUS" AS "STATUSID" , "E"."FLOW_NAME" AS "STATUS" , "A"."AUTHORIZATIONDATE" AS "DATETIME" , "B"."NEXT_XID" AS "NEXT_XID" , "B"."IS_ACTION_OK" AS "IS_ACTION_OK" , "E"."VUE_URL" AS "VUE_URL" , "E"."VUE_NAME" AS "VUE_NAME"  FROM "BANKAUTHORIZE" A  ,"REGISTRATION_INFO"  B ,"QLRGL_INFO"  C ,"IFLOW_ACTION_GROUP"  D ,"IFLOW_ACTION"  E  WHERE (((( "A"."BID" = "B"."AUZ_ID" ) AND ( "B"."XID" = "C"."XID" )) AND ( "E"."GROUP_ID" = "D"."GROUP_ID" )) AND ( "A"."STATUS" = "E"."FLOW_ID" ))  AND ( "D"."GROUP_ID" = :GROUP_ID0 )  AND ((( "B"."USER_ID" = :USER_ID1 ) AND ( "B"."NEXT_XID" IS NULL )) AND ( "B"."IS_ACTION_OK" = :IS_ACTION_OK3 ))GROUP BY "B"."YWSLBH","B"."XID","D"."GNAME","A"."STATUS","E"."FLOW_NAME","A"."AUTHORIZATIONDATE","B"."NEXT_XID","B"."IS_ACTION_OK","E"."VUE_URL","E"."VUE_NAME" ) CountTable          
源信息：IIRS.Services.BDC.BankQueryServices+<>c__DisplayClass4_0.<GetAgencyTaskList>b__0         
行　号：64         
-----------------------------------------------------------
时　间：2022/05/11 09:40:56.537         
级　别：Debug         
模　块：IIRS.Services.BDC.BankQueryServices         
消　息：SELECT * FROM (SELECT  "B"."YWSLBH" AS "SLBH" , "B"."XID" AS "XID" , WM_CONCAT(DISTINCT TO_CHAR(C.QLRMC)) AS "QLRMC" , "D"."GNAME" AS "LCZL" , "A"."STATUS" AS "STATUSID" , "E"."FLOW_NAME" AS "STATUS" , "A"."AUTHORIZATIONDATE" AS "DATETIME" , "B"."NEXT_XID" AS "NEXT_XID" , "B"."IS_ACTION_OK" AS "IS_ACTION_OK" , "E"."VUE_URL" AS "VUE_URL" , "E"."VUE_NAME" AS "VUE_NAME" ,ROW_NUMBER() OVER(ORDER BY "A"."AUTHORIZATIONDATE" DESC) AS RowIndex  FROM "BANKAUTHORIZE" A  ,"REGISTRATION_INFO"  B ,"QLRGL_INFO"  C ,"IFLOW_ACTION_GROUP"  D ,"IFLOW_ACTION"  E  WHERE (((( "A"."BID" = "B"."AUZ_ID" ) AND ( "B"."XID" = "C"."XID" )) AND ( "E"."GROUP_ID" = "D"."GROUP_ID" )) AND ( "A"."STATUS" = "E"."FLOW_ID" ))  AND ( "D"."GROUP_ID" = :GROUP_ID0 )  AND ((( "B"."USER_ID" = :USER_ID1 ) AND ( "B"."NEXT_XID" IS NULL )) AND ( "B"."IS_ACTION_OK" = :IS_ACTION_OK3 ))GROUP BY "B"."YWSLBH","B"."XID","D"."GNAME","A"."STATUS","E"."FLOW_NAME","A"."AUTHORIZATIONDATE","B"."NEXT_XID","B"."IS_ACTION_OK","E"."VUE_URL","E"."VUE_NAME" ) T WHERE RowIndex BETWEEN 1 AND 10         
源信息：IIRS.Services.BDC.BankQueryServices+<>c__DisplayClass4_0.<GetAgencyTaskList>b__0         
行　号：64         
-----------------------------------------------------------
时　间：2022/05/11 09:41:08.504         
级　别：Debug         
模　块：IIRS.Services.BDC.BankQueryServices         
消　息：SELECT "GROUP_ID","GNAME" FROM "IFLOW_ACTION_GROUP"  WHERE "GROUP_ID" IN ('21','22','23','24')           
源信息：IIRS.Services.BDC.BankQueryServices.<GetActionGroupList>b__3_0         
行　号：36         
-----------------------------------------------------------
时　间：2022/05/11 09:41:08.504         
级　别：Debug         
模　块：IIRS.Services.BDC.BankQueryServices         
消　息：SELECT "ID","ISDELETED","LOGINNAME","LOGINPWD","REALNAME","STATUS","REMARK","TEL","LASTLOGINTIME","ERRORCOUNT" FROM "SYS_USERINFO"  WHERE "ID" IN (:InPara0)           
源信息：IIRS.Services.BDC.BankQueryServices+<>c__DisplayClass4_0.<GetAgencyTaskList>b__0         
行　号：64         
-----------------------------------------------------------
时　间：2022/05/11 09:41:08.504         
级　别：Debug         
模　块：IIRS.Services.BDC.BankQueryServices         
消　息：SELECT "ID","ISDELETED","USERID","ORGID" FROM "SYS_USERORGANIZATION"  WHERE ( "USERID" = :UserId0 )         
源信息：IIRS.Services.BDC.BankQueryServices+<>c__DisplayClass4_0.<GetAgencyTaskList>b__0         
行　号：64         
-----------------------------------------------------------
时　间：2022/05/11 09:41:08.504         
级　别：Debug         
模　块：IIRS.Services.BDC.BankQueryServices         
消　息：SELECT "ID","ISDELETED","PID","NAME","DESCRIPTION","CUSTOMCODE","CUSTOMCODE2","NAME_ABB" FROM "SYS_ORGANIZATION"  WHERE "ID" IN (:InPara0)           
源信息：IIRS.Services.BDC.BankQueryServices+<>c__DisplayClass4_0.<GetAgencyTaskList>b__0         
行　号：64         
-----------------------------------------------------------
时　间：2022/05/11 09:41:08.532         
级　别：Debug         
模　块：IIRS.Services.BDC.BankQueryServices         
消　息：SELECT "DIC_ID","GID","DNAME","IS_USED","DEFINED_CODE","ODR","MARK","REAMRK","ITEMNOTE","FDIC_ID" FROM "SYS_DIC"  WHERE ( "GID" = :GID0 )         
源信息：IIRS.Services.BDC.BankQueryServices+<>c__DisplayClass4_0.<GetAgencyTaskList>b__0         
行　号：64         
-----------------------------------------------------------
时　间：2022/05/11 09:41:08.532         
级　别：Debug         
模　块：IIRS.Services.BDC.BankQueryServices         
消　息： SELECT COUNT(1) FROM (SELECT  "B"."YWSLBH" AS "SLBH" , "B"."XID" AS "XID" , WM_CONCAT(DISTINCT TO_CHAR(C.QLRMC)) AS "QLRMC" , "D"."GNAME" AS "LCZL" , "A"."STATUS" AS "STATUSID" , "E"."FLOW_NAME" AS "STATUS" , "A"."AUTHORIZATIONDATE" AS "DATETIME" , "B"."NEXT_XID" AS "NEXT_XID" , "B"."IS_ACTION_OK" AS "IS_ACTION_OK" , "E"."VUE_URL" AS "VUE_URL" , "E"."VUE_NAME" AS "VUE_NAME"  FROM "BANKAUTHORIZE" A  ,"REGISTRATION_INFO"  B ,"QLRGL_INFO"  C ,"IFLOW_ACTION_GROUP"  D ,"IFLOW_ACTION"  E  WHERE (((( "A"."BID" = "B"."AUZ_ID" ) AND ( "B"."XID" = "C"."XID" )) AND ( "E"."GROUP_ID" = "D"."GROUP_ID" )) AND ( "A"."STATUS" = "E"."FLOW_ID" ))  AND ((( "B"."USER_ID" = :USER_ID0 ) AND ( "B"."NEXT_XID" IS NULL )) AND ( "B"."IS_ACTION_OK" = :IS_ACTION_OK2 ))GROUP BY "B"."YWSLBH","B"."XID","D"."GNAME","A"."STATUS","E"."FLOW_NAME","A"."AUTHORIZATIONDATE","B"."NEXT_XID","B"."IS_ACTION_OK","E"."VUE_URL","E"."VUE_NAME" ) CountTable          
源信息：IIRS.Services.BDC.BankQueryServices+<>c__DisplayClass4_0.<GetAgencyTaskList>b__0         
行　号：64         
-----------------------------------------------------------
时　间：2022/05/11 09:41:08.532         
级　别：Debug         
模　块：IIRS.Services.BDC.BankQueryServices         
消　息：SELECT * FROM (SELECT  "B"."YWSLBH" AS "SLBH" , "B"."XID" AS "XID" , WM_CONCAT(DISTINCT TO_CHAR(C.QLRMC)) AS "QLRMC" , "D"."GNAME" AS "LCZL" , "A"."STATUS" AS "STATUSID" , "E"."FLOW_NAME" AS "STATUS" , "A"."AUTHORIZATIONDATE" AS "DATETIME" , "B"."NEXT_XID" AS "NEXT_XID" , "B"."IS_ACTION_OK" AS "IS_ACTION_OK" , "E"."VUE_URL" AS "VUE_URL" , "E"."VUE_NAME" AS "VUE_NAME" ,ROW_NUMBER() OVER(ORDER BY "A"."AUTHORIZATIONDATE" DESC) AS RowIndex  FROM "BANKAUTHORIZE" A  ,"REGISTRATION_INFO"  B ,"QLRGL_INFO"  C ,"IFLOW_ACTION_GROUP"  D ,"IFLOW_ACTION"  E  WHERE (((( "A"."BID" = "B"."AUZ_ID" ) AND ( "B"."XID" = "C"."XID" )) AND ( "E"."GROUP_ID" = "D"."GROUP_ID" )) AND ( "A"."STATUS" = "E"."FLOW_ID" ))  AND ((( "B"."USER_ID" = :USER_ID0 ) AND ( "B"."NEXT_XID" IS NULL )) AND ( "B"."IS_ACTION_OK" = :IS_ACTION_OK2 ))GROUP BY "B"."YWSLBH","B"."XID","D"."GNAME","A"."STATUS","E"."FLOW_NAME","A"."AUTHORIZATIONDATE","B"."NEXT_XID","B"."IS_ACTION_OK","E"."VUE_URL","E"."VUE_NAME" ) T WHERE RowIndex BETWEEN 1 AND 10         
源信息：IIRS.Services.BDC.BankQueryServices+<>c__DisplayClass4_0.<GetAgencyTaskList>b__0         
行　号：64         
-----------------------------------------------------------
时　间：2022/05/11 09:41:09.888         
级　别：Debug         
模　块：IIRS.Services.BDC.BankQueryServices         
消　息：SELECT SLBH_SEQNUM() FROM DUAL         
源信息：IIRS.Services.BDC.BankQueryServices+<>c__DisplayClass4_0.<GetAgencyTaskList>b__0         
行　号：64         
-----------------------------------------------------------
时　间：2022/05/11 09:41:09.888         
级　别：Debug         
模　块：IIRS.Services.BDC.BankQueryServices         
消　息：SELECT "ID","ISDELETED","LOGINNAME","LOGINPWD","REALNAME","STATUS","REMARK","TEL","LASTLOGINTIME","ERRORCOUNT" FROM "SYS_USERINFO"  WHERE "ID" IN (:InPara0)           
源信息：IIRS.Services.BDC.BankQueryServices.<GetActionGroupList>b__3_0         
行　号：36         
-----------------------------------------------------------
时　间：2022/05/11 09:41:09.938         
级　别：Debug         
模　块：IIRS.Services.BDC.BankQueryServices         
消　息：SELECT "ID","ISDELETED","USERID","ORGID" FROM "SYS_USERORGANIZATION"  WHERE ( "USERID" = :UserId0 )         
源信息：IIRS.Services.BDC.BankQueryServices.<GetActionGroupList>b__3_0         
行　号：36         
-----------------------------------------------------------
时　间：2022/05/11 09:41:09.984         
级　别：Debug         
模　块：IIRS.Services.BDC.BankQueryServices         
消　息：SELECT "ID","ISDELETED","PID","NAME","DESCRIPTION","CUSTOMCODE","CUSTOMCODE2","NAME_ABB" FROM "SYS_ORGANIZATION"  WHERE "ID" IN (:InPara0)           
源信息：IIRS.Services.BDC.BankQueryServices.<GetActionGroupList>b__3_0         
行　号：36         
-----------------------------------------------------------
时　间：2022/05/11 09:41:10.047         
级　别：Debug         
模　块：IIRS.Services.BDC.BankQueryServices         
消　息：SELECT  "R"."AUZ_ID" AS "AUZ_ID" , "R"."NEXT_XID" AS "NEXT_XID" , "R"."SLBH" AS "SLBH" , "B"."STATUS" AS "CURRENT_STATUS" , "B"."PRE_STATUS" AS "PRE_STATUS" , "R"."IS_ACTION_OK" AS "IS_ACTION_OK"  FROM "REGISTRATION_INFO" R  ,"BANKAUTHORIZE"  B  WHERE (( "R"."XID" = :XID0 ) AND ( "R"."AUZ_ID" = "B"."BID" ))         
源信息：IIRS.Services.BDC.BankQueryServices+<>c__DisplayClass4_0.<GetAgencyTaskList>b__0         
行　号：64         
-----------------------------------------------------------
时　间：2022/05/11 09:41:10.251         
级　别：Debug         
模　块：IIRS.Services.BDC.BankQueryServices         
消　息：SELECT "FILE_ID","GROUP_ID","GROUP_NAME","FILE_NAME","DISPLAY_NAME","MEDIA_TYPE","BUS_PK","BAK_PK","ODR","FILE_PATH","CDATE","XID" FROM "PUB_ATT_FILE"  WHERE ( "XID" = :XID0 )         
源信息：IIRS.Services.BDC.BankQueryServices+<>c__DisplayClass4_0.<GetAgencyTaskList>b__0         
行　号：64         
-----------------------------------------------------------
时　间：2022/05/11 09:41:10.251         
级　别：Debug         
模　块：IIRS.Services.ProvidentFundServices         
消　息：SELECT "FILE_ID","GROUP_ID","GROUP_NAME","FILE_NAME","DISPLAY_NAME","MEDIA_TYPE","BUS_PK","BAK_PK","ODR","FILE_PATH","CDATE","XID" FROM "PUB_ATT_FILE"  WHERE ( "XID" = :XID0 )         
源信息：IIRS.Services.CommonServices+<>c__DisplayClass3_0.<UploadFileQueryByXID>b__0         
行　号：39         
-----------------------------------------------------------
时　间：2022/05/11 09:41:14.947         
级　别：Debug         
模　块：IIRS.Services.BDC.BankQueryServices         
消　息：SELECT SLBH_SEQNUM() FROM DUAL         
源信息：IIRS.Services.BDC.BankQueryServices.<GetActionGroupList>b__3_0         
行　号：36         
-----------------------------------------------------------
时　间：2022/05/11 09:41:14.947         
级　别：Debug         
模　块：IIRS.Services.BDC.BankQueryServices         
消　息：SELECT "ID","ISDELETED","LOGINNAME","LOGINPWD","REALNAME","STATUS","REMARK","TEL","LASTLOGINTIME","ERRORCOUNT" FROM "SYS_USERINFO"  WHERE "ID" IN (:InPara0)           
源信息：IIRS.Services.BDC.BankQueryServices+<>c__DisplayClass4_0.<GetAgencyTaskList>b__0         
行　号：64         
-----------------------------------------------------------
时　间：2022/05/11 09:41:14.947         
级　别：Debug         
模　块：IIRS.Services.BDC.BankQueryServices         
消　息：SELECT "ID","ISDELETED","USERID","ORGID" FROM "SYS_USERORGANIZATION"  WHERE ( "USERID" = :UserId0 )         
源信息：IIRS.Services.BDC.BankQueryServices+<>c__DisplayClass4_0.<GetAgencyTaskList>b__0         
行　号：64         
-----------------------------------------------------------
时　间：2022/05/11 09:41:14.955         
级　别：Debug         
模　块：IIRS.Services.BDC.BankQueryServices         
消　息：SELECT "ID","ISDELETED","PID","NAME","DESCRIPTION","CUSTOMCODE","CUSTOMCODE2","NAME_ABB" FROM "SYS_ORGANIZATION"  WHERE "ID" IN (:InPara0)           
源信息：IIRS.Services.BDC.BankQueryServices+<>c__DisplayClass4_0.<GetAgencyTaskList>b__0         
行　号：64         
-----------------------------------------------------------
时　间：2022/05/11 09:42:00.851         
级　别：Debug         
模　块：IIRS.Services.BDC.BankQueryServices         
消　息：SELECT SLBH_SEQNUM() FROM DUAL         
源信息：IIRS.Services.BDC.BankQueryServices+<>c__DisplayClass4_0.<GetAgencyTaskList>b__0         
行　号：64         
-----------------------------------------------------------
时　间：2022/05/11 09:42:00.851         
级　别：Debug         
模　块：IIRS.Services.ProvidentFundServices         
消　息：SELECT "ID","ISDELETED","LOGINNAME","LOGINPWD","REALNAME","STATUS","REMARK","TEL","LASTLOGINTIME","ERRORCOUNT" FROM "SYS_USERINFO"  WHERE "ID" IN (:InPara0)           
源信息：IIRS.Services.CommonServices+<>c__DisplayClass3_0.<UploadFileQueryByXID>b__0         
行　号：39         
-----------------------------------------------------------
时　间：2022/05/11 09:42:00.851         
级　别：Debug         
模　块：IIRS.Services.BDC.BankQueryServices         
消　息：SELECT "DIC_ID","GID","DNAME","IS_USED","DEFINED_CODE","ODR","MARK","REAMRK","ITEMNOTE","FDIC_ID" FROM "SYS_DIC"  WHERE (( "GID" = :GID0 ) AND ( "IS_USED" = :IS_USED1 ))         
源信息：IIRS.Services.BDC.BankQueryServices+<>c__DisplayClass4_0.<GetAgencyTaskList>b__0         
行　号：64         
-----------------------------------------------------------
时　间：2022/05/11 09:42:00.851         
级　别：Debug         
模　块：IIRS.Services.ProvidentFundServices         
消　息：SELECT "ID","ISDELETED","USERID","ORGID" FROM "SYS_USERORGANIZATION"  WHERE ( "USERID" = :UserId0 )         
源信息：IIRS.Services.CommonServices+<>c__DisplayClass3_0.<UploadFileQueryByXID>b__0         
行　号：39         
-----------------------------------------------------------
时　间：2022/05/11 09:42:00.861         
级　别：Debug         
模　块：IIRS.Services.ProvidentFundServices         
消　息：SELECT "ID","ISDELETED","PID","NAME","DESCRIPTION","CUSTOMCODE","CUSTOMCODE2","NAME_ABB" FROM "SYS_ORGANIZATION"  WHERE "ID" IN (:InPara0)           
源信息：IIRS.Services.CommonServices+<>c__DisplayClass3_0.<UploadFileQueryByXID>b__0         
行　号：39         
-----------------------------------------------------------
时　间：2022/05/11 09:42:12.999         
级　别：Debug         
模　块：IIRS.Services.BDC.BankQueryServices         
消　息：INSERT INTO "BUS_VISIT_LOG"  
           ("PK","GROUP_ID","ORGANIZATION_ID","USER_ID","USER_NAME","VDATE","PARAMS")
     VALUES
           (:PK,:GROUP_ID,:ORGANIZATION_ID,:USER_ID,:USER_NAME,:VDATE,:PARAMS)          
源信息：IIRS.Services.BDC.BankQueryServices+<>c__DisplayClass4_0.<GetAgencyTaskList>b__0         
行　号：64         
-----------------------------------------------------------
时　间：2022/05/11 09:42:13.205         
级　别：Debug         
模　块：IIRS.Services.BDC.BankQueryServices         
消　息：SELECT "C_NAME" FROM "BANK_COMPARATIVE"  WHERE ( "BANK_ID" = :BANK_ID0 )         
源信息：IIRS.Services.BDC.BankQueryServices+<>c__DisplayClass4_0.<GetAgencyTaskList>b__0         
行　号：64         
-----------------------------------------------------------
时　间：2022/05/11 09:42:18.884         
级　别：Debug         
模　块：IIRS.Services.BDC.BankQueryServices         
消　息：SELECT "DIC_ID","GID","DNAME","IS_USED","DEFINED_CODE","ODR","MARK","REAMRK","ITEMNOTE","FDIC_ID" FROM "SYS_DIC"  WHERE ( "GID" = :GID0 )         
源信息：IIRS.Services.BDC.BankQueryServices+<>c__DisplayClass4_0.<GetAgencyTaskList>b__0         
行　号：64         
-----------------------------------------------------------
时　间：2022/05/11 09:42:29.727         
级　别：Debug         
模　块：IIRS.Services.BDC.BankQueryServices         
消　息：SELECT "DIC_ID","GID","DNAME","IS_USED","DEFINED_CODE","ODR","MARK","REAMRK","ITEMNOTE","FDIC_ID" FROM "SYS_DIC"  WHERE  ("GID" IN ('3','4','6','5','7','8','9'))          
源信息：IIRS.Services.BDC.BankQueryServices+<>c__DisplayClass4_0.<GetAgencyTaskList>b__0         
行　号：64         
-----------------------------------------------------------
时　间：2022/05/11 09:42:32.493         
级　别：Debug         
模　块：IIRS.Controllers.BdcMrgeReleaseController         
消　息：MrgeReleaseController.Post:【错误代码：5db04b90f7954057a6800180b0c8352d,原因:ORA-00904: "PRE_STATUS": 标识符无效】         
源信息：IIRS.Controllers.BankMrgeReleaseController.Post         
行　号：434         
-----------------------------------------------------------
时　间：2022/05/11 09:43:48.656         
级　别：Debug         
模　块：IIRS.Controllers.BdcMrgeReleaseController         
消　息：MrgeReleaseController.Post:【错误代码：e8a8cc50a9a549729bce0180b0c95eb0,原因:ORA-00904: "PRE_STATUS": 标识符无效】         
源信息：IIRS.Controllers.BankMrgeReleaseController.Post         
行　号：434         
-----------------------------------------------------------
时　间：2022/05/11 10:11:26.104         
级　别：Debug         
模　块：IIRS.Services.BDC.BankQueryServices         
消　息：SELECT "GROUP_ID","GNAME" FROM "IFLOW_ACTION_GROUP"  WHERE "GROUP_ID" IN ('21','22','23','24')           
源信息：IIRS.Services.BDC.BankQueryServices.<GetActionGroupList>b__3_0         
行　号：36         
-----------------------------------------------------------
时　间：2022/05/11 10:11:26.248         
级　别：Debug         
模　块：IIRS.Services.BDC.BankQueryServices         
消　息： SELECT COUNT(1) FROM (SELECT  "B"."YWSLBH" AS "SLBH" , "B"."XID" AS "XID" , WM_CONCAT(DISTINCT TO_CHAR(C.QLRMC)) AS "QLRMC" , "D"."GNAME" AS "LCZL" , "A"."STATUS" AS "STATUSID" , "E"."FLOW_NAME" AS "STATUS" , "A"."AUTHORIZATIONDATE" AS "DATETIME" , "B"."NEXT_XID" AS "NEXT_XID" , "B"."IS_ACTION_OK" AS "IS_ACTION_OK" , "E"."VUE_URL" AS "VUE_URL" , "E"."VUE_NAME" AS "VUE_NAME"  FROM "BANKAUTHORIZE" A  ,"REGISTRATION_INFO"  B ,"QLRGL_INFO"  C ,"IFLOW_ACTION_GROUP"  D ,"IFLOW_ACTION"  E  WHERE (((( "A"."BID" = "B"."AUZ_ID" ) AND ( "B"."XID" = "C"."XID" )) AND ( "E"."GROUP_ID" = "D"."GROUP_ID" )) AND ( "A"."STATUS" = "E"."FLOW_ID" ))  AND ((( "B"."USER_ID" = :USER_ID0 ) AND ( "B"."NEXT_XID" IS NULL )) AND ( "B"."IS_ACTION_OK" = :IS_ACTION_OK2 ))GROUP BY "B"."YWSLBH","B"."XID","D"."GNAME","A"."STATUS","E"."FLOW_NAME","A"."AUTHORIZATIONDATE","B"."NEXT_XID","B"."IS_ACTION_OK","E"."VUE_URL","E"."VUE_NAME" ) CountTable          
源信息：IIRS.Services.BDC.BankQueryServices+<>c__DisplayClass4_0.<GetAgencyTaskList>b__0         
行　号：64         
-----------------------------------------------------------
时　间：2022/05/11 10:11:26.264         
级　别：Debug         
模　块：IIRS.Services.BDC.BankQueryServices         
消　息：SELECT * FROM (SELECT  "B"."YWSLBH" AS "SLBH" , "B"."XID" AS "XID" , WM_CONCAT(DISTINCT TO_CHAR(C.QLRMC)) AS "QLRMC" , "D"."GNAME" AS "LCZL" , "A"."STATUS" AS "STATUSID" , "E"."FLOW_NAME" AS "STATUS" , "A"."AUTHORIZATIONDATE" AS "DATETIME" , "B"."NEXT_XID" AS "NEXT_XID" , "B"."IS_ACTION_OK" AS "IS_ACTION_OK" , "E"."VUE_URL" AS "VUE_URL" , "E"."VUE_NAME" AS "VUE_NAME" ,ROW_NUMBER() OVER(ORDER BY "A"."AUTHORIZATIONDATE" DESC) AS RowIndex  FROM "BANKAUTHORIZE" A  ,"REGISTRATION_INFO"  B ,"QLRGL_INFO"  C ,"IFLOW_ACTION_GROUP"  D ,"IFLOW_ACTION"  E  WHERE (((( "A"."BID" = "B"."AUZ_ID" ) AND ( "B"."XID" = "C"."XID" )) AND ( "E"."GROUP_ID" = "D"."GROUP_ID" )) AND ( "A"."STATUS" = "E"."FLOW_ID" ))  AND ((( "B"."USER_ID" = :USER_ID0 ) AND ( "B"."NEXT_XID" IS NULL )) AND ( "B"."IS_ACTION_OK" = :IS_ACTION_OK2 ))GROUP BY "B"."YWSLBH","B"."XID","D"."GNAME","A"."STATUS","E"."FLOW_NAME","A"."AUTHORIZATIONDATE","B"."NEXT_XID","B"."IS_ACTION_OK","E"."VUE_URL","E"."VUE_NAME" ) T WHERE RowIndex BETWEEN 1 AND 10         
源信息：IIRS.Services.BDC.BankQueryServices+<>c__DisplayClass4_0.<GetAgencyTaskList>b__0         
行　号：64         
-----------------------------------------------------------
时　间：2022/05/11 10:11:28.746         
级　别：Debug         
模　块：IIRS.Services.BDC.BankQueryServices         
消　息：SELECT "DIC_ID","GID","DNAME","IS_USED","DEFINED_CODE","ODR","MARK","REAMRK","ITEMNOTE","FDIC_ID" FROM "SYS_DIC"  WHERE (( "GID" = :GID0 ) AND ( "IS_USED" = :IS_USED1 ))         
源信息：IIRS.Services.BDC.BankQueryServices+<>c__DisplayClass4_0.<GetAgencyTaskList>b__0         
行　号：64         
-----------------------------------------------------------
时　间：2022/05/11 10:11:28.746         
级　别：Debug         
模　块：IIRS.Services.BDC.BankQueryServices         
消　息：SELECT  "R"."AUZ_ID" AS "AUZ_ID" , "R"."NEXT_XID" AS "NEXT_XID" , "R"."SLBH" AS "SLBH" , "B"."STATUS" AS "CURRENT_STATUS" , "B"."PRE_STATUS" AS "PRE_STATUS" , "R"."IS_ACTION_OK" AS "IS_ACTION_OK"  FROM "REGISTRATION_INFO" R  ,"BANKAUTHORIZE"  B  WHERE (( "R"."XID" = :XID0 ) AND ( "R"."AUZ_ID" = "B"."BID" ))         
源信息：IIRS.Services.BDC.BankQueryServices.<GetActionGroupList>b__3_0         
行　号：36         
-----------------------------------------------------------
时　间：2022/05/11 10:11:28.806         
级　别：Debug         
模　块：IIRS.Services.BDC.BankQueryServices         
消　息：SELECT "PK","BUS_PK","USER_ID","USER_NAME","SAVEDATAJSON","CDATE","REMARKS1","REMARKS2","REMARKS3","REMARKS4","REMARKS5","IS_STOP" FROM "SYS_DATA_RECORDER"  WHERE ( "BUS_PK" = :BUS_PK0 )         
源信息：IIRS.Services.BDC.BankQueryServices+<>c__DisplayClass4_0.<GetAgencyTaskList>b__0         
行　号：64         
-----------------------------------------------------------
时　间：2022/05/11 10:11:28.878         
级　别：Debug         
模　块：IIRS.Services.ProvidentFundServices         
消　息：SELECT "FILE_ID","GROUP_ID","GROUP_NAME","FILE_NAME","DISPLAY_NAME","MEDIA_TYPE","BUS_PK","BAK_PK","ODR","FILE_PATH","CDATE","XID" FROM "PUB_ATT_FILE"  WHERE ( "XID" = :XID0 )         
源信息：IIRS.Services.CommonServices+<>c__DisplayClass3_0.<UploadFileQueryByXID>b__0         
行　号：39         
-----------------------------------------------------------
时　间：2022/05/11 10:11:43.793         
级　别：Debug         
模　块：IIRS.Services.BDC.BdcPrintServices         
消　息：SELECT  WM_CONCAT(DISTINCT TO_CHAR(QLRMC)) AS "QLRMC" , WM_CONCAT(DISTINCT TO_CHAR(ZJHM)) AS "ZJHM" , WM_CONCAT(DISTINCT TO_CHAR(ZJLB_ZWM)) AS "ZJLB_ZWM"  FROM "QLRGL_INFO"  WHERE (( "QLRLX" = :QLRLX0 ) AND ( "XID" = :XID1 ))         
源信息：IIRS.Services.BDC.BdcPrintServices+<>c__DisplayClass6_0.<GetPersonList>b__0         
行　号：140         
-----------------------------------------------------------
时　间：2022/05/11 10:11:43.801         
级　别：Debug         
模　块：IIRS.Services.BDC.BdcPrintServices         
消　息：SELECT  WM_CONCAT(DISTINCT TO_CHAR(QLRMC)) AS "QLRMC" , WM_CONCAT(DISTINCT TO_CHAR(ZJHM)) AS "ZJHM" , WM_CONCAT(DISTINCT TO_CHAR(ZJLB_ZWM)) AS "ZJLB_ZWM"  FROM "QLRGL_INFO"  WHERE (( "QLRLX" = :QLRLX0 ) AND ( "XID" = :XID1 ))         
源信息：IIRS.Services.BDC.BdcPrintServices+<>c__DisplayClass6_0.<GetPersonList>b__0         
行　号：140         
-----------------------------------------------------------
时　间：2022/05/11 10:11:43.801         
级　别：Debug         
模　块：IIRS.Services.BDC.BdcPrintServices         
消　息：SELECT  WM_CONCAT(DISTINCT TO_CHAR(QLRMC)) AS "QLRMC" , WM_CONCAT(DISTINCT TO_CHAR(ZJHM)) AS "ZJHM" , WM_CONCAT(DISTINCT TO_CHAR(ZJLB_ZWM)) AS "ZJLB_ZWM"  FROM "QLRGL_INFO"  WHERE (( "QLRLX" = :QLRLX0 ) AND ( "XID" = :XID1 ))         
源信息：IIRS.Services.BDC.BdcPrintServices+<>c__DisplayClass6_0.<GetPersonList>b__0         
行　号：140         
-----------------------------------------------------------
时　间：2022/05/11 10:11:43.801         
级　别：Debug         
模　块：IIRS.Services.BDC.BdcPrintServices         
消　息：SELECT  WM_CONCAT(DISTINCT TO_CHAR(QLRMC)) AS "QLRMC" , WM_CONCAT(DISTINCT TO_CHAR(ZJHM)) AS "ZJHM" , WM_CONCAT(DISTINCT TO_CHAR(ZJLB_ZWM)) AS "ZJLB_ZWM"  FROM "QLRGL_INFO"  WHERE (( "QLRLX" = :QLRLX0 ) AND ( "XID" = :XID1 ))         
源信息：IIRS.Services.BDC.BdcPrintServices+<>c__DisplayClass6_0.<GetPersonList>b__0         
行　号：140         
-----------------------------------------------------------
时　间：2022/05/11 10:11:43.818         
级　别：Debug         
模　块：IIRS.Services.BDC.BdcPrintServices         
消　息：SELECT  "GROUP_NAME" AS "GROUP_NAME" , COUNT("GROUP_NAME") AS "COUNT"  FROM "PUB_ATT_FILE"  WHERE ( "XID" = :XID0 )GROUP BY "GROUP_NAME"          
源信息：IIRS.Services.BDC.BdcPrintServices+<>c__DisplayClass6_0.<GetPersonList>b__0         
行　号：140         
-----------------------------------------------------------
时　间：2022/05/11 10:11:47.177         
级　别：Debug         
模　块：IIRS.Services.BDC.BankQueryServices         
消　息：SELECT "DIC_ID","GID","DNAME","IS_USED","DEFINED_CODE","ODR","MARK","REAMRK","ITEMNOTE","FDIC_ID" FROM "SYS_DIC"  WHERE "GID" IN ('1','3','4','5','6','7','8','9')           
源信息：IIRS.Services.BDC.BankQueryServices+<>c__DisplayClass4_0.<GetAgencyTaskList>b__0         
行　号：64         
-----------------------------------------------------------
时　间：2022/05/11 10:11:47.190         
级　别：Debug         
模　块：IIRS.Services.BDC.BankQueryServices         
消　息：SELECT  "FSLBH" AS "SLBH" , "XGZLX" AS "XGZLX" , "ZSLBH" AS "NEWSLBH" , "XGZH" AS "XGZH"  FROM "XGDJGL_INFO"  WHERE ( "XID" = :XID0 )         
源信息：IIRS.Services.BDC.BankQueryServices+<>c__DisplayClass4_0.<GetAgencyTaskList>b__0         
行　号：64         
-----------------------------------------------------------
时　间：2022/05/11 10:11:47.209         
级　别：Debug         
模　块：IIRS.Services.BDC.BdcPrintServices         
消　息：SELECT  "A"."BDCZH" AS "BDCZH" , "A"."XGZH" AS "BDCZMH" , NVL("G"."ZL","C"."ZL") AS "ZL" , NVL(NVL("D"."JZMJ","F"."SYQMJ"),"E"."GYTDMJ") AS "MJ" , "E"."FTTDMJ" AS "FTMJ" , "C"."GHYT" AS "YT" , "D"."QLXZ" AS "QLXZ" , "E"."QLXZ" AS "TDQLXZ" , "A"."FJ" AS "FJ" , WM_CONCAT(DISTINCT TO_CHAR(H.QLRMC)) AS "QLRMC" , WM_CONCAT(DISTINCT TO_CHAR(H.QLRLX)) AS "QLRLX" , WM_CONCAT(DISTINCT TO_CHAR(H.ZJHM)) AS "ZJHM"  FROM "DJ_DJB" A Left JOIN "DJ_TSGL" B ON ( "A"."SLBH" = "B"."SLBH" )  Left JOIN "FC_H_QSDC" C ON ( "B"."TSTYBM" = "C"."TSTYBM" )  Left JOIN "QL_FWXG" D ON ( "A"."SLBH" = "D"."SLBH" )  Left JOIN "QL_TDXG" E ON ( "A"."SLBH" = "E"."SLBH" )  Left JOIN "QL_SLXG" F ON ( "F"."SLBH" = "A"."SLBH" )  Left JOIN "DJ_SJD" G ON ( "A"."SLBH" = "G"."SLBH" )  Left JOIN "DJ_QLRGL" H ON ( "A"."SLBH" = "H"."SLBH" )   WHERE  (:MethodConst0 like '%'||"A"."SLBH"||'%') GROUP BY "A"."BDCZH","A"."XGZH","G"."ZL","C"."ZL","D"."JZMJ","F"."SYQMJ","E"."GYTDMJ","E"."FTTDMJ","C"."GHYT","D"."QLXZ","E"."QLXZ","A"."FJ"          
源信息：IIRS.Services.BDC.BdcPrintServices+<>c__DisplayClass16_0.<MrgeReleaseQdPrint>b__10         
行　号：1291         
-----------------------------------------------------------
时　间：2022/05/11 10:11:57.167         
级　别：Debug         
模　块：IIRS.Services.BDC.BdcPrintServices         
消　息：SELECT  WM_CONCAT(DISTINCT TO_CHAR(QLRMC)) AS "QLRMC" , WM_CONCAT(DISTINCT TO_CHAR(ZJHM)) AS "ZJHM" , WM_CONCAT(DISTINCT TO_CHAR(ZJLB_ZWM)) AS "ZJLB_ZWM"  FROM "QLRGL_INFO"  WHERE (( "QLRLX" = :QLRLX0 ) AND ( "XID" = :XID1 ))         
源信息：IIRS.Services.BDC.BdcPrintServices+<>c__DisplayClass6_0.<GetPersonList>b__0         
行　号：140         
-----------------------------------------------------------
时　间：2022/05/11 10:11:57.167         
级　别：Debug         
模　块：IIRS.Services.BDC.BdcPrintServices         
消　息：SELECT  WM_CONCAT(DISTINCT TO_CHAR(QLRMC)) AS "QLRMC" , WM_CONCAT(DISTINCT TO_CHAR(ZJHM)) AS "ZJHM" , WM_CONCAT(DISTINCT TO_CHAR(ZJLB_ZWM)) AS "ZJLB_ZWM"  FROM "QLRGL_INFO"  WHERE (( "QLRLX" = :QLRLX0 ) AND ( "XID" = :XID1 ))         
源信息：IIRS.Services.BDC.BdcPrintServices+<>c__DisplayClass6_0.<GetPersonList>b__0         
行　号：140         
-----------------------------------------------------------
时　间：2022/05/11 10:11:57.175         
级　别：Debug         
模　块：IIRS.Services.BDC.BdcPrintServices         
消　息：SELECT  WM_CONCAT(DISTINCT TO_CHAR(QLRMC)) AS "QLRMC" , WM_CONCAT(DISTINCT TO_CHAR(ZJHM)) AS "ZJHM" , WM_CONCAT(DISTINCT TO_CHAR(ZJLB_ZWM)) AS "ZJLB_ZWM"  FROM "QLRGL_INFO"  WHERE (( "QLRLX" = :QLRLX0 ) AND ( "XID" = :XID1 ))         
源信息：IIRS.Services.BDC.BdcPrintServices+<>c__DisplayClass6_0.<GetPersonList>b__0         
行　号：140         
-----------------------------------------------------------
时　间：2022/05/11 10:11:57.175         
级　别：Debug         
模　块：IIRS.Services.BDC.BdcPrintServices         
消　息：SELECT  WM_CONCAT(DISTINCT TO_CHAR(QLRMC)) AS "QLRMC" , WM_CONCAT(DISTINCT TO_CHAR(ZJHM)) AS "ZJHM" , WM_CONCAT(DISTINCT TO_CHAR(ZJLB_ZWM)) AS "ZJLB_ZWM"  FROM "QLRGL_INFO"  WHERE (( "QLRLX" = :QLRLX0 ) AND ( "XID" = :XID1 ))         
源信息：IIRS.Services.BDC.BdcPrintServices+<>c__DisplayClass6_0.<GetPersonList>b__0         
行　号：140         
-----------------------------------------------------------
时　间：2022/05/11 10:11:57.175         
级　别：Debug         
模　块：IIRS.Services.BDC.BdcPrintServices         
消　息：SELECT  "GROUP_NAME" AS "GROUP_NAME" , COUNT("GROUP_NAME") AS "COUNT"  FROM "PUB_ATT_FILE"  WHERE ( "XID" = :XID0 )GROUP BY "GROUP_NAME"          
源信息：IIRS.Services.BDC.BdcPrintServices+<>c__DisplayClass6_0.<GetPersonList>b__0         
行　号：140         
-----------------------------------------------------------
时　间：2022/05/11 10:12:00.792         
级　别：Debug         
模　块：IIRS.Services.BDC.BankQueryServices         
消　息：SELECT "BGBM","ZSLBH","FSLBH","BGRQ","BGLX","XGZH","XGZLX","PID","XID" FROM "XGDJGL_INFO"  WHERE ( "XID" = :XID0 )         
源信息：IIRS.Services.BDC.BankQueryServices.<GetActionGroupList>b__3_0         
行　号：36         
-----------------------------------------------------------
时　间：2022/05/11 10:12:00.797         
级　别：Debug         
模　块：IIRS.Services.BDC.BankQueryServices         
消　息：SELECT "DIC_ID","GID","DNAME","IS_USED","DEFINED_CODE","ODR","MARK","REAMRK","ITEMNOTE","FDIC_ID" FROM "SYS_DIC"  WHERE "GID" IN ('1','3','4','5','6','7','8','9')           
源信息：IIRS.Services.BDC.BankQueryServices.<GetActionGroupList>b__3_0         
行　号：36         
-----------------------------------------------------------
时　间：2022/05/11 10:12:00.847         
级　别：Debug         
模　块：IIRS.Services.BDC.BdcPrintServices         
消　息：SELECT  WM_CONCAT(DISTINCT TO_CHAR(QLRMC)) AS "QLRMC" , WM_CONCAT(DISTINCT TO_CHAR(ZJHM)) AS "ZJHM" , WM_CONCAT(DISTINCT TO_CHAR(ZJLB_ZWM)) AS "ZJLB_ZWM"  FROM "QLRGL_INFO"  WHERE (( "QLRLX" = :QLRLX0 ) AND ( "XID" = :XID1 ))         
源信息：IIRS.Services.BDC.BdcPrintServices+<>c__DisplayClass6_0.<GetPersonList>b__0         
行　号：140         
-----------------------------------------------------------
时　间：2022/05/11 10:12:00.847         
级　别：Debug         
模　块：IIRS.Services.BDC.BdcPrintServices         
消　息：SELECT  WM_CONCAT(DISTINCT TO_CHAR(QLRMC)) AS "QLRMC" , WM_CONCAT(DISTINCT TO_CHAR(ZJHM)) AS "ZJHM" , WM_CONCAT(DISTINCT TO_CHAR(ZJLB_ZWM)) AS "ZJLB_ZWM"  FROM "QLRGL_INFO"  WHERE (( "QLRLX" = :QLRLX0 ) AND ( "XID" = :XID1 ))         
源信息：IIRS.Services.BDC.BdcPrintServices+<>c__DisplayClass6_0.<GetPersonList>b__0         
行　号：140         
-----------------------------------------------------------
时　间：2022/05/11 10:12:00.847         
级　别：Debug         
模　块：IIRS.Services.BDC.BdcPrintServices         
消　息：SELECT  WM_CONCAT(DISTINCT TO_CHAR(QLRMC)) AS "QLRMC" , WM_CONCAT(DISTINCT TO_CHAR(ZJHM)) AS "ZJHM" , WM_CONCAT(DISTINCT TO_CHAR(ZJLB_ZWM)) AS "ZJLB_ZWM"  FROM "QLRGL_INFO"  WHERE (( "QLRLX" = :QLRLX0 ) AND ( "XID" = :XID1 ))         
源信息：IIRS.Services.BDC.BdcPrintServices+<>c__DisplayClass6_0.<GetPersonList>b__0         
行　号：140         
-----------------------------------------------------------
时　间：2022/05/11 10:12:00.860         
级　别：Debug         
模　块：IIRS.Services.BDC.BdcPrintServices         
消　息：SELECT  WM_CONCAT(DISTINCT TO_CHAR(QLRMC)) AS "QLRMC" , WM_CONCAT(DISTINCT TO_CHAR(ZJHM)) AS "ZJHM" , WM_CONCAT(DISTINCT TO_CHAR(ZJLB_ZWM)) AS "ZJLB_ZWM"  FROM "QLRGL_INFO"  WHERE (( "QLRLX" = :QLRLX0 ) AND ( "XID" = :XID1 ))         
源信息：IIRS.Services.BDC.BdcPrintServices+<>c__DisplayClass6_0.<GetPersonList>b__0         
行　号：140         
-----------------------------------------------------------
时　间：2022/05/11 10:12:00.921         
级　别：Debug         
模　块：IIRS.Controllers.BDC.BdcPrintController         
消　息：打印信息savePath:D:\IIRS.Core2021.04.28\IIRS.Core\IIRS\wwwroot\uploads\抵押注销审批表测试.pdf         
源信息：IIRS.Controllers.BDC.BdcPrintController.MrgeReleaseSpbPrint         
行　号：3109         
-----------------------------------------------------------
时　间：2022/05/11 11:11:00.112         
级　别：Debug         
模　块：IIRS.Services.BDC.BankQueryServices         
消　息：SELECT "GROUP_ID","GNAME" FROM "IFLOW_ACTION_GROUP"  WHERE "GROUP_ID" IN ('21','22','23','24')           
源信息：IIRS.Services.BDC.BankQueryServices.<GetActionGroupList>b__3_0         
行　号：36         
-----------------------------------------------------------
时　间：2022/05/11 11:11:01.449         
级　别：Debug         
模　块：IIRS.Services.BDC.BankQueryServices         
消　息： SELECT COUNT(1) FROM (SELECT  "B"."YWSLBH" AS "SLBH" , "B"."XID" AS "XID" , WM_CONCAT(DISTINCT TO_CHAR(C.QLRMC)) AS "QLRMC" , "D"."GNAME" AS "LCZL" , "A"."STATUS" AS "STATUSID" , "E"."FLOW_NAME" AS "STATUS" , "A"."AUTHORIZATIONDATE" AS "DATETIME" , "B"."NEXT_XID" AS "NEXT_XID" , "B"."IS_ACTION_OK" AS "IS_ACTION_OK" , "E"."VUE_URL" AS "VUE_URL" , "E"."VUE_NAME" AS "VUE_NAME"  FROM "BANKAUTHORIZE" A  ,"REGISTRATION_INFO"  B ,"QLRGL_INFO"  C ,"IFLOW_ACTION_GROUP"  D ,"IFLOW_ACTION"  E  WHERE (((( "A"."BID" = "B"."AUZ_ID" ) AND ( "B"."XID" = "C"."XID" )) AND ( "E"."GROUP_ID" = "D"."GROUP_ID" )) AND ( "A"."STATUS" = "E"."FLOW_ID" ))  AND ((( "B"."USER_ID" = :USER_ID0 ) AND ( "B"."NEXT_XID" IS NULL )) AND ( "B"."IS_ACTION_OK" = :IS_ACTION_OK2 ))GROUP BY "B"."YWSLBH","B"."XID","D"."GNAME","A"."STATUS","E"."FLOW_NAME","A"."AUTHORIZATIONDATE","B"."NEXT_XID","B"."IS_ACTION_OK","E"."VUE_URL","E"."VUE_NAME" ) CountTable          
源信息：IIRS.Services.BDC.BankQueryServices+<>c__DisplayClass4_0.<GetAgencyTaskList>b__0         
行　号：64         
-----------------------------------------------------------
时　间：2022/05/11 11:11:01.464         
级　别：Debug         
模　块：IIRS.Services.BDC.BankQueryServices         
消　息：SELECT * FROM (SELECT  "B"."YWSLBH" AS "SLBH" , "B"."XID" AS "XID" , WM_CONCAT(DISTINCT TO_CHAR(C.QLRMC)) AS "QLRMC" , "D"."GNAME" AS "LCZL" , "A"."STATUS" AS "STATUSID" , "E"."FLOW_NAME" AS "STATUS" , "A"."AUTHORIZATIONDATE" AS "DATETIME" , "B"."NEXT_XID" AS "NEXT_XID" , "B"."IS_ACTION_OK" AS "IS_ACTION_OK" , "E"."VUE_URL" AS "VUE_URL" , "E"."VUE_NAME" AS "VUE_NAME" ,ROW_NUMBER() OVER(ORDER BY "A"."AUTHORIZATIONDATE" DESC) AS RowIndex  FROM "BANKAUTHORIZE" A  ,"REGISTRATION_INFO"  B ,"QLRGL_INFO"  C ,"IFLOW_ACTION_GROUP"  D ,"IFLOW_ACTION"  E  WHERE (((( "A"."BID" = "B"."AUZ_ID" ) AND ( "B"."XID" = "C"."XID" )) AND ( "E"."GROUP_ID" = "D"."GROUP_ID" )) AND ( "A"."STATUS" = "E"."FLOW_ID" ))  AND ((( "B"."USER_ID" = :USER_ID0 ) AND ( "B"."NEXT_XID" IS NULL )) AND ( "B"."IS_ACTION_OK" = :IS_ACTION_OK2 ))GROUP BY "B"."YWSLBH","B"."XID","D"."GNAME","A"."STATUS","E"."FLOW_NAME","A"."AUTHORIZATIONDATE","B"."NEXT_XID","B"."IS_ACTION_OK","E"."VUE_URL","E"."VUE_NAME" ) T WHERE RowIndex BETWEEN 1 AND 10         
源信息：IIRS.Services.BDC.BankQueryServices+<>c__DisplayClass4_0.<GetAgencyTaskList>b__0         
行　号：64         
-----------------------------------------------------------
时　间：2022/05/11 11:11:11.938         
级　别：Debug         
模　块：IIRS.Services.BDC.BankQueryServices         
消　息： SELECT COUNT(1) FROM (SELECT  "B"."YWSLBH" AS "SLBH" , "B"."XID" AS "XID" , WM_CONCAT(DISTINCT TO_CHAR(C.QLRMC)) AS "QLRMC" , "D"."GNAME" AS "LCZL" , "A"."STATUS" AS "STATUSID" , "E"."FLOW_NAME" AS "STATUS" , "A"."AUTHORIZATIONDATE" AS "DATETIME" , "B"."NEXT_XID" AS "NEXT_XID" , "B"."IS_ACTION_OK" AS "IS_ACTION_OK" , "E"."VUE_URL" AS "VUE_URL" , "E"."VUE_NAME" AS "VUE_NAME"  FROM "BANKAUTHORIZE" A  ,"REGISTRATION_INFO"  B ,"QLRGL_INFO"  C ,"IFLOW_ACTION_GROUP"  D ,"IFLOW_ACTION"  E  WHERE (((( "A"."BID" = "B"."AUZ_ID" ) AND ( "B"."XID" = "C"."XID" )) AND ( "E"."GROUP_ID" = "D"."GROUP_ID" )) AND ( "A"."STATUS" = "E"."FLOW_ID" ))  AND ((( "B"."USER_ID" = :USER_ID0 ) AND ( "B"."NEXT_XID" IS NULL )) AND ( "B"."IS_ACTION_OK" = :IS_ACTION_OK2 ))GROUP BY "B"."YWSLBH","B"."XID","D"."GNAME","A"."STATUS","E"."FLOW_NAME","A"."AUTHORIZATIONDATE","B"."NEXT_XID","B"."IS_ACTION_OK","E"."VUE_URL","E"."VUE_NAME" ) CountTable          
源信息：IIRS.Services.BDC.BankQueryServices+<>c__DisplayClass4_0.<GetAgencyTaskList>b__0         
行　号：64         
-----------------------------------------------------------
时　间：2022/05/11 11:11:11.938         
级　别：Debug         
模　块：IIRS.Services.BDC.BankQueryServices         
消　息：SELECT * FROM (SELECT  "B"."YWSLBH" AS "SLBH" , "B"."XID" AS "XID" , WM_CONCAT(DISTINCT TO_CHAR(C.QLRMC)) AS "QLRMC" , "D"."GNAME" AS "LCZL" , "A"."STATUS" AS "STATUSID" , "E"."FLOW_NAME" AS "STATUS" , "A"."AUTHORIZATIONDATE" AS "DATETIME" , "B"."NEXT_XID" AS "NEXT_XID" , "B"."IS_ACTION_OK" AS "IS_ACTION_OK" , "E"."VUE_URL" AS "VUE_URL" , "E"."VUE_NAME" AS "VUE_NAME" ,ROW_NUMBER() OVER(ORDER BY "A"."AUTHORIZATIONDATE" DESC) AS RowIndex  FROM "BANKAUTHORIZE" A  ,"REGISTRATION_INFO"  B ,"QLRGL_INFO"  C ,"IFLOW_ACTION_GROUP"  D ,"IFLOW_ACTION"  E  WHERE (((( "A"."BID" = "B"."AUZ_ID" ) AND ( "B"."XID" = "C"."XID" )) AND ( "E"."GROUP_ID" = "D"."GROUP_ID" )) AND ( "A"."STATUS" = "E"."FLOW_ID" ))  AND ((( "B"."USER_ID" = :USER_ID0 ) AND ( "B"."NEXT_XID" IS NULL )) AND ( "B"."IS_ACTION_OK" = :IS_ACTION_OK2 ))GROUP BY "B"."YWSLBH","B"."XID","D"."GNAME","A"."STATUS","E"."FLOW_NAME","A"."AUTHORIZATIONDATE","B"."NEXT_XID","B"."IS_ACTION_OK","E"."VUE_URL","E"."VUE_NAME" ) T WHERE RowIndex BETWEEN 11 AND 20         
源信息：IIRS.Services.BDC.BankQueryServices+<>c__DisplayClass4_0.<GetAgencyTaskList>b__0         
行　号：64         
-----------------------------------------------------------
时　间：2022/05/11 11:11:12.043         
级　别：Debug         
模　块：IIRS.Services.BDC.BankQueryServices         
消　息： SELECT COUNT(1) FROM (SELECT  "B"."YWSLBH" AS "SLBH" , "B"."XID" AS "XID" , WM_CONCAT(DISTINCT TO_CHAR(C.QLRMC)) AS "QLRMC" , "D"."GNAME" AS "LCZL" , "A"."STATUS" AS "STATUSID" , "E"."FLOW_NAME" AS "STATUS" , "A"."AUTHORIZATIONDATE" AS "DATETIME" , "B"."NEXT_XID" AS "NEXT_XID" , "B"."IS_ACTION_OK" AS "IS_ACTION_OK" , "E"."VUE_URL" AS "VUE_URL" , "E"."VUE_NAME" AS "VUE_NAME"  FROM "BANKAUTHORIZE" A  ,"REGISTRATION_INFO"  B ,"QLRGL_INFO"  C ,"IFLOW_ACTION_GROUP"  D ,"IFLOW_ACTION"  E  WHERE (((( "A"."BID" = "B"."AUZ_ID" ) AND ( "B"."XID" = "C"."XID" )) AND ( "E"."GROUP_ID" = "D"."GROUP_ID" )) AND ( "A"."STATUS" = "E"."FLOW_ID" ))  AND ((( "B"."USER_ID" = :USER_ID0 ) AND ( "B"."NEXT_XID" IS NULL )) AND ( "B"."IS_ACTION_OK" = :IS_ACTION_OK2 ))GROUP BY "B"."YWSLBH","B"."XID","D"."GNAME","A"."STATUS","E"."FLOW_NAME","A"."AUTHORIZATIONDATE","B"."NEXT_XID","B"."IS_ACTION_OK","E"."VUE_URL","E"."VUE_NAME" ) CountTable          
源信息：IIRS.Services.BDC.BankQueryServices+<>c__DisplayClass4_0.<GetAgencyTaskList>b__0         
行　号：64         
-----------------------------------------------------------
时　间：2022/05/11 11:11:12.050         
级　别：Debug         
模　块：IIRS.Services.BDC.BankQueryServices         
消　息：SELECT * FROM (SELECT  "B"."YWSLBH" AS "SLBH" , "B"."XID" AS "XID" , WM_CONCAT(DISTINCT TO_CHAR(C.QLRMC)) AS "QLRMC" , "D"."GNAME" AS "LCZL" , "A"."STATUS" AS "STATUSID" , "E"."FLOW_NAME" AS "STATUS" , "A"."AUTHORIZATIONDATE" AS "DATETIME" , "B"."NEXT_XID" AS "NEXT_XID" , "B"."IS_ACTION_OK" AS "IS_ACTION_OK" , "E"."VUE_URL" AS "VUE_URL" , "E"."VUE_NAME" AS "VUE_NAME" ,ROW_NUMBER() OVER(ORDER BY "A"."AUTHORIZATIONDATE" DESC) AS RowIndex  FROM "BANKAUTHORIZE" A  ,"REGISTRATION_INFO"  B ,"QLRGL_INFO"  C ,"IFLOW_ACTION_GROUP"  D ,"IFLOW_ACTION"  E  WHERE (((( "A"."BID" = "B"."AUZ_ID" ) AND ( "B"."XID" = "C"."XID" )) AND ( "E"."GROUP_ID" = "D"."GROUP_ID" )) AND ( "A"."STATUS" = "E"."FLOW_ID" ))  AND ((( "B"."USER_ID" = :USER_ID0 ) AND ( "B"."NEXT_XID" IS NULL )) AND ( "B"."IS_ACTION_OK" = :IS_ACTION_OK2 ))GROUP BY "B"."YWSLBH","B"."XID","D"."GNAME","A"."STATUS","E"."FLOW_NAME","A"."AUTHORIZATIONDATE","B"."NEXT_XID","B"."IS_ACTION_OK","E"."VUE_URL","E"."VUE_NAME" ) T WHERE RowIndex BETWEEN 21 AND 30         
源信息：IIRS.Services.BDC.BankQueryServices+<>c__DisplayClass4_0.<GetAgencyTaskList>b__0         
行　号：64         
-----------------------------------------------------------
时　间：2022/05/11 11:11:13.252         
级　别：Debug         
模　块：IIRS.Services.BDC.BankQueryServices         
消　息： SELECT COUNT(1) FROM (SELECT  "B"."YWSLBH" AS "SLBH" , "B"."XID" AS "XID" , WM_CONCAT(DISTINCT TO_CHAR(C.QLRMC)) AS "QLRMC" , "D"."GNAME" AS "LCZL" , "A"."STATUS" AS "STATUSID" , "E"."FLOW_NAME" AS "STATUS" , "A"."AUTHORIZATIONDATE" AS "DATETIME" , "B"."NEXT_XID" AS "NEXT_XID" , "B"."IS_ACTION_OK" AS "IS_ACTION_OK" , "E"."VUE_URL" AS "VUE_URL" , "E"."VUE_NAME" AS "VUE_NAME"  FROM "BANKAUTHORIZE" A  ,"REGISTRATION_INFO"  B ,"QLRGL_INFO"  C ,"IFLOW_ACTION_GROUP"  D ,"IFLOW_ACTION"  E  WHERE (((( "A"."BID" = "B"."AUZ_ID" ) AND ( "B"."XID" = "C"."XID" )) AND ( "E"."GROUP_ID" = "D"."GROUP_ID" )) AND ( "A"."STATUS" = "E"."FLOW_ID" ))  AND ((( "B"."USER_ID" = :USER_ID0 ) AND ( "B"."NEXT_XID" IS NULL )) AND ( "B"."IS_ACTION_OK" = :IS_ACTION_OK2 ))GROUP BY "B"."YWSLBH","B"."XID","D"."GNAME","A"."STATUS","E"."FLOW_NAME","A"."AUTHORIZATIONDATE","B"."NEXT_XID","B"."IS_ACTION_OK","E"."VUE_URL","E"."VUE_NAME" ) CountTable          
源信息：IIRS.Services.BDC.BankQueryServices+<>c__DisplayClass4_0.<GetAgencyTaskList>b__0         
行　号：64         
-----------------------------------------------------------
时　间：2022/05/11 11:11:13.252         
级　别：Debug         
模　块：IIRS.Services.BDC.BankQueryServices         
消　息：SELECT * FROM (SELECT  "B"."YWSLBH" AS "SLBH" , "B"."XID" AS "XID" , WM_CONCAT(DISTINCT TO_CHAR(C.QLRMC)) AS "QLRMC" , "D"."GNAME" AS "LCZL" , "A"."STATUS" AS "STATUSID" , "E"."FLOW_NAME" AS "STATUS" , "A"."AUTHORIZATIONDATE" AS "DATETIME" , "B"."NEXT_XID" AS "NEXT_XID" , "B"."IS_ACTION_OK" AS "IS_ACTION_OK" , "E"."VUE_URL" AS "VUE_URL" , "E"."VUE_NAME" AS "VUE_NAME" ,ROW_NUMBER() OVER(ORDER BY "A"."AUTHORIZATIONDATE" DESC) AS RowIndex  FROM "BANKAUTHORIZE" A  ,"REGISTRATION_INFO"  B ,"QLRGL_INFO"  C ,"IFLOW_ACTION_GROUP"  D ,"IFLOW_ACTION"  E  WHERE (((( "A"."BID" = "B"."AUZ_ID" ) AND ( "B"."XID" = "C"."XID" )) AND ( "E"."GROUP_ID" = "D"."GROUP_ID" )) AND ( "A"."STATUS" = "E"."FLOW_ID" ))  AND ((( "B"."USER_ID" = :USER_ID0 ) AND ( "B"."NEXT_XID" IS NULL )) AND ( "B"."IS_ACTION_OK" = :IS_ACTION_OK2 ))GROUP BY "B"."YWSLBH","B"."XID","D"."GNAME","A"."STATUS","E"."FLOW_NAME","A"."AUTHORIZATIONDATE","B"."NEXT_XID","B"."IS_ACTION_OK","E"."VUE_URL","E"."VUE_NAME" ) T WHERE RowIndex BETWEEN 11 AND 20         
源信息：IIRS.Services.BDC.BankQueryServices+<>c__DisplayClass4_0.<GetAgencyTaskList>b__0         
行　号：64         
-----------------------------------------------------------
时　间：2022/05/11 11:11:13.736         
级　别：Debug         
模　块：IIRS.Services.BDC.BankQueryServices         
消　息： SELECT COUNT(1) FROM (SELECT  "B"."YWSLBH" AS "SLBH" , "B"."XID" AS "XID" , WM_CONCAT(DISTINCT TO_CHAR(C.QLRMC)) AS "QLRMC" , "D"."GNAME" AS "LCZL" , "A"."STATUS" AS "STATUSID" , "E"."FLOW_NAME" AS "STATUS" , "A"."AUTHORIZATIONDATE" AS "DATETIME" , "B"."NEXT_XID" AS "NEXT_XID" , "B"."IS_ACTION_OK" AS "IS_ACTION_OK" , "E"."VUE_URL" AS "VUE_URL" , "E"."VUE_NAME" AS "VUE_NAME"  FROM "BANKAUTHORIZE" A  ,"REGISTRATION_INFO"  B ,"QLRGL_INFO"  C ,"IFLOW_ACTION_GROUP"  D ,"IFLOW_ACTION"  E  WHERE (((( "A"."BID" = "B"."AUZ_ID" ) AND ( "B"."XID" = "C"."XID" )) AND ( "E"."GROUP_ID" = "D"."GROUP_ID" )) AND ( "A"."STATUS" = "E"."FLOW_ID" ))  AND ((( "B"."USER_ID" = :USER_ID0 ) AND ( "B"."NEXT_XID" IS NULL )) AND ( "B"."IS_ACTION_OK" = :IS_ACTION_OK2 ))GROUP BY "B"."YWSLBH","B"."XID","D"."GNAME","A"."STATUS","E"."FLOW_NAME","A"."AUTHORIZATIONDATE","B"."NEXT_XID","B"."IS_ACTION_OK","E"."VUE_URL","E"."VUE_NAME" ) CountTable          
源信息：IIRS.Services.BDC.BankQueryServices+<>c__DisplayClass4_0.<GetAgencyTaskList>b__0         
行　号：64         
-----------------------------------------------------------
时　间：2022/05/11 11:11:13.736         
级　别：Debug         
模　块：IIRS.Services.BDC.BankQueryServices         
消　息：SELECT * FROM (SELECT  "B"."YWSLBH" AS "SLBH" , "B"."XID" AS "XID" , WM_CONCAT(DISTINCT TO_CHAR(C.QLRMC)) AS "QLRMC" , "D"."GNAME" AS "LCZL" , "A"."STATUS" AS "STATUSID" , "E"."FLOW_NAME" AS "STATUS" , "A"."AUTHORIZATIONDATE" AS "DATETIME" , "B"."NEXT_XID" AS "NEXT_XID" , "B"."IS_ACTION_OK" AS "IS_ACTION_OK" , "E"."VUE_URL" AS "VUE_URL" , "E"."VUE_NAME" AS "VUE_NAME" ,ROW_NUMBER() OVER(ORDER BY "A"."AUTHORIZATIONDATE" DESC) AS RowIndex  FROM "BANKAUTHORIZE" A  ,"REGISTRATION_INFO"  B ,"QLRGL_INFO"  C ,"IFLOW_ACTION_GROUP"  D ,"IFLOW_ACTION"  E  WHERE (((( "A"."BID" = "B"."AUZ_ID" ) AND ( "B"."XID" = "C"."XID" )) AND ( "E"."GROUP_ID" = "D"."GROUP_ID" )) AND ( "A"."STATUS" = "E"."FLOW_ID" ))  AND ((( "B"."USER_ID" = :USER_ID0 ) AND ( "B"."NEXT_XID" IS NULL )) AND ( "B"."IS_ACTION_OK" = :IS_ACTION_OK2 ))GROUP BY "B"."YWSLBH","B"."XID","D"."GNAME","A"."STATUS","E"."FLOW_NAME","A"."AUTHORIZATIONDATE","B"."NEXT_XID","B"."IS_ACTION_OK","E"."VUE_URL","E"."VUE_NAME" ) T WHERE RowIndex BETWEEN 1 AND 10         
源信息：IIRS.Services.BDC.BankQueryServices+<>c__DisplayClass4_0.<GetAgencyTaskList>b__0         
行　号：64         
-----------------------------------------------------------
时　间：2022/05/11 11:11:15.121         
级　别：Debug         
模　块：IIRS.Services.BDC.BankQueryServices         
消　息： SELECT COUNT(1) FROM (SELECT  "B"."YWSLBH" AS "SLBH" , "B"."XID" AS "XID" , WM_CONCAT(DISTINCT TO_CHAR(C.QLRMC)) AS "QLRMC" , "D"."GNAME" AS "LCZL" , "A"."STATUS" AS "STATUSID" , "E"."FLOW_NAME" AS "STATUS" , "A"."AUTHORIZATIONDATE" AS "DATETIME" , "B"."NEXT_XID" AS "NEXT_XID" , "B"."IS_ACTION_OK" AS "IS_ACTION_OK" , "E"."VUE_URL" AS "VUE_URL" , "E"."VUE_NAME" AS "VUE_NAME"  FROM "BANKAUTHORIZE" A  ,"REGISTRATION_INFO"  B ,"QLRGL_INFO"  C ,"IFLOW_ACTION_GROUP"  D ,"IFLOW_ACTION"  E  WHERE (((( "A"."BID" = "B"."AUZ_ID" ) AND ( "B"."XID" = "C"."XID" )) AND ( "E"."GROUP_ID" = "D"."GROUP_ID" )) AND ( "A"."STATUS" = "E"."FLOW_ID" ))  AND ((( "B"."USER_ID" = :USER_ID0 ) AND ( "B"."NEXT_XID" IS NULL )) AND ( "B"."IS_ACTION_OK" = :IS_ACTION_OK2 ))GROUP BY "B"."YWSLBH","B"."XID","D"."GNAME","A"."STATUS","E"."FLOW_NAME","A"."AUTHORIZATIONDATE","B"."NEXT_XID","B"."IS_ACTION_OK","E"."VUE_URL","E"."VUE_NAME" ) CountTable          
源信息：IIRS.Services.BDC.BankQueryServices+<>c__DisplayClass4_0.<GetAgencyTaskList>b__0         
行　号：64         
-----------------------------------------------------------
时　间：2022/05/11 11:11:15.131         
级　别：Debug         
模　块：IIRS.Services.BDC.BankQueryServices         
消　息：SELECT * FROM (SELECT  "B"."YWSLBH" AS "SLBH" , "B"."XID" AS "XID" , WM_CONCAT(DISTINCT TO_CHAR(C.QLRMC)) AS "QLRMC" , "D"."GNAME" AS "LCZL" , "A"."STATUS" AS "STATUSID" , "E"."FLOW_NAME" AS "STATUS" , "A"."AUTHORIZATIONDATE" AS "DATETIME" , "B"."NEXT_XID" AS "NEXT_XID" , "B"."IS_ACTION_OK" AS "IS_ACTION_OK" , "E"."VUE_URL" AS "VUE_URL" , "E"."VUE_NAME" AS "VUE_NAME" ,ROW_NUMBER() OVER(ORDER BY "A"."AUTHORIZATIONDATE" DESC) AS RowIndex  FROM "BANKAUTHORIZE" A  ,"REGISTRATION_INFO"  B ,"QLRGL_INFO"  C ,"IFLOW_ACTION_GROUP"  D ,"IFLOW_ACTION"  E  WHERE (((( "A"."BID" = "B"."AUZ_ID" ) AND ( "B"."XID" = "C"."XID" )) AND ( "E"."GROUP_ID" = "D"."GROUP_ID" )) AND ( "A"."STATUS" = "E"."FLOW_ID" ))  AND ((( "B"."USER_ID" = :USER_ID0 ) AND ( "B"."NEXT_XID" IS NULL )) AND ( "B"."IS_ACTION_OK" = :IS_ACTION_OK2 ))GROUP BY "B"."YWSLBH","B"."XID","D"."GNAME","A"."STATUS","E"."FLOW_NAME","A"."AUTHORIZATIONDATE","B"."NEXT_XID","B"."IS_ACTION_OK","E"."VUE_URL","E"."VUE_NAME" ) T WHERE RowIndex BETWEEN 11 AND 20         
源信息：IIRS.Services.BDC.BankQueryServices+<>c__DisplayClass4_0.<GetAgencyTaskList>b__0         
行　号：64         
-----------------------------------------------------------
时　间：2022/05/11 11:11:15.628         
级　别：Debug         
模　块：IIRS.Services.BDC.BankQueryServices         
消　息： SELECT COUNT(1) FROM (SELECT  "B"."YWSLBH" AS "SLBH" , "B"."XID" AS "XID" , WM_CONCAT(DISTINCT TO_CHAR(C.QLRMC)) AS "QLRMC" , "D"."GNAME" AS "LCZL" , "A"."STATUS" AS "STATUSID" , "E"."FLOW_NAME" AS "STATUS" , "A"."AUTHORIZATIONDATE" AS "DATETIME" , "B"."NEXT_XID" AS "NEXT_XID" , "B"."IS_ACTION_OK" AS "IS_ACTION_OK" , "E"."VUE_URL" AS "VUE_URL" , "E"."VUE_NAME" AS "VUE_NAME"  FROM "BANKAUTHORIZE" A  ,"REGISTRATION_INFO"  B ,"QLRGL_INFO"  C ,"IFLOW_ACTION_GROUP"  D ,"IFLOW_ACTION"  E  WHERE (((( "A"."BID" = "B"."AUZ_ID" ) AND ( "B"."XID" = "C"."XID" )) AND ( "E"."GROUP_ID" = "D"."GROUP_ID" )) AND ( "A"."STATUS" = "E"."FLOW_ID" ))  AND ((( "B"."USER_ID" = :USER_ID0 ) AND ( "B"."NEXT_XID" IS NULL )) AND ( "B"."IS_ACTION_OK" = :IS_ACTION_OK2 ))GROUP BY "B"."YWSLBH","B"."XID","D"."GNAME","A"."STATUS","E"."FLOW_NAME","A"."AUTHORIZATIONDATE","B"."NEXT_XID","B"."IS_ACTION_OK","E"."VUE_URL","E"."VUE_NAME" ) CountTable          
源信息：IIRS.Services.BDC.BankQueryServices+<>c__DisplayClass4_0.<GetAgencyTaskList>b__0         
行　号：64         
-----------------------------------------------------------
时　间：2022/05/11 11:11:15.628         
级　别：Debug         
模　块：IIRS.Services.BDC.BankQueryServices         
消　息：SELECT * FROM (SELECT  "B"."YWSLBH" AS "SLBH" , "B"."XID" AS "XID" , WM_CONCAT(DISTINCT TO_CHAR(C.QLRMC)) AS "QLRMC" , "D"."GNAME" AS "LCZL" , "A"."STATUS" AS "STATUSID" , "E"."FLOW_NAME" AS "STATUS" , "A"."AUTHORIZATIONDATE" AS "DATETIME" , "B"."NEXT_XID" AS "NEXT_XID" , "B"."IS_ACTION_OK" AS "IS_ACTION_OK" , "E"."VUE_URL" AS "VUE_URL" , "E"."VUE_NAME" AS "VUE_NAME" ,ROW_NUMBER() OVER(ORDER BY "A"."AUTHORIZATIONDATE" DESC) AS RowIndex  FROM "BANKAUTHORIZE" A  ,"REGISTRATION_INFO"  B ,"QLRGL_INFO"  C ,"IFLOW_ACTION_GROUP"  D ,"IFLOW_ACTION"  E  WHERE (((( "A"."BID" = "B"."AUZ_ID" ) AND ( "B"."XID" = "C"."XID" )) AND ( "E"."GROUP_ID" = "D"."GROUP_ID" )) AND ( "A"."STATUS" = "E"."FLOW_ID" ))  AND ((( "B"."USER_ID" = :USER_ID0 ) AND ( "B"."NEXT_XID" IS NULL )) AND ( "B"."IS_ACTION_OK" = :IS_ACTION_OK2 ))GROUP BY "B"."YWSLBH","B"."XID","D"."GNAME","A"."STATUS","E"."FLOW_NAME","A"."AUTHORIZATIONDATE","B"."NEXT_XID","B"."IS_ACTION_OK","E"."VUE_URL","E"."VUE_NAME" ) T WHERE RowIndex BETWEEN 21 AND 30         
源信息：IIRS.Services.BDC.BankQueryServices+<>c__DisplayClass4_0.<GetAgencyTaskList>b__0         
行　号：64         
-----------------------------------------------------------
时　间：2022/05/11 11:11:16.535         
级　别：Debug         
模　块：IIRS.Services.BDC.BankQueryServices         
消　息： SELECT COUNT(1) FROM (SELECT  "B"."YWSLBH" AS "SLBH" , "B"."XID" AS "XID" , WM_CONCAT(DISTINCT TO_CHAR(C.QLRMC)) AS "QLRMC" , "D"."GNAME" AS "LCZL" , "A"."STATUS" AS "STATUSID" , "E"."FLOW_NAME" AS "STATUS" , "A"."AUTHORIZATIONDATE" AS "DATETIME" , "B"."NEXT_XID" AS "NEXT_XID" , "B"."IS_ACTION_OK" AS "IS_ACTION_OK" , "E"."VUE_URL" AS "VUE_URL" , "E"."VUE_NAME" AS "VUE_NAME"  FROM "BANKAUTHORIZE" A  ,"REGISTRATION_INFO"  B ,"QLRGL_INFO"  C ,"IFLOW_ACTION_GROUP"  D ,"IFLOW_ACTION"  E  WHERE (((( "A"."BID" = "B"."AUZ_ID" ) AND ( "B"."XID" = "C"."XID" )) AND ( "E"."GROUP_ID" = "D"."GROUP_ID" )) AND ( "A"."STATUS" = "E"."FLOW_ID" ))  AND ((( "B"."USER_ID" = :USER_ID0 ) AND ( "B"."NEXT_XID" IS NULL )) AND ( "B"."IS_ACTION_OK" = :IS_ACTION_OK2 ))GROUP BY "B"."YWSLBH","B"."XID","D"."GNAME","A"."STATUS","E"."FLOW_NAME","A"."AUTHORIZATIONDATE","B"."NEXT_XID","B"."IS_ACTION_OK","E"."VUE_URL","E"."VUE_NAME" ) CountTable          
源信息：IIRS.Services.BDC.BankQueryServices+<>c__DisplayClass4_0.<GetAgencyTaskList>b__0         
行　号：64         
-----------------------------------------------------------
时　间：2022/05/11 11:11:16.535         
级　别：Debug         
模　块：IIRS.Services.BDC.BankQueryServices         
消　息：SELECT * FROM (SELECT  "B"."YWSLBH" AS "SLBH" , "B"."XID" AS "XID" , WM_CONCAT(DISTINCT TO_CHAR(C.QLRMC)) AS "QLRMC" , "D"."GNAME" AS "LCZL" , "A"."STATUS" AS "STATUSID" , "E"."FLOW_NAME" AS "STATUS" , "A"."AUTHORIZATIONDATE" AS "DATETIME" , "B"."NEXT_XID" AS "NEXT_XID" , "B"."IS_ACTION_OK" AS "IS_ACTION_OK" , "E"."VUE_URL" AS "VUE_URL" , "E"."VUE_NAME" AS "VUE_NAME" ,ROW_NUMBER() OVER(ORDER BY "A"."AUTHORIZATIONDATE" DESC) AS RowIndex  FROM "BANKAUTHORIZE" A  ,"REGISTRATION_INFO"  B ,"QLRGL_INFO"  C ,"IFLOW_ACTION_GROUP"  D ,"IFLOW_ACTION"  E  WHERE (((( "A"."BID" = "B"."AUZ_ID" ) AND ( "B"."XID" = "C"."XID" )) AND ( "E"."GROUP_ID" = "D"."GROUP_ID" )) AND ( "A"."STATUS" = "E"."FLOW_ID" ))  AND ((( "B"."USER_ID" = :USER_ID0 ) AND ( "B"."NEXT_XID" IS NULL )) AND ( "B"."IS_ACTION_OK" = :IS_ACTION_OK2 ))GROUP BY "B"."YWSLBH","B"."XID","D"."GNAME","A"."STATUS","E"."FLOW_NAME","A"."AUTHORIZATIONDATE","B"."NEXT_XID","B"."IS_ACTION_OK","E"."VUE_URL","E"."VUE_NAME" ) T WHERE RowIndex BETWEEN 11 AND 20         
源信息：IIRS.Services.BDC.BankQueryServices+<>c__DisplayClass4_0.<GetAgencyTaskList>b__0         
行　号：64         
-----------------------------------------------------------
时　间：2022/05/11 11:11:16.747         
级　别：Debug         
模　块：IIRS.Services.BDC.BankQueryServices         
消　息： SELECT COUNT(1) FROM (SELECT  "B"."YWSLBH" AS "SLBH" , "B"."XID" AS "XID" , WM_CONCAT(DISTINCT TO_CHAR(C.QLRMC)) AS "QLRMC" , "D"."GNAME" AS "LCZL" , "A"."STATUS" AS "STATUSID" , "E"."FLOW_NAME" AS "STATUS" , "A"."AUTHORIZATIONDATE" AS "DATETIME" , "B"."NEXT_XID" AS "NEXT_XID" , "B"."IS_ACTION_OK" AS "IS_ACTION_OK" , "E"."VUE_URL" AS "VUE_URL" , "E"."VUE_NAME" AS "VUE_NAME"  FROM "BANKAUTHORIZE" A  ,"REGISTRATION_INFO"  B ,"QLRGL_INFO"  C ,"IFLOW_ACTION_GROUP"  D ,"IFLOW_ACTION"  E  WHERE (((( "A"."BID" = "B"."AUZ_ID" ) AND ( "B"."XID" = "C"."XID" )) AND ( "E"."GROUP_ID" = "D"."GROUP_ID" )) AND ( "A"."STATUS" = "E"."FLOW_ID" ))  AND ((( "B"."USER_ID" = :USER_ID0 ) AND ( "B"."NEXT_XID" IS NULL )) AND ( "B"."IS_ACTION_OK" = :IS_ACTION_OK2 ))GROUP BY "B"."YWSLBH","B"."XID","D"."GNAME","A"."STATUS","E"."FLOW_NAME","A"."AUTHORIZATIONDATE","B"."NEXT_XID","B"."IS_ACTION_OK","E"."VUE_URL","E"."VUE_NAME" ) CountTable          
源信息：IIRS.Services.BDC.BankQueryServices+<>c__DisplayClass4_0.<GetAgencyTaskList>b__0         
行　号：64         
-----------------------------------------------------------
时　间：2022/05/11 11:11:16.756         
级　别：Debug         
模　块：IIRS.Services.BDC.BankQueryServices         
消　息：SELECT * FROM (SELECT  "B"."YWSLBH" AS "SLBH" , "B"."XID" AS "XID" , WM_CONCAT(DISTINCT TO_CHAR(C.QLRMC)) AS "QLRMC" , "D"."GNAME" AS "LCZL" , "A"."STATUS" AS "STATUSID" , "E"."FLOW_NAME" AS "STATUS" , "A"."AUTHORIZATIONDATE" AS "DATETIME" , "B"."NEXT_XID" AS "NEXT_XID" , "B"."IS_ACTION_OK" AS "IS_ACTION_OK" , "E"."VUE_URL" AS "VUE_URL" , "E"."VUE_NAME" AS "VUE_NAME" ,ROW_NUMBER() OVER(ORDER BY "A"."AUTHORIZATIONDATE" DESC) AS RowIndex  FROM "BANKAUTHORIZE" A  ,"REGISTRATION_INFO"  B ,"QLRGL_INFO"  C ,"IFLOW_ACTION_GROUP"  D ,"IFLOW_ACTION"  E  WHERE (((( "A"."BID" = "B"."AUZ_ID" ) AND ( "B"."XID" = "C"."XID" )) AND ( "E"."GROUP_ID" = "D"."GROUP_ID" )) AND ( "A"."STATUS" = "E"."FLOW_ID" ))  AND ((( "B"."USER_ID" = :USER_ID0 ) AND ( "B"."NEXT_XID" IS NULL )) AND ( "B"."IS_ACTION_OK" = :IS_ACTION_OK2 ))GROUP BY "B"."YWSLBH","B"."XID","D"."GNAME","A"."STATUS","E"."FLOW_NAME","A"."AUTHORIZATIONDATE","B"."NEXT_XID","B"."IS_ACTION_OK","E"."VUE_URL","E"."VUE_NAME" ) T WHERE RowIndex BETWEEN 1 AND 10         
源信息：IIRS.Services.BDC.BankQueryServices+<>c__DisplayClass4_0.<GetAgencyTaskList>b__0         
行　号：64         
-----------------------------------------------------------
时　间：2022/05/11 11:11:19.310         
级　别：Debug         
模　块：IIRS.Services.BDC.BankQueryServices         
消　息： SELECT COUNT(1) FROM (SELECT  "B"."YWSLBH" AS "SLBH" , "B"."XID" AS "XID" , WM_CONCAT(DISTINCT TO_CHAR(C.QLRMC)) AS "QLRMC" , "D"."GNAME" AS "LCZL" , "A"."STATUS" AS "STATUSID" , "E"."FLOW_NAME" AS "STATUS" , "A"."AUTHORIZATIONDATE" AS "DATETIME" , "B"."NEXT_XID" AS "NEXT_XID" , "B"."IS_ACTION_OK" AS "IS_ACTION_OK" , "E"."VUE_URL" AS "VUE_URL" , "E"."VUE_NAME" AS "VUE_NAME"  FROM "BANKAUTHORIZE" A  ,"REGISTRATION_INFO"  B ,"QLRGL_INFO"  C ,"IFLOW_ACTION_GROUP"  D ,"IFLOW_ACTION"  E  WHERE (((( "A"."BID" = "B"."AUZ_ID" ) AND ( "B"."XID" = "C"."XID" )) AND ( "E"."GROUP_ID" = "D"."GROUP_ID" )) AND ( "A"."STATUS" = "E"."FLOW_ID" ))  AND ((( "B"."USER_ID" = :USER_ID0 ) AND ( "B"."NEXT_XID" IS NULL )) AND ( "B"."IS_ACTION_OK" = :IS_ACTION_OK2 ))GROUP BY "B"."YWSLBH","B"."XID","D"."GNAME","A"."STATUS","E"."FLOW_NAME","A"."AUTHORIZATIONDATE","B"."NEXT_XID","B"."IS_ACTION_OK","E"."VUE_URL","E"."VUE_NAME" ) CountTable          
源信息：IIRS.Services.BDC.BankQueryServices+<>c__DisplayClass4_0.<GetAgencyTaskList>b__0         
行　号：64         
-----------------------------------------------------------
时　间：2022/05/11 11:11:19.319         
级　别：Debug         
模　块：IIRS.Services.BDC.BankQueryServices         
消　息：SELECT * FROM (SELECT  "B"."YWSLBH" AS "SLBH" , "B"."XID" AS "XID" , WM_CONCAT(DISTINCT TO_CHAR(C.QLRMC)) AS "QLRMC" , "D"."GNAME" AS "LCZL" , "A"."STATUS" AS "STATUSID" , "E"."FLOW_NAME" AS "STATUS" , "A"."AUTHORIZATIONDATE" AS "DATETIME" , "B"."NEXT_XID" AS "NEXT_XID" , "B"."IS_ACTION_OK" AS "IS_ACTION_OK" , "E"."VUE_URL" AS "VUE_URL" , "E"."VUE_NAME" AS "VUE_NAME" ,ROW_NUMBER() OVER(ORDER BY "A"."AUTHORIZATIONDATE" DESC) AS RowIndex  FROM "BANKAUTHORIZE" A  ,"REGISTRATION_INFO"  B ,"QLRGL_INFO"  C ,"IFLOW_ACTION_GROUP"  D ,"IFLOW_ACTION"  E  WHERE (((( "A"."BID" = "B"."AUZ_ID" ) AND ( "B"."XID" = "C"."XID" )) AND ( "E"."GROUP_ID" = "D"."GROUP_ID" )) AND ( "A"."STATUS" = "E"."FLOW_ID" ))  AND ((( "B"."USER_ID" = :USER_ID0 ) AND ( "B"."NEXT_XID" IS NULL )) AND ( "B"."IS_ACTION_OK" = :IS_ACTION_OK2 ))GROUP BY "B"."YWSLBH","B"."XID","D"."GNAME","A"."STATUS","E"."FLOW_NAME","A"."AUTHORIZATIONDATE","B"."NEXT_XID","B"."IS_ACTION_OK","E"."VUE_URL","E"."VUE_NAME" ) T WHERE RowIndex BETWEEN 1 AND 5         
源信息：IIRS.Services.BDC.BankQueryServices+<>c__DisplayClass4_0.<GetAgencyTaskList>b__0         
行　号：64         
-----------------------------------------------------------
时　间：2022/05/11 11:11:22.861         
级　别：Debug         
模　块：IIRS.Services.BDC.BankQueryServices         
消　息： SELECT COUNT(1) FROM (SELECT  "B"."YWSLBH" AS "SLBH" , "B"."XID" AS "XID" , WM_CONCAT(DISTINCT TO_CHAR(C.QLRMC)) AS "QLRMC" , "D"."GNAME" AS "LCZL" , "A"."STATUS" AS "STATUSID" , "E"."FLOW_NAME" AS "STATUS" , "A"."AUTHORIZATIONDATE" AS "DATETIME" , "B"."NEXT_XID" AS "NEXT_XID" , "B"."IS_ACTION_OK" AS "IS_ACTION_OK" , "E"."VUE_URL" AS "VUE_URL" , "E"."VUE_NAME" AS "VUE_NAME"  FROM "BANKAUTHORIZE" A  ,"REGISTRATION_INFO"  B ,"QLRGL_INFO"  C ,"IFLOW_ACTION_GROUP"  D ,"IFLOW_ACTION"  E  WHERE (((( "A"."BID" = "B"."AUZ_ID" ) AND ( "B"."XID" = "C"."XID" )) AND ( "E"."GROUP_ID" = "D"."GROUP_ID" )) AND ( "A"."STATUS" = "E"."FLOW_ID" ))  AND ((( "B"."USER_ID" = :USER_ID0 ) AND ( "B"."NEXT_XID" IS NULL )) AND ( "B"."IS_ACTION_OK" = :IS_ACTION_OK2 ))GROUP BY "B"."YWSLBH","B"."XID","D"."GNAME","A"."STATUS","E"."FLOW_NAME","A"."AUTHORIZATIONDATE","B"."NEXT_XID","B"."IS_ACTION_OK","E"."VUE_URL","E"."VUE_NAME" ) CountTable          
源信息：IIRS.Services.BDC.BankQueryServices+<>c__DisplayClass4_0.<GetAgencyTaskList>b__0         
行　号：64         
-----------------------------------------------------------
时　间：2022/05/11 11:11:22.861         
级　别：Debug         
模　块：IIRS.Services.BDC.BankQueryServices         
消　息：SELECT * FROM (SELECT  "B"."YWSLBH" AS "SLBH" , "B"."XID" AS "XID" , WM_CONCAT(DISTINCT TO_CHAR(C.QLRMC)) AS "QLRMC" , "D"."GNAME" AS "LCZL" , "A"."STATUS" AS "STATUSID" , "E"."FLOW_NAME" AS "STATUS" , "A"."AUTHORIZATIONDATE" AS "DATETIME" , "B"."NEXT_XID" AS "NEXT_XID" , "B"."IS_ACTION_OK" AS "IS_ACTION_OK" , "E"."VUE_URL" AS "VUE_URL" , "E"."VUE_NAME" AS "VUE_NAME" ,ROW_NUMBER() OVER(ORDER BY "A"."AUTHORIZATIONDATE" DESC) AS RowIndex  FROM "BANKAUTHORIZE" A  ,"REGISTRATION_INFO"  B ,"QLRGL_INFO"  C ,"IFLOW_ACTION_GROUP"  D ,"IFLOW_ACTION"  E  WHERE (((( "A"."BID" = "B"."AUZ_ID" ) AND ( "B"."XID" = "C"."XID" )) AND ( "E"."GROUP_ID" = "D"."GROUP_ID" )) AND ( "A"."STATUS" = "E"."FLOW_ID" ))  AND ((( "B"."USER_ID" = :USER_ID0 ) AND ( "B"."NEXT_XID" IS NULL )) AND ( "B"."IS_ACTION_OK" = :IS_ACTION_OK2 ))GROUP BY "B"."YWSLBH","B"."XID","D"."GNAME","A"."STATUS","E"."FLOW_NAME","A"."AUTHORIZATIONDATE","B"."NEXT_XID","B"."IS_ACTION_OK","E"."VUE_URL","E"."VUE_NAME" ) T WHERE RowIndex BETWEEN 6 AND 10         
源信息：IIRS.Services.BDC.BankQueryServices+<>c__DisplayClass4_0.<GetAgencyTaskList>b__0         
行　号：64         
-----------------------------------------------------------
时　间：2022/05/11 11:11:24.494         
级　别：Debug         
模　块：IIRS.Services.BDC.BankQueryServices         
消　息： SELECT COUNT(1) FROM (SELECT  "B"."YWSLBH" AS "SLBH" , "B"."XID" AS "XID" , WM_CONCAT(DISTINCT TO_CHAR(C.QLRMC)) AS "QLRMC" , "D"."GNAME" AS "LCZL" , "A"."STATUS" AS "STATUSID" , "E"."FLOW_NAME" AS "STATUS" , "A"."AUTHORIZATIONDATE" AS "DATETIME" , "B"."NEXT_XID" AS "NEXT_XID" , "B"."IS_ACTION_OK" AS "IS_ACTION_OK" , "E"."VUE_URL" AS "VUE_URL" , "E"."VUE_NAME" AS "VUE_NAME"  FROM "BANKAUTHORIZE" A  ,"REGISTRATION_INFO"  B ,"QLRGL_INFO"  C ,"IFLOW_ACTION_GROUP"  D ,"IFLOW_ACTION"  E  WHERE (((( "A"."BID" = "B"."AUZ_ID" ) AND ( "B"."XID" = "C"."XID" )) AND ( "E"."GROUP_ID" = "D"."GROUP_ID" )) AND ( "A"."STATUS" = "E"."FLOW_ID" ))  AND ((( "B"."USER_ID" = :USER_ID0 ) AND ( "B"."NEXT_XID" IS NULL )) AND ( "B"."IS_ACTION_OK" = :IS_ACTION_OK2 ))GROUP BY "B"."YWSLBH","B"."XID","D"."GNAME","A"."STATUS","E"."FLOW_NAME","A"."AUTHORIZATIONDATE","B"."NEXT_XID","B"."IS_ACTION_OK","E"."VUE_URL","E"."VUE_NAME" ) CountTable          
源信息：IIRS.Services.BDC.BankQueryServices+<>c__DisplayClass4_0.<GetAgencyTaskList>b__0         
行　号：64         
-----------------------------------------------------------
时　间：2022/05/11 11:11:24.504         
级　别：Debug         
模　块：IIRS.Services.BDC.BankQueryServices         
消　息：SELECT * FROM (SELECT  "B"."YWSLBH" AS "SLBH" , "B"."XID" AS "XID" , WM_CONCAT(DISTINCT TO_CHAR(C.QLRMC)) AS "QLRMC" , "D"."GNAME" AS "LCZL" , "A"."STATUS" AS "STATUSID" , "E"."FLOW_NAME" AS "STATUS" , "A"."AUTHORIZATIONDATE" AS "DATETIME" , "B"."NEXT_XID" AS "NEXT_XID" , "B"."IS_ACTION_OK" AS "IS_ACTION_OK" , "E"."VUE_URL" AS "VUE_URL" , "E"."VUE_NAME" AS "VUE_NAME" ,ROW_NUMBER() OVER(ORDER BY "A"."AUTHORIZATIONDATE" DESC) AS RowIndex  FROM "BANKAUTHORIZE" A  ,"REGISTRATION_INFO"  B ,"QLRGL_INFO"  C ,"IFLOW_ACTION_GROUP"  D ,"IFLOW_ACTION"  E  WHERE (((( "A"."BID" = "B"."AUZ_ID" ) AND ( "B"."XID" = "C"."XID" )) AND ( "E"."GROUP_ID" = "D"."GROUP_ID" )) AND ( "A"."STATUS" = "E"."FLOW_ID" ))  AND ((( "B"."USER_ID" = :USER_ID0 ) AND ( "B"."NEXT_XID" IS NULL )) AND ( "B"."IS_ACTION_OK" = :IS_ACTION_OK2 ))GROUP BY "B"."YWSLBH","B"."XID","D"."GNAME","A"."STATUS","E"."FLOW_NAME","A"."AUTHORIZATIONDATE","B"."NEXT_XID","B"."IS_ACTION_OK","E"."VUE_URL","E"."VUE_NAME" ) T WHERE RowIndex BETWEEN 1 AND 5         
源信息：IIRS.Services.BDC.BankQueryServices+<>c__DisplayClass4_0.<GetAgencyTaskList>b__0         
行　号：64         
-----------------------------------------------------------
时　间：2022/05/11 11:11:34.736         
级　别：Debug         
模　块：IIRS.Services.BDC.BankQueryServices         
消　息： SELECT COUNT(1) FROM (SELECT  "B"."YWSLBH" AS "SLBH" , "B"."XID" AS "XID" , WM_CONCAT(DISTINCT TO_CHAR(C.QLRMC)) AS "QLRMC" , "D"."GNAME" AS "LCZL" , "A"."STATUS" AS "STATUSID" , "E"."FLOW_NAME" AS "STATUS" , "A"."AUTHORIZATIONDATE" AS "DATETIME" , "B"."NEXT_XID" AS "NEXT_XID" , "B"."IS_ACTION_OK" AS "IS_ACTION_OK" , "E"."VUE_URL" AS "VUE_URL" , "E"."VUE_NAME" AS "VUE_NAME"  FROM "BANKAUTHORIZE" A  ,"REGISTRATION_INFO"  B ,"QLRGL_INFO"  C ,"IFLOW_ACTION_GROUP"  D ,"IFLOW_ACTION"  E  WHERE (((( "A"."BID" = "B"."AUZ_ID" ) AND ( "B"."XID" = "C"."XID" )) AND ( "E"."GROUP_ID" = "D"."GROUP_ID" )) AND ( "A"."STATUS" = "E"."FLOW_ID" ))  AND ((( "B"."USER_ID" = :USER_ID0 ) AND ( "B"."NEXT_XID" IS NULL )) AND ( "B"."IS_ACTION_OK" = :IS_ACTION_OK2 ))GROUP BY "B"."YWSLBH","B"."XID","D"."GNAME","A"."STATUS","E"."FLOW_NAME","A"."AUTHORIZATIONDATE","B"."NEXT_XID","B"."IS_ACTION_OK","E"."VUE_URL","E"."VUE_NAME" ) CountTable          
源信息：IIRS.Services.BDC.BankQueryServices+<>c__DisplayClass4_0.<GetAgencyTaskList>b__0         
行　号：64         
-----------------------------------------------------------
时　间：2022/05/11 11:11:34.736         
级　别：Debug         
模　块：IIRS.Services.BDC.BankQueryServices         
消　息：SELECT * FROM (SELECT  "B"."YWSLBH" AS "SLBH" , "B"."XID" AS "XID" , WM_CONCAT(DISTINCT TO_CHAR(C.QLRMC)) AS "QLRMC" , "D"."GNAME" AS "LCZL" , "A"."STATUS" AS "STATUSID" , "E"."FLOW_NAME" AS "STATUS" , "A"."AUTHORIZATIONDATE" AS "DATETIME" , "B"."NEXT_XID" AS "NEXT_XID" , "B"."IS_ACTION_OK" AS "IS_ACTION_OK" , "E"."VUE_URL" AS "VUE_URL" , "E"."VUE_NAME" AS "VUE_NAME" ,ROW_NUMBER() OVER(ORDER BY "A"."AUTHORIZATIONDATE" DESC) AS RowIndex  FROM "BANKAUTHORIZE" A  ,"REGISTRATION_INFO"  B ,"QLRGL_INFO"  C ,"IFLOW_ACTION_GROUP"  D ,"IFLOW_ACTION"  E  WHERE (((( "A"."BID" = "B"."AUZ_ID" ) AND ( "B"."XID" = "C"."XID" )) AND ( "E"."GROUP_ID" = "D"."GROUP_ID" )) AND ( "A"."STATUS" = "E"."FLOW_ID" ))  AND ((( "B"."USER_ID" = :USER_ID0 ) AND ( "B"."NEXT_XID" IS NULL )) AND ( "B"."IS_ACTION_OK" = :IS_ACTION_OK2 ))GROUP BY "B"."YWSLBH","B"."XID","D"."GNAME","A"."STATUS","E"."FLOW_NAME","A"."AUTHORIZATIONDATE","B"."NEXT_XID","B"."IS_ACTION_OK","E"."VUE_URL","E"."VUE_NAME" ) T WHERE RowIndex BETWEEN 1 AND 10         
源信息：IIRS.Services.BDC.BankQueryServices+<>c__DisplayClass4_0.<GetAgencyTaskList>b__0         
行　号：64         
-----------------------------------------------------------
