时　间：2022/07/12 10:55:31.298         
级　别：Debug         
模　块：IIRS.Services.BDC.BdcPrintServices         
消　息：SELECT  WM_CONCAT(DISTINCT TO_CHAR(QLRMC)) AS "QLRMC" , WM_CONCAT(DISTINCT TO_CHAR(ZJHM)) AS "ZJHM" , WM_CONCAT(DISTINCT TO_CHAR(ZJLB_ZWM)) AS "ZJLB_ZWM"  FROM "QLRGL_INFO"  WHERE (( "QLRLX" = :QLRLX0 ) AND ( "XID" = :XID1 ))         
源信息：IIRS.Services.BDC.BdcPrintServices+<>c__DisplayClass6_0.<GetPersonList>b__0         
行　号：140         
-----------------------------------------------------------
时　间：2022/07/12 10:55:31.494         
级　别：Debug         
模　块：IIRS.Services.BDC.BdcPrintServices         
消　息：SELECT  WM_CONCAT(DISTINCT TO_CHAR(QLRMC)) AS "QLRMC" , WM_CONCAT(DISTINCT TO_CHAR(ZJHM)) AS "ZJHM" , WM_CONCAT(DISTINCT TO_CHAR(ZJLB_ZWM)) AS "ZJLB_ZWM"  FROM "QLRGL_INFO"  WHERE (( "QLRLX" = :QLRLX0 ) AND ( "XID" = :XID1 ))         
源信息：IIRS.Services.BDC.BdcPrintServices+<>c__DisplayClass6_0.<GetPersonList>b__0         
行　号：140         
-----------------------------------------------------------
时　间：2022/07/12 10:55:31.494         
级　别：Debug         
模　块：IIRS.Services.BDC.BdcPrintServices         
消　息：SELECT  WM_CONCAT(DISTINCT TO_CHAR(QLRMC)) AS "QLRMC" , WM_CONCAT(DISTINCT TO_CHAR(ZJHM)) AS "ZJHM" , WM_CONCAT(DISTINCT TO_CHAR(ZJLB_ZWM)) AS "ZJLB_ZWM"  FROM "QLRGL_INFO"  WHERE (( "QLRLX" = :QLRLX0 ) AND ( "XID" = :XID1 ))         
源信息：IIRS.Services.BDC.BdcPrintServices+<>c__DisplayClass6_0.<GetPersonList>b__0         
行　号：140         
-----------------------------------------------------------
时　间：2022/07/12 10:55:31.509         
级　别：Debug         
模　块：IIRS.Services.BDC.BdcPrintServices         
消　息：SELECT  WM_CONCAT(DISTINCT TO_CHAR(QLRMC)) AS "QLRMC" , WM_CONCAT(DISTINCT TO_CHAR(ZJHM)) AS "ZJHM" , WM_CONCAT(DISTINCT TO_CHAR(ZJLB_ZWM)) AS "ZJLB_ZWM"  FROM "QLRGL_INFO"  WHERE (( "QLRLX" = :QLRLX0 ) AND ( "XID" = :XID1 ))         
源信息：IIRS.Services.BDC.BdcPrintServices+<>c__DisplayClass6_0.<GetPersonList>b__0         
行　号：140         
-----------------------------------------------------------
时　间：2022/07/12 10:55:32.906         
级　别：Debug         
模　块：IIRS.Services.BDC.BdcPrintServices         
消　息：SELECT  "GROUP_NAME" AS "GROUP_NAME" , COUNT("GROUP_NAME") AS "COUNT"  FROM "PUB_ATT_FILE"  WHERE ( "XID" = :XID0 )GROUP BY "GROUP_NAME"          
源信息：IIRS.Services.BDC.BdcPrintServices+<>c__DisplayClass6_0.<GetPersonList>b__0         
行　号：140         
-----------------------------------------------------------
时　间：2022/07/12 14:32:45.497         
级　别：Debug         
模　块：IIRS.Services.BDC.BdcPrintServices         
消　息：SELECT  WM_CONCAT(DISTINCT TO_CHAR(QLRMC)) AS "QLRMC" , WM_CONCAT(DISTINCT TO_CHAR(ZJHM)) AS "ZJHM" , WM_CONCAT(DISTINCT TO_CHAR(ZJLB_ZWM)) AS "ZJLB_ZWM"  FROM "QLRGL_INFO"  WHERE (( "QLRLX" = :QLRLX0 ) AND ( "XID" = :XID1 ))         
源信息：IIRS.Services.BDC.BdcPrintServices+<>c__DisplayClass6_0.<GetPersonList>b__0         
行　号：140         
-----------------------------------------------------------
时　间：2022/07/12 14:32:45.685         
级　别：Debug         
模　块：IIRS.Services.BDC.BdcPrintServices         
消　息：SELECT  WM_CONCAT(DISTINCT TO_CHAR(QLRMC)) AS "QLRMC" , WM_CONCAT(DISTINCT TO_CHAR(ZJHM)) AS "ZJHM" , WM_CONCAT(DISTINCT TO_CHAR(ZJLB_ZWM)) AS "ZJLB_ZWM"  FROM "QLRGL_INFO"  WHERE (( "QLRLX" = :QLRLX0 ) AND ( "XID" = :XID1 ))         
源信息：IIRS.Services.BDC.BdcPrintServices+<>c__DisplayClass6_0.<GetPersonList>b__0         
行　号：140         
-----------------------------------------------------------
时　间：2022/07/12 14:32:45.692         
级　别：Debug         
模　块：IIRS.Services.BDC.BdcPrintServices         
消　息：SELECT  WM_CONCAT(DISTINCT TO_CHAR(QLRMC)) AS "QLRMC" , WM_CONCAT(DISTINCT TO_CHAR(ZJHM)) AS "ZJHM" , WM_CONCAT(DISTINCT TO_CHAR(ZJLB_ZWM)) AS "ZJLB_ZWM"  FROM "QLRGL_INFO"  WHERE (( "QLRLX" = :QLRLX0 ) AND ( "XID" = :XID1 ))         
源信息：IIRS.Services.BDC.BdcPrintServices+<>c__DisplayClass6_0.<GetPersonList>b__0         
行　号：140         
-----------------------------------------------------------
时　间：2022/07/12 14:32:45.692         
级　别：Debug         
模　块：IIRS.Services.BDC.BdcPrintServices         
消　息：SELECT  WM_CONCAT(DISTINCT TO_CHAR(QLRMC)) AS "QLRMC" , WM_CONCAT(DISTINCT TO_CHAR(ZJHM)) AS "ZJHM" , WM_CONCAT(DISTINCT TO_CHAR(ZJLB_ZWM)) AS "ZJLB_ZWM"  FROM "QLRGL_INFO"  WHERE (( "QLRLX" = :QLRLX0 ) AND ( "XID" = :XID1 ))         
源信息：IIRS.Services.BDC.BdcPrintServices+<>c__DisplayClass6_0.<GetPersonList>b__0         
行　号：140         
-----------------------------------------------------------
时　间：2022/07/12 14:32:45.713         
级　别：Debug         
模　块：IIRS.Services.BDC.BdcPrintServices         
消　息：SELECT  "GROUP_NAME" AS "GROUP_NAME" , COUNT("GROUP_NAME") AS "COUNT"  FROM "PUB_ATT_FILE"  WHERE ( "XID" = :XID0 )GROUP BY "GROUP_NAME"          
源信息：IIRS.Services.BDC.BdcPrintServices+<>c__DisplayClass6_0.<GetPersonList>b__0         
行　号：140         
-----------------------------------------------------------
时　间：2022/07/12 14:36:22.541         
级　别：Debug         
模　块：IIRS.Services.BDC.BdcPrintServices         
消　息：SELECT  WM_CONCAT(DISTINCT TO_CHAR(QLRMC)) AS "QLRMC" , WM_CONCAT(DISTINCT TO_CHAR(ZJHM)) AS "ZJHM" , WM_CONCAT(DISTINCT TO_CHAR(ZJLB_ZWM)) AS "ZJLB_ZWM"  FROM "QLRGL_INFO"  WHERE (( "QLRLX" = :QLRLX0 ) AND ( "XID" = :XID1 ))         
源信息：IIRS.Services.BDC.BdcPrintServices+<>c__DisplayClass6_0.<GetPersonList>b__0         
行　号：140         
-----------------------------------------------------------
时　间：2022/07/12 14:36:22.541         
级　别：Debug         
模　块：IIRS.Services.BDC.BdcPrintServices         
消　息：SELECT  WM_CONCAT(DISTINCT TO_CHAR(QLRMC)) AS "QLRMC" , WM_CONCAT(DISTINCT TO_CHAR(ZJHM)) AS "ZJHM" , WM_CONCAT(DISTINCT TO_CHAR(ZJLB_ZWM)) AS "ZJLB_ZWM"  FROM "QLRGL_INFO"  WHERE (( "QLRLX" = :QLRLX0 ) AND ( "XID" = :XID1 ))         
源信息：IIRS.Services.BDC.BdcPrintServices+<>c__DisplayClass6_0.<GetPersonList>b__0         
行　号：140         
-----------------------------------------------------------
时　间：2022/07/12 14:36:22.541         
级　别：Debug         
模　块：IIRS.Services.BDC.BdcPrintServices         
消　息：SELECT  WM_CONCAT(DISTINCT TO_CHAR(QLRMC)) AS "QLRMC" , WM_CONCAT(DISTINCT TO_CHAR(ZJHM)) AS "ZJHM" , WM_CONCAT(DISTINCT TO_CHAR(ZJLB_ZWM)) AS "ZJLB_ZWM"  FROM "QLRGL_INFO"  WHERE (( "QLRLX" = :QLRLX0 ) AND ( "XID" = :XID1 ))         
源信息：IIRS.Services.BDC.BdcPrintServices+<>c__DisplayClass6_0.<GetPersonList>b__0         
行　号：140         
-----------------------------------------------------------
时　间：2022/07/12 14:36:22.553         
级　别：Debug         
模　块：IIRS.Services.BDC.BdcPrintServices         
消　息：SELECT  WM_CONCAT(DISTINCT TO_CHAR(QLRMC)) AS "QLRMC" , WM_CONCAT(DISTINCT TO_CHAR(ZJHM)) AS "ZJHM" , WM_CONCAT(DISTINCT TO_CHAR(ZJLB_ZWM)) AS "ZJLB_ZWM"  FROM "QLRGL_INFO"  WHERE (( "QLRLX" = :QLRLX0 ) AND ( "XID" = :XID1 ))         
源信息：IIRS.Services.BDC.BdcPrintServices+<>c__DisplayClass6_0.<GetPersonList>b__0         
行　号：140         
-----------------------------------------------------------
时　间：2022/07/12 14:36:29.535         
级　别：Debug         
模　块：IIRS.Services.BDC.BdcPrintServices         
消　息：SELECT  "GROUP_NAME" AS "GROUP_NAME" , COUNT("GROUP_NAME") AS "COUNT"  FROM "PUB_ATT_FILE"  WHERE ( "XID" = :XID0 )GROUP BY "GROUP_NAME"          
源信息：IIRS.Services.BDC.BdcPrintServices+<>c__DisplayClass6_0.<GetPersonList>b__0         
行　号：140         
-----------------------------------------------------------
时　间：2022/07/12 14:38:28.691         
级　别：Debug         
模　块：IIRS.Services.BDC.BdcPrintServices         
消　息：SELECT  WM_CONCAT(DISTINCT TO_CHAR(QLRMC)) AS "QLRMC" , WM_CONCAT(DISTINCT TO_CHAR(ZJHM)) AS "ZJHM" , WM_CONCAT(DISTINCT TO_CHAR(ZJLB_ZWM)) AS "ZJLB_ZWM"  FROM "QLRGL_INFO"  WHERE (( "QLRLX" = :QLRLX0 ) AND ( "XID" = :XID1 ))         
源信息：IIRS.Services.BDC.BdcPrintServices+<>c__DisplayClass6_0.<GetPersonList>b__0         
行　号：140         
-----------------------------------------------------------
时　间：2022/07/12 14:38:28.869         
级　别：Debug         
模　块：IIRS.Services.BDC.BdcPrintServices         
消　息：SELECT  WM_CONCAT(DISTINCT TO_CHAR(QLRMC)) AS "QLRMC" , WM_CONCAT(DISTINCT TO_CHAR(ZJHM)) AS "ZJHM" , WM_CONCAT(DISTINCT TO_CHAR(ZJLB_ZWM)) AS "ZJLB_ZWM"  FROM "QLRGL_INFO"  WHERE (( "QLRLX" = :QLRLX0 ) AND ( "XID" = :XID1 ))         
源信息：IIRS.Services.BDC.BdcPrintServices+<>c__DisplayClass6_0.<GetPersonList>b__0         
行　号：140         
-----------------------------------------------------------
时　间：2022/07/12 14:38:28.869         
级　别：Debug         
模　块：IIRS.Services.BDC.BdcPrintServices         
消　息：SELECT  WM_CONCAT(DISTINCT TO_CHAR(QLRMC)) AS "QLRMC" , WM_CONCAT(DISTINCT TO_CHAR(ZJHM)) AS "ZJHM" , WM_CONCAT(DISTINCT TO_CHAR(ZJLB_ZWM)) AS "ZJLB_ZWM"  FROM "QLRGL_INFO"  WHERE (( "QLRLX" = :QLRLX0 ) AND ( "XID" = :XID1 ))         
源信息：IIRS.Services.BDC.BdcPrintServices+<>c__DisplayClass6_0.<GetPersonList>b__0         
行　号：140         
-----------------------------------------------------------
时　间：2022/07/12 14:38:28.883         
级　别：Debug         
模　块：IIRS.Services.BDC.BdcPrintServices         
消　息：SELECT  WM_CONCAT(DISTINCT TO_CHAR(QLRMC)) AS "QLRMC" , WM_CONCAT(DISTINCT TO_CHAR(ZJHM)) AS "ZJHM" , WM_CONCAT(DISTINCT TO_CHAR(ZJLB_ZWM)) AS "ZJLB_ZWM"  FROM "QLRGL_INFO"  WHERE (( "QLRLX" = :QLRLX0 ) AND ( "XID" = :XID1 ))         
源信息：IIRS.Services.BDC.BdcPrintServices+<>c__DisplayClass6_0.<GetPersonList>b__0         
行　号：140         
-----------------------------------------------------------
时　间：2022/07/12 14:38:35.363         
级　别：Debug         
模　块：IIRS.Services.BDC.BdcPrintServices         
消　息：SELECT  "GROUP_NAME" AS "GROUP_NAME" , COUNT("GROUP_NAME") AS "COUNT"  FROM "PUB_ATT_FILE"  WHERE ( "XID" = :XID0 )GROUP BY "GROUP_NAME"          
源信息：IIRS.Services.BDC.BdcPrintServices+<>c__DisplayClass6_0.<GetPersonList>b__0         
行　号：140         
-----------------------------------------------------------
时　间：2022/07/12 14:39:26.586         
级　别：Debug         
模　块：IIRS.Services.BDC.BdcPrintServices         
消　息：SELECT  WM_CONCAT(DISTINCT TO_CHAR(QLRMC)) AS "QLRMC" , WM_CONCAT(DISTINCT TO_CHAR(ZJHM)) AS "ZJHM" , WM_CONCAT(DISTINCT TO_CHAR(ZJLB_ZWM)) AS "ZJLB_ZWM"  FROM "QLRGL_INFO"  WHERE (( "QLRLX" = :QLRLX0 ) AND ( "XID" = :XID1 ))         
源信息：IIRS.Services.BDC.BdcPrintServices+<>c__DisplayClass6_0.<GetPersonList>b__0         
行　号：140         
-----------------------------------------------------------
时　间：2022/07/12 14:39:26.586         
级　别：Debug         
模　块：IIRS.Services.BDC.BdcPrintServices         
消　息：SELECT  WM_CONCAT(DISTINCT TO_CHAR(QLRMC)) AS "QLRMC" , WM_CONCAT(DISTINCT TO_CHAR(ZJHM)) AS "ZJHM" , WM_CONCAT(DISTINCT TO_CHAR(ZJLB_ZWM)) AS "ZJLB_ZWM"  FROM "QLRGL_INFO"  WHERE (( "QLRLX" = :QLRLX0 ) AND ( "XID" = :XID1 ))         
源信息：IIRS.Services.BDC.BdcPrintServices+<>c__DisplayClass6_0.<GetPersonList>b__0         
行　号：140         
-----------------------------------------------------------
时　间：2022/07/12 14:39:26.586         
级　别：Debug         
模　块：IIRS.Services.BDC.BdcPrintServices         
消　息：SELECT  WM_CONCAT(DISTINCT TO_CHAR(QLRMC)) AS "QLRMC" , WM_CONCAT(DISTINCT TO_CHAR(ZJHM)) AS "ZJHM" , WM_CONCAT(DISTINCT TO_CHAR(ZJLB_ZWM)) AS "ZJLB_ZWM"  FROM "QLRGL_INFO"  WHERE (( "QLRLX" = :QLRLX0 ) AND ( "XID" = :XID1 ))         
源信息：IIRS.Services.BDC.BdcPrintServices+<>c__DisplayClass6_0.<GetPersonList>b__0         
行　号：140         
-----------------------------------------------------------
时　间：2022/07/12 14:39:26.598         
级　别：Debug         
模　块：IIRS.Services.BDC.BdcPrintServices         
消　息：SELECT  WM_CONCAT(DISTINCT TO_CHAR(QLRMC)) AS "QLRMC" , WM_CONCAT(DISTINCT TO_CHAR(ZJHM)) AS "ZJHM" , WM_CONCAT(DISTINCT TO_CHAR(ZJLB_ZWM)) AS "ZJLB_ZWM"  FROM "QLRGL_INFO"  WHERE (( "QLRLX" = :QLRLX0 ) AND ( "XID" = :XID1 ))         
源信息：IIRS.Services.BDC.BdcPrintServices+<>c__DisplayClass6_0.<GetPersonList>b__0         
行　号：140         
-----------------------------------------------------------
时　间：2022/07/12 14:39:26.598         
级　别：Debug         
模　块：IIRS.Services.BDC.BdcPrintServices         
消　息：SELECT  "GROUP_NAME" AS "GROUP_NAME" , COUNT("GROUP_NAME") AS "COUNT"  FROM "PUB_ATT_FILE"  WHERE ( "XID" = :XID0 )GROUP BY "GROUP_NAME"          
源信息：IIRS.Services.BDC.BdcPrintServices+<>c__DisplayClass6_0.<GetPersonList>b__0         
行　号：140         
-----------------------------------------------------------
时　间：2022/07/12 14:40:50.354         
级　别：Debug         
模　块：IIRS.Services.BDC.BdcPrintServices         
消　息：SELECT  WM_CONCAT(DISTINCT TO_CHAR(QLRMC)) AS "QLRMC" , WM_CONCAT(DISTINCT TO_CHAR(ZJHM)) AS "ZJHM" , WM_CONCAT(DISTINCT TO_CHAR(ZJLB_ZWM)) AS "ZJLB_ZWM"  FROM "QLRGL_INFO"  WHERE (( "QLRLX" = :QLRLX0 ) AND ( "XID" = :XID1 ))         
源信息：IIRS.Services.BDC.BdcPrintServices+<>c__DisplayClass6_0.<GetPersonList>b__0         
行　号：140         
-----------------------------------------------------------
时　间：2022/07/12 14:40:50.534         
级　别：Debug         
模　块：IIRS.Services.BDC.BdcPrintServices         
消　息：SELECT  WM_CONCAT(DISTINCT TO_CHAR(QLRMC)) AS "QLRMC" , WM_CONCAT(DISTINCT TO_CHAR(ZJHM)) AS "ZJHM" , WM_CONCAT(DISTINCT TO_CHAR(ZJLB_ZWM)) AS "ZJLB_ZWM"  FROM "QLRGL_INFO"  WHERE (( "QLRLX" = :QLRLX0 ) AND ( "XID" = :XID1 ))         
源信息：IIRS.Services.BDC.BdcPrintServices+<>c__DisplayClass6_0.<GetPersonList>b__0         
行　号：140         
-----------------------------------------------------------
时　间：2022/07/12 14:40:50.540         
级　别：Debug         
模　块：IIRS.Services.BDC.BdcPrintServices         
消　息：SELECT  WM_CONCAT(DISTINCT TO_CHAR(QLRMC)) AS "QLRMC" , WM_CONCAT(DISTINCT TO_CHAR(ZJHM)) AS "ZJHM" , WM_CONCAT(DISTINCT TO_CHAR(ZJLB_ZWM)) AS "ZJLB_ZWM"  FROM "QLRGL_INFO"  WHERE (( "QLRLX" = :QLRLX0 ) AND ( "XID" = :XID1 ))         
源信息：IIRS.Services.BDC.BdcPrintServices+<>c__DisplayClass6_0.<GetPersonList>b__0         
行　号：140         
-----------------------------------------------------------
时　间：2022/07/12 14:40:50.540         
级　别：Debug         
模　块：IIRS.Services.BDC.BdcPrintServices         
消　息：SELECT  WM_CONCAT(DISTINCT TO_CHAR(QLRMC)) AS "QLRMC" , WM_CONCAT(DISTINCT TO_CHAR(ZJHM)) AS "ZJHM" , WM_CONCAT(DISTINCT TO_CHAR(ZJLB_ZWM)) AS "ZJLB_ZWM"  FROM "QLRGL_INFO"  WHERE (( "QLRLX" = :QLRLX0 ) AND ( "XID" = :XID1 ))         
源信息：IIRS.Services.BDC.BdcPrintServices+<>c__DisplayClass6_0.<GetPersonList>b__0         
行　号：140         
-----------------------------------------------------------
时　间：2022/07/12 14:40:50.561         
级　别：Debug         
模　块：IIRS.Services.BDC.BdcPrintServices         
消　息：SELECT  "GROUP_NAME" AS "GROUP_NAME" , COUNT("GROUP_NAME") AS "COUNT"  FROM "PUB_ATT_FILE"  WHERE ( "XID" = :XID0 )GROUP BY "GROUP_NAME"          
源信息：IIRS.Services.BDC.BdcPrintServices+<>c__DisplayClass6_0.<GetPersonList>b__0         
行　号：140         
-----------------------------------------------------------
时　间：2022/07/12 14:43:21.193         
级　别：Debug         
模　块：IIRS.Services.BDC.BdcPrintServices         
消　息：SELECT  DISTINCT  "A"."SLBH" AS "SLBH" , "C"."SJR" AS "SJR" , "A"."DJLX" AS "DJLX" , "A"."BDCDYH" AS "BDCDYH" , "C"."ZL" AS "ZL" , "A"."XGZH" AS "XGZH" , :CONSTANT2 AS "BDCQLSDQX" , "A"."BDBZZQSE" AS "BDBZQSE" , :CONSTANT3 AS "ZWLXQX" , "A"."DBFW" AS "DBFW" , "A"."DJYY" AS "DJYY" , "A"."SFCZYD" AS "SFYD1" , "A"."SFCZYD" AS "SFYD2" , "A"."QLQSSJ" AS "QLQSSJ" , "A"."QLJSSJ" AS "QLJSSJ"  FROM "DY_INFO" A  ,"REGISTRATION_INFO"  B ,"SJD_INFO"  C ,"TSGL_INFO"  E  WHERE ((( "A"."XID" = "B"."XID" ) AND ( "B"."XID" = "C"."XID" )) AND ( "C"."XID" = "E"."XID" ))  AND (( "A"."XID" = :XID0 ) AND ( "B"."NEXT_XID" IS NULL ))         
源信息：IIRS.Services.BDC.BdcPrintServices+<>c__DisplayClass6_0.<GetPersonList>b__0         
行　号：140         
-----------------------------------------------------------
时　间：2022/07/12 14:43:21.193         
级　别：Debug         
模　块：IIRS.Services.BDC.BdcPrintServices         
消　息：SELECT  WM_CONCAT(DISTINCT TO_CHAR(QLRMC)) AS "QLRMC" , WM_CONCAT(DISTINCT TO_CHAR(ZJHM)) AS "ZJHM" , WM_CONCAT(DISTINCT TO_CHAR(ZJLB_ZWM)) AS "ZJLB_ZWM"  FROM "QLRGL_INFO"  WHERE (( "QLRLX" = :QLRLX0 ) AND ( "XID" = :XID1 ))         
源信息：IIRS.Services.BDC.BdcPrintServices+<>c__DisplayClass6_0.<GetPersonList>b__0         
行　号：140         
-----------------------------------------------------------
时　间：2022/07/12 14:43:21.193         
级　别：Debug         
模　块：IIRS.Services.BDC.BdcPrintServices         
消　息：SELECT  WM_CONCAT(DISTINCT TO_CHAR(QLRMC)) AS "QLRMC" , WM_CONCAT(DISTINCT TO_CHAR(ZJHM)) AS "ZJHM" , WM_CONCAT(DISTINCT TO_CHAR(ZJLB_ZWM)) AS "ZJLB_ZWM"  FROM "QLRGL_INFO"  WHERE (( "QLRLX" = :QLRLX0 ) AND ( "XID" = :XID1 ))         
源信息：IIRS.Services.BDC.BdcPrintServices+<>c__DisplayClass6_0.<GetPersonList>b__0         
行　号：140         
-----------------------------------------------------------
时　间：2022/07/12 14:43:21.209         
级　别：Debug         
模　块：IIRS.Services.BDC.BdcPrintServices         
消　息：SELECT  WM_CONCAT(DISTINCT TO_CHAR(QLRMC)) AS "QLRMC" , WM_CONCAT(DISTINCT TO_CHAR(ZJHM)) AS "ZJHM" , WM_CONCAT(DISTINCT TO_CHAR(ZJLB_ZWM)) AS "ZJLB_ZWM"  FROM "QLRGL_INFO"  WHERE (( "QLRLX" = :QLRLX0 ) AND ( "XID" = :XID1 ))         
源信息：IIRS.Services.BDC.BdcPrintServices+<>c__DisplayClass6_0.<GetPersonList>b__0         
行　号：140         
-----------------------------------------------------------
时　间：2022/07/12 14:43:21.209         
级　别：Debug         
模　块：IIRS.Services.BDC.BdcPrintServices         
消　息：SELECT  WM_CONCAT(DISTINCT TO_CHAR(QLRMC)) AS "QLRMC" , WM_CONCAT(DISTINCT TO_CHAR(ZJHM)) AS "ZJHM" , WM_CONCAT(DISTINCT TO_CHAR(ZJLB_ZWM)) AS "ZJLB_ZWM"  FROM "QLRGL_INFO"  WHERE (( "QLRLX" = :QLRLX0 ) AND ( "XID" = :XID1 ))         
源信息：IIRS.Services.BDC.BdcPrintServices+<>c__DisplayClass6_0.<GetPersonList>b__0         
行　号：140         
-----------------------------------------------------------
时　间：2022/07/12 14:43:21.209         
级　别：Debug         
模　块：IIRS.Services.BDC.BdcPrintServices         
消　息：SELECT  "GROUP_NAME" AS "GROUP_NAME" , COUNT("GROUP_NAME") AS "COUNT"  FROM "PUB_ATT_FILE"  WHERE ( "XID" = :XID0 )GROUP BY "GROUP_NAME"          
源信息：IIRS.Services.BDC.BdcPrintServices+<>c__DisplayClass6_0.<GetPersonList>b__0         
行　号：140         
-----------------------------------------------------------
