时　间：2022/05/26 13:40:43.446         
级　别：Debug         
模　块：IIRS.Services.BDC.BankQueryServices         
消　息：SELECT "GROUP_ID","GNAME" FROM "IFLOW_ACTION_GROUP"  WHERE "GROUP_ID" IN ('21','22','23','24')           
源信息：IIRS.Services.BDC.BankQueryServices.<GetActionGroupList>b__3_0         
行　号：36         
-----------------------------------------------------------
时　间：2022/05/26 13:40:43.541         
级　别：Debug         
模　块：IIRS.Services.BDC.BankQueryServices         
消　息： SELECT COUNT(1) FROM (SELECT  "B"."YWSLBH" AS "SLBH" , "B"."XID" AS "XID" , WM_CONCAT(DISTINCT TO_CHAR(C.QLRMC)) AS "QLRMC" , "D"."GNAME" AS "LCZL" , "A"."STATUS" AS "STATUSID" , "E"."FLOW_NAME" AS "STATUS" , "A"."AUTHORIZATIONDATE" AS "DATETIME" , "B"."NEXT_XID" AS "NEXT_XID" , "B"."IS_ACTION_OK" AS "IS_ACTION_OK" , "E"."VUE_URL" AS "VUE_URL" , "E"."VUE_NAME" AS "VUE_NAME"  FROM "BANKAUTHORIZE" A  ,"REGISTRATION_INFO"  B ,"QLRGL_INFO"  C ,"IFLOW_ACTION_GROUP"  D ,"IFLOW_ACTION"  E  WHERE (((( "A"."BID" = "B"."AUZ_ID" ) AND ( "B"."XID" = "C"."XID" )) AND ( "E"."GROUP_ID" = "D"."GROUP_ID" )) AND ( "A"."STATUS" = "E"."FLOW_ID" ))  AND ((( "B"."USER_ID" = :USER_ID0 ) AND ( "B"."NEXT_XID" IS NULL )) AND ( "B"."IS_ACTION_OK" = :IS_ACTION_OK2 ))GROUP BY "B"."YWSLBH","B"."XID","D"."GNAME","A"."STATUS","E"."FLOW_NAME","A"."AUTHORIZATIONDATE","B"."NEXT_XID","B"."IS_ACTION_OK","E"."VUE_URL","E"."VUE_NAME" ) CountTable          
源信息：IIRS.Services.BDC.BankQueryServices+<>c__DisplayClass4_0.<GetAgencyTaskList>b__0         
行　号：64         
-----------------------------------------------------------
时　间：2022/05/26 13:40:43.541         
级　别：Debug         
模　块：IIRS.Services.BDC.BankQueryServices         
消　息：SELECT * FROM (SELECT  "B"."YWSLBH" AS "SLBH" , "B"."XID" AS "XID" , WM_CONCAT(DISTINCT TO_CHAR(C.QLRMC)) AS "QLRMC" , "D"."GNAME" AS "LCZL" , "A"."STATUS" AS "STATUSID" , "E"."FLOW_NAME" AS "STATUS" , "A"."AUTHORIZATIONDATE" AS "DATETIME" , "B"."NEXT_XID" AS "NEXT_XID" , "B"."IS_ACTION_OK" AS "IS_ACTION_OK" , "E"."VUE_URL" AS "VUE_URL" , "E"."VUE_NAME" AS "VUE_NAME" ,ROW_NUMBER() OVER(ORDER BY "A"."AUTHORIZATIONDATE" DESC) AS RowIndex  FROM "BANKAUTHORIZE" A  ,"REGISTRATION_INFO"  B ,"QLRGL_INFO"  C ,"IFLOW_ACTION_GROUP"  D ,"IFLOW_ACTION"  E  WHERE (((( "A"."BID" = "B"."AUZ_ID" ) AND ( "B"."XID" = "C"."XID" )) AND ( "E"."GROUP_ID" = "D"."GROUP_ID" )) AND ( "A"."STATUS" = "E"."FLOW_ID" ))  AND ((( "B"."USER_ID" = :USER_ID0 ) AND ( "B"."NEXT_XID" IS NULL )) AND ( "B"."IS_ACTION_OK" = :IS_ACTION_OK2 ))GROUP BY "B"."YWSLBH","B"."XID","D"."GNAME","A"."STATUS","E"."FLOW_NAME","A"."AUTHORIZATIONDATE","B"."NEXT_XID","B"."IS_ACTION_OK","E"."VUE_URL","E"."VUE_NAME" ) T WHERE RowIndex BETWEEN 1 AND 10         
源信息：IIRS.Services.BDC.BankQueryServices+<>c__DisplayClass4_0.<GetAgencyTaskList>b__0         
行　号：64         
-----------------------------------------------------------
时　间：2022/05/26 13:40:51.130         
级　别：Debug         
模　块：IIRS.Services.BDC.BankQueryServices         
消　息：SELECT "ID","ISDELETED","LOGINNAME","LOGINPWD","REALNAME","STATUS","REMARK","TEL","LASTLOGINTIME","ERRORCOUNT" FROM "SYS_USERINFO"  WHERE "ID" IN (:InPara0)           
源信息：IIRS.Services.BDC.BankQueryServices+<>c__DisplayClass4_0.<GetAgencyTaskList>b__0         
行　号：64         
-----------------------------------------------------------
时　间：2022/05/26 13:40:51.261         
级　别：Debug         
模　块：IIRS.Services.BDC.BankQueryServices         
消　息：SELECT "ID","ISDELETED","USERID","ORGID" FROM "SYS_USERORGANIZATION"  WHERE ( "USERID" = :UserId0 )         
源信息：IIRS.Services.BDC.BankQueryServices+<>c__DisplayClass4_0.<GetAgencyTaskList>b__0         
行　号：64         
-----------------------------------------------------------
时　间：2022/05/26 13:40:51.341         
级　别：Debug         
模　块：IIRS.Services.BDC.BankQueryServices         
消　息：SELECT "ID","ISDELETED","PID","NAME","DESCRIPTION","CUSTOMCODE","CUSTOMCODE2","NAME_ABB" FROM "SYS_ORGANIZATION"  WHERE "ID" IN (:InPara0)           
源信息：IIRS.Services.BDC.BankQueryServices+<>c__DisplayClass4_0.<GetAgencyTaskList>b__0         
行　号：64         
-----------------------------------------------------------
时　间：2022/05/26 13:40:51.515         
级　别：Debug         
模　块：IIRS.Services.BDC.BankQueryServices         
消　息：SELECT "PK","BUS_PK","USER_ID","USER_NAME","SAVEDATAJSON","CDATE","REMARKS1","REMARKS2","REMARKS3","REMARKS4","REMARKS5","IS_STOP" FROM "SYS_DATA_RECORDER"  WHERE ( "BUS_PK" = :BUS_PK0 )         
源信息：IIRS.Services.BDC.BankQueryServices+<>c__DisplayClass4_0.<GetAgencyTaskList>b__0         
行　号：64         
-----------------------------------------------------------
时　间：2022/05/26 13:40:51.574         
级　别：Debug         
模　块：IIRS.Services.BDC.BankQueryServices         
消　息：SELECT "FILE_ID","GROUP_ID","GROUP_NAME","FILE_NAME","DISPLAY_NAME","MEDIA_TYPE","BUS_PK","BAK_PK","ODR","FILE_PATH","CDATE","XID" FROM "PUB_ATT_FILE"  WHERE ( "XID" = :XID0 )         
源信息：IIRS.Services.BDC.BankQueryServices+<>c__DisplayClass4_0.<GetAgencyTaskList>b__0         
行　号：64         
-----------------------------------------------------------
时　间：2022/05/26 13:40:51.574         
级　别：Debug         
模　块：IIRS.Services.ProvidentFundServices         
消　息：SELECT "FILE_ID","GROUP_ID","GROUP_NAME","FILE_NAME","DISPLAY_NAME","MEDIA_TYPE","BUS_PK","BAK_PK","ODR","FILE_PATH","CDATE","XID" FROM "PUB_ATT_FILE"  WHERE ( "XID" = :XID0 )         
源信息：IIRS.Services.CommonServices+<>c__DisplayClass3_0.<UploadFileQueryByXID>b__0         
行　号：39         
-----------------------------------------------------------
时　间：2022/05/26 13:40:51.712         
级　别：Debug         
模　块：IIRS.Services.BDC.BankQueryServices         
消　息：SELECT "SPBH","SLBH","SPDX","SPXH","SPYJ","SPR","SPRQ","SPRZGZH","SPJG","SPZT","SPTXR","XID","SPBZ" FROM "SPB_INFO"  WHERE ( "XID" = :XID0 )         
源信息：IIRS.Services.BDC.BankQueryServices.<GetActionGroupList>b__3_0         
行　号：36         
-----------------------------------------------------------
时　间：2022/05/26 15:03:19.019         
级　别：Debug         
模　块：IIRS.Services.BDC.NoticeRegistrationServices         
消　息：开始0         
源信息：IIRS.Services.BDC.NoticeRegistrationServices.NoticeSelectHouse         
行　号：652         
-----------------------------------------------------------
时　间：2022/05/26 15:03:29.624         
级　别：Debug         
模　块：IIRS.Controllers.BDC.NoticeRegistrationController         
消　息：错误码:d430fd9a-cb20-4d73-acf0-d8e9434013cf,异常消息:Object reference not set to an instance of an object.         
源信息：IIRS.Controllers.BDC.NoticeRegistrationController.NoticeSelectHouse         
行　号：52         
-----------------------------------------------------------
