时　间：2022/08/12 14:13:22.084         
级　别：Debug         
模　块：IIRS.Controllers.ProvidentFundController         
消　息：错误码:ec78c3f1-78d7-4ac3-a6fc-4e590d7bb648,异常消息:Index was out of range. Must be non-negative and less than the size of the collection. (Parameter 'index')         
源信息：IIRS.Controllers.ProvidentFundController.GetProvident         
行　号：69         
-----------------------------------------------------------
时　间：2022/08/12 14:13:48.451         
级　别：Debug         
模　块：IIRS.Controllers.ProvidentFundController         
消　息：错误码:3460b7f9-10fa-4947-8b34-627a8f9aacc0,异常消息:Index was out of range. Must be non-negative and less than the size of the collection. (Parameter 'index')         
源信息：IIRS.Controllers.ProvidentFundController.GetProvident         
行　号：69         
-----------------------------------------------------------
时　间：2022/08/12 14:15:47.173         
级　别：Debug         
模　块：IIRS.Controllers.ProvidentFundController         
消　息：错误码:71e20715-de8e-4f20-b656-8faa1369afdb,异常消息:Index was out of range. Must be non-negative and less than the size of the collection. (Parameter 'index')         
源信息：IIRS.Controllers.ProvidentFundController.GetProvident         
行　号：69         
-----------------------------------------------------------
时　间：2022/08/12 14:16:27.510         
级　别：Debug         
模　块：IIRS.Controllers.ProvidentFundController         
消　息：错误码:6bac7441-86d5-4928-9a75-138a49f52278,异常消息:Index was out of range. Must be non-negative and less than the size of the collection. (Parameter 'index')         
源信息：IIRS.Controllers.ProvidentFundController.GetProvident         
行　号：69         
-----------------------------------------------------------
