时　间：2021/05/27 08:28:34.724         
级　别：Error         
模　块：Microsoft.AspNetCore.Diagnostics.DeveloperExceptionPageMiddleware         
消　息：An unhandled exception has occurred while executing the request.         
源信息：Microsoft.AspNetCore.Diagnostics.DiagnosticsLoggerExtensions.UnhandledException         
行　号：0         
-----------------------------------------------------------
时　间：2021/05/27 08:31:30.028         
级　别：Error         
模　块：Microsoft.AspNetCore.Diagnostics.DeveloperExceptionPageMiddleware         
消　息：An unhandled exception has occurred while executing the request.         
源信息：Microsoft.AspNetCore.Diagnostics.DiagnosticsLoggerExtensions.UnhandledException         
行　号：0         
-----------------------------------------------------------
时　间：2021/05/27 08:32:52.912         
级　别：Error         
模　块：Microsoft.AspNetCore.Diagnostics.DeveloperExceptionPageMiddleware         
消　息：An unhandled exception has occurred while executing the request.         
源信息：Microsoft.AspNetCore.Diagnostics.DiagnosticsLoggerExtensions.UnhandledException         
行　号：0         
-----------------------------------------------------------
时　间：2021/05/27 08:40:13.495         
级　别：Error         
模　块：Microsoft.AspNetCore.Diagnostics.DeveloperExceptionPageMiddleware         
消　息：An unhandled exception has occurred while executing the request.         
源信息：Microsoft.AspNetCore.Diagnostics.DiagnosticsLoggerExtensions.UnhandledException         
行　号：0         
-----------------------------------------------------------
时　间：2021/05/27 08:46:17.761         
级　别：Error         
模　块：Microsoft.AspNetCore.Diagnostics.DeveloperExceptionPageMiddleware         
消　息：An unhandled exception has occurred while executing the request.         
源信息：Microsoft.AspNetCore.Diagnostics.DiagnosticsLoggerExtensions.UnhandledException         
行　号：0         
-----------------------------------------------------------
时　间：2021/05/27 08:46:30.055         
级　别：Error         
模　块：Microsoft.AspNetCore.Diagnostics.DeveloperExceptionPageMiddleware         
消　息：An unhandled exception has occurred while executing the request.         
源信息：Microsoft.AspNetCore.Diagnostics.DiagnosticsLoggerExtensions.UnhandledException         
行　号：0         
-----------------------------------------------------------
时　间：2021/05/27 08:46:32.869         
级　别：Error         
模　块：Microsoft.AspNetCore.Diagnostics.DeveloperExceptionPageMiddleware         
消　息：An unhandled exception has occurred while executing the request.         
源信息：Microsoft.AspNetCore.Diagnostics.DiagnosticsLoggerExtensions.UnhandledException         
行　号：0         
-----------------------------------------------------------
时　间：2021/05/27 08:52:55.541         
级　别：Error         
模　块：Microsoft.AspNetCore.Diagnostics.DeveloperExceptionPageMiddleware         
消　息：An unhandled exception has occurred while executing the request.         
源信息：Microsoft.AspNetCore.Diagnostics.DiagnosticsLoggerExtensions.UnhandledException         
行　号：0         
-----------------------------------------------------------
时　间：2021/05/27 08:54:24.743         
级　别：Error         
模　块：Microsoft.AspNetCore.Diagnostics.DeveloperExceptionPageMiddleware         
消　息：An unhandled exception has occurred while executing the request.         
源信息：Microsoft.AspNetCore.Diagnostics.DiagnosticsLoggerExtensions.UnhandledException         
行　号：0         
-----------------------------------------------------------
时　间：2021/05/27 08:55:02.875         
级　别：Error         
模　块：Microsoft.AspNetCore.Diagnostics.DeveloperExceptionPageMiddleware         
消　息：An unhandled exception has occurred while executing the request.         
源信息：Microsoft.AspNetCore.Diagnostics.DiagnosticsLoggerExtensions.UnhandledException         
行　号：0         
-----------------------------------------------------------
时　间：2021/05/27 08:55:47.151         
级　别：Error         
模　块：Microsoft.AspNetCore.Diagnostics.DeveloperExceptionPageMiddleware         
消　息：An unhandled exception has occurred while executing the request.         
源信息：Microsoft.AspNetCore.Diagnostics.DiagnosticsLoggerExtensions.UnhandledException         
行　号：0         
-----------------------------------------------------------
时　间：2021/05/27 08:55:53.756         
级　别：Error         
模　块：Microsoft.AspNetCore.Diagnostics.DeveloperExceptionPageMiddleware         
消　息：An unhandled exception has occurred while executing the request.         
源信息：Microsoft.AspNetCore.Diagnostics.DiagnosticsLoggerExtensions.UnhandledException         
行　号：0         
-----------------------------------------------------------
时　间：2021/05/27 08:56:31.834         
级　别：Error         
模　块：Microsoft.AspNetCore.Diagnostics.DeveloperExceptionPageMiddleware         
消　息：An unhandled exception has occurred while executing the request.         
源信息：Microsoft.AspNetCore.Diagnostics.DiagnosticsLoggerExtensions.UnhandledException         
行　号：0         
-----------------------------------------------------------
时　间：2021/05/27 08:59:15.074         
级　别：Error         
模　块：Microsoft.AspNetCore.Diagnostics.DeveloperExceptionPageMiddleware         
消　息：An unhandled exception has occurred while executing the request.         
源信息：Microsoft.AspNetCore.Diagnostics.DiagnosticsLoggerExtensions.UnhandledException         
行　号：0         
-----------------------------------------------------------
时　间：2021/05/27 08:59:17.772         
级　别：Error         
模　块：Microsoft.AspNetCore.Diagnostics.DeveloperExceptionPageMiddleware         
消　息：An unhandled exception has occurred while executing the request.         
源信息：Microsoft.AspNetCore.Diagnostics.DiagnosticsLoggerExtensions.UnhandledException         
行　号：0         
-----------------------------------------------------------
时　间：2021/05/27 09:04:43.921         
级　别：Error         
模　块：Microsoft.AspNetCore.Diagnostics.DeveloperExceptionPageMiddleware         
消　息：An unhandled exception has occurred while executing the request.         
源信息：Microsoft.AspNetCore.Diagnostics.DiagnosticsLoggerExtensions.UnhandledException         
行　号：0         
-----------------------------------------------------------
时　间：2021/05/27 09:14:37.217         
级　别：Error         
模　块：Microsoft.AspNetCore.Diagnostics.DeveloperExceptionPageMiddleware         
消　息：An unhandled exception has occurred while executing the request.         
源信息：Microsoft.AspNetCore.Diagnostics.DiagnosticsLoggerExtensions.UnhandledException         
行　号：0         
-----------------------------------------------------------
时　间：2021/05/27 09:40:02.057         
级　别：Error         
模　块：Microsoft.AspNetCore.Diagnostics.DeveloperExceptionPageMiddleware         
消　息：An unhandled exception has occurred while executing the request.         
源信息：Microsoft.AspNetCore.Diagnostics.DiagnosticsLoggerExtensions.UnhandledException         
行　号：0         
-----------------------------------------------------------
时　间：2021/05/27 09:40:54.810         
级　别：Error         
模　块：Microsoft.AspNetCore.Diagnostics.DeveloperExceptionPageMiddleware         
消　息：An unhandled exception has occurred while executing the request.         
源信息：Microsoft.AspNetCore.Diagnostics.DiagnosticsLoggerExtensions.UnhandledException         
行　号：0         
-----------------------------------------------------------
时　间：2021/05/27 09:41:09.913         
级　别：Error         
模　块：Microsoft.AspNetCore.Diagnostics.DeveloperExceptionPageMiddleware         
消　息：An unhandled exception has occurred while executing the request.         
源信息：Microsoft.AspNetCore.Diagnostics.DiagnosticsLoggerExtensions.UnhandledException         
行　号：0         
-----------------------------------------------------------
时　间：2021/05/27 09:43:29.889         
级　别：Error         
模　块：Microsoft.AspNetCore.Diagnostics.DeveloperExceptionPageMiddleware         
消　息：An unhandled exception has occurred while executing the request.         
源信息：Microsoft.AspNetCore.Diagnostics.DiagnosticsLoggerExtensions.UnhandledException         
行　号：0         
-----------------------------------------------------------
时　间：2021/05/27 09:46:04.434         
级　别：Error         
模　块：Microsoft.AspNetCore.Diagnostics.DeveloperExceptionPageMiddleware         
消　息：An unhandled exception has occurred while executing the request.         
源信息：Microsoft.AspNetCore.Diagnostics.DiagnosticsLoggerExtensions.UnhandledException         
行　号：0         
-----------------------------------------------------------
时　间：2021/05/27 11:34:04.338         
级　别：Error         
模　块：Microsoft.AspNetCore.Diagnostics.DeveloperExceptionPageMiddleware         
消　息：An unhandled exception has occurred while executing the request.         
源信息：Microsoft.AspNetCore.Diagnostics.DiagnosticsLoggerExtensions.UnhandledException         
行　号：0         
-----------------------------------------------------------
时　间：2021/05/27 13:39:51.706         
级　别：Error         
模　块：Microsoft.AspNetCore.Diagnostics.DeveloperExceptionPageMiddleware         
消　息：An unhandled exception has occurred while executing the request.         
源信息：Microsoft.AspNetCore.Diagnostics.DiagnosticsLoggerExtensions.UnhandledException         
行　号：0         
-----------------------------------------------------------
时　间：2021/05/27 13:39:51.775         
级　别：Error         
模　块：Microsoft.AspNetCore.Diagnostics.DeveloperExceptionPageMiddleware         
消　息：An unhandled exception has occurred while executing the request.         
源信息：Microsoft.AspNetCore.Diagnostics.DiagnosticsLoggerExtensions.UnhandledException         
行　号：0         
-----------------------------------------------------------
时　间：2021/05/27 13:44:57.984         
级　别：Error         
模　块：Microsoft.AspNetCore.Diagnostics.DeveloperExceptionPageMiddleware         
消　息：An unhandled exception has occurred while executing the request.         
源信息：Microsoft.AspNetCore.Diagnostics.DiagnosticsLoggerExtensions.UnhandledException         
行　号：0         
-----------------------------------------------------------
时　间：2021/05/27 13:47:12.458         
级　别：Error         
模　块：Microsoft.AspNetCore.Diagnostics.DeveloperExceptionPageMiddleware         
消　息：An unhandled exception has occurred while executing the request.         
源信息：Microsoft.AspNetCore.Diagnostics.DiagnosticsLoggerExtensions.UnhandledException         
行　号：0         
-----------------------------------------------------------
时　间：2021/05/27 13:47:55.636         
级　别：Error         
模　块：Microsoft.AspNetCore.Diagnostics.DeveloperExceptionPageMiddleware         
消　息：An unhandled exception has occurred while executing the request.         
源信息：Microsoft.AspNetCore.Diagnostics.DiagnosticsLoggerExtensions.UnhandledException         
行　号：0         
-----------------------------------------------------------
时　间：2021/05/27 13:48:01.198         
级　别：Error         
模　块：Microsoft.AspNetCore.Diagnostics.DeveloperExceptionPageMiddleware         
消　息：An unhandled exception has occurred while executing the request.         
源信息：Microsoft.AspNetCore.Diagnostics.DiagnosticsLoggerExtensions.UnhandledException         
行　号：0         
-----------------------------------------------------------
时　间：2021/05/27 13:57:20.091         
级　别：Error         
模　块：Microsoft.AspNetCore.Diagnostics.DeveloperExceptionPageMiddleware         
消　息：An unhandled exception has occurred while executing the request.         
源信息：Microsoft.AspNetCore.Diagnostics.DiagnosticsLoggerExtensions.UnhandledException         
行　号：0         
-----------------------------------------------------------
时　间：2021/05/27 14:17:22.681         
级　别：Error         
模　块：Microsoft.AspNetCore.Diagnostics.DeveloperExceptionPageMiddleware         
消　息：An unhandled exception has occurred while executing the request.         
源信息：Microsoft.AspNetCore.Diagnostics.DiagnosticsLoggerExtensions.UnhandledException         
行　号：0         
-----------------------------------------------------------
时　间：2021/05/27 14:17:22.756         
级　别：Error         
模　块：Microsoft.AspNetCore.Diagnostics.DeveloperExceptionPageMiddleware         
消　息：An unhandled exception has occurred while executing the request.         
源信息：Microsoft.AspNetCore.Diagnostics.DiagnosticsLoggerExtensions.UnhandledException         
行　号：0         
-----------------------------------------------------------
