时　间：2021/05/11 09:31:29.183         
级　别：Error         
模　块：Microsoft.AspNetCore.Diagnostics.DeveloperExceptionPageMiddleware         
消　息：An unhandled exception has occurred while executing the request.         
源信息：Microsoft.AspNetCore.Diagnostics.DiagnosticsLoggerExtensions.UnhandledException         
行　号：0         
-----------------------------------------------------------
时　间：2021/05/11 09:31:36.150         
级　别：Error         
模　块：Microsoft.AspNetCore.Diagnostics.DeveloperExceptionPageMiddleware         
消　息：An unhandled exception has occurred while executing the request.         
源信息：Microsoft.AspNetCore.Diagnostics.DiagnosticsLoggerExtensions.UnhandledException         
行　号：0         
-----------------------------------------------------------
时　间：2021/05/11 09:32:00.898         
级　别：Error         
模　块：Microsoft.AspNetCore.Diagnostics.DeveloperExceptionPageMiddleware         
消　息：An unhandled exception has occurred while executing the request.         
源信息：Microsoft.AspNetCore.Diagnostics.DiagnosticsLoggerExtensions.UnhandledException         
行　号：0         
-----------------------------------------------------------
时　间：2021/05/11 09:32:09.509         
级　别：Error         
模　块：Microsoft.AspNetCore.Diagnostics.DeveloperExceptionPageMiddleware         
消　息：An unhandled exception has occurred while executing the request.         
源信息：Microsoft.AspNetCore.Diagnostics.DiagnosticsLoggerExtensions.UnhandledException         
行　号：0         
-----------------------------------------------------------
时　间：2021/05/11 16:46:23.629         
级　别：Error         
模　块：Microsoft.AspNetCore.Diagnostics.DeveloperExceptionPageMiddleware         
消　息：An unhandled exception has occurred while executing the request.         
源信息：Microsoft.AspNetCore.Diagnostics.DiagnosticsLoggerExtensions.UnhandledException         
行　号：0         
-----------------------------------------------------------
时　间：2021/05/11 16:46:38.939         
级　别：Error         
模　块：Microsoft.AspNetCore.Diagnostics.DeveloperExceptionPageMiddleware         
消　息：An unhandled exception has occurred while executing the request.         
源信息：Microsoft.AspNetCore.Diagnostics.DiagnosticsLoggerExtensions.UnhandledException         
行　号：0         
-----------------------------------------------------------
