时　间：2021/05/06 10:22:48.931         
级　别：Error         
模　块：Microsoft.AspNetCore.Diagnostics.DeveloperExceptionPageMiddleware         
消　息：An unhandled exception has occurred while executing the request.         
源信息：Microsoft.AspNetCore.Diagnostics.DiagnosticsLoggerExtensions.UnhandledException         
行　号：0         
-----------------------------------------------------------
时　间：2021/05/06 10:50:00.956         
级　别：Error         
模　块：Microsoft.AspNetCore.Diagnostics.DeveloperExceptionPageMiddleware         
消　息：An unhandled exception has occurred while executing the request.         
源信息：Microsoft.AspNetCore.Diagnostics.DiagnosticsLoggerExtensions.UnhandledException         
行　号：0         
-----------------------------------------------------------
时　间：2021/05/06 11:05:37.068         
级　别：Error         
模　块：Microsoft.AspNetCore.Diagnostics.DeveloperExceptionPageMiddleware         
消　息：An unhandled exception has occurred while executing the request.         
源信息：Microsoft.AspNetCore.Diagnostics.DiagnosticsLoggerExtensions.UnhandledException         
行　号：0         
-----------------------------------------------------------
时　间：2021/05/06 11:09:05.807         
级　别：Error         
模　块：Microsoft.AspNetCore.Diagnostics.DeveloperExceptionPageMiddleware         
消　息：An unhandled exception has occurred while executing the request.         
源信息：Microsoft.AspNetCore.Diagnostics.DiagnosticsLoggerExtensions.UnhandledException         
行　号：0         
-----------------------------------------------------------
时　间：2021/05/06 11:09:16.369         
级　别：Error         
模　块：Microsoft.AspNetCore.Diagnostics.DeveloperExceptionPageMiddleware         
消　息：An unhandled exception has occurred while executing the request.         
源信息：Microsoft.AspNetCore.Diagnostics.DiagnosticsLoggerExtensions.UnhandledException         
行　号：0         
-----------------------------------------------------------
时　间：2021/05/06 14:23:06.080         
级　别：Error         
模　块：Microsoft.AspNetCore.Diagnostics.DeveloperExceptionPageMiddleware         
消　息：An unhandled exception has occurred while executing the request.         
源信息：Microsoft.AspNetCore.Diagnostics.DiagnosticsLoggerExtensions.UnhandledException         
行　号：0         
-----------------------------------------------------------
时　间：2021/05/06 14:28:19.056         
级　别：Error         
模　块：Microsoft.AspNetCore.Diagnostics.DeveloperExceptionPageMiddleware         
消　息：An unhandled exception has occurred while executing the request.         
源信息：Microsoft.AspNetCore.Diagnostics.DiagnosticsLoggerExtensions.UnhandledException         
行　号：0         
-----------------------------------------------------------
时　间：2021/05/06 16:41:52.576         
级　别：Error         
模　块：Microsoft.AspNetCore.Diagnostics.DeveloperExceptionPageMiddleware         
消　息：An unhandled exception has occurred while executing the request.         
源信息：Microsoft.AspNetCore.Diagnostics.DiagnosticsLoggerExtensions.UnhandledException         
行　号：0         
-----------------------------------------------------------
时　间：2021/05/06 16:42:10.604         
级　别：Error         
模　块：Microsoft.AspNetCore.Diagnostics.DeveloperExceptionPageMiddleware         
消　息：An unhandled exception has occurred while executing the request.         
源信息：Microsoft.AspNetCore.Diagnostics.DiagnosticsLoggerExtensions.UnhandledException         
行　号：0         
-----------------------------------------------------------
时　间：2021/05/06 16:42:23.368         
级　别：Error         
模　块：Microsoft.AspNetCore.Diagnostics.DeveloperExceptionPageMiddleware         
消　息：An unhandled exception has occurred while executing the request.         
源信息：Microsoft.AspNetCore.Diagnostics.DiagnosticsLoggerExtensions.UnhandledException         
行　号：0         
-----------------------------------------------------------
时　间：2021/05/06 16:43:11.962         
级　别：Error         
模　块：Microsoft.AspNetCore.Diagnostics.DeveloperExceptionPageMiddleware         
消　息：An unhandled exception has occurred while executing the request.         
源信息：Microsoft.AspNetCore.Diagnostics.DiagnosticsLoggerExtensions.UnhandledException         
行　号：0         
-----------------------------------------------------------
时　间：2021/05/06 16:52:19.294         
级　别：Error         
模　块：Microsoft.AspNetCore.Diagnostics.DeveloperExceptionPageMiddleware         
消　息：An unhandled exception has occurred while executing the request.         
源信息：Microsoft.AspNetCore.Diagnostics.DiagnosticsLoggerExtensions.UnhandledException         
行　号：0         
-----------------------------------------------------------
