时　间：2022/05/10 14:08:42.722         
级　别：Error         
模　块：Microsoft.AspNetCore.Diagnostics.DeveloperExceptionPageMiddleware         
消　息：An unhandled exception has occurred while executing the request.         
源信息：Microsoft.AspNetCore.Diagnostics.DiagnosticsLoggerExtensions.UnhandledException         
行　号：0         
-----------------------------------------------------------
时　间：2022/05/10 14:13:08.314         
级　别：Error         
模　块：Microsoft.AspNetCore.Diagnostics.DeveloperExceptionPageMiddleware         
消　息：An unhandled exception has occurred while executing the request.         
源信息：Microsoft.AspNetCore.Diagnostics.DiagnosticsLoggerExtensions.UnhandledException         
行　号：0         
-----------------------------------------------------------
时　间：2022/05/10 14:13:11.219         
级　别：Error         
模　块：Microsoft.AspNetCore.Diagnostics.DeveloperExceptionPageMiddleware         
消　息：An unhandled exception has occurred while executing the request.         
源信息：Microsoft.AspNetCore.Diagnostics.DiagnosticsLoggerExtensions.UnhandledException         
行　号：0         
-----------------------------------------------------------
时　间：2022/05/10 14:13:11.244         
级　别：Error         
模　块：Microsoft.AspNetCore.Diagnostics.DeveloperExceptionPageMiddleware         
消　息：An unhandled exception has occurred while executing the request.         
源信息：Microsoft.AspNetCore.Diagnostics.DiagnosticsLoggerExtensions.UnhandledException         
行　号：0         
-----------------------------------------------------------
时　间：2022/05/10 14:15:08.015         
级　别：Error         
模　块：Microsoft.AspNetCore.Diagnostics.DeveloperExceptionPageMiddleware         
消　息：An unhandled exception has occurred while executing the request.         
源信息：Microsoft.AspNetCore.Diagnostics.DiagnosticsLoggerExtensions.UnhandledException         
行　号：0         
-----------------------------------------------------------
时　间：2022/05/10 14:15:10.589         
级　别：Error         
模　块：Microsoft.AspNetCore.Diagnostics.DeveloperExceptionPageMiddleware         
消　息：An unhandled exception has occurred while executing the request.         
源信息：Microsoft.AspNetCore.Diagnostics.DiagnosticsLoggerExtensions.UnhandledException         
行　号：0         
-----------------------------------------------------------
时　间：2022/05/10 14:15:10.725         
级　别：Error         
模　块：Microsoft.AspNetCore.Diagnostics.DeveloperExceptionPageMiddleware         
消　息：An unhandled exception has occurred while executing the request.         
源信息：Microsoft.AspNetCore.Diagnostics.DiagnosticsLoggerExtensions.UnhandledException         
行　号：0         
-----------------------------------------------------------
