时　间：2022/05/11 09:19:45.581         
级　别：Error         
模　块：Microsoft.AspNetCore.Diagnostics.DeveloperExceptionPageMiddleware         
消　息：An unhandled exception has occurred while executing the request.         
源信息：Microsoft.AspNetCore.Diagnostics.DiagnosticsLoggerExtensions.UnhandledException         
行　号：0         
-----------------------------------------------------------
时　间：2022/05/11 09:19:47.285         
级　别：Error         
模　块：Microsoft.AspNetCore.Diagnostics.DeveloperExceptionPageMiddleware         
消　息：An unhandled exception has occurred while executing the request.         
源信息：Microsoft.AspNetCore.Diagnostics.DiagnosticsLoggerExtensions.UnhandledException         
行　号：0         
-----------------------------------------------------------
时　间：2022/05/11 09:19:47.304         
级　别：Error         
模　块：Microsoft.AspNetCore.Diagnostics.DeveloperExceptionPageMiddleware         
消　息：An unhandled exception has occurred while executing the request.         
源信息：Microsoft.AspNetCore.Diagnostics.DiagnosticsLoggerExtensions.UnhandledException         
行　号：0         
-----------------------------------------------------------
时　间：2022/05/11 09:21:45.112         
级　别：Error         
模　块：Microsoft.AspNetCore.Diagnostics.DeveloperExceptionPageMiddleware         
消　息：An unhandled exception has occurred while executing the request.         
源信息：Microsoft.AspNetCore.Diagnostics.DiagnosticsLoggerExtensions.UnhandledException         
行　号：0         
-----------------------------------------------------------
时　间：2022/05/11 09:24:12.237         
级　别：Error         
模　块：Microsoft.AspNetCore.Diagnostics.DeveloperExceptionPageMiddleware         
消　息：An unhandled exception has occurred while executing the request.         
源信息：Microsoft.AspNetCore.Diagnostics.DiagnosticsLoggerExtensions.UnhandledException         
行　号：0         
-----------------------------------------------------------
时　间：2022/05/11 09:25:21.581         
级　别：Error         
模　块：IIRS.Services.BdcGeneralMrgeServices         
消　息：ORA-00904: "XCZP": 标识符无效         
源信息：IIRS.Services.BdcGeneralMrgeServices.Mortgage         
行　号：515         
-----------------------------------------------------------
时　间：2022/05/11 09:27:35.905         
级　别：Error         
模　块：IIRS.Services.BdcGeneralMrgeServices         
消　息：ORA-00904: "XCZP": 标识符无效         
源信息：IIRS.Services.BdcGeneralMrgeServices.Mortgage         
行　号：515         
-----------------------------------------------------------
时　间：2022/05/11 09:31:43.099         
级　别：Error         
模　块：Microsoft.AspNetCore.Diagnostics.DeveloperExceptionPageMiddleware         
消　息：An unhandled exception has occurred while executing the request.         
源信息：Microsoft.AspNetCore.Diagnostics.DiagnosticsLoggerExtensions.UnhandledException         
行　号：0         
-----------------------------------------------------------
时　间：2022/05/11 09:33:12.897         
级　别：Error         
模　块：IIRS.Services.BdcGeneralMrgeServices         
消　息：ORA-00001: 违反唯一约束条件 (IIRS.PK_SFD_INFO)         
源信息：IIRS.Services.BdcGeneralMrgeServices.Mortgage         
行　号：511         
-----------------------------------------------------------
时　间：2022/05/11 09:33:38.853         
级　别：Error         
模　块：IIRS.Services.BdcGeneralMrgeServices         
消　息：ORA-00001: 违反唯一约束条件 (IIRS.PK_SFD_INFO)         
源信息：IIRS.Services.BdcGeneralMrgeServices.Mortgage         
行　号：511         
-----------------------------------------------------------
时　间：2022/05/11 09:35:11.145         
级　别：Error         
模　块：Microsoft.AspNetCore.Diagnostics.DeveloperExceptionPageMiddleware         
消　息：An unhandled exception has occurred while executing the request.         
源信息：Microsoft.AspNetCore.Diagnostics.DiagnosticsLoggerExtensions.UnhandledException         
行　号：0         
-----------------------------------------------------------
时　间：2022/05/11 09:40:03.492         
级　别：Error         
模　块：Microsoft.AspNetCore.Diagnostics.DeveloperExceptionPageMiddleware         
消　息：An unhandled exception has occurred while executing the request.         
源信息：Microsoft.AspNetCore.Diagnostics.DiagnosticsLoggerExtensions.UnhandledException         
行　号：0         
-----------------------------------------------------------
时　间：2022/05/11 09:41:10.170         
级　别：Error         
模　块：Microsoft.AspNetCore.Diagnostics.DeveloperExceptionPageMiddleware         
消　息：An unhandled exception has occurred while executing the request.         
源信息：Microsoft.AspNetCore.Diagnostics.DiagnosticsLoggerExtensions.UnhandledException         
行　号：0         
-----------------------------------------------------------
时　间：2022/05/11 10:21:44.022         
级　别：Error         
模　块：Microsoft.AspNetCore.Diagnostics.DeveloperExceptionPageMiddleware         
消　息：An unhandled exception has occurred while executing the request.         
源信息：Microsoft.AspNetCore.Diagnostics.DiagnosticsLoggerExtensions.UnhandledException         
行　号：0         
-----------------------------------------------------------
